{"C:\\Users\\flavi\\Documents\\Repositorios\\gerenciador-alunos\\server\\server.js": {"path":"C:\\Users\\flavi\\Documents\\Repositorios\\gerenciador-alunos\\server\\server.js","statementMap":{"0":{"start":{"line":7,"column":0},"end":{"line":7,"column":16}},"1":{"start":{"line":9,"column":19},"end":{"line":9,"column":28}},"2":{"start":{"line":11,"column":0},"end":{"line":13,"column":2}},"3":{"start":{"line":14,"column":0},"end":{"line":14,"column":24}},"4":{"start":{"line":16,"column":0},"end":{"line":16,"column":24}},"5":{"start":{"line":18,"column":0},"end":{"line":18,"column":68}},"6":{"start":{"line":20,"column":13},"end":{"line":20,"column":37}},"7":{"start":{"line":21,"column":0},"end":{"line":24,"column":3}},"8":{"start":{"line":22,"column":2},"end":{"line":22,"column":51}},"9":{"start":{"line":23,"column":2},"end":{"line":23,"column":75}}},"fnMap":{"0":{"name":"(anonymous_0)","decl":{"start":{"line":21,"column":17},"end":{"line":21,"column":18}},"loc":{"start":{"line":21,"column":23},"end":{"line":24,"column":1}},"line":21}},"branchMap":{"0":{"loc":{"start":{"line":20,"column":13},"end":{"line":20,"column":37}},"type":"binary-expr","locations":[{"start":{"line":20,"column":13},"end":{"line":20,"column":29}},{"start":{"line":20,"column":33},"end":{"line":20,"column":37}}],"line":20}},"s":{"0":3,"1":3,"2":3,"3":3,"4":3,"5":3,"6":3,"7":3,"8":3,"9":3},"f":{"0":3},"b":{"0":[3,3]},"_coverageSchema":"1a1c01bbd47fc00a2c39e90264f33305004495a9","hash":"fe4d1a27f5079fb3a731e0ed5690726fb1792aa7"}
,"C:\\Users\\flavi\\Documents\\Repositorios\\gerenciador-alunos\\server\\swagger.js": {"path":"C:\\Users\\flavi\\Documents\\Repositorios\\gerenciador-alunos\\server\\swagger.js","statementMap":{"0":{"start":{"line":4,"column":16},"end":{"line":19,"column":1}},"1":{"start":{"line":21,"column":20},"end":{"line":21,"column":41}}},"fnMap":{},"branchMap":{},"s":{"0":3,"1":3},"f":{},"b":{},"_coverageSchema":"1a1c01bbd47fc00a2c39e90264f33305004495a9","hash":"61918d1420925c4d5870da85546fbdb759e59ade"}
,"C:\\Users\\flavi\\Documents\\Repositorios\\gerenciador-alunos\\server\\src\\config\\database.js": {"path":"C:\\Users\\flavi\\Documents\\Repositorios\\gerenciador-alunos\\server\\src\\config\\database.js","statementMap":{"0":{"start":{"line":3,"column":15},"end":{"line":3,"column":33}}},"fnMap":{},"branchMap":{},"s":{"0":3},"f":{},"b":{},"_coverageSchema":"1a1c01bbd47fc00a2c39e90264f33305004495a9","hash":"71388fb0171453da8c3d93d087fd13d2aac68a5c"}
,"C:\\Users\\flavi\\Documents\\Repositorios\\gerenciador-alunos\\server\\src\\controllers\\course.controller.js": {"path":"C:\\Users\\flavi\\Documents\\Repositorios\\gerenciador-alunos\\server\\src\\controllers\\course.controller.js","statementMap":{"0":{"start":{"line":3,"column":28},"end":{"line":18,"column":1}},"1":{"start":{"line":4,"column":2},"end":{"line":17,"column":3}},"2":{"start":{"line":5,"column":19},"end":{"line":5,"column":61}},"3":{"start":{"line":6,"column":4},"end":{"line":6,"column":33}},"4":{"start":{"line":8,"column":4},"end":{"line":10,"column":5}},"5":{"start":{"line":9,"column":6},"end":{"line":9,"column":80}},"6":{"start":{"line":11,"column":4},"end":{"line":13,"column":5}},"7":{"start":{"line":12,"column":6},"end":{"line":12,"column":62}},"8":{"start":{"line":15,"column":4},"end":{"line":15,"column":23}},"9":{"start":{"line":16,"column":4},"end":{"line":16,"column":74}},"10":{"start":{"line":20,"column":26},"end":{"line":28,"column":1}},"11":{"start":{"line":21,"column":2},"end":{"line":27,"column":3}},"12":{"start":{"line":22,"column":20},"end":{"line":22,"column":52}},"13":{"start":{"line":23,"column":4},"end":{"line":23,"column":29}},"14":{"start":{"line":25,"column":4},"end":{"line":25,"column":23}},"15":{"start":{"line":26,"column":4},"end":{"line":26,"column":74}},"16":{"start":{"line":30,"column":29},"end":{"line":41,"column":1}},"17":{"start":{"line":31,"column":2},"end":{"line":40,"column":3}},"18":{"start":{"line":32,"column":19},"end":{"line":32,"column":75}},"19":{"start":{"line":33,"column":4},"end":{"line":33,"column":28}},"20":{"start":{"line":35,"column":4},"end":{"line":37,"column":5}},"21":{"start":{"line":36,"column":6},"end":{"line":36,"column":62}},"22":{"start":{"line":38,"column":4},"end":{"line":38,"column":23}},"23":{"start":{"line":39,"column":4},"end":{"line":39,"column":74}},"24":{"start":{"line":43,"column":28},"end":{"line":60,"column":1}},"25":{"start":{"line":44,"column":2},"end":{"line":59,"column":3}},"26":{"start":{"line":45,"column":19},"end":{"line":48,"column":5}},"27":{"start":{"line":49,"column":4},"end":{"line":49,"column":28}},"28":{"start":{"line":51,"column":4},"end":{"line":53,"column":5}},"29":{"start":{"line":52,"column":6},"end":{"line":52,"column":80}},"30":{"start":{"line":54,"column":4},"end":{"line":56,"column":5}},"31":{"start":{"line":55,"column":6},"end":{"line":55,"column":62}},"32":{"start":{"line":57,"column":4},"end":{"line":57,"column":23}},"33":{"start":{"line":58,"column":4},"end":{"line":58,"column":74}},"34":{"start":{"line":62,"column":28},"end":{"line":73,"column":1}},"35":{"start":{"line":63,"column":2},"end":{"line":72,"column":3}},"36":{"start":{"line":64,"column":4},"end":{"line":64,"column":60}},"37":{"start":{"line":65,"column":4},"end":{"line":65,"column":34}},"38":{"start":{"line":67,"column":4},"end":{"line":69,"column":5}},"39":{"start":{"line":68,"column":6},"end":{"line":68,"column":62}},"40":{"start":{"line":70,"column":4},"end":{"line":70,"column":23}},"41":{"start":{"line":71,"column":4},"end":{"line":71,"column":74}}},"fnMap":{"0":{"name":"(anonymous_0)","decl":{"start":{"line":3,"column":28},"end":{"line":3,"column":29}},"loc":{"start":{"line":3,"column":48},"end":{"line":18,"column":1}},"line":3},"1":{"name":"(anonymous_1)","decl":{"start":{"line":20,"column":26},"end":{"line":20,"column":27}},"loc":{"start":{"line":20,"column":47},"end":{"line":28,"column":1}},"line":20},"2":{"name":"(anonymous_2)","decl":{"start":{"line":30,"column":29},"end":{"line":30,"column":30}},"loc":{"start":{"line":30,"column":49},"end":{"line":41,"column":1}},"line":30},"3":{"name":"(anonymous_3)","decl":{"start":{"line":43,"column":28},"end":{"line":43,"column":29}},"loc":{"start":{"line":43,"column":48},"end":{"line":60,"column":1}},"line":43},"4":{"name":"(anonymous_4)","decl":{"start":{"line":62,"column":28},"end":{"line":62,"column":29}},"loc":{"start":{"line":62,"column":48},"end":{"line":73,"column":1}},"line":62}},"branchMap":{"0":{"loc":{"start":{"line":8,"column":4},"end":{"line":10,"column":5}},"type":"if","locations":[{"start":{"line":8,"column":4},"end":{"line":10,"column":5}},{"start":{},"end":{}}],"line":8},"1":{"loc":{"start":{"line":11,"column":4},"end":{"line":13,"column":5}},"type":"if","locations":[{"start":{"line":11,"column":4},"end":{"line":13,"column":5}},{"start":{},"end":{}}],"line":11},"2":{"loc":{"start":{"line":35,"column":4},"end":{"line":37,"column":5}},"type":"if","locations":[{"start":{"line":35,"column":4},"end":{"line":37,"column":5}},{"start":{},"end":{}}],"line":35},"3":{"loc":{"start":{"line":51,"column":4},"end":{"line":53,"column":5}},"type":"if","locations":[{"start":{"line":51,"column":4},"end":{"line":53,"column":5}},{"start":{},"end":{}}],"line":51},"4":{"loc":{"start":{"line":54,"column":4},"end":{"line":56,"column":5}},"type":"if","locations":[{"start":{"line":54,"column":4},"end":{"line":56,"column":5}},{"start":{},"end":{}}],"line":54},"5":{"loc":{"start":{"line":67,"column":4},"end":{"line":69,"column":5}},"type":"if","locations":[{"start":{"line":67,"column":4},"end":{"line":69,"column":5}},{"start":{},"end":{}}],"line":67}},"s":{"0":3,"1":2,"2":2,"3":1,"4":1,"5":1,"6":0,"7":0,"8":0,"9":0,"10":3,"11":1,"12":1,"13":1,"14":0,"15":0,"16":3,"17":2,"18":2,"19":1,"20":1,"21":1,"22":0,"23":0,"24":3,"25":2,"26":2,"27":1,"28":1,"29":0,"30":1,"31":1,"32":0,"33":0,"34":3,"35":2,"36":2,"37":1,"38":1,"39":1,"40":0,"41":0},"f":{"0":2,"1":1,"2":2,"3":2,"4":2},"b":{"0":[1,0],"1":[0,0],"2":[1,0],"3":[0,1],"4":[1,0],"5":[1,0]},"_coverageSchema":"1a1c01bbd47fc00a2c39e90264f33305004495a9","hash":"1712c4c7d4faafa5e253fe6270e8729fb0104f67"}
,"C:\\Users\\flavi\\Documents\\Repositorios\\gerenciador-alunos\\server\\src\\controllers\\enrollment.controller.js": {"path":"C:\\Users\\flavi\\Documents\\Repositorios\\gerenciador-alunos\\server\\src\\controllers\\enrollment.controller.js","statementMap":{"0":{"start":{"line":3,"column":32},"end":{"line":13,"column":1}},"1":{"start":{"line":4,"column":2},"end":{"line":12,"column":3}},"2":{"start":{"line":5,"column":23},"end":{"line":5,"column":73}},"3":{"start":{"line":6,"column":4},"end":{"line":6,"column":44}},"4":{"start":{"line":8,"column":4},"end":{"line":11,"column":7}},"5":{"start":{"line":15,"column":30},"end":{"line":25,"column":1}},"6":{"start":{"line":16,"column":2},"end":{"line":24,"column":3}},"7":{"start":{"line":17,"column":24},"end":{"line":17,"column":64}},"8":{"start":{"line":18,"column":4},"end":{"line":18,"column":45}},"9":{"start":{"line":20,"column":4},"end":{"line":23,"column":7}},"10":{"start":{"line":27,"column":33},"end":{"line":40,"column":1}},"11":{"start":{"line":28,"column":2},"end":{"line":39,"column":3}},"12":{"start":{"line":29,"column":19},"end":{"line":29,"column":29}},"13":{"start":{"line":30,"column":23},"end":{"line":32,"column":5}},"14":{"start":{"line":33,"column":4},"end":{"line":33,"column":44}},"15":{"start":{"line":35,"column":4},"end":{"line":38,"column":7}},"16":{"start":{"line":42,"column":32},"end":{"line":56,"column":1}},"17":{"start":{"line":43,"column":2},"end":{"line":55,"column":3}},"18":{"start":{"line":44,"column":19},"end":{"line":44,"column":29}},"19":{"start":{"line":45,"column":23},"end":{"line":48,"column":5}},"20":{"start":{"line":49,"column":4},"end":{"line":49,"column":44}},"21":{"start":{"line":51,"column":4},"end":{"line":54,"column":7}},"22":{"start":{"line":58,"column":32},"end":{"line":69,"column":1}},"23":{"start":{"line":59,"column":2},"end":{"line":68,"column":3}},"24":{"start":{"line":60,"column":19},"end":{"line":60,"column":29}},"25":{"start":{"line":61,"column":4},"end":{"line":61,"column":57}},"26":{"start":{"line":62,"column":4},"end":{"line":62,"column":34}},"27":{"start":{"line":64,"column":4},"end":{"line":67,"column":7}}},"fnMap":{"0":{"name":"(anonymous_0)","decl":{"start":{"line":3,"column":32},"end":{"line":3,"column":33}},"loc":{"start":{"line":3,"column":52},"end":{"line":13,"column":1}},"line":3},"1":{"name":"(anonymous_1)","decl":{"start":{"line":15,"column":30},"end":{"line":15,"column":31}},"loc":{"start":{"line":15,"column":51},"end":{"line":25,"column":1}},"line":15},"2":{"name":"(anonymous_2)","decl":{"start":{"line":27,"column":33},"end":{"line":27,"column":34}},"loc":{"start":{"line":27,"column":53},"end":{"line":40,"column":1}},"line":27},"3":{"name":"(anonymous_3)","decl":{"start":{"line":42,"column":32},"end":{"line":42,"column":33}},"loc":{"start":{"line":42,"column":52},"end":{"line":56,"column":1}},"line":42},"4":{"name":"(anonymous_4)","decl":{"start":{"line":58,"column":32},"end":{"line":58,"column":33}},"loc":{"start":{"line":58,"column":52},"end":{"line":69,"column":1}},"line":58}},"branchMap":{"0":{"loc":{"start":{"line":8,"column":22},"end":{"line":8,"column":43}},"type":"binary-expr","locations":[{"start":{"line":8,"column":22},"end":{"line":8,"column":36}},{"start":{"line":8,"column":40},"end":{"line":8,"column":43}}],"line":8},"1":{"loc":{"start":{"line":9,"column":16},"end":{"line":9,"column":58}},"type":"binary-expr","locations":[{"start":{"line":9,"column":16},"end":{"line":9,"column":28}},{"start":{"line":9,"column":32},"end":{"line":9,"column":58}}],"line":9},"2":{"loc":{"start":{"line":10,"column":13},"end":{"line":10,"column":28}},"type":"binary-expr","locations":[{"start":{"line":10,"column":13},"end":{"line":10,"column":22}},{"start":{"line":10,"column":26},"end":{"line":10,"column":28}}],"line":10},"3":{"loc":{"start":{"line":20,"column":22},"end":{"line":20,"column":43}},"type":"binary-expr","locations":[{"start":{"line":20,"column":22},"end":{"line":20,"column":36}},{"start":{"line":20,"column":40},"end":{"line":20,"column":43}}],"line":20},"4":{"loc":{"start":{"line":21,"column":16},"end":{"line":21,"column":58}},"type":"binary-expr","locations":[{"start":{"line":21,"column":16},"end":{"line":21,"column":28}},{"start":{"line":21,"column":32},"end":{"line":21,"column":58}}],"line":21},"5":{"loc":{"start":{"line":22,"column":13},"end":{"line":22,"column":28}},"type":"binary-expr","locations":[{"start":{"line":22,"column":13},"end":{"line":22,"column":22}},{"start":{"line":22,"column":26},"end":{"line":22,"column":28}}],"line":22},"6":{"loc":{"start":{"line":35,"column":22},"end":{"line":35,"column":43}},"type":"binary-expr","locations":[{"start":{"line":35,"column":22},"end":{"line":35,"column":36}},{"start":{"line":35,"column":40},"end":{"line":35,"column":43}}],"line":35},"7":{"loc":{"start":{"line":36,"column":16},"end":{"line":36,"column":58}},"type":"binary-expr","locations":[{"start":{"line":36,"column":16},"end":{"line":36,"column":28}},{"start":{"line":36,"column":32},"end":{"line":36,"column":58}}],"line":36},"8":{"loc":{"start":{"line":37,"column":13},"end":{"line":37,"column":28}},"type":"binary-expr","locations":[{"start":{"line":37,"column":13},"end":{"line":37,"column":22}},{"start":{"line":37,"column":26},"end":{"line":37,"column":28}}],"line":37},"9":{"loc":{"start":{"line":51,"column":22},"end":{"line":51,"column":43}},"type":"binary-expr","locations":[{"start":{"line":51,"column":22},"end":{"line":51,"column":36}},{"start":{"line":51,"column":40},"end":{"line":51,"column":43}}],"line":51},"10":{"loc":{"start":{"line":52,"column":16},"end":{"line":52,"column":58}},"type":"binary-expr","locations":[{"start":{"line":52,"column":16},"end":{"line":52,"column":28}},{"start":{"line":52,"column":32},"end":{"line":52,"column":58}}],"line":52},"11":{"loc":{"start":{"line":53,"column":13},"end":{"line":53,"column":28}},"type":"binary-expr","locations":[{"start":{"line":53,"column":13},"end":{"line":53,"column":22}},{"start":{"line":53,"column":26},"end":{"line":53,"column":28}}],"line":53},"12":{"loc":{"start":{"line":64,"column":22},"end":{"line":64,"column":43}},"type":"binary-expr","locations":[{"start":{"line":64,"column":22},"end":{"line":64,"column":36}},{"start":{"line":64,"column":40},"end":{"line":64,"column":43}}],"line":64},"13":{"loc":{"start":{"line":65,"column":16},"end":{"line":65,"column":58}},"type":"binary-expr","locations":[{"start":{"line":65,"column":16},"end":{"line":65,"column":28}},{"start":{"line":65,"column":32},"end":{"line":65,"column":58}}],"line":65},"14":{"loc":{"start":{"line":66,"column":13},"end":{"line":66,"column":28}},"type":"binary-expr","locations":[{"start":{"line":66,"column":13},"end":{"line":66,"column":22}},{"start":{"line":66,"column":26},"end":{"line":66,"column":28}}],"line":66}},"s":{"0":3,"1":0,"2":0,"3":0,"4":0,"5":3,"6":1,"7":1,"8":1,"9":0,"10":3,"11":0,"12":0,"13":0,"14":0,"15":0,"16":3,"17":0,"18":0,"19":0,"20":0,"21":0,"22":3,"23":0,"24":0,"25":0,"26":0,"27":0},"f":{"0":0,"1":1,"2":0,"3":0,"4":0},"b":{"0":[0,0],"1":[0,0],"2":[0,0],"3":[0,0],"4":[0,0],"5":[0,0],"6":[0,0],"7":[0,0],"8":[0,0],"9":[0,0],"10":[0,0],"11":[0,0],"12":[0,0],"13":[0,0],"14":[0,0]},"_coverageSchema":"1a1c01bbd47fc00a2c39e90264f33305004495a9","hash":"f9b1687abc80e389714a592dde007103680863fa"}
,"C:\\Users\\flavi\\Documents\\Repositorios\\gerenciador-alunos\\server\\src\\controllers\\student.controller.js": {"path":"C:\\Users\\flavi\\Documents\\Repositorios\\gerenciador-alunos\\server\\src\\controllers\\student.controller.js","statementMap":{"0":{"start":{"line":4,"column":29},"end":{"line":22,"column":1}},"1":{"start":{"line":5,"column":2},"end":{"line":21,"column":3}},"2":{"start":{"line":6,"column":20},"end":{"line":6,"column":64}},"3":{"start":{"line":7,"column":4},"end":{"line":7,"column":34}},"4":{"start":{"line":9,"column":4},"end":{"line":14,"column":5}},"5":{"start":{"line":10,"column":6},"end":{"line":13,"column":9}},"6":{"start":{"line":16,"column":4},"end":{"line":18,"column":5}},"7":{"start":{"line":17,"column":6},"end":{"line":17,"column":41}},"8":{"start":{"line":20,"column":4},"end":{"line":20,"column":72}},"9":{"start":{"line":24,"column":27},"end":{"line":34,"column":1}},"10":{"start":{"line":25,"column":2},"end":{"line":33,"column":3}},"11":{"start":{"line":26,"column":21},"end":{"line":26,"column":55}},"12":{"start":{"line":27,"column":4},"end":{"line":27,"column":42}},"13":{"start":{"line":29,"column":4},"end":{"line":29,"column":51}},"14":{"start":{"line":30,"column":4},"end":{"line":32,"column":61}},"15":{"start":{"line":36,"column":30},"end":{"line":50,"column":1}},"16":{"start":{"line":37,"column":2},"end":{"line":49,"column":3}},"17":{"start":{"line":38,"column":19},"end":{"line":38,"column":29}},"18":{"start":{"line":39,"column":20},"end":{"line":39,"column":67}},"19":{"start":{"line":41,"column":4},"end":{"line":41,"column":41}},"20":{"start":{"line":43,"column":4},"end":{"line":45,"column":5}},"21":{"start":{"line":44,"column":6},"end":{"line":44,"column":62}},"22":{"start":{"line":47,"column":4},"end":{"line":47,"column":50}},"23":{"start":{"line":48,"column":4},"end":{"line":48,"column":80}},"24":{"start":{"line":52,"column":41},"end":{"line":68,"column":1}},"25":{"start":{"line":53,"column":2},"end":{"line":67,"column":3}},"26":{"start":{"line":54,"column":19},"end":{"line":54,"column":29}},"27":{"start":{"line":55,"column":20},"end":{"line":55,"column":78}},"28":{"start":{"line":57,"column":4},"end":{"line":57,"column":41}},"29":{"start":{"line":59,"column":4},"end":{"line":61,"column":5}},"30":{"start":{"line":60,"column":6},"end":{"line":60,"column":62}},"31":{"start":{"line":63,"column":4},"end":{"line":63,"column":62}},"32":{"start":{"line":64,"column":4},"end":{"line":66,"column":72}},"33":{"start":{"line":70,"column":29},"end":{"line":96,"column":1}},"34":{"start":{"line":71,"column":2},"end":{"line":95,"column":3}},"35":{"start":{"line":72,"column":19},"end":{"line":72,"column":29}},"36":{"start":{"line":74,"column":22},"end":{"line":74,"column":77}},"37":{"start":{"line":75,"column":4},"end":{"line":80,"column":5}},"38":{"start":{"line":76,"column":24},"end":{"line":76,"column":59}},"39":{"start":{"line":76,"column":49},"end":{"line":76,"column":58}},"40":{"start":{"line":77,"column":6},"end":{"line":79,"column":67}},"41":{"start":{"line":82,"column":27},"end":{"line":85,"column":5}},"42":{"start":{"line":86,"column":4},"end":{"line":89,"column":7}},"43":{"start":{"line":91,"column":4},"end":{"line":91,"column":53}},"44":{"start":{"line":92,"column":4},"end":{"line":94,"column":63}},"45":{"start":{"line":98,"column":29},"end":{"line":115,"column":1}},"46":{"start":{"line":99,"column":2},"end":{"line":114,"column":3}},"47":{"start":{"line":100,"column":19},"end":{"line":100,"column":29}},"48":{"start":{"line":101,"column":20},"end":{"line":101,"column":66}},"49":{"start":{"line":103,"column":4},"end":{"line":105,"column":67}},"50":{"start":{"line":107,"column":4},"end":{"line":107,"column":51}},"51":{"start":{"line":108,"column":4},"end":{"line":110,"column":5}},"52":{"start":{"line":109,"column":6},"end":{"line":109,"column":74}},"53":{"start":{"line":111,"column":4},"end":{"line":113,"column":61}},"54":{"start":{"line":117,"column":38},"end":{"line":127,"column":1}},"55":{"start":{"line":118,"column":2},"end":{"line":126,"column":3}},"56":{"start":{"line":119,"column":21},"end":{"line":119,"column":66}},"57":{"start":{"line":120,"column":4},"end":{"line":120,"column":42}},"58":{"start":{"line":122,"column":4},"end":{"line":122,"column":63}},"59":{"start":{"line":123,"column":4},"end":{"line":125,"column":73}}},"fnMap":{"0":{"name":"(anonymous_0)","decl":{"start":{"line":4,"column":29},"end":{"line":4,"column":30}},"loc":{"start":{"line":4,"column":49},"end":{"line":22,"column":1}},"line":4},"1":{"name":"(anonymous_1)","decl":{"start":{"line":24,"column":27},"end":{"line":24,"column":28}},"loc":{"start":{"line":24,"column":47},"end":{"line":34,"column":1}},"line":24},"2":{"name":"(anonymous_2)","decl":{"start":{"line":36,"column":30},"end":{"line":36,"column":31}},"loc":{"start":{"line":36,"column":50},"end":{"line":50,"column":1}},"line":36},"3":{"name":"(anonymous_3)","decl":{"start":{"line":52,"column":41},"end":{"line":52,"column":42}},"loc":{"start":{"line":52,"column":61},"end":{"line":68,"column":1}},"line":52},"4":{"name":"(anonymous_4)","decl":{"start":{"line":70,"column":29},"end":{"line":70,"column":30}},"loc":{"start":{"line":70,"column":49},"end":{"line":96,"column":1}},"line":70},"5":{"name":"(anonymous_5)","decl":{"start":{"line":76,"column":42},"end":{"line":76,"column":43}},"loc":{"start":{"line":76,"column":49},"end":{"line":76,"column":58}},"line":76},"6":{"name":"(anonymous_6)","decl":{"start":{"line":98,"column":29},"end":{"line":98,"column":30}},"loc":{"start":{"line":98,"column":49},"end":{"line":115,"column":1}},"line":98},"7":{"name":"(anonymous_7)","decl":{"start":{"line":117,"column":38},"end":{"line":117,"column":39}},"loc":{"start":{"line":117,"column":59},"end":{"line":127,"column":1}},"line":117}},"branchMap":{"0":{"loc":{"start":{"line":9,"column":4},"end":{"line":14,"column":5}},"type":"if","locations":[{"start":{"line":9,"column":4},"end":{"line":14,"column":5}},{"start":{},"end":{}}],"line":9},"1":{"loc":{"start":{"line":16,"column":4},"end":{"line":18,"column":5}},"type":"if","locations":[{"start":{"line":16,"column":4},"end":{"line":18,"column":5}},{"start":{},"end":{}}],"line":16},"2":{"loc":{"start":{"line":43,"column":4},"end":{"line":45,"column":5}},"type":"if","locations":[{"start":{"line":43,"column":4},"end":{"line":45,"column":5}},{"start":{},"end":{}}],"line":43},"3":{"loc":{"start":{"line":59,"column":4},"end":{"line":61,"column":5}},"type":"if","locations":[{"start":{"line":59,"column":4},"end":{"line":61,"column":5}},{"start":{},"end":{}}],"line":59},"4":{"loc":{"start":{"line":75,"column":4},"end":{"line":80,"column":5}},"type":"if","locations":[{"start":{"line":75,"column":4},"end":{"line":80,"column":5}},{"start":{},"end":{}}],"line":75},"5":{"loc":{"start":{"line":108,"column":4},"end":{"line":110,"column":5}},"type":"if","locations":[{"start":{"line":108,"column":4},"end":{"line":110,"column":5}},{"start":{},"end":{}}],"line":108}},"s":{"0":3,"1":0,"2":0,"3":0,"4":0,"5":0,"6":0,"7":0,"8":0,"9":3,"10":1,"11":1,"12":1,"13":0,"14":0,"15":3,"16":0,"17":0,"18":0,"19":0,"20":0,"21":0,"22":0,"23":0,"24":3,"25":0,"26":0,"27":0,"28":0,"29":0,"30":0,"31":0,"32":0,"33":3,"34":0,"35":0,"36":0,"37":0,"38":0,"39":0,"40":0,"41":0,"42":0,"43":0,"44":0,"45":3,"46":0,"47":0,"48":0,"49":0,"50":0,"51":0,"52":0,"53":0,"54":3,"55":0,"56":0,"57":0,"58":0,"59":0},"f":{"0":0,"1":1,"2":0,"3":0,"4":0,"5":0,"6":0,"7":0},"b":{"0":[0,0],"1":[0,0],"2":[0,0],"3":[0,0],"4":[0,0],"5":[0,0]},"_coverageSchema":"1a1c01bbd47fc00a2c39e90264f33305004495a9","hash":"2255c8c593d00e3071e0f6fa28d225a1421ff8ee"}
,"C:\\Users\\flavi\\Documents\\Repositorios\\gerenciador-alunos\\server\\src\\repositories\\course.repository.js": {"path":"C:\\Users\\flavi\\Documents\\Repositorios\\gerenciador-alunos\\server\\src\\repositories\\course.repository.js","statementMap":{"0":{"start":{"line":3,"column":28},"end":{"line":5,"column":1}},"1":{"start":{"line":4,"column":2},"end":{"line":4,"column":46}},"2":{"start":{"line":7,"column":26},"end":{"line":9,"column":1}},"3":{"start":{"line":8,"column":2},"end":{"line":8,"column":40}},"4":{"start":{"line":11,"column":29},"end":{"line":13,"column":1}},"5":{"start":{"line":12,"column":2},"end":{"line":12,"column":59}},"6":{"start":{"line":15,"column":28},"end":{"line":17,"column":1}},"7":{"start":{"line":16,"column":2},"end":{"line":16,"column":61}},"8":{"start":{"line":19,"column":28},"end":{"line":21,"column":1}},"9":{"start":{"line":20,"column":2},"end":{"line":20,"column":55}},"10":{"start":{"line":23,"column":31},"end":{"line":27,"column":1}},"11":{"start":{"line":24,"column":2},"end":{"line":26,"column":5}}},"fnMap":{"0":{"name":"(anonymous_0)","decl":{"start":{"line":3,"column":28},"end":{"line":3,"column":29}},"loc":{"start":{"line":3,"column":44},"end":{"line":5,"column":1}},"line":3},"1":{"name":"(anonymous_1)","decl":{"start":{"line":7,"column":26},"end":{"line":7,"column":27}},"loc":{"start":{"line":7,"column":38},"end":{"line":9,"column":1}},"line":7},"2":{"name":"(anonymous_2)","decl":{"start":{"line":11,"column":29},"end":{"line":11,"column":30}},"loc":{"start":{"line":11,"column":43},"end":{"line":13,"column":1}},"line":11},"3":{"name":"(anonymous_3)","decl":{"start":{"line":15,"column":28},"end":{"line":15,"column":29}},"loc":{"start":{"line":15,"column":48},"end":{"line":17,"column":1}},"line":15},"4":{"name":"(anonymous_4)","decl":{"start":{"line":19,"column":28},"end":{"line":19,"column":29}},"loc":{"start":{"line":19,"column":42},"end":{"line":21,"column":1}},"line":19},"5":{"name":"(anonymous_5)","decl":{"start":{"line":23,"column":31},"end":{"line":23,"column":32}},"loc":{"start":{"line":23,"column":47},"end":{"line":27,"column":1}},"line":23}},"branchMap":{},"s":{"0":3,"1":1,"2":3,"3":1,"4":3,"5":6,"6":3,"7":1,"8":3,"9":1,"10":3,"11":1},"f":{"0":1,"1":1,"2":6,"3":1,"4":1,"5":1},"b":{},"_coverageSchema":"1a1c01bbd47fc00a2c39e90264f33305004495a9","hash":"217035c2fdb7b66e28d70fd727714ebbf4e78e20"}
,"C:\\Users\\flavi\\Documents\\Repositorios\\gerenciador-alunos\\server\\src\\repositories\\enrollment.repository.js": {"path":"C:\\Users\\flavi\\Documents\\Repositorios\\gerenciador-alunos\\server\\src\\repositories\\enrollment.repository.js","statementMap":{"0":{"start":{"line":3,"column":32},"end":{"line":5,"column":1}},"1":{"start":{"line":4,"column":2},"end":{"line":4,"column":50}},"2":{"start":{"line":7,"column":30},"end":{"line":14,"column":1}},"3":{"start":{"line":8,"column":2},"end":{"line":13,"column":5}},"4":{"start":{"line":16,"column":33},"end":{"line":24,"column":1}},"5":{"start":{"line":17,"column":2},"end":{"line":23,"column":5}},"6":{"start":{"line":26,"column":32},"end":{"line":31,"column":1}},"7":{"start":{"line":27,"column":2},"end":{"line":30,"column":5}},"8":{"start":{"line":33,"column":32},"end":{"line":37,"column":1}},"9":{"start":{"line":34,"column":2},"end":{"line":36,"column":5}},"10":{"start":{"line":39,"column":47},"end":{"line":51,"column":1}},"11":{"start":{"line":43,"column":2},"end":{"line":50,"column":5}}},"fnMap":{"0":{"name":"(anonymous_0)","decl":{"start":{"line":3,"column":32},"end":{"line":3,"column":33}},"loc":{"start":{"line":3,"column":48},"end":{"line":5,"column":1}},"line":3},"1":{"name":"(anonymous_1)","decl":{"start":{"line":7,"column":30},"end":{"line":7,"column":31}},"loc":{"start":{"line":7,"column":42},"end":{"line":14,"column":1}},"line":7},"2":{"name":"(anonymous_2)","decl":{"start":{"line":16,"column":33},"end":{"line":16,"column":34}},"loc":{"start":{"line":16,"column":47},"end":{"line":24,"column":1}},"line":16},"3":{"name":"(anonymous_3)","decl":{"start":{"line":26,"column":32},"end":{"line":26,"column":33}},"loc":{"start":{"line":26,"column":52},"end":{"line":31,"column":1}},"line":26},"4":{"name":"(anonymous_4)","decl":{"start":{"line":33,"column":32},"end":{"line":33,"column":33}},"loc":{"start":{"line":33,"column":46},"end":{"line":37,"column":1}},"line":33},"5":{"name":"(anonymous_5)","decl":{"start":{"line":39,"column":47},"end":{"line":39,"column":48}},"loc":{"start":{"line":42,"column":5},"end":{"line":51,"column":1}},"line":42}},"branchMap":{},"s":{"0":3,"1":0,"2":3,"3":1,"4":3,"5":0,"6":3,"7":0,"8":3,"9":0,"10":3,"11":0},"f":{"0":0,"1":1,"2":0,"3":0,"4":0,"5":0},"b":{},"_coverageSchema":"1a1c01bbd47fc00a2c39e90264f33305004495a9","hash":"88c4aa8d81005b147932f2fc688494f279cf7249"}
,"C:\\Users\\flavi\\Documents\\Repositorios\\gerenciador-alunos\\server\\src\\repositories\\student.repository.js": {"path":"C:\\Users\\flavi\\Documents\\Repositorios\\gerenciador-alunos\\server\\src\\repositories\\student.repository.js","statementMap":{"0":{"start":{"line":3,"column":29},"end":{"line":5,"column":1}},"1":{"start":{"line":4,"column":2},"end":{"line":4,"column":47}},"2":{"start":{"line":7,"column":27},"end":{"line":9,"column":1}},"3":{"start":{"line":8,"column":2},"end":{"line":8,"column":41}},"4":{"start":{"line":11,"column":30},"end":{"line":13,"column":1}},"5":{"start":{"line":12,"column":2},"end":{"line":12,"column":60}},"6":{"start":{"line":15,"column":41},"end":{"line":26,"column":1}},"7":{"start":{"line":16,"column":2},"end":{"line":25,"column":5}},"8":{"start":{"line":28,"column":29},"end":{"line":30,"column":1}},"9":{"start":{"line":29,"column":2},"end":{"line":29,"column":62}},"10":{"start":{"line":32,"column":29},"end":{"line":34,"column":1}},"11":{"start":{"line":33,"column":2},"end":{"line":33,"column":56}},"12":{"start":{"line":36,"column":38},"end":{"line":52,"column":1}},"13":{"start":{"line":37,"column":2},"end":{"line":51,"column":5}}},"fnMap":{"0":{"name":"(anonymous_0)","decl":{"start":{"line":3,"column":29},"end":{"line":3,"column":30}},"loc":{"start":{"line":3,"column":45},"end":{"line":5,"column":1}},"line":3},"1":{"name":"(anonymous_1)","decl":{"start":{"line":7,"column":27},"end":{"line":7,"column":28}},"loc":{"start":{"line":7,"column":39},"end":{"line":9,"column":1}},"line":7},"2":{"name":"(anonymous_2)","decl":{"start":{"line":11,"column":30},"end":{"line":11,"column":31}},"loc":{"start":{"line":11,"column":44},"end":{"line":13,"column":1}},"line":11},"3":{"name":"(anonymous_3)","decl":{"start":{"line":15,"column":41},"end":{"line":15,"column":42}},"loc":{"start":{"line":15,"column":55},"end":{"line":26,"column":1}},"line":15},"4":{"name":"(anonymous_4)","decl":{"start":{"line":28,"column":29},"end":{"line":28,"column":30}},"loc":{"start":{"line":28,"column":49},"end":{"line":30,"column":1}},"line":28},"5":{"name":"(anonymous_5)","decl":{"start":{"line":32,"column":29},"end":{"line":32,"column":30}},"loc":{"start":{"line":32,"column":43},"end":{"line":34,"column":1}},"line":32},"6":{"name":"(anonymous_6)","decl":{"start":{"line":36,"column":38},"end":{"line":36,"column":39}},"loc":{"start":{"line":36,"column":50},"end":{"line":52,"column":1}},"line":36}},"branchMap":{},"s":{"0":3,"1":0,"2":3,"3":0,"4":3,"5":0,"6":3,"7":0,"8":3,"9":0,"10":3,"11":0,"12":3,"13":0},"f":{"0":0,"1":0,"2":0,"3":0,"4":0,"5":0,"6":0},"b":{},"_coverageSchema":"1a1c01bbd47fc00a2c39e90264f33305004495a9","hash":"0c75bb6e0dd5b438f9b6306c98593cb80f380907"}
,"C:\\Users\\flavi\\Documents\\Repositorios\\gerenciador-alunos\\server\\src\\routes\\course.routes.js": {"path":"C:\\Users\\flavi\\Documents\\Repositorios\\gerenciador-alunos\\server\\src\\routes\\course.routes.js","statementMap":{"0":{"start":{"line":10,"column":15},"end":{"line":10,"column":23}},"1":{"start":{"line":263,"column":0},"end":{"line":263,"column":31}},"2":{"start":{"line":264,"column":0},"end":{"line":264,"column":28}},"3":{"start":{"line":265,"column":0},"end":{"line":265,"column":34}},"4":{"start":{"line":266,"column":0},"end":{"line":266,"column":33}},"5":{"start":{"line":267,"column":0},"end":{"line":267,"column":36}}},"fnMap":{},"branchMap":{},"s":{"0":3,"1":3,"2":3,"3":3,"4":3,"5":3},"f":{},"b":{},"_coverageSchema":"1a1c01bbd47fc00a2c39e90264f33305004495a9","hash":"699c727274bc456789aa748f66d93f72669e856f"}
,"C:\\Users\\flavi\\Documents\\Repositorios\\gerenciador-alunos\\server\\src\\routes\\enrollment.routes.js": {"path":"C:\\Users\\flavi\\Documents\\Repositorios\\gerenciador-alunos\\server\\src\\routes\\enrollment.routes.js","statementMap":{"0":{"start":{"line":10,"column":15},"end":{"line":10,"column":23}},"1":{"start":{"line":371,"column":0},"end":{"line":371,"column":35}},"2":{"start":{"line":372,"column":0},"end":{"line":372,"column":32}},"3":{"start":{"line":373,"column":0},"end":{"line":373,"column":38}},"4":{"start":{"line":374,"column":0},"end":{"line":374,"column":37}},"5":{"start":{"line":375,"column":0},"end":{"line":375,"column":40}}},"fnMap":{},"branchMap":{},"s":{"0":3,"1":3,"2":3,"3":3,"4":3,"5":3},"f":{},"b":{},"_coverageSchema":"1a1c01bbd47fc00a2c39e90264f33305004495a9","hash":"266be5ed0a8098c517c11e83fb5aef16943b5d22"}
,"C:\\Users\\flavi\\Documents\\Repositorios\\gerenciador-alunos\\server\\src\\routes\\index.js": {"path":"C:\\Users\\flavi\\Documents\\Repositorios\\gerenciador-alunos\\server\\src\\routes\\index.js","statementMap":{"0":{"start":{"line":6,"column":15},"end":{"line":6,"column":23}},"1":{"start":{"line":8,"column":0},"end":{"line":8,"column":37}},"2":{"start":{"line":9,"column":0},"end":{"line":9,"column":36}},"3":{"start":{"line":10,"column":0},"end":{"line":10,"column":44}}},"fnMap":{},"branchMap":{},"s":{"0":3,"1":3,"2":3,"3":3},"f":{},"b":{},"_coverageSchema":"1a1c01bbd47fc00a2c39e90264f33305004495a9","hash":"674651229cf11bb2c4fb81835a06e936320b9a58"}
,"C:\\Users\\flavi\\Documents\\Repositorios\\gerenciador-alunos\\server\\src\\routes\\student.routes.js": {"path":"C:\\Users\\flavi\\Documents\\Repositorios\\gerenciador-alunos\\server\\src\\routes\\student.routes.js","statementMap":{"0":{"start":{"line":10,"column":15},"end":{"line":10,"column":23}},"1":{"start":{"line":304,"column":0},"end":{"line":304,"column":32}},"2":{"start":{"line":305,"column":0},"end":{"line":305,"column":29}},"3":{"start":{"line":306,"column":0},"end":{"line":306,"column":35}},"4":{"start":{"line":307,"column":0},"end":{"line":307,"column":34}},"5":{"start":{"line":308,"column":0},"end":{"line":308,"column":37}}},"fnMap":{},"branchMap":{},"s":{"0":3,"1":3,"2":3,"3":3,"4":3,"5":3},"f":{},"b":{},"_coverageSchema":"1a1c01bbd47fc00a2c39e90264f33305004495a9","hash":"8b49a34dc8b92f0dbcf7b322f266e2c57b096289"}
,"C:\\Users\\flavi\\Documents\\Repositorios\\gerenciador-alunos\\server\\src\\services\\course.service.js": {"path":"C:\\Users\\flavi\\Documents\\Repositorios\\gerenciador-alunos\\server\\src\\services\\course.service.js","statementMap":{"0":{"start":{"line":4,"column":28},"end":{"line":23,"column":1}},"1":{"start":{"line":5,"column":20},"end":{"line":5,"column":70}},"2":{"start":{"line":6,"column":2},"end":{"line":12,"column":3}},"3":{"start":{"line":7,"column":4},"end":{"line":11,"column":6}},"4":{"start":{"line":10,"column":38},"end":{"line":10,"column":47}},"5":{"start":{"line":14,"column":26},"end":{"line":14,"column":75}},"6":{"start":{"line":15,"column":2},"end":{"line":20,"column":3}},"7":{"start":{"line":16,"column":4},"end":{"line":19,"column":6}},"8":{"start":{"line":22,"column":2},"end":{"line":22,"column":51}},"9":{"start":{"line":25,"column":26},"end":{"line":27,"column":1}},"10":{"start":{"line":26,"column":2},"end":{"line":26,"column":45}},"11":{"start":{"line":29,"column":29},"end":{"line":38,"column":1}},"12":{"start":{"line":30,"column":17},"end":{"line":30,"column":57}},"13":{"start":{"line":31,"column":2},"end":{"line":36,"column":3}},"14":{"start":{"line":32,"column":4},"end":{"line":35,"column":6}},"15":{"start":{"line":37,"column":2},"end":{"line":37,"column":16}},"16":{"start":{"line":40,"column":28},"end":{"line":43,"column":1}},"17":{"start":{"line":41,"column":2},"end":{"line":41,"column":26}},"18":{"start":{"line":42,"column":2},"end":{"line":42,"column":55}},"19":{"start":{"line":45,"column":28},"end":{"line":48,"column":1}},"20":{"start":{"line":46,"column":2},"end":{"line":46,"column":26}},"21":{"start":{"line":47,"column":2},"end":{"line":47,"column":49}}},"fnMap":{"0":{"name":"(anonymous_0)","decl":{"start":{"line":4,"column":28},"end":{"line":4,"column":29}},"loc":{"start":{"line":4,"column":44},"end":{"line":23,"column":1}},"line":4},"1":{"name":"(anonymous_1)","decl":{"start":{"line":10,"column":31},"end":{"line":10,"column":32}},"loc":{"start":{"line":10,"column":38},"end":{"line":10,"column":47}},"line":10},"2":{"name":"(anonymous_2)","decl":{"start":{"line":25,"column":26},"end":{"line":25,"column":27}},"loc":{"start":{"line":25,"column":38},"end":{"line":27,"column":1}},"line":25},"3":{"name":"(anonymous_3)","decl":{"start":{"line":29,"column":29},"end":{"line":29,"column":30}},"loc":{"start":{"line":29,"column":43},"end":{"line":38,"column":1}},"line":29},"4":{"name":"(anonymous_4)","decl":{"start":{"line":40,"column":28},"end":{"line":40,"column":29}},"loc":{"start":{"line":40,"column":48},"end":{"line":43,"column":1}},"line":40},"5":{"name":"(anonymous_5)","decl":{"start":{"line":45,"column":28},"end":{"line":45,"column":29}},"loc":{"start":{"line":45,"column":42},"end":{"line":48,"column":1}},"line":45}},"branchMap":{"0":{"loc":{"start":{"line":6,"column":2},"end":{"line":12,"column":3}},"type":"if","locations":[{"start":{"line":6,"column":2},"end":{"line":12,"column":3}},{"start":{},"end":{}}],"line":6},"1":{"loc":{"start":{"line":15,"column":2},"end":{"line":20,"column":3}},"type":"if","locations":[{"start":{"line":15,"column":2},"end":{"line":20,"column":3}},{"start":{},"end":{}}],"line":15},"2":{"loc":{"start":{"line":31,"column":2},"end":{"line":36,"column":3}},"type":"if","locations":[{"start":{"line":31,"column":2},"end":{"line":36,"column":3}},{"start":{},"end":{}}],"line":31}},"s":{"0":3,"1":2,"2":2,"3":1,"4":1,"5":1,"6":1,"7":0,"8":1,"9":3,"10":1,"11":3,"12":6,"13":6,"14":3,"15":3,"16":3,"17":2,"18":1,"19":3,"20":2,"21":1},"f":{"0":2,"1":1,"2":1,"3":6,"4":2,"5":2},"b":{"0":[1,1],"1":[0,1],"2":[3,3]},"_coverageSchema":"1a1c01bbd47fc00a2c39e90264f33305004495a9","hash":"10e277b6b15bbfbbaf6e61e93a3d719bdf958403"}
,"C:\\Users\\flavi\\Documents\\Repositorios\\gerenciador-alunos\\server\\src\\services\\enrollment.service.js": {"path":"C:\\Users\\flavi\\Documents\\Repositorios\\gerenciador-alunos\\server\\src\\services\\enrollment.service.js","statementMap":{"0":{"start":{"line":6,"column":24},"end":{"line":11,"column":1}},"1":{"start":{"line":7,"column":2},"end":{"line":7,"column":44}},"2":{"start":{"line":7,"column":23},"end":{"line":7,"column":44}},"3":{"start":{"line":8,"column":15},"end":{"line":8,"column":39}},"4":{"start":{"line":9,"column":15},"end":{"line":9,"column":25}},"5":{"start":{"line":10,"column":2},"end":{"line":10,"column":52}},"6":{"start":{"line":13,"column":32},"end":{"line":68,"column":1}},"7":{"start":{"line":14,"column":20},"end":{"line":14,"column":74}},"8":{"start":{"line":15,"column":2},"end":{"line":21,"column":3}},"9":{"start":{"line":16,"column":4},"end":{"line":20,"column":6}},"10":{"start":{"line":19,"column":38},"end":{"line":19,"column":47}},"11":{"start":{"line":23,"column":2},"end":{"line":67,"column":3}},"12":{"start":{"line":24,"column":20},"end":{"line":24,"column":74}},"13":{"start":{"line":25,"column":4},"end":{"line":30,"column":5}},"14":{"start":{"line":26,"column":6},"end":{"line":29,"column":8}},"15":{"start":{"line":32,"column":19},"end":{"line":32,"column":70}},"16":{"start":{"line":33,"column":4},"end":{"line":38,"column":5}},"17":{"start":{"line":34,"column":6},"end":{"line":37,"column":8}},"18":{"start":{"line":40,"column":19},"end":{"line":43,"column":5}},"19":{"start":{"line":44,"column":4},"end":{"line":49,"column":5}},"20":{"start":{"line":45,"column":6},"end":{"line":48,"column":8}},"21":{"start":{"line":51,"column":30},"end":{"line":51,"column":59}},"22":{"start":{"line":52,"column":19},"end":{"line":52,"column":53}},"23":{"start":{"line":54,"column":4},"end":{"line":58,"column":7}},"24":{"start":{"line":60,"column":4},"end":{"line":65,"column":5}},"25":{"start":{"line":61,"column":6},"end":{"line":64,"column":8}},"26":{"start":{"line":66,"column":4},"end":{"line":66,"column":14}},"27":{"start":{"line":70,"column":30},"end":{"line":72,"column":1}},"28":{"start":{"line":71,"column":2},"end":{"line":71,"column":53}},"29":{"start":{"line":74,"column":33},"end":{"line":83,"column":1}},"30":{"start":{"line":75,"column":21},"end":{"line":75,"column":69}},"31":{"start":{"line":76,"column":2},"end":{"line":81,"column":3}},"32":{"start":{"line":77,"column":4},"end":{"line":80,"column":6}},"33":{"start":{"line":82,"column":2},"end":{"line":82,"column":20}},"34":{"start":{"line":85,"column":32},"end":{"line":118,"column":1}},"35":{"start":{"line":86,"column":2},"end":{"line":86,"column":30}},"36":{"start":{"line":88,"column":20},"end":{"line":91,"column":4}},"37":{"start":{"line":92,"column":2},"end":{"line":98,"column":3}},"38":{"start":{"line":93,"column":4},"end":{"line":97,"column":6}},"39":{"start":{"line":96,"column":38},"end":{"line":96,"column":47}},"40":{"start":{"line":100,"column":2},"end":{"line":111,"column":3}},"41":{"start":{"line":101,"column":19},"end":{"line":104,"column":5}},"42":{"start":{"line":105,"column":4},"end":{"line":110,"column":5}},"43":{"start":{"line":106,"column":6},"end":{"line":109,"column":8}},"44":{"start":{"line":113,"column":2},"end":{"line":115,"column":3}},"45":{"start":{"line":114,"column":4},"end":{"line":114,"column":55}},"46":{"start":{"line":117,"column":2},"end":{"line":117,"column":63}},"47":{"start":{"line":120,"column":32},"end":{"line":123,"column":1}},"48":{"start":{"line":121,"column":2},"end":{"line":121,"column":30}},"49":{"start":{"line":122,"column":2},"end":{"line":122,"column":57}}},"fnMap":{"0":{"name":"(anonymous_0)","decl":{"start":{"line":6,"column":24},"end":{"line":6,"column":25}},"loc":{"start":{"line":6,"column":44},"end":{"line":11,"column":1}},"line":6},"1":{"name":"(anonymous_1)","decl":{"start":{"line":13,"column":32},"end":{"line":13,"column":33}},"loc":{"start":{"line":13,"column":48},"end":{"line":68,"column":1}},"line":13},"2":{"name":"(anonymous_2)","decl":{"start":{"line":19,"column":31},"end":{"line":19,"column":32}},"loc":{"start":{"line":19,"column":38},"end":{"line":19,"column":47}},"line":19},"3":{"name":"(anonymous_3)","decl":{"start":{"line":70,"column":30},"end":{"line":70,"column":31}},"loc":{"start":{"line":70,"column":42},"end":{"line":72,"column":1}},"line":70},"4":{"name":"(anonymous_4)","decl":{"start":{"line":74,"column":33},"end":{"line":74,"column":34}},"loc":{"start":{"line":74,"column":47},"end":{"line":83,"column":1}},"line":74},"5":{"name":"(anonymous_5)","decl":{"start":{"line":85,"column":32},"end":{"line":85,"column":33}},"loc":{"start":{"line":85,"column":52},"end":{"line":118,"column":1}},"line":85},"6":{"name":"(anonymous_6)","decl":{"start":{"line":96,"column":31},"end":{"line":96,"column":32}},"loc":{"start":{"line":96,"column":38},"end":{"line":96,"column":47}},"line":96},"7":{"name":"(anonymous_7)","decl":{"start":{"line":120,"column":32},"end":{"line":120,"column":33}},"loc":{"start":{"line":120,"column":46},"end":{"line":123,"column":1}},"line":120}},"branchMap":{"0":{"loc":{"start":{"line":7,"column":2},"end":{"line":7,"column":44}},"type":"if","locations":[{"start":{"line":7,"column":2},"end":{"line":7,"column":44}},{"start":{},"end":{}}],"line":7},"1":{"loc":{"start":{"line":10,"column":9},"end":{"line":10,"column":51}},"type":"cond-expr","locations":[{"start":{"line":10,"column":24},"end":{"line":10,"column":35}},{"start":{"line":10,"column":38},"end":{"line":10,"column":51}}],"line":10},"2":{"loc":{"start":{"line":15,"column":2},"end":{"line":21,"column":3}},"type":"if","locations":[{"start":{"line":15,"column":2},"end":{"line":21,"column":3}},{"start":{},"end":{}}],"line":15},"3":{"loc":{"start":{"line":25,"column":4},"end":{"line":30,"column":5}},"type":"if","locations":[{"start":{"line":25,"column":4},"end":{"line":30,"column":5}},{"start":{},"end":{}}],"line":25},"4":{"loc":{"start":{"line":33,"column":4},"end":{"line":38,"column":5}},"type":"if","locations":[{"start":{"line":33,"column":4},"end":{"line":38,"column":5}},{"start":{},"end":{}}],"line":33},"5":{"loc":{"start":{"line":44,"column":4},"end":{"line":49,"column":5}},"type":"if","locations":[{"start":{"line":44,"column":4},"end":{"line":49,"column":5}},{"start":{},"end":{}}],"line":44},"6":{"loc":{"start":{"line":60,"column":4},"end":{"line":65,"column":5}},"type":"if","locations":[{"start":{"line":60,"column":4},"end":{"line":65,"column":5}},{"start":{},"end":{}}],"line":60},"7":{"loc":{"start":{"line":76,"column":2},"end":{"line":81,"column":3}},"type":"if","locations":[{"start":{"line":76,"column":2},"end":{"line":81,"column":3}},{"start":{},"end":{}}],"line":76},"8":{"loc":{"start":{"line":92,"column":2},"end":{"line":98,"column":3}},"type":"if","locations":[{"start":{"line":92,"column":2},"end":{"line":98,"column":3}},{"start":{},"end":{}}],"line":92},"9":{"loc":{"start":{"line":100,"column":2},"end":{"line":111,"column":3}},"type":"if","locations":[{"start":{"line":100,"column":2},"end":{"line":111,"column":3}},{"start":{},"end":{}}],"line":100},"10":{"loc":{"start":{"line":100,"column":6},"end":{"line":100,"column":37}},"type":"binary-expr","locations":[{"start":{"line":100,"column":6},"end":{"line":100,"column":20}},{"start":{"line":100,"column":24},"end":{"line":100,"column":37}}],"line":100},"11":{"loc":{"start":{"line":102,"column":6},"end":{"line":102,"column":33}},"type":"binary-expr","locations":[{"start":{"line":102,"column":6},"end":{"line":102,"column":20}},{"start":{"line":102,"column":24},"end":{"line":102,"column":33}}],"line":102},"12":{"loc":{"start":{"line":103,"column":6},"end":{"line":103,"column":32}},"type":"binary-expr","locations":[{"start":{"line":103,"column":6},"end":{"line":103,"column":19}},{"start":{"line":103,"column":23},"end":{"line":103,"column":32}}],"line":103},"13":{"loc":{"start":{"line":105,"column":4},"end":{"line":110,"column":5}},"type":"if","locations":[{"start":{"line":105,"column":4},"end":{"line":110,"column":5}},{"start":{},"end":{}}],"line":105},"14":{"loc":{"start":{"line":105,"column":8},"end":{"line":105,"column":34}},"type":"binary-expr","locations":[{"start":{"line":105,"column":8},"end":{"line":105,"column":14}},{"start":{"line":105,"column":18},"end":{"line":105,"column":34}}],"line":105},"15":{"loc":{"start":{"line":113,"column":2},"end":{"line":115,"column":3}},"type":"if","locations":[{"start":{"line":113,"column":2},"end":{"line":115,"column":3}},{"start":{},"end":{}}],"line":113}},"s":{"0":3,"1":0,"2":0,"3":0,"4":0,"5":0,"6":3,"7":0,"8":0,"9":0,"10":0,"11":0,"12":0,"13":0,"14":0,"15":0,"16":0,"17":0,"18":0,"19":0,"20":0,"21":0,"22":0,"23":0,"24":0,"25":0,"26":0,"27":3,"28":1,"29":3,"30":0,"31":0,"32":0,"33":0,"34":3,"35":0,"36":0,"37":0,"38":0,"39":0,"40":0,"41":0,"42":0,"43":0,"44":0,"45":0,"46":0,"47":3,"48":0,"49":0},"f":{"0":0,"1":0,"2":0,"3":1,"4":0,"5":0,"6":0,"7":0},"b":{"0":[0,0],"1":[0,0],"2":[0,0],"3":[0,0],"4":[0,0],"5":[0,0],"6":[0,0],"7":[0,0],"8":[0,0],"9":[0,0],"10":[0,0],"11":[0,0],"12":[0,0],"13":[0,0],"14":[0,0],"15":[0,0]},"_coverageSchema":"1a1c01bbd47fc00a2c39e90264f33305004495a9","hash":"1eafeb76c064ad6bd9378eef33c06e3009b3e33d"}
,"C:\\Users\\flavi\\Documents\\Repositorios\\gerenciador-alunos\\server\\src\\services\\student.service.js": {"path":"C:\\Users\\flavi\\Documents\\Repositorios\\gerenciador-alunos\\server\\src\\services\\student.service.js","statementMap":{"0":{"start":{"line":5,"column":29},"end":{"line":16,"column":1}},"1":{"start":{"line":6,"column":20},"end":{"line":6,"column":71}},"2":{"start":{"line":7,"column":2},"end":{"line":13,"column":3}},"3":{"start":{"line":8,"column":4},"end":{"line":12,"column":6}},"4":{"start":{"line":11,"column":38},"end":{"line":11,"column":47}},"5":{"start":{"line":15,"column":2},"end":{"line":15,"column":53}},"6":{"start":{"line":18,"column":40},"end":{"line":44,"column":1}},"7":{"start":{"line":19,"column":38},"end":{"line":19,"column":42}},"8":{"start":{"line":21,"column":20},"end":{"line":21,"column":78}},"9":{"start":{"line":22,"column":2},"end":{"line":28,"column":3}},"10":{"start":{"line":23,"column":4},"end":{"line":27,"column":6}},"11":{"start":{"line":26,"column":38},"end":{"line":26,"column":47}},"12":{"start":{"line":30,"column":25},"end":{"line":32,"column":4}},"13":{"start":{"line":34,"column":2},"end":{"line":41,"column":3}},"14":{"start":{"line":35,"column":24},"end":{"line":38,"column":7}},"15":{"start":{"line":35,"column":51},"end":{"line":38,"column":5}},"16":{"start":{"line":40,"column":4},"end":{"line":40,"column":62}},"17":{"start":{"line":43,"column":2},"end":{"line":43,"column":24}},"18":{"start":{"line":46,"column":27},"end":{"line":61,"column":1}},"19":{"start":{"line":47,"column":19},"end":{"line":55,"column":4}},"20":{"start":{"line":57,"column":2},"end":{"line":60,"column":6}},"21":{"start":{"line":57,"column":36},"end":{"line":60,"column":3}},"22":{"start":{"line":59,"column":53},"end":{"line":59,"column":75}},"23":{"start":{"line":63,"column":38},"end":{"line":74,"column":1}},"24":{"start":{"line":64,"column":19},"end":{"line":64,"column":67}},"25":{"start":{"line":66,"column":2},"end":{"line":73,"column":6}},"26":{"start":{"line":66,"column":36},"end":{"line":73,"column":3}},"27":{"start":{"line":68,"column":54},"end":{"line":72,"column":5}},"28":{"start":{"line":76,"column":30},"end":{"line":99,"column":1}},"29":{"start":{"line":77,"column":18},"end":{"line":86,"column":4}},"30":{"start":{"line":88,"column":2},"end":{"line":93,"column":3}},"31":{"start":{"line":89,"column":4},"end":{"line":92,"column":6}},"32":{"start":{"line":95,"column":2},"end":{"line":98,"column":4}},"33":{"start":{"line":97,"column":53},"end":{"line":97,"column":75}},"34":{"start":{"line":101,"column":41},"end":{"line":120,"column":1}},"35":{"start":{"line":102,"column":18},"end":{"line":102,"column":71}},"36":{"start":{"line":104,"column":2},"end":{"line":109,"column":3}},"37":{"start":{"line":105,"column":4},"end":{"line":108,"column":6}},"38":{"start":{"line":111,"column":2},"end":{"line":119,"column":4}},"39":{"start":{"line":114,"column":48},"end":{"line":118,"column":7}},"40":{"start":{"line":122,"column":29},"end":{"line":142,"column":1}},"41":{"start":{"line":123,"column":2},"end":{"line":123,"column":27}},"42":{"start":{"line":124,"column":28},"end":{"line":134,"column":4}},"43":{"start":{"line":136,"column":2},"end":{"line":141,"column":4}},"44":{"start":{"line":139,"column":22},"end":{"line":139,"column":44}},"45":{"start":{"line":144,"column":40},"end":{"line":188,"column":1}},"46":{"start":{"line":145,"column":38},"end":{"line":145,"column":42}},"47":{"start":{"line":147,"column":2},"end":{"line":147,"column":27}},"48":{"start":{"line":149,"column":25},"end":{"line":152,"column":4}},"49":{"start":{"line":154,"column":2},"end":{"line":185,"column":3}},"50":{"start":{"line":155,"column":32},"end":{"line":157,"column":6}},"51":{"start":{"line":159,"column":30},"end":{"line":159,"column":72}},"52":{"start":{"line":159,"column":61},"end":{"line":159,"column":71}},"53":{"start":{"line":161,"column":25},"end":{"line":163,"column":5}},"54":{"start":{"line":162,"column":20},"end":{"line":162,"column":57}},"55":{"start":{"line":164,"column":28},"end":{"line":166,"column":5}},"56":{"start":{"line":165,"column":20},"end":{"line":165,"column":47}},"57":{"start":{"line":168,"column":4},"end":{"line":175,"column":5}},"58":{"start":{"line":169,"column":29},"end":{"line":172,"column":9}},"59":{"start":{"line":169,"column":61},"end":{"line":172,"column":7}},"60":{"start":{"line":174,"column":6},"end":{"line":174,"column":67}},"61":{"start":{"line":177,"column":4},"end":{"line":184,"column":5}},"62":{"start":{"line":178,"column":6},"end":{"line":183,"column":9}},"63":{"start":{"line":187,"column":2},"end":{"line":187,"column":24}},"64":{"start":{"line":190,"column":29},"end":{"line":194,"column":1}},"65":{"start":{"line":191,"column":2},"end":{"line":191,"column":27}},"66":{"start":{"line":192,"column":2},"end":{"line":192,"column":67}},"67":{"start":{"line":193,"column":2},"end":{"line":193,"column":56}}},"fnMap":{"0":{"name":"(anonymous_0)","decl":{"start":{"line":5,"column":29},"end":{"line":5,"column":30}},"loc":{"start":{"line":5,"column":45},"end":{"line":16,"column":1}},"line":5},"1":{"name":"(anonymous_1)","decl":{"start":{"line":11,"column":31},"end":{"line":11,"column":32}},"loc":{"start":{"line":11,"column":38},"end":{"line":11,"column":47}},"line":11},"2":{"name":"(anonymous_2)","decl":{"start":{"line":18,"column":40},"end":{"line":18,"column":41}},"loc":{"start":{"line":18,"column":56},"end":{"line":44,"column":1}},"line":18},"3":{"name":"(anonymous_3)","decl":{"start":{"line":26,"column":31},"end":{"line":26,"column":32}},"loc":{"start":{"line":26,"column":38},"end":{"line":26,"column":47}},"line":26},"4":{"name":"(anonymous_4)","decl":{"start":{"line":35,"column":36},"end":{"line":35,"column":37}},"loc":{"start":{"line":35,"column":51},"end":{"line":38,"column":5}},"line":35},"5":{"name":"(anonymous_5)","decl":{"start":{"line":46,"column":27},"end":{"line":46,"column":28}},"loc":{"start":{"line":46,"column":39},"end":{"line":61,"column":1}},"line":46},"6":{"name":"(anonymous_6)","decl":{"start":{"line":57,"column":22},"end":{"line":57,"column":23}},"loc":{"start":{"line":57,"column":36},"end":{"line":60,"column":3}},"line":57},"7":{"name":"(anonymous_7)","decl":{"start":{"line":59,"column":37},"end":{"line":59,"column":38}},"loc":{"start":{"line":59,"column":53},"end":{"line":59,"column":75}},"line":59},"8":{"name":"(anonymous_8)","decl":{"start":{"line":63,"column":38},"end":{"line":63,"column":39}},"loc":{"start":{"line":63,"column":50},"end":{"line":74,"column":1}},"line":63},"9":{"name":"(anonymous_9)","decl":{"start":{"line":66,"column":22},"end":{"line":66,"column":23}},"loc":{"start":{"line":66,"column":36},"end":{"line":73,"column":3}},"line":66},"10":{"name":"(anonymous_10)","decl":{"start":{"line":68,"column":37},"end":{"line":68,"column":38}},"loc":{"start":{"line":68,"column":54},"end":{"line":72,"column":5}},"line":68},"11":{"name":"(anonymous_11)","decl":{"start":{"line":76,"column":30},"end":{"line":76,"column":31}},"loc":{"start":{"line":76,"column":44},"end":{"line":99,"column":1}},"line":76},"12":{"name":"(anonymous_12)","decl":{"start":{"line":97,"column":37},"end":{"line":97,"column":38}},"loc":{"start":{"line":97,"column":53},"end":{"line":97,"column":75}},"line":97},"13":{"name":"(anonymous_13)","decl":{"start":{"line":101,"column":41},"end":{"line":101,"column":42}},"loc":{"start":{"line":101,"column":55},"end":{"line":120,"column":1}},"line":101},"14":{"name":"(anonymous_14)","decl":{"start":{"line":114,"column":31},"end":{"line":114,"column":32}},"loc":{"start":{"line":114,"column":48},"end":{"line":118,"column":7}},"line":114},"15":{"name":"(anonymous_15)","decl":{"start":{"line":122,"column":29},"end":{"line":122,"column":30}},"loc":{"start":{"line":122,"column":49},"end":{"line":142,"column":1}},"line":122},"16":{"name":"(anonymous_16)","decl":{"start":{"line":139,"column":6},"end":{"line":139,"column":7}},"loc":{"start":{"line":139,"column":22},"end":{"line":139,"column":44}},"line":139},"17":{"name":"(anonymous_17)","decl":{"start":{"line":144,"column":40},"end":{"line":144,"column":41}},"loc":{"start":{"line":144,"column":60},"end":{"line":188,"column":1}},"line":144},"18":{"name":"(anonymous_18)","decl":{"start":{"line":159,"column":54},"end":{"line":159,"column":55}},"loc":{"start":{"line":159,"column":61},"end":{"line":159,"column":71}},"line":159},"19":{"name":"(anonymous_19)","decl":{"start":{"line":162,"column":6},"end":{"line":162,"column":7}},"loc":{"start":{"line":162,"column":20},"end":{"line":162,"column":57}},"line":162},"20":{"name":"(anonymous_20)","decl":{"start":{"line":165,"column":6},"end":{"line":165,"column":7}},"loc":{"start":{"line":165,"column":20},"end":{"line":165,"column":47}},"line":165},"21":{"name":"(anonymous_21)","decl":{"start":{"line":169,"column":46},"end":{"line":169,"column":47}},"loc":{"start":{"line":169,"column":61},"end":{"line":172,"column":7}},"line":169},"22":{"name":"(anonymous_22)","decl":{"start":{"line":190,"column":29},"end":{"line":190,"column":30}},"loc":{"start":{"line":190,"column":43},"end":{"line":194,"column":1}},"line":190}},"branchMap":{"0":{"loc":{"start":{"line":7,"column":2},"end":{"line":13,"column":3}},"type":"if","locations":[{"start":{"line":7,"column":2},"end":{"line":13,"column":3}},{"start":{},"end":{}}],"line":7},"1":{"loc":{"start":{"line":22,"column":2},"end":{"line":28,"column":3}},"type":"if","locations":[{"start":{"line":22,"column":2},"end":{"line":28,"column":3}},{"start":{},"end":{}}],"line":22},"2":{"loc":{"start":{"line":34,"column":2},"end":{"line":41,"column":3}},"type":"if","locations":[{"start":{"line":34,"column":2},"end":{"line":41,"column":3}},{"start":{},"end":{}}],"line":34},"3":{"loc":{"start":{"line":34,"column":6},"end":{"line":34,"column":35}},"type":"binary-expr","locations":[{"start":{"line":34,"column":6},"end":{"line":34,"column":13}},{"start":{"line":34,"column":17},"end":{"line":34,"column":35}}],"line":34},"4":{"loc":{"start":{"line":88,"column":2},"end":{"line":93,"column":3}},"type":"if","locations":[{"start":{"line":88,"column":2},"end":{"line":93,"column":3}},{"start":{},"end":{}}],"line":88},"5":{"loc":{"start":{"line":104,"column":2},"end":{"line":109,"column":3}},"type":"if","locations":[{"start":{"line":104,"column":2},"end":{"line":109,"column":3}},{"start":{},"end":{}}],"line":104},"6":{"loc":{"start":{"line":114,"column":6},"end":{"line":118,"column":15}},"type":"binary-expr","locations":[{"start":{"line":114,"column":6},"end":{"line":118,"column":9}},{"start":{"line":118,"column":13},"end":{"line":118,"column":15}}],"line":114},"7":{"loc":{"start":{"line":154,"column":2},"end":{"line":185,"column":3}},"type":"if","locations":[{"start":{"line":154,"column":2},"end":{"line":185,"column":3}},{"start":{},"end":{}}],"line":154},"8":{"loc":{"start":{"line":168,"column":4},"end":{"line":175,"column":5}},"type":"if","locations":[{"start":{"line":168,"column":4},"end":{"line":175,"column":5}},{"start":{},"end":{}}],"line":168},"9":{"loc":{"start":{"line":177,"column":4},"end":{"line":184,"column":5}},"type":"if","locations":[{"start":{"line":177,"column":4},"end":{"line":184,"column":5}},{"start":{},"end":{}}],"line":177}},"s":{"0":3,"1":0,"2":0,"3":0,"4":0,"5":0,"6":3,"7":0,"8":0,"9":0,"10":0,"11":0,"12":0,"13":0,"14":0,"15":0,"16":0,"17":0,"18":3,"19":1,"20":1,"21":13,"22":0,"23":3,"24":0,"25":0,"26":0,"27":0,"28":3,"29":0,"30":0,"31":0,"32":0,"33":0,"34":3,"35":0,"36":0,"37":0,"38":0,"39":0,"40":3,"41":0,"42":0,"43":0,"44":0,"45":3,"46":0,"47":0,"48":0,"49":0,"50":0,"51":0,"52":0,"53":0,"54":0,"55":0,"56":0,"57":0,"58":0,"59":0,"60":0,"61":0,"62":0,"63":0,"64":3,"65":0,"66":0,"67":0},"f":{"0":0,"1":0,"2":0,"3":0,"4":0,"5":1,"6":13,"7":0,"8":0,"9":0,"10":0,"11":0,"12":0,"13":0,"14":0,"15":0,"16":0,"17":0,"18":0,"19":0,"20":0,"21":0,"22":0},"b":{"0":[0,0],"1":[0,0],"2":[0,0],"3":[0,0],"4":[0,0],"5":[0,0],"6":[0,0],"7":[0,0],"8":[0,0],"9":[0,0]},"_coverageSchema":"1a1c01bbd47fc00a2c39e90264f33305004495a9","hash":"a123a1f3c51967e146f5807f912c2f02fe446908"}
,"C:\\Users\\flavi\\Documents\\Repositorios\\gerenciador-alunos\\server\\src\\validations\\course.validation.js": {"path":"C:\\Users\\flavi\\Documents\\Repositorios\\gerenciador-alunos\\server\\src\\validations\\course.validation.js","statementMap":{"0":{"start":{"line":3,"column":28},"end":{"line":9,"column":2}}},"fnMap":{},"branchMap":{},"s":{"0":3},"f":{},"b":{},"_coverageSchema":"1a1c01bbd47fc00a2c39e90264f33305004495a9","hash":"b66e4b35e68ae2ef3821b8254747efc80357464b"}
,"C:\\Users\\flavi\\Documents\\Repositorios\\gerenciador-alunos\\server\\src\\validations\\enrollment.validation.js": {"path":"C:\\Users\\flavi\\Documents\\Repositorios\\gerenciador-alunos\\server\\src\\validations\\enrollment.validation.js","statementMap":{"0":{"start":{"line":3,"column":32},"end":{"line":18,"column":2}}},"fnMap":{},"branchMap":{},"s":{"0":3},"f":{},"b":{},"_coverageSchema":"1a1c01bbd47fc00a2c39e90264f33305004495a9","hash":"e82b94bd97d1fcbf30252efaf12bd1809d42d8fb"}
,"C:\\Users\\flavi\\Documents\\Repositorios\\gerenciador-alunos\\server\\src\\validations\\student.validation.js": {"path":"C:\\Users\\flavi\\Documents\\Repositorios\\gerenciador-alunos\\server\\src\\validations\\student.validation.js","statementMap":{"0":{"start":{"line":3,"column":29},"end":{"line":56,"column":2}}},"fnMap":{},"branchMap":{},"s":{"0":3},"f":{},"b":{},"_coverageSchema":"1a1c01bbd47fc00a2c39e90264f33305004495a9","hash":"1f9b85af1ad5baaee6c3f15e9158f04a9ccf89dc"}
}
