{"C:\\Users\\flavi\\Documents\\Repositorios\\gerenciador-alunos\\server\\app.js": {"path":"C:\\Users\\flavi\\Documents\\Repositorios\\gerenciador-alunos\\server\\app.js","statementMap":{"0":{"start":{"line":6,"column":19},"end":{"line":6,"column":28}},"1":{"start":{"line":8,"column":0},"end":{"line":15,"column":2}},"2":{"start":{"line":17,"column":0},"end":{"line":17,"column":24}},"3":{"start":{"line":18,"column":0},"end":{"line":18,"column":24}},"4":{"start":{"line":19,"column":0},"end":{"line":19,"column":68}}},"fnMap":{},"branchMap":{},"s":{"0":3,"1":3,"2":3,"3":3,"4":3},"f":{},"b":{},"inputSourceMap":null,"_coverageSchema":"1a1c01bbd47fc00a2c39e90264f33305004495a9","hash":"25cc2618cab2d2e4b8418ee066ae3d879ee1de95"}
,"C:\\Users\\flavi\\Documents\\Repositorios\\gerenciador-alunos\\server\\swagger.js": {"path":"C:\\Users\\flavi\\Documents\\Repositorios\\gerenciador-alunos\\server\\swagger.js","statementMap":{"0":{"start":{"line":4,"column":16},"end":{"line":19,"column":1}},"1":{"start":{"line":21,"column":20},"end":{"line":21,"column":41}}},"fnMap":{},"branchMap":{},"s":{"0":3,"1":3},"f":{},"b":{},"inputSourceMap":null,"_coverageSchema":"1a1c01bbd47fc00a2c39e90264f33305004495a9","hash":"030bc3f79c3ff682af1650496f271e928d9baf68"}
,"C:\\Users\\flavi\\Documents\\Repositorios\\gerenciador-alunos\\server\\src\\config\\database.js": {"path":"C:\\Users\\flavi\\Documents\\Repositorios\\gerenciador-alunos\\server\\src\\config\\database.js","statementMap":{"0":{"start":{"line":3,"column":15},"end":{"line":3,"column":33}}},"fnMap":{},"branchMap":{},"s":{"0":3},"f":{},"b":{},"inputSourceMap":null,"_coverageSchema":"1a1c01bbd47fc00a2c39e90264f33305004495a9","hash":"fa7425014c43650e645dc50548e891bb34820f03"}
,"C:\\Users\\flavi\\Documents\\Repositorios\\gerenciador-alunos\\server\\src\\controllers\\course.controller.js": {"path":"C:\\Users\\flavi\\Documents\\Repositorios\\gerenciador-alunos\\server\\src\\controllers\\course.controller.js","statementMap":{"0":{"start":{"line":4,"column":28},"end":{"line":24,"column":1}},"1":{"start":{"line":5,"column":2},"end":{"line":23,"column":3}},"2":{"start":{"line":6,"column":22},"end":{"line":6,"column":53}},"3":{"start":{"line":7,"column":4},"end":{"line":9,"column":5}},"4":{"start":{"line":8,"column":6},"end":{"line":8,"column":89}},"5":{"start":{"line":11,"column":19},"end":{"line":11,"column":61}},"6":{"start":{"line":12,"column":4},"end":{"line":12,"column":33}},"7":{"start":{"line":14,"column":4},"end":{"line":16,"column":5}},"8":{"start":{"line":15,"column":6},"end":{"line":15,"column":80}},"9":{"start":{"line":17,"column":4},"end":{"line":19,"column":5}},"10":{"start":{"line":18,"column":6},"end":{"line":18,"column":62}},"11":{"start":{"line":21,"column":4},"end":{"line":21,"column":23}},"12":{"start":{"line":22,"column":4},"end":{"line":22,"column":74}},"13":{"start":{"line":26,"column":26},"end":{"line":34,"column":1}},"14":{"start":{"line":27,"column":2},"end":{"line":33,"column":3}},"15":{"start":{"line":28,"column":20},"end":{"line":28,"column":52}},"16":{"start":{"line":29,"column":4},"end":{"line":29,"column":29}},"17":{"start":{"line":31,"column":4},"end":{"line":31,"column":23}},"18":{"start":{"line":32,"column":4},"end":{"line":32,"column":74}},"19":{"start":{"line":36,"column":29},"end":{"line":47,"column":1}},"20":{"start":{"line":37,"column":2},"end":{"line":46,"column":3}},"21":{"start":{"line":38,"column":19},"end":{"line":38,"column":75}},"22":{"start":{"line":39,"column":4},"end":{"line":39,"column":28}},"23":{"start":{"line":41,"column":4},"end":{"line":43,"column":5}},"24":{"start":{"line":42,"column":6},"end":{"line":42,"column":62}},"25":{"start":{"line":44,"column":4},"end":{"line":44,"column":23}},"26":{"start":{"line":45,"column":4},"end":{"line":45,"column":74}},"27":{"start":{"line":49,"column":28},"end":{"line":66,"column":1}},"28":{"start":{"line":50,"column":2},"end":{"line":65,"column":3}},"29":{"start":{"line":51,"column":19},"end":{"line":54,"column":5}},"30":{"start":{"line":55,"column":4},"end":{"line":55,"column":28}},"31":{"start":{"line":57,"column":4},"end":{"line":59,"column":5}},"32":{"start":{"line":58,"column":6},"end":{"line":58,"column":80}},"33":{"start":{"line":60,"column":4},"end":{"line":62,"column":5}},"34":{"start":{"line":61,"column":6},"end":{"line":61,"column":62}},"35":{"start":{"line":63,"column":4},"end":{"line":63,"column":23}},"36":{"start":{"line":64,"column":4},"end":{"line":64,"column":74}},"37":{"start":{"line":68,"column":28},"end":{"line":79,"column":1}},"38":{"start":{"line":69,"column":2},"end":{"line":78,"column":3}},"39":{"start":{"line":70,"column":4},"end":{"line":70,"column":60}},"40":{"start":{"line":71,"column":4},"end":{"line":71,"column":34}},"41":{"start":{"line":73,"column":4},"end":{"line":75,"column":5}},"42":{"start":{"line":74,"column":6},"end":{"line":74,"column":62}},"43":{"start":{"line":76,"column":4},"end":{"line":76,"column":23}},"44":{"start":{"line":77,"column":4},"end":{"line":77,"column":74}}},"fnMap":{"0":{"name":"(anonymous_0)","decl":{"start":{"line":4,"column":28},"end":{"line":4,"column":29}},"loc":{"start":{"line":4,"column":48},"end":{"line":24,"column":1}},"line":4},"1":{"name":"(anonymous_1)","decl":{"start":{"line":26,"column":26},"end":{"line":26,"column":27}},"loc":{"start":{"line":26,"column":47},"end":{"line":34,"column":1}},"line":26},"2":{"name":"(anonymous_2)","decl":{"start":{"line":36,"column":29},"end":{"line":36,"column":30}},"loc":{"start":{"line":36,"column":49},"end":{"line":47,"column":1}},"line":36},"3":{"name":"(anonymous_3)","decl":{"start":{"line":49,"column":28},"end":{"line":49,"column":29}},"loc":{"start":{"line":49,"column":48},"end":{"line":66,"column":1}},"line":49},"4":{"name":"(anonymous_4)","decl":{"start":{"line":68,"column":28},"end":{"line":68,"column":29}},"loc":{"start":{"line":68,"column":48},"end":{"line":79,"column":1}},"line":68}},"branchMap":{"0":{"loc":{"start":{"line":7,"column":4},"end":{"line":9,"column":5}},"type":"if","locations":[{"start":{"line":7,"column":4},"end":{"line":9,"column":5}},{"start":{},"end":{}}],"line":7},"1":{"loc":{"start":{"line":14,"column":4},"end":{"line":16,"column":5}},"type":"if","locations":[{"start":{"line":14,"column":4},"end":{"line":16,"column":5}},{"start":{},"end":{}}],"line":14},"2":{"loc":{"start":{"line":17,"column":4},"end":{"line":19,"column":5}},"type":"if","locations":[{"start":{"line":17,"column":4},"end":{"line":19,"column":5}},{"start":{},"end":{}}],"line":17},"3":{"loc":{"start":{"line":41,"column":4},"end":{"line":43,"column":5}},"type":"if","locations":[{"start":{"line":41,"column":4},"end":{"line":43,"column":5}},{"start":{},"end":{}}],"line":41},"4":{"loc":{"start":{"line":57,"column":4},"end":{"line":59,"column":5}},"type":"if","locations":[{"start":{"line":57,"column":4},"end":{"line":59,"column":5}},{"start":{},"end":{}}],"line":57},"5":{"loc":{"start":{"line":60,"column":4},"end":{"line":62,"column":5}},"type":"if","locations":[{"start":{"line":60,"column":4},"end":{"line":62,"column":5}},{"start":{},"end":{}}],"line":60},"6":{"loc":{"start":{"line":73,"column":4},"end":{"line":75,"column":5}},"type":"if","locations":[{"start":{"line":73,"column":4},"end":{"line":75,"column":5}},{"start":{},"end":{}}],"line":73}},"s":{"0":3,"1":5,"2":5,"3":5,"4":1,"5":4,"6":2,"7":2,"8":0,"9":2,"10":1,"11":1,"12":1,"13":3,"14":2,"15":2,"16":1,"17":1,"18":1,"19":3,"20":3,"21":3,"22":1,"23":2,"24":1,"25":1,"26":1,"27":3,"28":3,"29":3,"30":1,"31":2,"32":0,"33":2,"34":1,"35":1,"36":1,"37":3,"38":3,"39":3,"40":1,"41":2,"42":1,"43":1,"44":1},"f":{"0":5,"1":2,"2":3,"3":3,"4":3},"b":{"0":[1,4],"1":[0,2],"2":[1,1],"3":[1,1],"4":[0,2],"5":[1,1],"6":[1,1]},"inputSourceMap":null,"_coverageSchema":"1a1c01bbd47fc00a2c39e90264f33305004495a9","hash":"1cbec11f52e965b59135796d4295dfc7b2d042e0"}
,"C:\\Users\\flavi\\Documents\\Repositorios\\gerenciador-alunos\\server\\src\\controllers\\enrollment.controller.js": {"path":"C:\\Users\\flavi\\Documents\\Repositorios\\gerenciador-alunos\\server\\src\\controllers\\enrollment.controller.js","statementMap":{"0":{"start":{"line":3,"column":32},"end":{"line":38,"column":1}},"1":{"start":{"line":4,"column":2},"end":{"line":37,"column":3}},"2":{"start":{"line":5,"column":23},"end":{"line":5,"column":73}},"3":{"start":{"line":6,"column":4},"end":{"line":6,"column":44}},"4":{"start":{"line":8,"column":4},"end":{"line":12,"column":5}},"5":{"start":{"line":9,"column":6},"end":{"line":11,"column":9}},"6":{"start":{"line":14,"column":4},"end":{"line":19,"column":5}},"7":{"start":{"line":15,"column":6},"end":{"line":18,"column":9}},"8":{"start":{"line":21,"column":4},"end":{"line":25,"column":5}},"9":{"start":{"line":22,"column":6},"end":{"line":24,"column":9}},"10":{"start":{"line":27,"column":4},"end":{"line":31,"column":5}},"11":{"start":{"line":28,"column":6},"end":{"line":30,"column":9}},"12":{"start":{"line":33,"column":4},"end":{"line":33,"column":51}},"13":{"start":{"line":34,"column":4},"end":{"line":36,"column":7}},"14":{"start":{"line":40,"column":30},"end":{"line":50,"column":1}},"15":{"start":{"line":41,"column":2},"end":{"line":49,"column":3}},"16":{"start":{"line":42,"column":24},"end":{"line":42,"column":64}},"17":{"start":{"line":43,"column":4},"end":{"line":43,"column":45}},"18":{"start":{"line":45,"column":4},"end":{"line":45,"column":53}},"19":{"start":{"line":46,"column":4},"end":{"line":48,"column":7}},"20":{"start":{"line":52,"column":33},"end":{"line":67,"column":1}},"21":{"start":{"line":53,"column":2},"end":{"line":66,"column":3}},"22":{"start":{"line":54,"column":19},"end":{"line":54,"column":29}},"23":{"start":{"line":55,"column":23},"end":{"line":55,"column":76}},"24":{"start":{"line":56,"column":4},"end":{"line":56,"column":44}},"25":{"start":{"line":58,"column":4},"end":{"line":60,"column":5}},"26":{"start":{"line":59,"column":6},"end":{"line":59,"column":62}},"27":{"start":{"line":62,"column":4},"end":{"line":62,"column":52}},"28":{"start":{"line":63,"column":4},"end":{"line":65,"column":7}},"29":{"start":{"line":69,"column":32},"end":{"line":100,"column":1}},"30":{"start":{"line":70,"column":2},"end":{"line":99,"column":3}},"31":{"start":{"line":71,"column":19},"end":{"line":71,"column":29}},"32":{"start":{"line":72,"column":23},"end":{"line":75,"column":5}},"33":{"start":{"line":76,"column":4},"end":{"line":76,"column":44}},"34":{"start":{"line":78,"column":4},"end":{"line":80,"column":5}},"35":{"start":{"line":79,"column":6},"end":{"line":79,"column":62}},"36":{"start":{"line":82,"column":4},"end":{"line":87,"column":5}},"37":{"start":{"line":83,"column":6},"end":{"line":86,"column":9}},"38":{"start":{"line":89,"column":4},"end":{"line":93,"column":5}},"39":{"start":{"line":90,"column":6},"end":{"line":92,"column":9}},"40":{"start":{"line":95,"column":4},"end":{"line":95,"column":55}},"41":{"start":{"line":96,"column":4},"end":{"line":98,"column":7}},"42":{"start":{"line":102,"column":32},"end":{"line":117,"column":1}},"43":{"start":{"line":103,"column":2},"end":{"line":116,"column":3}},"44":{"start":{"line":104,"column":19},"end":{"line":104,"column":29}},"45":{"start":{"line":105,"column":4},"end":{"line":105,"column":57}},"46":{"start":{"line":106,"column":4},"end":{"line":106,"column":34}},"47":{"start":{"line":108,"column":4},"end":{"line":110,"column":5}},"48":{"start":{"line":109,"column":6},"end":{"line":109,"column":62}},"49":{"start":{"line":112,"column":4},"end":{"line":112,"column":53}},"50":{"start":{"line":113,"column":4},"end":{"line":115,"column":7}}},"fnMap":{"0":{"name":"(anonymous_0)","decl":{"start":{"line":3,"column":32},"end":{"line":3,"column":33}},"loc":{"start":{"line":3,"column":52},"end":{"line":38,"column":1}},"line":3},"1":{"name":"(anonymous_1)","decl":{"start":{"line":40,"column":30},"end":{"line":40,"column":31}},"loc":{"start":{"line":40,"column":51},"end":{"line":50,"column":1}},"line":40},"2":{"name":"(anonymous_2)","decl":{"start":{"line":52,"column":33},"end":{"line":52,"column":34}},"loc":{"start":{"line":52,"column":53},"end":{"line":67,"column":1}},"line":52},"3":{"name":"(anonymous_3)","decl":{"start":{"line":69,"column":32},"end":{"line":69,"column":33}},"loc":{"start":{"line":69,"column":52},"end":{"line":100,"column":1}},"line":69},"4":{"name":"(anonymous_4)","decl":{"start":{"line":102,"column":32},"end":{"line":102,"column":33}},"loc":{"start":{"line":102,"column":52},"end":{"line":117,"column":1}},"line":102}},"branchMap":{"0":{"loc":{"start":{"line":8,"column":4},"end":{"line":12,"column":5}},"type":"if","locations":[{"start":{"line":8,"column":4},"end":{"line":12,"column":5}},{"start":{},"end":{}}],"line":8},"1":{"loc":{"start":{"line":14,"column":4},"end":{"line":19,"column":5}},"type":"if","locations":[{"start":{"line":14,"column":4},"end":{"line":19,"column":5}},{"start":{},"end":{}}],"line":14},"2":{"loc":{"start":{"line":21,"column":4},"end":{"line":25,"column":5}},"type":"if","locations":[{"start":{"line":21,"column":4},"end":{"line":25,"column":5}},{"start":{},"end":{}}],"line":21},"3":{"loc":{"start":{"line":27,"column":4},"end":{"line":31,"column":5}},"type":"if","locations":[{"start":{"line":27,"column":4},"end":{"line":31,"column":5}},{"start":{},"end":{}}],"line":27},"4":{"loc":{"start":{"line":58,"column":4},"end":{"line":60,"column":5}},"type":"if","locations":[{"start":{"line":58,"column":4},"end":{"line":60,"column":5}},{"start":{},"end":{}}],"line":58},"5":{"loc":{"start":{"line":78,"column":4},"end":{"line":80,"column":5}},"type":"if","locations":[{"start":{"line":78,"column":4},"end":{"line":80,"column":5}},{"start":{},"end":{}}],"line":78},"6":{"loc":{"start":{"line":82,"column":4},"end":{"line":87,"column":5}},"type":"if","locations":[{"start":{"line":82,"column":4},"end":{"line":87,"column":5}},{"start":{},"end":{}}],"line":82},"7":{"loc":{"start":{"line":89,"column":4},"end":{"line":93,"column":5}},"type":"if","locations":[{"start":{"line":89,"column":4},"end":{"line":93,"column":5}},{"start":{},"end":{}}],"line":89},"8":{"loc":{"start":{"line":108,"column":4},"end":{"line":110,"column":5}},"type":"if","locations":[{"start":{"line":108,"column":4},"end":{"line":110,"column":5}},{"start":{},"end":{}}],"line":108}},"s":{"0":3,"1":7,"2":7,"3":2,"4":5,"5":0,"6":5,"7":1,"8":4,"9":2,"10":2,"11":1,"12":1,"13":1,"14":3,"15":2,"16":2,"17":1,"18":1,"19":1,"20":3,"21":2,"22":2,"23":2,"24":1,"25":1,"26":0,"27":1,"28":1,"29":3,"30":3,"31":3,"32":3,"33":1,"34":2,"35":1,"36":1,"37":0,"38":1,"39":0,"40":1,"41":1,"42":3,"43":3,"44":3,"45":3,"46":1,"47":2,"48":1,"49":1,"50":1},"f":{"0":7,"1":2,"2":2,"3":3,"4":3},"b":{"0":[0,5],"1":[1,4],"2":[2,2],"3":[1,1],"4":[0,1],"5":[1,1],"6":[0,1],"7":[0,1],"8":[1,1]},"inputSourceMap":null,"_coverageSchema":"1a1c01bbd47fc00a2c39e90264f33305004495a9","hash":"23aae48963610caae80b296c945318aaf9eb4bdb"}
,"C:\\Users\\flavi\\Documents\\Repositorios\\gerenciador-alunos\\server\\src\\controllers\\student.controller.js": {"path":"C:\\Users\\flavi\\Documents\\Repositorios\\gerenciador-alunos\\server\\src\\controllers\\student.controller.js","statementMap":{"0":{"start":{"line":4,"column":29},"end":{"line":26,"column":1}},"1":{"start":{"line":5,"column":2},"end":{"line":25,"column":3}},"2":{"start":{"line":6,"column":20},"end":{"line":6,"column":64}},"3":{"start":{"line":7,"column":4},"end":{"line":7,"column":34}},"4":{"start":{"line":9,"column":4},"end":{"line":14,"column":5}},"5":{"start":{"line":10,"column":6},"end":{"line":13,"column":9}},"6":{"start":{"line":16,"column":4},"end":{"line":21,"column":5}},"7":{"start":{"line":17,"column":6},"end":{"line":20,"column":9}},"8":{"start":{"line":23,"column":4},"end":{"line":23,"column":49}},"9":{"start":{"line":24,"column":4},"end":{"line":24,"column":70}},"10":{"start":{"line":28,"column":27},"end":{"line":36,"column":1}},"11":{"start":{"line":29,"column":2},"end":{"line":35,"column":3}},"12":{"start":{"line":30,"column":21},"end":{"line":30,"column":55}},"13":{"start":{"line":31,"column":4},"end":{"line":31,"column":42}},"14":{"start":{"line":33,"column":4},"end":{"line":33,"column":49}},"15":{"start":{"line":34,"column":4},"end":{"line":34,"column":79}},"16":{"start":{"line":38,"column":30},"end":{"line":51,"column":1}},"17":{"start":{"line":39,"column":2},"end":{"line":50,"column":3}},"18":{"start":{"line":40,"column":19},"end":{"line":40,"column":29}},"19":{"start":{"line":41,"column":20},"end":{"line":41,"column":67}},"20":{"start":{"line":42,"column":4},"end":{"line":42,"column":41}},"21":{"start":{"line":44,"column":4},"end":{"line":46,"column":5}},"22":{"start":{"line":45,"column":6},"end":{"line":45,"column":62}},"23":{"start":{"line":48,"column":4},"end":{"line":48,"column":48}},"24":{"start":{"line":49,"column":4},"end":{"line":49,"column":78}},"25":{"start":{"line":53,"column":29},"end":{"line":83,"column":1}},"26":{"start":{"line":54,"column":2},"end":{"line":82,"column":3}},"27":{"start":{"line":55,"column":19},"end":{"line":55,"column":29}},"28":{"start":{"line":57,"column":22},"end":{"line":57,"column":77}},"29":{"start":{"line":58,"column":4},"end":{"line":63,"column":5}},"30":{"start":{"line":59,"column":24},"end":{"line":59,"column":59}},"31":{"start":{"line":59,"column":49},"end":{"line":59,"column":58}},"32":{"start":{"line":60,"column":6},"end":{"line":62,"column":67}},"33":{"start":{"line":65,"column":27},"end":{"line":68,"column":5}},"34":{"start":{"line":69,"column":4},"end":{"line":72,"column":7}},"35":{"start":{"line":74,"column":4},"end":{"line":76,"column":5}},"36":{"start":{"line":75,"column":6},"end":{"line":75,"column":62}},"37":{"start":{"line":78,"column":4},"end":{"line":78,"column":51}},"38":{"start":{"line":79,"column":4},"end":{"line":81,"column":61}},"39":{"start":{"line":85,"column":29},"end":{"line":98,"column":1}},"40":{"start":{"line":86,"column":2},"end":{"line":97,"column":3}},"41":{"start":{"line":87,"column":19},"end":{"line":87,"column":29}},"42":{"start":{"line":88,"column":4},"end":{"line":88,"column":51}},"43":{"start":{"line":89,"column":4},"end":{"line":89,"column":34}},"44":{"start":{"line":91,"column":4},"end":{"line":93,"column":5}},"45":{"start":{"line":92,"column":6},"end":{"line":92,"column":62}},"46":{"start":{"line":95,"column":4},"end":{"line":95,"column":49}},"47":{"start":{"line":96,"column":4},"end":{"line":96,"column":79}}},"fnMap":{"0":{"name":"(anonymous_0)","decl":{"start":{"line":4,"column":29},"end":{"line":4,"column":30}},"loc":{"start":{"line":4,"column":49},"end":{"line":26,"column":1}},"line":4},"1":{"name":"(anonymous_1)","decl":{"start":{"line":28,"column":27},"end":{"line":28,"column":28}},"loc":{"start":{"line":28,"column":47},"end":{"line":36,"column":1}},"line":28},"2":{"name":"(anonymous_2)","decl":{"start":{"line":38,"column":30},"end":{"line":38,"column":31}},"loc":{"start":{"line":38,"column":50},"end":{"line":51,"column":1}},"line":38},"3":{"name":"(anonymous_3)","decl":{"start":{"line":53,"column":29},"end":{"line":53,"column":30}},"loc":{"start":{"line":53,"column":49},"end":{"line":83,"column":1}},"line":53},"4":{"name":"(anonymous_4)","decl":{"start":{"line":59,"column":42},"end":{"line":59,"column":43}},"loc":{"start":{"line":59,"column":49},"end":{"line":59,"column":58}},"line":59},"5":{"name":"(anonymous_5)","decl":{"start":{"line":85,"column":29},"end":{"line":85,"column":30}},"loc":{"start":{"line":85,"column":49},"end":{"line":98,"column":1}},"line":85}},"branchMap":{"0":{"loc":{"start":{"line":9,"column":4},"end":{"line":14,"column":5}},"type":"if","locations":[{"start":{"line":9,"column":4},"end":{"line":14,"column":5}},{"start":{},"end":{}}],"line":9},"1":{"loc":{"start":{"line":16,"column":4},"end":{"line":21,"column":5}},"type":"if","locations":[{"start":{"line":16,"column":4},"end":{"line":21,"column":5}},{"start":{},"end":{}}],"line":16},"2":{"loc":{"start":{"line":44,"column":4},"end":{"line":46,"column":5}},"type":"if","locations":[{"start":{"line":44,"column":4},"end":{"line":46,"column":5}},{"start":{},"end":{}}],"line":44},"3":{"loc":{"start":{"line":58,"column":4},"end":{"line":63,"column":5}},"type":"if","locations":[{"start":{"line":58,"column":4},"end":{"line":63,"column":5}},{"start":{},"end":{}}],"line":58},"4":{"loc":{"start":{"line":74,"column":4},"end":{"line":76,"column":5}},"type":"if","locations":[{"start":{"line":74,"column":4},"end":{"line":76,"column":5}},{"start":{},"end":{}}],"line":74},"5":{"loc":{"start":{"line":91,"column":4},"end":{"line":93,"column":5}},"type":"if","locations":[{"start":{"line":91,"column":4},"end":{"line":93,"column":5}},{"start":{},"end":{}}],"line":91}},"s":{"0":3,"1":5,"2":5,"3":2,"4":3,"5":1,"6":2,"7":1,"8":1,"9":1,"10":3,"11":2,"12":2,"13":1,"14":1,"15":1,"16":3,"17":3,"18":3,"19":3,"20":1,"21":2,"22":1,"23":1,"24":1,"25":3,"26":3,"27":3,"28":3,"29":3,"30":1,"31":11,"32":1,"33":2,"34":1,"35":1,"36":0,"37":1,"38":1,"39":3,"40":3,"41":3,"42":3,"43":1,"44":2,"45":1,"46":1,"47":1},"f":{"0":5,"1":2,"2":3,"3":3,"4":11,"5":3},"b":{"0":[1,2],"1":[1,1],"2":[1,1],"3":[1,2],"4":[0,1],"5":[1,1]},"inputSourceMap":null,"_coverageSchema":"1a1c01bbd47fc00a2c39e90264f33305004495a9","hash":"8f2d0270e2992787773da6e0e239b4e4ecbab966"}
,"C:\\Users\\flavi\\Documents\\Repositorios\\gerenciador-alunos\\server\\src\\repositories\\course.repository.js": {"path":"C:\\Users\\flavi\\Documents\\Repositorios\\gerenciador-alunos\\server\\src\\repositories\\course.repository.js","statementMap":{"0":{"start":{"line":3,"column":28},"end":{"line":5,"column":1}},"1":{"start":{"line":4,"column":2},"end":{"line":4,"column":46}},"2":{"start":{"line":7,"column":26},"end":{"line":9,"column":1}},"3":{"start":{"line":8,"column":2},"end":{"line":8,"column":40}},"4":{"start":{"line":11,"column":29},"end":{"line":13,"column":1}},"5":{"start":{"line":12,"column":2},"end":{"line":12,"column":59}},"6":{"start":{"line":15,"column":28},"end":{"line":17,"column":1}},"7":{"start":{"line":16,"column":2},"end":{"line":16,"column":61}},"8":{"start":{"line":19,"column":28},"end":{"line":21,"column":1}},"9":{"start":{"line":20,"column":2},"end":{"line":20,"column":55}},"10":{"start":{"line":23,"column":31},"end":{"line":27,"column":1}},"11":{"start":{"line":24,"column":2},"end":{"line":26,"column":5}}},"fnMap":{"0":{"name":"(anonymous_0)","decl":{"start":{"line":3,"column":28},"end":{"line":3,"column":29}},"loc":{"start":{"line":3,"column":44},"end":{"line":5,"column":1}},"line":3},"1":{"name":"(anonymous_1)","decl":{"start":{"line":7,"column":26},"end":{"line":7,"column":27}},"loc":{"start":{"line":7,"column":38},"end":{"line":9,"column":1}},"line":7},"2":{"name":"(anonymous_2)","decl":{"start":{"line":11,"column":29},"end":{"line":11,"column":30}},"loc":{"start":{"line":11,"column":43},"end":{"line":13,"column":1}},"line":11},"3":{"name":"(anonymous_3)","decl":{"start":{"line":15,"column":28},"end":{"line":15,"column":29}},"loc":{"start":{"line":15,"column":48},"end":{"line":17,"column":1}},"line":15},"4":{"name":"(anonymous_4)","decl":{"start":{"line":19,"column":28},"end":{"line":19,"column":29}},"loc":{"start":{"line":19,"column":42},"end":{"line":21,"column":1}},"line":19},"5":{"name":"(anonymous_5)","decl":{"start":{"line":23,"column":31},"end":{"line":23,"column":32}},"loc":{"start":{"line":23,"column":47},"end":{"line":27,"column":1}},"line":23}},"branchMap":{},"s":{"0":3,"1":3,"2":3,"3":2,"4":3,"5":9,"6":3,"7":2,"8":3,"9":2,"10":3,"11":4},"f":{"0":3,"1":2,"2":9,"3":2,"4":2,"5":4},"b":{},"inputSourceMap":null,"_coverageSchema":"1a1c01bbd47fc00a2c39e90264f33305004495a9","hash":"77cc56d170718f8522275a0b8f7108008d3ff2e9"}
,"C:\\Users\\flavi\\Documents\\Repositorios\\gerenciador-alunos\\server\\src\\repositories\\enrollment.repository.js": {"path":"C:\\Users\\flavi\\Documents\\Repositorios\\gerenciador-alunos\\server\\src\\repositories\\enrollment.repository.js","statementMap":{"0":{"start":{"line":3,"column":32},"end":{"line":5,"column":1}},"1":{"start":{"line":4,"column":2},"end":{"line":4,"column":50}},"2":{"start":{"line":7,"column":30},"end":{"line":14,"column":1}},"3":{"start":{"line":8,"column":2},"end":{"line":13,"column":5}},"4":{"start":{"line":16,"column":33},"end":{"line":24,"column":1}},"5":{"start":{"line":17,"column":2},"end":{"line":23,"column":5}},"6":{"start":{"line":26,"column":32},"end":{"line":31,"column":1}},"7":{"start":{"line":27,"column":2},"end":{"line":30,"column":5}},"8":{"start":{"line":33,"column":32},"end":{"line":37,"column":1}},"9":{"start":{"line":34,"column":2},"end":{"line":36,"column":5}},"10":{"start":{"line":39,"column":47},"end":{"line":51,"column":1}},"11":{"start":{"line":43,"column":2},"end":{"line":50,"column":5}}},"fnMap":{"0":{"name":"(anonymous_0)","decl":{"start":{"line":3,"column":32},"end":{"line":3,"column":33}},"loc":{"start":{"line":3,"column":48},"end":{"line":5,"column":1}},"line":3},"1":{"name":"(anonymous_1)","decl":{"start":{"line":7,"column":30},"end":{"line":7,"column":31}},"loc":{"start":{"line":7,"column":42},"end":{"line":14,"column":1}},"line":7},"2":{"name":"(anonymous_2)","decl":{"start":{"line":16,"column":33},"end":{"line":16,"column":34}},"loc":{"start":{"line":16,"column":47},"end":{"line":24,"column":1}},"line":16},"3":{"name":"(anonymous_3)","decl":{"start":{"line":26,"column":32},"end":{"line":26,"column":33}},"loc":{"start":{"line":26,"column":52},"end":{"line":31,"column":1}},"line":26},"4":{"name":"(anonymous_4)","decl":{"start":{"line":33,"column":32},"end":{"line":33,"column":33}},"loc":{"start":{"line":33,"column":46},"end":{"line":37,"column":1}},"line":33},"5":{"name":"(anonymous_5)","decl":{"start":{"line":39,"column":47},"end":{"line":39,"column":48}},"loc":{"start":{"line":42,"column":5},"end":{"line":51,"column":1}},"line":42}},"branchMap":{},"s":{"0":3,"1":2,"2":3,"3":2,"4":3,"5":8,"6":3,"7":2,"8":3,"9":2,"10":3,"11":3},"f":{"0":2,"1":2,"2":8,"3":2,"4":2,"5":3},"b":{},"inputSourceMap":null,"_coverageSchema":"1a1c01bbd47fc00a2c39e90264f33305004495a9","hash":"a96b0ee6fc7b059e35c22f4eb39f5cadf3898fcf"}
,"C:\\Users\\flavi\\Documents\\Repositorios\\gerenciador-alunos\\server\\src\\repositories\\student.repository.js": {"path":"C:\\Users\\flavi\\Documents\\Repositorios\\gerenciador-alunos\\server\\src\\repositories\\student.repository.js","statementMap":{"0":{"start":{"line":3,"column":29},"end":{"line":5,"column":1}},"1":{"start":{"line":4,"column":2},"end":{"line":4,"column":47}},"2":{"start":{"line":7,"column":27},"end":{"line":9,"column":1}},"3":{"start":{"line":8,"column":2},"end":{"line":8,"column":41}},"4":{"start":{"line":11,"column":30},"end":{"line":13,"column":1}},"5":{"start":{"line":12,"column":2},"end":{"line":12,"column":60}},"6":{"start":{"line":15,"column":29},"end":{"line":17,"column":1}},"7":{"start":{"line":16,"column":2},"end":{"line":16,"column":62}},"8":{"start":{"line":19,"column":29},"end":{"line":21,"column":1}},"9":{"start":{"line":20,"column":2},"end":{"line":20,"column":56}}},"fnMap":{"0":{"name":"(anonymous_0)","decl":{"start":{"line":3,"column":29},"end":{"line":3,"column":30}},"loc":{"start":{"line":3,"column":45},"end":{"line":5,"column":1}},"line":3},"1":{"name":"(anonymous_1)","decl":{"start":{"line":7,"column":27},"end":{"line":7,"column":28}},"loc":{"start":{"line":7,"column":39},"end":{"line":9,"column":1}},"line":7},"2":{"name":"(anonymous_2)","decl":{"start":{"line":11,"column":30},"end":{"line":11,"column":31}},"loc":{"start":{"line":11,"column":44},"end":{"line":13,"column":1}},"line":11},"3":{"name":"(anonymous_3)","decl":{"start":{"line":15,"column":29},"end":{"line":15,"column":30}},"loc":{"start":{"line":15,"column":49},"end":{"line":17,"column":1}},"line":15},"4":{"name":"(anonymous_4)","decl":{"start":{"line":19,"column":29},"end":{"line":19,"column":30}},"loc":{"start":{"line":19,"column":43},"end":{"line":21,"column":1}},"line":19}},"branchMap":{},"s":{"0":3,"1":4,"2":3,"3":0,"4":3,"5":0,"6":3,"7":0,"8":3,"9":0},"f":{"0":4,"1":0,"2":0,"3":0,"4":0},"b":{},"inputSourceMap":null,"_coverageSchema":"1a1c01bbd47fc00a2c39e90264f33305004495a9","hash":"738c5e9b45cea761469393d3593dcadc61c5510c"}
,"C:\\Users\\flavi\\Documents\\Repositorios\\gerenciador-alunos\\server\\src\\routes\\course.routes.js": {"path":"C:\\Users\\flavi\\Documents\\Repositorios\\gerenciador-alunos\\server\\src\\routes\\course.routes.js","statementMap":{"0":{"start":{"line":10,"column":15},"end":{"line":10,"column":23}},"1":{"start":{"line":263,"column":0},"end":{"line":263,"column":31}},"2":{"start":{"line":264,"column":0},"end":{"line":264,"column":28}},"3":{"start":{"line":265,"column":0},"end":{"line":265,"column":34}},"4":{"start":{"line":266,"column":0},"end":{"line":266,"column":33}},"5":{"start":{"line":267,"column":0},"end":{"line":267,"column":36}}},"fnMap":{},"branchMap":{},"s":{"0":3,"1":3,"2":3,"3":3,"4":3,"5":3},"f":{},"b":{},"inputSourceMap":null,"_coverageSchema":"1a1c01bbd47fc00a2c39e90264f33305004495a9","hash":"caca8bcd554a782709d018e3a000ced6c5a967eb"}
,"C:\\Users\\flavi\\Documents\\Repositorios\\gerenciador-alunos\\server\\src\\routes\\enrollment.routes.js": {"path":"C:\\Users\\flavi\\Documents\\Repositorios\\gerenciador-alunos\\server\\src\\routes\\enrollment.routes.js","statementMap":{"0":{"start":{"line":10,"column":15},"end":{"line":10,"column":23}},"1":{"start":{"line":371,"column":0},"end":{"line":371,"column":35}},"2":{"start":{"line":372,"column":0},"end":{"line":372,"column":32}},"3":{"start":{"line":373,"column":0},"end":{"line":373,"column":38}},"4":{"start":{"line":374,"column":0},"end":{"line":374,"column":37}},"5":{"start":{"line":375,"column":0},"end":{"line":375,"column":40}}},"fnMap":{},"branchMap":{},"s":{"0":3,"1":3,"2":3,"3":3,"4":3,"5":3},"f":{},"b":{},"inputSourceMap":null,"_coverageSchema":"1a1c01bbd47fc00a2c39e90264f33305004495a9","hash":"663ca60013f6bec3d4d6e43d21db1dd983d511eb"}
,"C:\\Users\\flavi\\Documents\\Repositorios\\gerenciador-alunos\\server\\src\\routes\\index.js": {"path":"C:\\Users\\flavi\\Documents\\Repositorios\\gerenciador-alunos\\server\\src\\routes\\index.js","statementMap":{"0":{"start":{"line":6,"column":15},"end":{"line":6,"column":23}},"1":{"start":{"line":8,"column":0},"end":{"line":8,"column":37}},"2":{"start":{"line":9,"column":0},"end":{"line":9,"column":36}},"3":{"start":{"line":10,"column":0},"end":{"line":10,"column":44}}},"fnMap":{},"branchMap":{},"s":{"0":3,"1":3,"2":3,"3":3},"f":{},"b":{},"inputSourceMap":null,"_coverageSchema":"1a1c01bbd47fc00a2c39e90264f33305004495a9","hash":"77c0b8ad2f1e2bc93c3f7462504d3d8e05bef689"}
,"C:\\Users\\flavi\\Documents\\Repositorios\\gerenciador-alunos\\server\\src\\routes\\student.routes.js": {"path":"C:\\Users\\flavi\\Documents\\Repositorios\\gerenciador-alunos\\server\\src\\routes\\student.routes.js","statementMap":{"0":{"start":{"line":10,"column":15},"end":{"line":10,"column":23}},"1":{"start":{"line":377,"column":0},"end":{"line":377,"column":32}},"2":{"start":{"line":378,"column":0},"end":{"line":378,"column":29}},"3":{"start":{"line":379,"column":0},"end":{"line":379,"column":35}},"4":{"start":{"line":380,"column":0},"end":{"line":380,"column":34}},"5":{"start":{"line":381,"column":0},"end":{"line":381,"column":37}}},"fnMap":{},"branchMap":{},"s":{"0":3,"1":3,"2":3,"3":3,"4":3,"5":3},"f":{},"b":{},"inputSourceMap":null,"_coverageSchema":"1a1c01bbd47fc00a2c39e90264f33305004495a9","hash":"3f2de0566611c95fac5b94628bddc6b5a32a5616"}
,"C:\\Users\\flavi\\Documents\\Repositorios\\gerenciador-alunos\\server\\src\\services\\course.service.js": {"path":"C:\\Users\\flavi\\Documents\\Repositorios\\gerenciador-alunos\\server\\src\\services\\course.service.js","statementMap":{"0":{"start":{"line":4,"column":28},"end":{"line":23,"column":1}},"1":{"start":{"line":5,"column":20},"end":{"line":5,"column":70}},"2":{"start":{"line":6,"column":2},"end":{"line":12,"column":3}},"3":{"start":{"line":7,"column":4},"end":{"line":11,"column":6}},"4":{"start":{"line":10,"column":38},"end":{"line":10,"column":47}},"5":{"start":{"line":14,"column":26},"end":{"line":14,"column":75}},"6":{"start":{"line":15,"column":2},"end":{"line":20,"column":3}},"7":{"start":{"line":16,"column":4},"end":{"line":19,"column":6}},"8":{"start":{"line":22,"column":2},"end":{"line":22,"column":51}},"9":{"start":{"line":25,"column":26},"end":{"line":27,"column":1}},"10":{"start":{"line":26,"column":2},"end":{"line":26,"column":45}},"11":{"start":{"line":29,"column":29},"end":{"line":38,"column":1}},"12":{"start":{"line":30,"column":17},"end":{"line":30,"column":57}},"13":{"start":{"line":31,"column":2},"end":{"line":36,"column":3}},"14":{"start":{"line":32,"column":4},"end":{"line":35,"column":6}},"15":{"start":{"line":37,"column":2},"end":{"line":37,"column":16}},"16":{"start":{"line":40,"column":28},"end":{"line":43,"column":1}},"17":{"start":{"line":41,"column":2},"end":{"line":41,"column":26}},"18":{"start":{"line":42,"column":2},"end":{"line":42,"column":55}},"19":{"start":{"line":45,"column":28},"end":{"line":48,"column":1}},"20":{"start":{"line":46,"column":2},"end":{"line":46,"column":26}},"21":{"start":{"line":47,"column":2},"end":{"line":47,"column":49}}},"fnMap":{"0":{"name":"(anonymous_0)","decl":{"start":{"line":4,"column":28},"end":{"line":4,"column":29}},"loc":{"start":{"line":4,"column":44},"end":{"line":23,"column":1}},"line":4},"1":{"name":"(anonymous_1)","decl":{"start":{"line":10,"column":31},"end":{"line":10,"column":32}},"loc":{"start":{"line":10,"column":38},"end":{"line":10,"column":47}},"line":10},"2":{"name":"(anonymous_2)","decl":{"start":{"line":25,"column":26},"end":{"line":25,"column":27}},"loc":{"start":{"line":25,"column":38},"end":{"line":27,"column":1}},"line":25},"3":{"name":"(anonymous_3)","decl":{"start":{"line":29,"column":29},"end":{"line":29,"column":30}},"loc":{"start":{"line":29,"column":43},"end":{"line":38,"column":1}},"line":29},"4":{"name":"(anonymous_4)","decl":{"start":{"line":40,"column":28},"end":{"line":40,"column":29}},"loc":{"start":{"line":40,"column":48},"end":{"line":43,"column":1}},"line":40},"5":{"name":"(anonymous_5)","decl":{"start":{"line":45,"column":28},"end":{"line":45,"column":29}},"loc":{"start":{"line":45,"column":42},"end":{"line":48,"column":1}},"line":45}},"branchMap":{"0":{"loc":{"start":{"line":6,"column":2},"end":{"line":12,"column":3}},"type":"if","locations":[{"start":{"line":6,"column":2},"end":{"line":12,"column":3}},{"start":{},"end":{}}],"line":6},"1":{"loc":{"start":{"line":15,"column":2},"end":{"line":20,"column":3}},"type":"if","locations":[{"start":{"line":15,"column":2},"end":{"line":20,"column":3}},{"start":{},"end":{}}],"line":15},"2":{"loc":{"start":{"line":31,"column":2},"end":{"line":36,"column":3}},"type":"if","locations":[{"start":{"line":31,"column":2},"end":{"line":36,"column":3}},{"start":{},"end":{}}],"line":31}},"s":{"0":3,"1":4,"2":4,"3":0,"4":0,"5":4,"6":4,"7":1,"8":3,"9":3,"10":2,"11":3,"12":9,"13":8,"14":3,"15":5,"16":3,"17":3,"18":2,"19":3,"20":3,"21":2},"f":{"0":4,"1":0,"2":2,"3":9,"4":3,"5":3},"b":{"0":[0,4],"1":[1,3],"2":[3,5]},"inputSourceMap":null,"_coverageSchema":"1a1c01bbd47fc00a2c39e90264f33305004495a9","hash":"137b238065db78b0a7052c6274e2c9ba975700a9"}
,"C:\\Users\\flavi\\Documents\\Repositorios\\gerenciador-alunos\\server\\src\\services\\enrollment.service.js": {"path":"C:\\Users\\flavi\\Documents\\Repositorios\\gerenciador-alunos\\server\\src\\services\\enrollment.service.js","statementMap":{"0":{"start":{"line":5,"column":24},"end":{"line":10,"column":1}},"1":{"start":{"line":6,"column":2},"end":{"line":6,"column":44}},"2":{"start":{"line":6,"column":23},"end":{"line":6,"column":44}},"3":{"start":{"line":7,"column":15},"end":{"line":7,"column":39}},"4":{"start":{"line":8,"column":15},"end":{"line":8,"column":25}},"5":{"start":{"line":9,"column":2},"end":{"line":9,"column":52}},"6":{"start":{"line":12,"column":32},"end":{"line":63,"column":1}},"7":{"start":{"line":13,"column":20},"end":{"line":13,"column":74}},"8":{"start":{"line":14,"column":2},"end":{"line":20,"column":3}},"9":{"start":{"line":15,"column":4},"end":{"line":19,"column":6}},"10":{"start":{"line":18,"column":38},"end":{"line":18,"column":47}},"11":{"start":{"line":22,"column":18},"end":{"line":24,"column":4}},"12":{"start":{"line":25,"column":2},"end":{"line":30,"column":3}},"13":{"start":{"line":26,"column":4},"end":{"line":29,"column":6}},"14":{"start":{"line":32,"column":17},"end":{"line":34,"column":4}},"15":{"start":{"line":35,"column":2},"end":{"line":40,"column":3}},"16":{"start":{"line":36,"column":4},"end":{"line":39,"column":6}},"17":{"start":{"line":42,"column":17},"end":{"line":45,"column":3}},"18":{"start":{"line":46,"column":2},"end":{"line":51,"column":3}},"19":{"start":{"line":47,"column":4},"end":{"line":50,"column":6}},"20":{"start":{"line":53,"column":28},"end":{"line":55,"column":10}},"21":{"start":{"line":56,"column":17},"end":{"line":56,"column":51}},"22":{"start":{"line":58,"column":2},"end":{"line":62,"column":5}},"23":{"start":{"line":65,"column":30},"end":{"line":67,"column":1}},"24":{"start":{"line":66,"column":2},"end":{"line":66,"column":53}},"25":{"start":{"line":69,"column":33},"end":{"line":78,"column":1}},"26":{"start":{"line":70,"column":21},"end":{"line":70,"column":69}},"27":{"start":{"line":71,"column":2},"end":{"line":76,"column":3}},"28":{"start":{"line":72,"column":4},"end":{"line":75,"column":6}},"29":{"start":{"line":77,"column":2},"end":{"line":77,"column":20}},"30":{"start":{"line":80,"column":32},"end":{"line":125,"column":1}},"31":{"start":{"line":81,"column":2},"end":{"line":81,"column":30}},"32":{"start":{"line":83,"column":2},"end":{"line":100,"column":3}},"33":{"start":{"line":88,"column":4},"end":{"line":99,"column":5}},"34":{"start":{"line":89,"column":24},"end":{"line":91,"column":8}},"35":{"start":{"line":92,"column":6},"end":{"line":98,"column":7}},"36":{"start":{"line":93,"column":8},"end":{"line":97,"column":10}},"37":{"start":{"line":96,"column":42},"end":{"line":96,"column":51}},"38":{"start":{"line":102,"column":2},"end":{"line":117,"column":3}},"39":{"start":{"line":103,"column":30},"end":{"line":103,"column":78}},"40":{"start":{"line":104,"column":29},"end":{"line":104,"column":74}},"41":{"start":{"line":105,"column":28},"end":{"line":105,"column":71}},"42":{"start":{"line":107,"column":19},"end":{"line":110,"column":5}},"43":{"start":{"line":111,"column":4},"end":{"line":116,"column":5}},"44":{"start":{"line":112,"column":6},"end":{"line":115,"column":8}},"45":{"start":{"line":119,"column":2},"end":{"line":122,"column":3}},"46":{"start":{"line":120,"column":4},"end":{"line":120,"column":56}},"47":{"start":{"line":121,"column":4},"end":{"line":121,"column":55}},"48":{"start":{"line":124,"column":2},"end":{"line":124,"column":63}},"49":{"start":{"line":127,"column":32},"end":{"line":130,"column":1}},"50":{"start":{"line":128,"column":2},"end":{"line":128,"column":30}},"51":{"start":{"line":129,"column":2},"end":{"line":129,"column":57}}},"fnMap":{"0":{"name":"(anonymous_0)","decl":{"start":{"line":5,"column":24},"end":{"line":5,"column":25}},"loc":{"start":{"line":5,"column":44},"end":{"line":10,"column":1}},"line":5},"1":{"name":"(anonymous_1)","decl":{"start":{"line":12,"column":32},"end":{"line":12,"column":33}},"loc":{"start":{"line":12,"column":48},"end":{"line":63,"column":1}},"line":12},"2":{"name":"(anonymous_2)","decl":{"start":{"line":18,"column":31},"end":{"line":18,"column":32}},"loc":{"start":{"line":18,"column":38},"end":{"line":18,"column":47}},"line":18},"3":{"name":"(anonymous_3)","decl":{"start":{"line":65,"column":30},"end":{"line":65,"column":31}},"loc":{"start":{"line":65,"column":42},"end":{"line":67,"column":1}},"line":65},"4":{"name":"(anonymous_4)","decl":{"start":{"line":69,"column":33},"end":{"line":69,"column":34}},"loc":{"start":{"line":69,"column":47},"end":{"line":78,"column":1}},"line":69},"5":{"name":"(anonymous_5)","decl":{"start":{"line":80,"column":32},"end":{"line":80,"column":33}},"loc":{"start":{"line":80,"column":52},"end":{"line":125,"column":1}},"line":80},"6":{"name":"(anonymous_6)","decl":{"start":{"line":96,"column":35},"end":{"line":96,"column":36}},"loc":{"start":{"line":96,"column":42},"end":{"line":96,"column":51}},"line":96},"7":{"name":"(anonymous_7)","decl":{"start":{"line":127,"column":32},"end":{"line":127,"column":33}},"loc":{"start":{"line":127,"column":46},"end":{"line":130,"column":1}},"line":127}},"branchMap":{"0":{"loc":{"start":{"line":6,"column":2},"end":{"line":6,"column":44}},"type":"if","locations":[{"start":{"line":6,"column":2},"end":{"line":6,"column":44}},{"start":{},"end":{}}],"line":6},"1":{"loc":{"start":{"line":9,"column":9},"end":{"line":9,"column":51}},"type":"cond-expr","locations":[{"start":{"line":9,"column":24},"end":{"line":9,"column":35}},{"start":{"line":9,"column":38},"end":{"line":9,"column":51}}],"line":9},"2":{"loc":{"start":{"line":14,"column":2},"end":{"line":20,"column":3}},"type":"if","locations":[{"start":{"line":14,"column":2},"end":{"line":20,"column":3}},{"start":{},"end":{}}],"line":14},"3":{"loc":{"start":{"line":25,"column":2},"end":{"line":30,"column":3}},"type":"if","locations":[{"start":{"line":25,"column":2},"end":{"line":30,"column":3}},{"start":{},"end":{}}],"line":25},"4":{"loc":{"start":{"line":35,"column":2},"end":{"line":40,"column":3}},"type":"if","locations":[{"start":{"line":35,"column":2},"end":{"line":40,"column":3}},{"start":{},"end":{}}],"line":35},"5":{"loc":{"start":{"line":46,"column":2},"end":{"line":51,"column":3}},"type":"if","locations":[{"start":{"line":46,"column":2},"end":{"line":51,"column":3}},{"start":{},"end":{}}],"line":46},"6":{"loc":{"start":{"line":53,"column":28},"end":{"line":55,"column":10}},"type":"cond-expr","locations":[{"start":{"line":54,"column":6},"end":{"line":54,"column":35}},{"start":{"line":55,"column":6},"end":{"line":55,"column":10}}],"line":53},"7":{"loc":{"start":{"line":71,"column":2},"end":{"line":76,"column":3}},"type":"if","locations":[{"start":{"line":71,"column":2},"end":{"line":76,"column":3}},{"start":{},"end":{}}],"line":71},"8":{"loc":{"start":{"line":83,"column":2},"end":{"line":100,"column":3}},"type":"if","locations":[{"start":{"line":83,"column":2},"end":{"line":100,"column":3}},{"start":{},"end":{}}],"line":83},"9":{"loc":{"start":{"line":84,"column":4},"end":{"line":86,"column":37}},"type":"binary-expr","locations":[{"start":{"line":84,"column":4},"end":{"line":84,"column":32}},{"start":{"line":85,"column":4},"end":{"line":85,"column":31}},{"start":{"line":86,"column":4},"end":{"line":86,"column":37}}],"line":84},"10":{"loc":{"start":{"line":88,"column":4},"end":{"line":99,"column":5}},"type":"if","locations":[{"start":{"line":88,"column":4},"end":{"line":99,"column":5}},{"start":{},"end":{}}],"line":88},"11":{"loc":{"start":{"line":88,"column":8},"end":{"line":88,"column":67}},"type":"binary-expr","locations":[{"start":{"line":88,"column":8},"end":{"line":88,"column":36}},{"start":{"line":88,"column":40},"end":{"line":88,"column":67}}],"line":88},"12":{"loc":{"start":{"line":92,"column":6},"end":{"line":98,"column":7}},"type":"if","locations":[{"start":{"line":92,"column":6},"end":{"line":98,"column":7}},{"start":{},"end":{}}],"line":92},"13":{"loc":{"start":{"line":102,"column":2},"end":{"line":117,"column":3}},"type":"if","locations":[{"start":{"line":102,"column":2},"end":{"line":117,"column":3}},{"start":{},"end":{}}],"line":102},"14":{"loc":{"start":{"line":102,"column":6},"end":{"line":102,"column":37}},"type":"binary-expr","locations":[{"start":{"line":102,"column":6},"end":{"line":102,"column":20}},{"start":{"line":102,"column":24},"end":{"line":102,"column":37}}],"line":102},"15":{"loc":{"start":{"line":104,"column":29},"end":{"line":104,"column":74}},"type":"binary-expr","locations":[{"start":{"line":104,"column":29},"end":{"line":104,"column":43}},{"start":{"line":104,"column":47},"end":{"line":104,"column":74}}],"line":104},"16":{"loc":{"start":{"line":105,"column":28},"end":{"line":105,"column":71}},"type":"binary-expr","locations":[{"start":{"line":105,"column":28},"end":{"line":105,"column":41}},{"start":{"line":105,"column":45},"end":{"line":105,"column":71}}],"line":105},"17":{"loc":{"start":{"line":111,"column":4},"end":{"line":116,"column":5}},"type":"if","locations":[{"start":{"line":111,"column":4},"end":{"line":116,"column":5}},{"start":{},"end":{}}],"line":111},"18":{"loc":{"start":{"line":111,"column":8},"end":{"line":111,"column":34}},"type":"binary-expr","locations":[{"start":{"line":111,"column":8},"end":{"line":111,"column":14}},{"start":{"line":111,"column":18},"end":{"line":111,"column":34}}],"line":111},"19":{"loc":{"start":{"line":119,"column":2},"end":{"line":122,"column":3}},"type":"if","locations":[{"start":{"line":119,"column":2},"end":{"line":122,"column":3}},{"start":{},"end":{}}],"line":119}},"s":{"0":3,"1":4,"2":0,"3":4,"4":4,"5":4,"6":3,"7":7,"8":7,"9":1,"10":3,"11":6,"12":5,"13":1,"14":4,"15":4,"16":1,"17":3,"18":3,"19":1,"20":2,"21":2,"22":2,"23":3,"24":2,"25":3,"26":8,"27":7,"28":2,"29":5,"30":3,"31":3,"32":2,"33":2,"34":0,"35":0,"36":0,"37":0,"38":2,"39":0,"40":0,"41":0,"42":0,"43":0,"44":0,"45":2,"46":2,"47":2,"48":2,"49":3,"50":3,"51":2},"f":{"0":4,"1":7,"2":3,"3":2,"4":8,"5":3,"6":0,"7":3},"b":{"0":[0,4],"1":[0,4],"2":[1,6],"3":[1,4],"4":[1,3],"5":[1,2],"6":[2,0],"7":[2,5],"8":[2,0],"9":[2,2,2],"10":[0,2],"11":[2,2],"12":[0,0],"13":[0,2],"14":[2,2],"15":[0,0],"16":[0,0],"17":[0,0],"18":[0,0],"19":[2,0]},"inputSourceMap":null,"_coverageSchema":"1a1c01bbd47fc00a2c39e90264f33305004495a9","hash":"66895af6f5842930bd82b45d0d7aa99e7f61d767"}
,"C:\\Users\\flavi\\Documents\\Repositorios\\gerenciador-alunos\\server\\src\\services\\student.service.js": {"path":"C:\\Users\\flavi\\Documents\\Repositorios\\gerenciador-alunos\\server\\src\\services\\student.service.js","statementMap":{"0":{"start":{"line":5,"column":29},"end":{"line":16,"column":1}},"1":{"start":{"line":6,"column":20},"end":{"line":6,"column":71}},"2":{"start":{"line":7,"column":2},"end":{"line":13,"column":3}},"3":{"start":{"line":8,"column":4},"end":{"line":12,"column":6}},"4":{"start":{"line":11,"column":38},"end":{"line":11,"column":47}},"5":{"start":{"line":15,"column":2},"end":{"line":15,"column":53}},"6":{"start":{"line":18,"column":27},"end":{"line":33,"column":1}},"7":{"start":{"line":19,"column":19},"end":{"line":27,"column":4}},"8":{"start":{"line":29,"column":2},"end":{"line":32,"column":6}},"9":{"start":{"line":29,"column":36},"end":{"line":32,"column":3}},"10":{"start":{"line":31,"column":53},"end":{"line":31,"column":75}},"11":{"start":{"line":35,"column":30},"end":{"line":58,"column":1}},"12":{"start":{"line":36,"column":18},"end":{"line":45,"column":4}},"13":{"start":{"line":47,"column":2},"end":{"line":52,"column":3}},"14":{"start":{"line":48,"column":4},"end":{"line":51,"column":6}},"15":{"start":{"line":54,"column":2},"end":{"line":57,"column":4}},"16":{"start":{"line":56,"column":53},"end":{"line":56,"column":75}},"17":{"start":{"line":60,"column":29},"end":{"line":80,"column":1}},"18":{"start":{"line":61,"column":2},"end":{"line":61,"column":27}},"19":{"start":{"line":62,"column":25},"end":{"line":72,"column":4}},"20":{"start":{"line":74,"column":2},"end":{"line":79,"column":4}},"21":{"start":{"line":77,"column":22},"end":{"line":77,"column":44}},"22":{"start":{"line":82,"column":29},"end":{"line":86,"column":1}},"23":{"start":{"line":83,"column":2},"end":{"line":83,"column":27}},"24":{"start":{"line":84,"column":2},"end":{"line":84,"column":67}},"25":{"start":{"line":85,"column":2},"end":{"line":85,"column":56}}},"fnMap":{"0":{"name":"(anonymous_0)","decl":{"start":{"line":5,"column":29},"end":{"line":5,"column":30}},"loc":{"start":{"line":5,"column":45},"end":{"line":16,"column":1}},"line":5},"1":{"name":"(anonymous_1)","decl":{"start":{"line":11,"column":31},"end":{"line":11,"column":32}},"loc":{"start":{"line":11,"column":38},"end":{"line":11,"column":47}},"line":11},"2":{"name":"(anonymous_2)","decl":{"start":{"line":18,"column":27},"end":{"line":18,"column":28}},"loc":{"start":{"line":18,"column":39},"end":{"line":33,"column":1}},"line":18},"3":{"name":"(anonymous_3)","decl":{"start":{"line":29,"column":22},"end":{"line":29,"column":23}},"loc":{"start":{"line":29,"column":36},"end":{"line":32,"column":3}},"line":29},"4":{"name":"(anonymous_4)","decl":{"start":{"line":31,"column":37},"end":{"line":31,"column":38}},"loc":{"start":{"line":31,"column":53},"end":{"line":31,"column":75}},"line":31},"5":{"name":"(anonymous_5)","decl":{"start":{"line":35,"column":30},"end":{"line":35,"column":31}},"loc":{"start":{"line":35,"column":44},"end":{"line":58,"column":1}},"line":35},"6":{"name":"(anonymous_6)","decl":{"start":{"line":56,"column":37},"end":{"line":56,"column":38}},"loc":{"start":{"line":56,"column":53},"end":{"line":56,"column":75}},"line":56},"7":{"name":"(anonymous_7)","decl":{"start":{"line":60,"column":29},"end":{"line":60,"column":30}},"loc":{"start":{"line":60,"column":49},"end":{"line":80,"column":1}},"line":60},"8":{"name":"(anonymous_8)","decl":{"start":{"line":77,"column":6},"end":{"line":77,"column":7}},"loc":{"start":{"line":77,"column":22},"end":{"line":77,"column":44}},"line":77},"9":{"name":"(anonymous_9)","decl":{"start":{"line":82,"column":29},"end":{"line":82,"column":30}},"loc":{"start":{"line":82,"column":43},"end":{"line":86,"column":1}},"line":82}},"branchMap":{"0":{"loc":{"start":{"line":7,"column":2},"end":{"line":13,"column":3}},"type":"if","locations":[{"start":{"line":7,"column":2},"end":{"line":13,"column":3}},{"start":{},"end":{}}],"line":7},"1":{"loc":{"start":{"line":47,"column":2},"end":{"line":52,"column":3}},"type":"if","locations":[{"start":{"line":47,"column":2},"end":{"line":52,"column":3}},{"start":{},"end":{}}],"line":47}},"s":{"0":3,"1":5,"2":5,"3":1,"4":11,"5":4,"6":3,"7":2,"8":1,"9":3,"10":0,"11":3,"12":8,"13":7,"14":2,"15":5,"16":0,"17":3,"18":2,"19":1,"20":1,"21":0,"22":3,"23":3,"24":1,"25":1},"f":{"0":5,"1":11,"2":2,"3":3,"4":0,"5":8,"6":0,"7":2,"8":0,"9":3},"b":{"0":[1,4],"1":[2,5]},"inputSourceMap":null,"_coverageSchema":"1a1c01bbd47fc00a2c39e90264f33305004495a9","hash":"2a36d7c5cc4a17465651b77e83448610cf21a57c"}
,"C:\\Users\\flavi\\Documents\\Repositorios\\gerenciador-alunos\\server\\src\\validations\\course.validation.js": {"path":"C:\\Users\\flavi\\Documents\\Repositorios\\gerenciador-alunos\\server\\src\\validations\\course.validation.js","statementMap":{"0":{"start":{"line":3,"column":28},"end":{"line":9,"column":2}}},"fnMap":{},"branchMap":{},"s":{"0":3},"f":{},"b":{},"inputSourceMap":null,"_coverageSchema":"1a1c01bbd47fc00a2c39e90264f33305004495a9","hash":"336d0370d5a50fa121f255af127e22fba173e549"}
,"C:\\Users\\flavi\\Documents\\Repositorios\\gerenciador-alunos\\server\\src\\validations\\enrollment.validation.js": {"path":"C:\\Users\\flavi\\Documents\\Repositorios\\gerenciador-alunos\\server\\src\\validations\\enrollment.validation.js","statementMap":{"0":{"start":{"line":3,"column":32},"end":{"line":18,"column":2}}},"fnMap":{},"branchMap":{},"s":{"0":3},"f":{},"b":{},"inputSourceMap":null,"_coverageSchema":"1a1c01bbd47fc00a2c39e90264f33305004495a9","hash":"45cd3ff8bd5152bca073a26df931b4172f39168a"}
,"C:\\Users\\flavi\\Documents\\Repositorios\\gerenciador-alunos\\server\\src\\validations\\student.validation.js": {"path":"C:\\Users\\flavi\\Documents\\Repositorios\\gerenciador-alunos\\server\\src\\validations\\student.validation.js","statementMap":{"0":{"start":{"line":3,"column":29},"end":{"line":56,"column":2}}},"fnMap":{},"branchMap":{},"s":{"0":3},"f":{},"b":{},"inputSourceMap":null,"_coverageSchema":"1a1c01bbd47fc00a2c39e90264f33305004495a9","hash":"5d1af06b9e7125f51e07ca922a0b6f025a1863c7"}
}
