TN:
SF:server.js
FN:21,(anonymous_0)
FNF:1
FNH:1
FNDA:3,(anonymous_0)
DA:7,3
DA:9,3
DA:11,3
DA:14,3
DA:16,3
DA:18,3
DA:20,3
DA:21,3
DA:22,3
DA:23,3
LF:10
LH:10
BRDA:20,0,0,3
BRDA:20,0,1,3
BRF:2
BRH:2
end_of_record
TN:
SF:swagger.js
FNF:0
FNH:0
DA:4,3
DA:21,3
LF:2
LH:2
BRF:0
BRH:0
end_of_record
TN:
SF:src\config\database.js
FNF:0
FNH:0
DA:3,3
LF:1
LH:1
BRF:0
BRH:0
end_of_record
TN:
SF:src\controllers\course.controller.js
FN:3,(anonymous_0)
FN:20,(anonymous_1)
FN:30,(anonymous_2)
FN:43,(anonymous_3)
FN:62,(anonymous_4)
FNF:5
FNH:5
FNDA:2,(anonymous_0)
FNDA:1,(anonymous_1)
FNDA:2,(anonymous_2)
FNDA:2,(anonymous_3)
FNDA:2,(anonymous_4)
DA:3,3
DA:4,2
DA:5,2
DA:6,1
DA:8,1
DA:9,1
DA:11,0
DA:12,0
DA:15,0
DA:16,0
DA:20,3
DA:21,1
DA:22,1
DA:23,1
DA:25,0
DA:26,0
DA:30,3
DA:31,2
DA:32,2
DA:33,1
DA:35,1
DA:36,1
DA:38,0
DA:39,0
DA:43,3
DA:44,2
DA:45,2
DA:49,1
DA:51,1
DA:52,0
DA:54,1
DA:55,1
DA:57,0
DA:58,0
DA:62,3
DA:63,2
DA:64,2
DA:65,1
DA:67,1
DA:68,1
DA:70,0
DA:71,0
LF:42
LH:29
BRDA:8,0,0,1
BRDA:8,0,1,0
BRDA:11,1,0,0
BRDA:11,1,1,0
BRDA:35,2,0,1
BRDA:35,2,1,0
BRDA:51,3,0,0
BRDA:51,3,1,1
BRDA:54,4,0,1
BRDA:54,4,1,0
BRDA:67,5,0,1
BRDA:67,5,1,0
BRF:12
BRH:5
end_of_record
TN:
SF:src\controllers\enrollment.controller.js
FN:3,(anonymous_0)
FN:15,(anonymous_1)
FN:27,(anonymous_2)
FN:42,(anonymous_3)
FN:58,(anonymous_4)
FNF:5
FNH:1
FNDA:0,(anonymous_0)
FNDA:1,(anonymous_1)
FNDA:0,(anonymous_2)
FNDA:0,(anonymous_3)
FNDA:0,(anonymous_4)
DA:3,3
DA:4,0
DA:5,0
DA:6,0
DA:8,0
DA:15,3
DA:16,1
DA:17,1
DA:18,1
DA:20,0
DA:27,3
DA:28,0
DA:29,0
DA:30,0
DA:33,0
DA:35,0
DA:42,3
DA:43,0
DA:44,0
DA:45,0
DA:49,0
DA:51,0
DA:58,3
DA:59,0
DA:60,0
DA:61,0
DA:62,0
DA:64,0
LF:28
LH:8
BRDA:8,0,0,0
BRDA:8,0,1,0
BRDA:9,1,0,0
BRDA:9,1,1,0
BRDA:10,2,0,0
BRDA:10,2,1,0
BRDA:20,3,0,0
BRDA:20,3,1,0
BRDA:21,4,0,0
BRDA:21,4,1,0
BRDA:22,5,0,0
BRDA:22,5,1,0
BRDA:35,6,0,0
BRDA:35,6,1,0
BRDA:36,7,0,0
BRDA:36,7,1,0
BRDA:37,8,0,0
BRDA:37,8,1,0
BRDA:51,9,0,0
BRDA:51,9,1,0
BRDA:52,10,0,0
BRDA:52,10,1,0
BRDA:53,11,0,0
BRDA:53,11,1,0
BRDA:64,12,0,0
BRDA:64,12,1,0
BRDA:65,13,0,0
BRDA:65,13,1,0
BRDA:66,14,0,0
BRDA:66,14,1,0
BRF:30
BRH:0
end_of_record
TN:
SF:src\controllers\student.controller.js
FN:4,(anonymous_0)
FN:24,(anonymous_1)
FN:34,(anonymous_2)
FN:50,(anonymous_3)
FN:68,(anonymous_4)
FN:79,(anonymous_5)
FN:101,(anonymous_6)
FN:116,(anonymous_7)
FNF:8
FNH:6
FNDA:2,(anonymous_0)
FNDA:1,(anonymous_1)
FNDA:2,(anonymous_2)
FNDA:0,(anonymous_3)
FNDA:2,(anonymous_4)
FNDA:11,(anonymous_5)
FNDA:2,(anonymous_6)
FNDA:0,(anonymous_7)
DA:4,3
DA:5,2
DA:6,2
DA:7,1
DA:9,1
DA:10,0
DA:16,1
DA:17,1
DA:20,0
DA:24,3
DA:25,1
DA:26,1
DA:27,1
DA:29,0
DA:30,0
DA:34,3
DA:35,2
DA:36,2
DA:37,2
DA:39,1
DA:41,1
DA:42,1
DA:45,0
DA:46,0
DA:50,3
DA:51,0
DA:52,0
DA:53,0
DA:55,0
DA:57,0
DA:58,0
DA:61,0
DA:62,0
DA:68,3
DA:69,2
DA:70,2
DA:72,2
DA:73,2
DA:74,0
DA:77,2
DA:78,2
DA:79,11
DA:80,1
DA:85,1
DA:89,1
DA:94,0
DA:95,0
DA:101,3
DA:102,2
DA:103,2
DA:104,2
DA:106,1
DA:108,1
DA:109,1
DA:110,1
DA:112,0
DA:116,3
DA:117,0
DA:118,0
DA:119,0
DA:121,0
DA:122,0
LF:62
LH:39
BRDA:9,0,0,0
BRDA:9,0,1,1
BRDA:16,1,0,1
BRDA:16,1,1,0
BRDA:41,2,0,1
BRDA:41,2,1,0
BRDA:57,3,0,0
BRDA:57,3,1,0
BRDA:73,4,0,0
BRDA:73,4,1,2
BRDA:78,5,0,1
BRDA:78,5,1,1
BRDA:109,6,0,1
BRDA:109,6,1,0
BRDA:109,7,0,1
BRDA:109,7,1,1
BRF:16
BRH:9
end_of_record
TN:
SF:src\repositories\course.repository.js
FN:3,(anonymous_0)
FN:7,(anonymous_1)
FN:11,(anonymous_2)
FN:15,(anonymous_3)
FN:19,(anonymous_4)
FN:23,(anonymous_5)
FNF:6
FNH:6
FNDA:1,(anonymous_0)
FNDA:1,(anonymous_1)
FNDA:6,(anonymous_2)
FNDA:1,(anonymous_3)
FNDA:1,(anonymous_4)
FNDA:1,(anonymous_5)
DA:3,3
DA:4,1
DA:7,3
DA:8,1
DA:11,3
DA:12,6
DA:15,3
DA:16,1
DA:19,3
DA:20,1
DA:23,3
DA:24,1
LF:12
LH:12
BRF:0
BRH:0
end_of_record
TN:
SF:src\repositories\enrollment.repository.js
FN:3,(anonymous_0)
FN:7,(anonymous_1)
FN:16,(anonymous_2)
FN:26,(anonymous_3)
FN:33,(anonymous_4)
FN:39,(anonymous_5)
FNF:6
FNH:1
FNDA:0,(anonymous_0)
FNDA:1,(anonymous_1)
FNDA:0,(anonymous_2)
FNDA:0,(anonymous_3)
FNDA:0,(anonymous_4)
FNDA:0,(anonymous_5)
DA:3,3
DA:4,0
DA:7,3
DA:8,1
DA:16,3
DA:17,0
DA:26,3
DA:27,0
DA:33,3
DA:34,0
DA:39,3
DA:43,0
LF:12
LH:7
BRF:0
BRH:0
end_of_record
TN:
SF:src\repositories\student.repository.js
FN:3,(anonymous_0)
FN:7,(anonymous_1)
FN:11,(anonymous_2)
FN:15,(anonymous_3)
FN:28,(anonymous_4)
FN:32,(anonymous_5)
FN:36,(anonymous_6)
FNF:7
FNH:1
FNDA:1,(anonymous_0)
FNDA:0,(anonymous_1)
FNDA:0,(anonymous_2)
FNDA:0,(anonymous_3)
FNDA:0,(anonymous_4)
FNDA:0,(anonymous_5)
FNDA:0,(anonymous_6)
DA:3,3
DA:4,1
DA:7,3
DA:8,0
DA:11,3
DA:12,0
DA:15,3
DA:16,0
DA:28,3
DA:29,0
DA:32,3
DA:33,0
DA:36,3
DA:37,0
LF:14
LH:8
BRF:0
BRH:0
end_of_record
TN:
SF:src\routes\course.routes.js
FNF:0
FNH:0
DA:10,3
DA:263,3
DA:264,3
DA:265,3
DA:266,3
DA:267,3
LF:6
LH:6
BRF:0
BRH:0
end_of_record
TN:
SF:src\routes\enrollment.routes.js
FNF:0
FNH:0
DA:10,3
DA:371,3
DA:372,3
DA:373,3
DA:374,3
DA:375,3
LF:6
LH:6
BRF:0
BRH:0
end_of_record
TN:
SF:src\routes\index.js
FNF:0
FNH:0
DA:6,3
DA:8,3
DA:9,3
DA:10,3
LF:4
LH:4
BRF:0
BRH:0
end_of_record
TN:
SF:src\routes\student.routes.js
FNF:0
FNH:0
DA:10,3
DA:304,3
DA:305,3
DA:306,3
DA:307,3
DA:308,3
LF:6
LH:6
BRF:0
BRH:0
end_of_record
TN:
SF:src\services\course.service.js
FN:4,(anonymous_0)
FN:10,(anonymous_1)
FN:25,(anonymous_2)
FN:29,(anonymous_3)
FN:40,(anonymous_4)
FN:45,(anonymous_5)
FNF:6
FNH:6
FNDA:2,(anonymous_0)
FNDA:1,(anonymous_1)
FNDA:1,(anonymous_2)
FNDA:6,(anonymous_3)
FNDA:2,(anonymous_4)
FNDA:2,(anonymous_5)
DA:4,3
DA:5,2
DA:6,2
DA:7,1
DA:10,1
DA:14,1
DA:15,1
DA:16,0
DA:22,1
DA:25,3
DA:26,1
DA:29,3
DA:30,6
DA:31,6
DA:32,3
DA:37,3
DA:40,3
DA:41,2
DA:42,1
DA:45,3
DA:46,2
DA:47,1
LF:22
LH:21
BRDA:6,0,0,1
BRDA:6,0,1,1
BRDA:15,1,0,0
BRDA:15,1,1,1
BRDA:31,2,0,3
BRDA:31,2,1,3
BRF:6
BRH:5
end_of_record
TN:
SF:src\services\enrollment.service.js
FN:6,(anonymous_0)
FN:13,(anonymous_1)
FN:19,(anonymous_2)
FN:70,(anonymous_3)
FN:74,(anonymous_4)
FN:85,(anonymous_5)
FN:96,(anonymous_6)
FN:120,(anonymous_7)
FNF:8
FNH:1
FNDA:0,(anonymous_0)
FNDA:0,(anonymous_1)
FNDA:0,(anonymous_2)
FNDA:1,(anonymous_3)
FNDA:0,(anonymous_4)
FNDA:0,(anonymous_5)
FNDA:0,(anonymous_6)
FNDA:0,(anonymous_7)
DA:6,3
DA:7,0
DA:8,0
DA:9,0
DA:10,0
DA:13,3
DA:14,0
DA:15,0
DA:16,0
DA:19,0
DA:23,0
DA:24,0
DA:25,0
DA:26,0
DA:32,0
DA:33,0
DA:34,0
DA:40,0
DA:44,0
DA:45,0
DA:51,0
DA:52,0
DA:54,0
DA:60,0
DA:61,0
DA:66,0
DA:70,3
DA:71,1
DA:74,3
DA:75,0
DA:76,0
DA:77,0
DA:82,0
DA:85,3
DA:86,0
DA:88,0
DA:92,0
DA:93,0
DA:96,0
DA:100,0
DA:101,0
DA:105,0
DA:106,0
DA:113,0
DA:114,0
DA:117,0
DA:120,3
DA:121,0
DA:122,0
LF:49
LH:7
BRDA:7,0,0,0
BRDA:7,0,1,0
BRDA:10,1,0,0
BRDA:10,1,1,0
BRDA:15,2,0,0
BRDA:15,2,1,0
BRDA:25,3,0,0
BRDA:25,3,1,0
BRDA:33,4,0,0
BRDA:33,4,1,0
BRDA:44,5,0,0
BRDA:44,5,1,0
BRDA:60,6,0,0
BRDA:60,6,1,0
BRDA:76,7,0,0
BRDA:76,7,1,0
BRDA:92,8,0,0
BRDA:92,8,1,0
BRDA:100,9,0,0
BRDA:100,9,1,0
BRDA:100,10,0,0
BRDA:100,10,1,0
BRDA:102,11,0,0
BRDA:102,11,1,0
BRDA:103,12,0,0
BRDA:103,12,1,0
BRDA:105,13,0,0
BRDA:105,13,1,0
BRDA:105,14,0,0
BRDA:105,14,1,0
BRDA:113,15,0,0
BRDA:113,15,1,0
BRF:32
BRH:0
end_of_record
TN:
SF:src\services\student.service.js
FN:5,(anonymous_0)
FN:11,(anonymous_1)
FN:18,(anonymous_2)
FN:26,(anonymous_3)
FN:35,(anonymous_4)
FN:46,(anonymous_5)
FN:57,(anonymous_6)
FN:59,(anonymous_7)
FN:63,(anonymous_8)
FN:66,(anonymous_9)
FN:68,(anonymous_10)
FN:76,(anonymous_11)
FN:97,(anonymous_12)
FN:101,(anonymous_13)
FN:114,(anonymous_14)
FN:122,(anonymous_15)
FN:139,(anonymous_16)
FN:144,(anonymous_17)
FN:159,(anonymous_18)
FN:162,(anonymous_19)
FN:165,(anonymous_20)
FN:169,(anonymous_21)
FN:190,(anonymous_22)
FNF:23
FNH:7
FNDA:2,(anonymous_0)
FNDA:11,(anonymous_1)
FNDA:0,(anonymous_2)
FNDA:0,(anonymous_3)
FNDA:0,(anonymous_4)
FNDA:1,(anonymous_5)
FNDA:2,(anonymous_6)
FNDA:0,(anonymous_7)
FNDA:0,(anonymous_8)
FNDA:0,(anonymous_9)
FNDA:0,(anonymous_10)
FNDA:7,(anonymous_11)
FNDA:0,(anonymous_12)
FNDA:0,(anonymous_13)
FNDA:0,(anonymous_14)
FNDA:1,(anonymous_15)
FNDA:0,(anonymous_16)
FNDA:0,(anonymous_17)
FNDA:0,(anonymous_18)
FNDA:0,(anonymous_19)
FNDA:0,(anonymous_20)
FNDA:0,(anonymous_21)
FNDA:2,(anonymous_22)
DA:5,3
DA:6,2
DA:7,2
DA:8,1
DA:11,11
DA:15,1
DA:18,3
DA:19,0
DA:21,0
DA:22,0
DA:23,0
DA:26,0
DA:30,0
DA:34,0
DA:35,0
DA:40,0
DA:43,0
DA:46,3
DA:47,1
DA:57,2
DA:59,0
DA:63,3
DA:64,0
DA:66,0
DA:68,0
DA:76,3
DA:77,7
DA:88,7
DA:89,2
DA:95,5
DA:97,0
DA:101,3
DA:102,0
DA:104,0
DA:105,0
DA:111,0
DA:114,0
DA:122,3
DA:123,1
DA:124,1
DA:136,1
DA:139,0
DA:144,3
DA:145,0
DA:147,0
DA:149,0
DA:154,0
DA:155,0
DA:159,0
DA:161,0
DA:162,0
DA:164,0
DA:165,0
DA:168,0
DA:169,0
DA:174,0
DA:177,0
DA:178,0
DA:187,0
DA:190,3
DA:191,2
DA:192,1
DA:193,1
LF:63
LH:26
BRDA:7,0,0,1
BRDA:7,0,1,1
BRDA:22,1,0,0
BRDA:22,1,1,0
BRDA:34,2,0,0
BRDA:34,2,1,0
BRDA:34,3,0,0
BRDA:34,3,1,0
BRDA:88,4,0,2
BRDA:88,4,1,5
BRDA:104,5,0,0
BRDA:104,5,1,0
BRDA:114,6,0,0
BRDA:114,6,1,0
BRDA:154,7,0,0
BRDA:154,7,1,0
BRDA:168,8,0,0
BRDA:168,8,1,0
BRDA:177,9,0,0
BRDA:177,9,1,0
BRF:20
BRH:4
end_of_record
TN:
SF:src\validations\course.validation.js
FNF:0
FNH:0
DA:3,3
LF:1
LH:1
BRF:0
BRH:0
end_of_record
TN:
SF:src\validations\enrollment.validation.js
FNF:0
FNH:0
DA:3,3
LF:1
LH:1
BRF:0
BRH:0
end_of_record
TN:
SF:src\validations\student.validation.js
FNF:0
FNH:0
DA:3,3
LF:1
LH:1
BRF:0
BRH:0
end_of_record
