TN:
SF:app.js
FNF:0
FNH:0
DA:6,3
DA:8,3
DA:17,3
DA:18,3
DA:19,3
LF:5
LH:5
BRF:0
BRH:0
end_of_record
TN:
SF:swagger.js
FNF:0
FNH:0
DA:4,3
DA:21,3
LF:2
LH:2
BRF:0
BRH:0
end_of_record
TN:
SF:src\config\database.js
FNF:0
FNH:0
DA:3,3
LF:1
LH:1
BRF:0
BRH:0
end_of_record
TN:
SF:src\controllers\course.controller.js
FN:3,(anonymous_0)
FN:20,(anonymous_1)
FN:30,(anonymous_2)
FN:43,(anonymous_3)
FN:62,(anonymous_4)
FNF:5
FNH:5
FNDA:4,(anonymous_0)
FNDA:1,(anonymous_1)
FNDA:2,(anonymous_2)
FNDA:2,(anonymous_3)
FNDA:2,(anonymous_4)
DA:3,3
DA:4,4
DA:5,4
DA:6,2
DA:8,2
DA:9,1
DA:11,1
DA:12,1
DA:15,0
DA:16,0
DA:20,3
DA:21,1
DA:22,1
DA:23,1
DA:25,0
DA:26,0
DA:30,3
DA:31,2
DA:32,2
DA:33,1
DA:35,1
DA:36,1
DA:38,0
DA:39,0
DA:43,3
DA:44,2
DA:45,2
DA:49,1
DA:51,1
DA:52,0
DA:54,1
DA:55,1
DA:57,0
DA:58,0
DA:62,3
DA:63,2
DA:64,2
DA:65,1
DA:67,1
DA:68,1
DA:70,0
DA:71,0
LF:42
LH:31
BRDA:8,0,0,1
BRDA:8,0,1,1
BRDA:11,1,0,1
BRDA:11,1,1,0
BRDA:35,2,0,1
BRDA:35,2,1,0
BRDA:51,3,0,0
BRDA:51,3,1,1
BRDA:54,4,0,1
BRDA:54,4,1,0
BRDA:67,5,0,1
BRDA:67,5,1,0
BRF:12
BRH:7
end_of_record
TN:
SF:src\controllers\enrollment.controller.js
FN:3,(anonymous_0)
FN:40,(anonymous_1)
FN:52,(anonymous_2)
FN:69,(anonymous_3)
FN:102,(anonymous_4)
FNF:5
FNH:5
FNDA:4,(anonymous_0)
FNDA:1,(anonymous_1)
FNDA:1,(anonymous_2)
FNDA:1,(anonymous_3)
FNDA:2,(anonymous_4)
DA:3,3
DA:4,4
DA:5,4
DA:6,2
DA:8,2
DA:9,0
DA:14,2
DA:15,1
DA:21,1
DA:22,0
DA:27,1
DA:28,1
DA:33,0
DA:34,0
DA:40,3
DA:41,1
DA:42,1
DA:43,1
DA:45,0
DA:46,0
DA:52,3
DA:53,1
DA:54,1
DA:55,1
DA:56,1
DA:58,0
DA:59,0
DA:62,0
DA:63,0
DA:69,3
DA:70,1
DA:71,1
DA:72,1
DA:76,1
DA:78,0
DA:79,0
DA:82,0
DA:83,0
DA:89,0
DA:90,0
DA:95,0
DA:96,0
DA:102,3
DA:103,2
DA:104,2
DA:105,2
DA:106,1
DA:108,1
DA:109,1
DA:112,0
DA:113,0
LF:51
LH:31
BRDA:8,0,0,0
BRDA:8,0,1,2
BRDA:14,1,0,1
BRDA:14,1,1,1
BRDA:21,2,0,0
BRDA:21,2,1,1
BRDA:27,3,0,1
BRDA:27,3,1,0
BRDA:58,4,0,0
BRDA:58,4,1,0
BRDA:78,5,0,0
BRDA:78,5,1,0
BRDA:82,6,0,0
BRDA:82,6,1,0
BRDA:89,7,0,0
BRDA:89,7,1,0
BRDA:108,8,0,1
BRDA:108,8,1,0
BRF:18
BRH:6
end_of_record
TN:
SF:src\controllers\student.controller.js
FN:4,(anonymous_0)
FN:28,(anonymous_1)
FN:38,(anonymous_2)
FN:53,(anonymous_3)
FN:70,(anonymous_4)
FN:76,(anonymous_5)
FN:102,(anonymous_6)
FN:117,(anonymous_7)
FNF:8
FNH:6
FNDA:2,(anonymous_0)
FNDA:1,(anonymous_1)
FNDA:2,(anonymous_2)
FNDA:0,(anonymous_3)
FNDA:2,(anonymous_4)
FNDA:11,(anonymous_5)
FNDA:2,(anonymous_6)
FNDA:0,(anonymous_7)
DA:4,3
DA:5,2
DA:6,2
DA:7,1
DA:9,1
DA:10,0
DA:16,1
DA:17,1
DA:23,0
DA:24,0
DA:28,3
DA:29,1
DA:30,1
DA:31,1
DA:33,0
DA:34,0
DA:38,3
DA:39,2
DA:40,2
DA:41,2
DA:42,1
DA:44,1
DA:45,1
DA:48,0
DA:49,0
DA:53,3
DA:54,0
DA:55,0
DA:56,0
DA:57,0
DA:59,0
DA:60,0
DA:63,0
DA:64,0
DA:70,3
DA:71,2
DA:72,2
DA:74,2
DA:75,2
DA:76,11
DA:77,1
DA:82,1
DA:86,1
DA:91,0
DA:92,0
DA:95,0
DA:96,0
DA:102,3
DA:103,2
DA:104,2
DA:105,2
DA:106,1
DA:108,1
DA:109,1
DA:112,0
DA:113,0
DA:117,3
DA:118,0
DA:119,0
DA:120,0
DA:122,0
DA:123,0
LF:62
LH:36
BRDA:9,0,0,0
BRDA:9,0,1,1
BRDA:16,1,0,1
BRDA:16,1,1,0
BRDA:44,2,0,1
BRDA:44,2,1,0
BRDA:59,3,0,0
BRDA:59,3,1,0
BRDA:75,4,0,1
BRDA:75,4,1,1
BRDA:91,5,0,0
BRDA:91,5,1,0
BRDA:108,6,0,1
BRDA:108,6,1,0
BRF:14
BRH:6
end_of_record
TN:
SF:src\repositories\course.repository.js
FN:3,(anonymous_0)
FN:7,(anonymous_1)
FN:11,(anonymous_2)
FN:15,(anonymous_3)
FN:19,(anonymous_4)
FN:23,(anonymous_5)
FNF:6
FNH:6
FNDA:2,(anonymous_0)
FNDA:1,(anonymous_1)
FNDA:6,(anonymous_2)
FNDA:1,(anonymous_3)
FNDA:1,(anonymous_4)
FNDA:3,(anonymous_5)
DA:3,3
DA:4,2
DA:7,3
DA:8,1
DA:11,3
DA:12,6
DA:15,3
DA:16,1
DA:19,3
DA:20,1
DA:23,3
DA:24,3
LF:12
LH:12
BRF:0
BRH:0
end_of_record
TN:
SF:src\repositories\enrollment.repository.js
FN:3,(anonymous_0)
FN:7,(anonymous_1)
FN:16,(anonymous_2)
FN:26,(anonymous_3)
FN:33,(anonymous_4)
FN:39,(anonymous_5)
FNF:6
FNH:6
FNDA:2,(anonymous_0)
FNDA:1,(anonymous_1)
FNDA:4,(anonymous_2)
FNDA:1,(anonymous_3)
FNDA:1,(anonymous_4)
FNDA:3,(anonymous_5)
DA:3,3
DA:4,2
DA:7,3
DA:8,1
DA:16,3
DA:17,4
DA:26,3
DA:27,1
DA:33,3
DA:34,1
DA:39,3
DA:43,3
LF:12
LH:12
BRF:0
BRH:0
end_of_record
TN:
SF:src\repositories\student.repository.js
FN:3,(anonymous_0)
FN:7,(anonymous_1)
FN:11,(anonymous_2)
FN:15,(anonymous_3)
FN:28,(anonymous_4)
FN:32,(anonymous_5)
FN:36,(anonymous_6)
FNF:7
FNH:1
FNDA:1,(anonymous_0)
FNDA:0,(anonymous_1)
FNDA:0,(anonymous_2)
FNDA:0,(anonymous_3)
FNDA:0,(anonymous_4)
FNDA:0,(anonymous_5)
FNDA:0,(anonymous_6)
DA:3,3
DA:4,1
DA:7,3
DA:8,0
DA:11,3
DA:12,0
DA:15,3
DA:16,0
DA:28,3
DA:29,0
DA:32,3
DA:33,0
DA:36,3
DA:37,0
LF:14
LH:8
BRF:0
BRH:0
end_of_record
TN:
SF:src\routes\course.routes.js
FNF:0
FNH:0
DA:10,3
DA:263,3
DA:264,3
DA:265,3
DA:266,3
DA:267,3
LF:6
LH:6
BRF:0
BRH:0
end_of_record
TN:
SF:src\routes\enrollment.routes.js
FNF:0
FNH:0
DA:10,3
DA:371,3
DA:372,3
DA:373,3
DA:374,3
DA:375,3
LF:6
LH:6
BRF:0
BRH:0
end_of_record
TN:
SF:src\routes\index.js
FNF:0
FNH:0
DA:6,3
DA:8,3
DA:9,3
DA:10,3
LF:4
LH:4
BRF:0
BRH:0
end_of_record
TN:
SF:src\routes\student.routes.js
FNF:0
FNH:0
DA:10,3
DA:304,3
DA:305,3
DA:306,3
DA:307,3
DA:308,3
LF:6
LH:6
BRF:0
BRH:0
end_of_record
TN:
SF:src\services\course.service.js
FN:4,(anonymous_0)
FN:10,(anonymous_1)
FN:25,(anonymous_2)
FN:29,(anonymous_3)
FN:40,(anonymous_4)
FN:45,(anonymous_5)
FNF:6
FNH:6
FNDA:4,(anonymous_0)
FNDA:1,(anonymous_1)
FNDA:1,(anonymous_2)
FNDA:6,(anonymous_3)
FNDA:2,(anonymous_4)
FNDA:2,(anonymous_5)
DA:4,3
DA:5,4
DA:6,4
DA:7,1
DA:10,1
DA:14,3
DA:15,3
DA:16,1
DA:22,2
DA:25,3
DA:26,1
DA:29,3
DA:30,6
DA:31,6
DA:32,3
DA:37,3
DA:40,3
DA:41,2
DA:42,1
DA:45,3
DA:46,2
DA:47,1
LF:22
LH:22
BRDA:6,0,0,1
BRDA:6,0,1,3
BRDA:15,1,0,1
BRDA:15,1,1,2
BRDA:31,2,0,3
BRDA:31,2,1,3
BRF:6
BRH:6
end_of_record
TN:
SF:src\services\enrollment.service.js
FN:5,(anonymous_0)
FN:12,(anonymous_1)
FN:18,(anonymous_2)
FN:65,(anonymous_3)
FN:69,(anonymous_4)
FN:80,(anonymous_5)
FN:96,(anonymous_6)
FN:127,(anonymous_7)
FNF:8
FNH:7
FNDA:3,(anonymous_0)
FNDA:4,(anonymous_1)
FNDA:3,(anonymous_2)
FNDA:1,(anonymous_3)
FNDA:4,(anonymous_4)
FNDA:1,(anonymous_5)
FNDA:0,(anonymous_6)
FNDA:2,(anonymous_7)
DA:5,3
DA:6,3
DA:7,3
DA:8,3
DA:9,3
DA:12,3
DA:13,4
DA:14,4
DA:15,1
DA:18,3
DA:22,3
DA:25,3
DA:26,0
DA:32,3
DA:35,3
DA:36,0
DA:42,3
DA:46,3
DA:47,1
DA:53,2
DA:56,2
DA:58,2
DA:65,3
DA:66,1
DA:69,3
DA:70,4
DA:71,4
DA:72,1
DA:77,3
DA:80,3
DA:81,1
DA:83,1
DA:88,1
DA:89,0
DA:92,0
DA:93,0
DA:96,0
DA:102,1
DA:103,0
DA:104,0
DA:105,0
DA:107,0
DA:111,0
DA:112,0
DA:119,1
DA:120,1
DA:121,1
DA:124,1
DA:127,3
DA:128,2
DA:129,1
LF:51
LH:39
BRDA:6,0,0,0
BRDA:6,0,1,3
BRDA:9,1,0,0
BRDA:9,1,1,3
BRDA:14,2,0,1
BRDA:14,2,1,3
BRDA:25,3,0,0
BRDA:25,3,1,3
BRDA:35,4,0,0
BRDA:35,4,1,3
BRDA:46,5,0,1
BRDA:46,5,1,2
BRDA:53,6,0,2
BRDA:53,6,1,0
BRDA:71,7,0,1
BRDA:71,7,1,3
BRDA:83,8,0,1
BRDA:83,8,1,0
BRDA:84,9,0,1
BRDA:84,9,1,1
BRDA:84,9,2,1
BRDA:88,10,0,0
BRDA:88,10,1,1
BRDA:88,11,0,1
BRDA:88,11,1,1
BRDA:92,12,0,0
BRDA:92,12,1,0
BRDA:102,13,0,0
BRDA:102,13,1,1
BRDA:102,14,0,1
BRDA:102,14,1,1
BRDA:104,15,0,0
BRDA:104,15,1,0
BRDA:105,16,0,0
BRDA:105,16,1,0
BRDA:111,17,0,0
BRDA:111,17,1,0
BRDA:111,18,0,0
BRDA:111,18,1,0
BRDA:119,19,0,1
BRDA:119,19,1,0
BRF:41
BRH:22
end_of_record
TN:
SF:src\services\student.service.js
FN:5,(anonymous_0)
FN:11,(anonymous_1)
FN:18,(anonymous_2)
FN:26,(anonymous_3)
FN:35,(anonymous_4)
FN:46,(anonymous_5)
FN:57,(anonymous_6)
FN:59,(anonymous_7)
FN:63,(anonymous_8)
FN:66,(anonymous_9)
FN:68,(anonymous_10)
FN:76,(anonymous_11)
FN:97,(anonymous_12)
FN:101,(anonymous_13)
FN:114,(anonymous_14)
FN:122,(anonymous_15)
FN:139,(anonymous_16)
FN:144,(anonymous_17)
FN:159,(anonymous_18)
FN:162,(anonymous_19)
FN:165,(anonymous_20)
FN:169,(anonymous_21)
FN:190,(anonymous_22)
FNF:23
FNH:7
FNDA:2,(anonymous_0)
FNDA:11,(anonymous_1)
FNDA:0,(anonymous_2)
FNDA:0,(anonymous_3)
FNDA:0,(anonymous_4)
FNDA:1,(anonymous_5)
FNDA:2,(anonymous_6)
FNDA:0,(anonymous_7)
FNDA:0,(anonymous_8)
FNDA:0,(anonymous_9)
FNDA:0,(anonymous_10)
FNDA:5,(anonymous_11)
FNDA:0,(anonymous_12)
FNDA:0,(anonymous_13)
FNDA:0,(anonymous_14)
FNDA:1,(anonymous_15)
FNDA:0,(anonymous_16)
FNDA:0,(anonymous_17)
FNDA:0,(anonymous_18)
FNDA:0,(anonymous_19)
FNDA:0,(anonymous_20)
FNDA:0,(anonymous_21)
FNDA:2,(anonymous_22)
DA:5,3
DA:6,2
DA:7,2
DA:8,1
DA:11,11
DA:15,1
DA:18,3
DA:19,0
DA:21,0
DA:22,0
DA:23,0
DA:26,0
DA:30,0
DA:34,0
DA:35,0
DA:40,0
DA:43,0
DA:46,3
DA:47,1
DA:57,2
DA:59,0
DA:63,3
DA:64,0
DA:66,0
DA:68,0
DA:76,3
DA:77,5
DA:88,5
DA:89,2
DA:95,3
DA:97,0
DA:101,3
DA:102,0
DA:104,0
DA:105,0
DA:111,0
DA:114,0
DA:122,3
DA:123,1
DA:124,1
DA:136,1
DA:139,0
DA:144,3
DA:145,0
DA:147,0
DA:149,0
DA:154,0
DA:155,0
DA:159,0
DA:161,0
DA:162,0
DA:164,0
DA:165,0
DA:168,0
DA:169,0
DA:174,0
DA:177,0
DA:178,0
DA:187,0
DA:190,3
DA:191,2
DA:192,1
DA:193,1
LF:63
LH:26
BRDA:7,0,0,1
BRDA:7,0,1,1
BRDA:22,1,0,0
BRDA:22,1,1,0
BRDA:34,2,0,0
BRDA:34,2,1,0
BRDA:34,3,0,0
BRDA:34,3,1,0
BRDA:88,4,0,2
BRDA:88,4,1,3
BRDA:104,5,0,0
BRDA:104,5,1,0
BRDA:114,6,0,0
BRDA:114,6,1,0
BRDA:154,7,0,0
BRDA:154,7,1,0
BRDA:168,8,0,0
BRDA:168,8,1,0
BRDA:177,9,0,0
BRDA:177,9,1,0
BRF:20
BRH:4
end_of_record
TN:
SF:src\validations\course.validation.js
FNF:0
FNH:0
DA:3,3
LF:1
LH:1
BRF:0
BRH:0
end_of_record
TN:
SF:src\validations\enrollment.validation.js
FNF:0
FNH:0
DA:3,3
LF:1
LH:1
BRF:0
BRH:0
end_of_record
TN:
SF:src\validations\student.validation.js
FNF:0
FNH:0
DA:3,3
LF:1
LH:1
BRF:0
BRH:0
end_of_record
