{"C:\\Users\\flavi\\Documents\\Repositorios\\gerenciador-alunos\\client\\src\\App.jsx": {"path":"C:\\Users\\flavi\\Documents\\Repositorios\\gerenciador-alunos\\client\\src\\App.jsx","statementMap":{"0":{"start":{"line":8,"column":2},"end":{"line":17,"column":null}}},"fnMap":{"0":{"name":"App","decl":{"start":{"line":6,"column":9},"end":{"line":6,"column":15}},"loc":{"start":{"line":6,"column":15},"end":{"line":19,"column":null}},"line":6}},"branchMap":{},"s":{"0":1},"f":{"0":1},"b":{},"meta":{"lastBranch":0,"lastFunction":1,"lastStatement":1,"seen":{"f:6:9:6:15":0,"s:8:2:17:Infinity":0}}}
,"C:\\Users\\flavi\\Documents\\Repositorios\\gerenciador-alunos\\client\\src\\assets\\img\\Add.png": {"path":"C:\\Users\\flavi\\Documents\\Repositorios\\gerenciador-alunos\\client\\src\\assets\\img\\Add.png","statementMap":{},"fnMap":{},"branchMap":{},"s":{},"f":{},"b":{},"meta":{"lastBranch":0,"lastFunction":0,"lastStatement":0,"seen":{}}}
,"C:\\Users\\flavi\\Documents\\Repositorios\\gerenciador-alunos\\client\\src\\assets\\img\\Check.png": {"path":"C:\\Users\\flavi\\Documents\\Repositorios\\gerenciador-alunos\\client\\src\\assets\\img\\Check.png","statementMap":{},"fnMap":{},"branchMap":{},"s":{},"f":{},"b":{},"meta":{"lastBranch":0,"lastFunction":0,"lastStatement":0,"seen":{}}}
,"C:\\Users\\flavi\\Documents\\Repositorios\\gerenciador-alunos\\client\\src\\assets\\img\\Logo.png": {"path":"C:\\Users\\flavi\\Documents\\Repositorios\\gerenciador-alunos\\client\\src\\assets\\img\\Logo.png","statementMap":{},"fnMap":{},"branchMap":{},"s":{},"f":{},"b":{},"meta":{"lastBranch":0,"lastFunction":0,"lastStatement":0,"seen":{}}}
,"C:\\Users\\flavi\\Documents\\Repositorios\\gerenciador-alunos\\client\\src\\assets\\img\\Trash.png": {"path":"C:\\Users\\flavi\\Documents\\Repositorios\\gerenciador-alunos\\client\\src\\assets\\img\\Trash.png","statementMap":{},"fnMap":{},"branchMap":{},"s":{},"f":{},"b":{},"meta":{"lastBranch":0,"lastFunction":0,"lastStatement":0,"seen":{}}}
,"C:\\Users\\flavi\\Documents\\Repositorios\\gerenciador-alunos\\client\\src\\components\\AddButton.jsx": {"path":"C:\\Users\\flavi\\Documents\\Repositorios\\gerenciador-alunos\\client\\src\\components\\AddButton.jsx","statementMap":{"0":{"start":{"line":5,"column":25},"end":{"line":22,"column":null}},"1":{"start":{"line":6,"column":2},"end":{"line":20,"column":null}}},"fnMap":{"0":{"name":"(anonymous_0)","decl":{"start":{"line":5,"column":25},"end":{"line":5,"column":26}},"loc":{"start":{"line":5,"column":51},"end":{"line":22,"column":null}},"line":5}},"branchMap":{"0":{"loc":{"start":{"line":5,"column":28},"end":{"line":5,"column":45}},"type":"default-arg","locations":[{"start":{"line":5,"column":35},"end":{"line":5,"column":45}}],"line":5},"1":{"loc":{"start":{"line":8,"column":10},"end":{"line":8,"column":null}},"type":"cond-expr","locations":[{"start":{"line":8,"column":31},"end":{"line":8,"column":51}},{"start":{"line":8,"column":51},"end":{"line":8,"column":null}}],"line":8},"2":{"loc":{"start":{"line":13,"column":9},"end":{"line":16,"column":null}},"type":"cond-expr","locations":[{"start":{"line":14,"column":10},"end":{"line":14,"column":null}},{"start":{"line":16,"column":10},"end":{"line":16,"column":null}}],"line":13}},"s":{"0":2,"1":5},"f":{"0":5},"b":{"0":[5],"1":[3,2],"2":[3,2]},"meta":{"lastBranch":3,"lastFunction":1,"lastStatement":2,"seen":{"s:5:25:22:Infinity":0,"f:5:25:5:26":0,"b:5:35:5:45":0,"s:6:2:20:Infinity":1,"b:8:31:8:51:8:51:8:Infinity":1,"b:14:10:14:Infinity:16:10:16:Infinity":2}}}
,"C:\\Users\\flavi\\Documents\\Repositorios\\gerenciador-alunos\\client\\src\\components\\ConfirmationModal.jsx": {"path":"C:\\Users\\flavi\\Documents\\Repositorios\\gerenciador-alunos\\client\\src\\components\\ConfirmationModal.jsx","statementMap":{"0":{"start":{"line":1,"column":33},"end":{"line":26,"column":null}},"1":{"start":{"line":2,"column":2},"end":{"line":2,"column":null}},"2":{"start":{"line":2,"column":15},"end":{"line":2,"column":null}},"3":{"start":{"line":4,"column":2},"end":{"line":24,"column":null}}},"fnMap":{"0":{"name":"(anonymous_0)","decl":{"start":{"line":1,"column":33},"end":{"line":1,"column":34}},"loc":{"start":{"line":1,"column":69},"end":{"line":26,"column":null}},"line":1}},"branchMap":{"0":{"loc":{"start":{"line":2,"column":2},"end":{"line":2,"column":null}},"type":"if","locations":[{"start":{"line":2,"column":2},"end":{"line":2,"column":null}},{"start":{},"end":{}}],"line":2}},"s":{"0":3,"1":35,"2":35,"3":0},"f":{"0":35},"b":{"0":[35,0]},"meta":{"lastBranch":1,"lastFunction":1,"lastStatement":4,"seen":{"s:1:33:26:Infinity":0,"f:1:33:1:34":0,"b:2:2:2:Infinity:undefined:undefined:undefined:undefined":0,"s:2:2:2:Infinity":1,"s:2:15:2:Infinity":2,"s:4:2:24:Infinity":3}}}
,"C:\\Users\\flavi\\Documents\\Repositorios\\gerenciador-alunos\\client\\src\\components\\Course.jsx": {"path":"C:\\Users\\flavi\\Documents\\Repositorios\\gerenciador-alunos\\client\\src\\components\\Course.jsx","statementMap":{"0":{"start":{"line":10,"column":22},"end":{"line":61,"column":null}},"1":{"start":{"line":11,"column":34},"end":{"line":11,"column":null}},"2":{"start":{"line":13,"column":28},"end":{"line":15,"column":null}},"3":{"start":{"line":14,"column":4},"end":{"line":14,"column":null}},"4":{"start":{"line":17,"column":24},"end":{"line":27,"column":null}},"5":{"start":{"line":18,"column":4},"end":{"line":26,"column":null}},"6":{"start":{"line":19,"column":6},"end":{"line":19,"column":null}},"7":{"start":{"line":20,"column":6},"end":{"line":20,"column":null}},"8":{"start":{"line":21,"column":6},"end":{"line":21,"column":null}},"9":{"start":{"line":21,"column":27},"end":{"line":21,"column":null}},"10":{"start":{"line":23,"column":6},"end":{"line":23,"column":null}},"11":{"start":{"line":25,"column":6},"end":{"line":25,"column":null}},"12":{"start":{"line":29,"column":2},"end":{"line":59,"column":null}},"13":{"start":{"line":54,"column":25},"end":{"line":54,"column":null}}},"fnMap":{"0":{"name":"(anonymous_0)","decl":{"start":{"line":10,"column":22},"end":{"line":10,"column":23}},"loc":{"start":{"line":10,"column":55},"end":{"line":61,"column":null}},"line":10},"1":{"name":"(anonymous_1)","decl":{"start":{"line":13,"column":28},"end":{"line":13,"column":34}},"loc":{"start":{"line":13,"column":34},"end":{"line":15,"column":null}},"line":13},"2":{"name":"(anonymous_2)","decl":{"start":{"line":17,"column":24},"end":{"line":17,"column":36}},"loc":{"start":{"line":17,"column":36},"end":{"line":27,"column":null}},"line":17},"3":{"name":"(anonymous_3)","decl":{"start":{"line":54,"column":19},"end":{"line":54,"column":25}},"loc":{"start":{"line":54,"column":25},"end":{"line":54,"column":null}},"line":54}},"branchMap":{"0":{"loc":{"start":{"line":21,"column":6},"end":{"line":21,"column":null}},"type":"if","locations":[{"start":{"line":21,"column":6},"end":{"line":21,"column":null}},{"start":{},"end":{}}],"line":21}},"s":{"0":1,"1":0,"2":0,"3":0,"4":0,"5":0,"6":0,"7":0,"8":0,"9":0,"10":0,"11":0,"12":0,"13":0},"f":{"0":0,"1":0,"2":0,"3":0},"b":{"0":[0,0]},"meta":{"lastBranch":1,"lastFunction":4,"lastStatement":14,"seen":{"s:10:22:61:Infinity":0,"f:10:22:10:23":0,"s:11:34:11:Infinity":1,"s:13:28:15:Infinity":2,"f:13:28:13:34":1,"s:14:4:14:Infinity":3,"s:17:24:27:Infinity":4,"f:17:24:17:36":2,"s:18:4:26:Infinity":5,"s:19:6:19:Infinity":6,"s:20:6:20:Infinity":7,"b:21:6:21:Infinity:undefined:undefined:undefined:undefined":0,"s:21:6:21:Infinity":8,"s:21:27:21:Infinity":9,"s:23:6:23:Infinity":10,"s:25:6:25:Infinity":11,"s:29:2:59:Infinity":12,"f:54:19:54:25":3,"s:54:25:54:Infinity":13}}}
,"C:\\Users\\flavi\\Documents\\Repositorios\\gerenciador-alunos\\client\\src\\components\\CourseList.jsx": {"path":"C:\\Users\\flavi\\Documents\\Repositorios\\gerenciador-alunos\\client\\src\\components\\CourseList.jsx","statementMap":{"0":{"start":{"line":6,"column":26},"end":{"line":73,"column":null}},"1":{"start":{"line":7,"column":36},"end":{"line":7,"column":null}},"2":{"start":{"line":8,"column":32},"end":{"line":8,"column":null}},"3":{"start":{"line":9,"column":23},"end":{"line":9,"column":null}},"4":{"start":{"line":11,"column":30},"end":{"line":13,"column":null}},"5":{"start":{"line":12,"column":4},"end":{"line":12,"column":null}},"6":{"start":{"line":12,"column":21},"end":{"line":12,"column":50}},"7":{"start":{"line":12,"column":38},"end":{"line":12,"column":49}},"8":{"start":{"line":15,"column":26},"end":{"line":17,"column":null}},"9":{"start":{"line":16,"column":4},"end":{"line":16,"column":null}},"10":{"start":{"line":16,"column":33},"end":{"line":16,"column":70}},"11":{"start":{"line":19,"column":22},"end":{"line":27,"column":null}},"12":{"start":{"line":20,"column":18},"end":{"line":20,"column":null}},"13":{"start":{"line":21,"column":18},"end":{"line":21,"column":null}},"14":{"start":{"line":22,"column":4},"end":{"line":22,"column":null}},"15":{"start":{"line":22,"column":26},"end":{"line":22,"column":null}},"16":{"start":{"line":23,"column":4},"end":{"line":23,"column":null}},"17":{"start":{"line":23,"column":16},"end":{"line":23,"column":null}},"18":{"start":{"line":24,"column":4},"end":{"line":24,"column":null}},"19":{"start":{"line":24,"column":16},"end":{"line":24,"column":null}},"20":{"start":{"line":25,"column":23},"end":{"line":25,"column":null}},"21":{"start":{"line":26,"column":4},"end":{"line":26,"column":null}},"22":{"start":{"line":29,"column":8},"end":{"line":29,"column":null}},"23":{"start":{"line":30,"column":23},"end":{"line":30,"column":null}},"24":{"start":{"line":32,"column":2},"end":{"line":71,"column":null}},"25":{"start":{"line":58,"column":12},"end":{"line":62,"column":null}}},"fnMap":{"0":{"name":"(anonymous_0)","decl":{"start":{"line":6,"column":26},"end":{"line":6,"column":27}},"loc":{"start":{"line":6,"column":64},"end":{"line":73,"column":null}},"line":6},"1":{"name":"(anonymous_1)","decl":{"start":{"line":11,"column":30},"end":{"line":11,"column":31}},"loc":{"start":{"line":11,"column":38},"end":{"line":13,"column":null}},"line":11},"2":{"name":"(anonymous_2)","decl":{"start":{"line":12,"column":13},"end":{"line":12,"column":21}},"loc":{"start":{"line":12,"column":21},"end":{"line":12,"column":50}},"line":12},"3":{"name":"(anonymous_3)","decl":{"start":{"line":12,"column":33},"end":{"line":12,"column":38}},"loc":{"start":{"line":12,"column":38},"end":{"line":12,"column":49}},"line":12},"4":{"name":"(anonymous_4)","decl":{"start":{"line":15,"column":26},"end":{"line":15,"column":32}},"loc":{"start":{"line":15,"column":32},"end":{"line":17,"column":null}},"line":15},"5":{"name":"(anonymous_5)","decl":{"start":{"line":16,"column":17},"end":{"line":16,"column":18}},"loc":{"start":{"line":16,"column":33},"end":{"line":16,"column":70}},"line":16},"6":{"name":"(anonymous_6)","decl":{"start":{"line":19,"column":46},"end":{"line":19,"column":47}},"loc":{"start":{"line":19,"column":56},"end":{"line":27,"column":3}},"line":19},"7":{"name":"(anonymous_7)","decl":{"start":{"line":57,"column":28},"end":{"line":57,"column":29}},"loc":{"start":{"line":58,"column":12},"end":{"line":62,"column":null}},"line":58}},"branchMap":{"0":{"loc":{"start":{"line":6,"column":29},"end":{"line":6,"column":49}},"type":"default-arg","locations":[{"start":{"line":6,"column":45},"end":{"line":6,"column":49}}],"line":6},"1":{"loc":{"start":{"line":16,"column":33},"end":{"line":16,"column":70}},"type":"cond-expr","locations":[{"start":{"line":16,"column":55},"end":{"line":16,"column":64}},{"start":{"line":16,"column":64},"end":{"line":16,"column":70}}],"line":16},"2":{"loc":{"start":{"line":20,"column":18},"end":{"line":20,"column":null}},"type":"binary-expr","locations":[{"start":{"line":20,"column":18},"end":{"line":20,"column":36}},{"start":{"line":20,"column":36},"end":{"line":20,"column":null}}],"line":20},"3":{"loc":{"start":{"line":21,"column":18},"end":{"line":21,"column":null}},"type":"binary-expr","locations":[{"start":{"line":21,"column":18},"end":{"line":21,"column":36}},{"start":{"line":21,"column":36},"end":{"line":21,"column":null}}],"line":21},"4":{"loc":{"start":{"line":22,"column":4},"end":{"line":22,"column":null}},"type":"if","locations":[{"start":{"line":22,"column":4},"end":{"line":22,"column":null}},{"start":{},"end":{}}],"line":22},"5":{"loc":{"start":{"line":22,"column":8},"end":{"line":22,"column":26}},"type":"binary-expr","locations":[{"start":{"line":22,"column":8},"end":{"line":22,"column":18}},{"start":{"line":22,"column":18},"end":{"line":22,"column":26}}],"line":22},"6":{"loc":{"start":{"line":23,"column":4},"end":{"line":23,"column":null}},"type":"if","locations":[{"start":{"line":23,"column":4},"end":{"line":23,"column":null}},{"start":{},"end":{}}],"line":23},"7":{"loc":{"start":{"line":23,"column":23},"end":{"line":23,"column":null}},"type":"cond-expr","locations":[{"start":{"line":23,"column":45},"end":{"line":23,"column":49}},{"start":{"line":23,"column":49},"end":{"line":23,"column":null}}],"line":23},"8":{"loc":{"start":{"line":24,"column":4},"end":{"line":24,"column":null}},"type":"if","locations":[{"start":{"line":24,"column":4},"end":{"line":24,"column":null}},{"start":{},"end":{}}],"line":24},"9":{"loc":{"start":{"line":24,"column":23},"end":{"line":24,"column":null}},"type":"cond-expr","locations":[{"start":{"line":24,"column":45},"end":{"line":24,"column":50}},{"start":{"line":24,"column":50},"end":{"line":24,"column":null}}],"line":24},"10":{"loc":{"start":{"line":26,"column":11},"end":{"line":26,"column":null}},"type":"cond-expr","locations":[{"start":{"line":26,"column":33},"end":{"line":26,"column":46}},{"start":{"line":26,"column":46},"end":{"line":26,"column":null}}],"line":26},"11":{"loc":{"start":{"line":40,"column":17},"end":{"line":49,"column":null}},"type":"cond-expr","locations":[{"start":{"line":41,"column":18},"end":{"line":44,"column":null}},{"start":{"line":46,"column":18},"end":{"line":49,"column":null}}],"line":40}},"s":{"0":1,"1":0,"2":0,"3":0,"4":0,"5":0,"6":0,"7":0,"8":0,"9":0,"10":0,"11":0,"12":0,"13":0,"14":0,"15":0,"16":0,"17":0,"18":0,"19":0,"20":0,"21":0,"22":0,"23":0,"24":0,"25":0},"f":{"0":0,"1":0,"2":0,"3":0,"4":0,"5":0,"6":0,"7":0},"b":{"0":[0],"1":[0,0],"2":[0,0],"3":[0,0],"4":[0,0],"5":[0,0],"6":[0,0],"7":[0,0],"8":[0,0],"9":[0,0],"10":[0,0],"11":[0,0]},"meta":{"lastBranch":12,"lastFunction":8,"lastStatement":26,"seen":{"s:6:26:73:Infinity":0,"f:6:26:6:27":0,"b:6:45:6:49":0,"s:7:36:7:Infinity":1,"s:8:32:8:Infinity":2,"s:9:23:9:Infinity":3,"s:11:30:13:Infinity":4,"f:11:30:11:31":1,"s:12:4:12:Infinity":5,"f:12:13:12:21":2,"s:12:21:12:50":6,"f:12:33:12:38":3,"s:12:38:12:49":7,"s:15:26:17:Infinity":8,"f:15:26:15:32":4,"s:16:4:16:Infinity":9,"f:16:17:16:18":5,"s:16:33:16:70":10,"b:16:55:16:64:16:64:16:70":1,"s:19:22:27:Infinity":11,"f:19:46:19:47":6,"s:20:18:20:Infinity":12,"b:20:18:20:36:20:36:20:Infinity":2,"s:21:18:21:Infinity":13,"b:21:18:21:36:21:36:21:Infinity":3,"b:22:4:22:Infinity:undefined:undefined:undefined:undefined":4,"s:22:4:22:Infinity":14,"b:22:8:22:18:22:18:22:26":5,"s:22:26:22:Infinity":15,"b:23:4:23:Infinity:undefined:undefined:undefined:undefined":6,"s:23:4:23:Infinity":16,"s:23:16:23:Infinity":17,"b:23:45:23:49:23:49:23:Infinity":7,"b:24:4:24:Infinity:undefined:undefined:undefined:undefined":8,"s:24:4:24:Infinity":18,"s:24:16:24:Infinity":19,"b:24:45:24:50:24:50:24:Infinity":9,"s:25:23:25:Infinity":20,"s:26:4:26:Infinity":21,"b:26:33:26:46:26:46:26:Infinity":10,"s:29:8:29:Infinity":22,"s:30:23:30:Infinity":23,"s:32:2:71:Infinity":24,"b:41:18:44:Infinity:46:18:49:Infinity":11,"f:57:28:57:29":7,"s:58:12:62:Infinity":25}}}
,"C:\\Users\\flavi\\Documents\\Repositorios\\gerenciador-alunos\\client\\src\\components\\Enrollment.jsx": {"path":"C:\\Users\\flavi\\Documents\\Repositorios\\gerenciador-alunos\\client\\src\\components\\Enrollment.jsx","statementMap":{"0":{"start":{"line":3,"column":26},"end":{"line":67,"column":null}},"1":{"start":{"line":13,"column":2},"end":{"line":65,"column":null}},"2":{"start":{"line":23,"column":27},"end":{"line":23,"column":null}},"3":{"start":{"line":29,"column":25},"end":{"line":29,"column":71}},"4":{"start":{"line":29,"column":56},"end":{"line":29,"column":70}},"5":{"start":{"line":31,"column":14},"end":{"line":33,"column":null}},"6":{"start":{"line":49,"column":29},"end":{"line":49,"column":null}}},"fnMap":{"0":{"name":"(anonymous_0)","decl":{"start":{"line":3,"column":26},"end":{"line":3,"column":27}},"loc":{"start":{"line":12,"column":6},"end":{"line":67,"column":null}},"line":12},"1":{"name":"(anonymous_1)","decl":{"start":{"line":23,"column":20},"end":{"line":23,"column":21}},"loc":{"start":{"line":23,"column":27},"end":{"line":23,"column":null}},"line":23},"2":{"name":"(anonymous_2)","decl":{"start":{"line":29,"column":20},"end":{"line":29,"column":25}},"loc":{"start":{"line":29,"column":25},"end":{"line":29,"column":71}},"line":29},"3":{"name":"(anonymous_3)","decl":{"start":{"line":29,"column":50},"end":{"line":29,"column":56}},"loc":{"start":{"line":29,"column":56},"end":{"line":29,"column":70}},"line":29},"4":{"name":"(anonymous_4)","decl":{"start":{"line":30,"column":17},"end":{"line":30,"column":18}},"loc":{"start":{"line":31,"column":14},"end":{"line":33,"column":null}},"line":31},"5":{"name":"(anonymous_5)","decl":{"start":{"line":49,"column":22},"end":{"line":49,"column":23}},"loc":{"start":{"line":49,"column":29},"end":{"line":49,"column":null}},"line":49}},"branchMap":{"0":{"loc":{"start":{"line":4,"column":2},"end":{"line":4,"column":null}},"type":"default-arg","locations":[{"start":{"line":4,"column":12},"end":{"line":4,"column":null}}],"line":4},"1":{"loc":{"start":{"line":5,"column":2},"end":{"line":5,"column":null}},"type":"default-arg","locations":[{"start":{"line":5,"column":15},"end":{"line":5,"column":null}}],"line":5},"2":{"loc":{"start":{"line":28,"column":12},"end":{"line":28,"column":null}},"type":"binary-expr","locations":[{"start":{"line":28,"column":12},"end":{"line":28,"column":23}},{"start":{"line":28,"column":23},"end":{"line":28,"column":null}}],"line":28},"3":{"loc":{"start":{"line":29,"column":27},"end":{"line":29,"column":45}},"type":"binary-expr","locations":[{"start":{"line":29,"column":27},"end":{"line":29,"column":41}},{"start":{"line":29,"column":41},"end":{"line":29,"column":45}}],"line":29}},"s":{"0":2,"1":18,"2":0,"3":0,"4":0,"5":0,"6":0},"f":{"0":18,"1":0,"2":0,"3":0,"4":0,"5":0},"b":{"0":[18],"1":[18],"2":[18,0],"3":[0,0]},"meta":{"lastBranch":4,"lastFunction":6,"lastStatement":7,"seen":{"s:3:26:67:Infinity":0,"f:3:26:3:27":0,"b:4:12:4:Infinity":0,"b:5:15:5:Infinity":1,"s:13:2:65:Infinity":1,"f:23:20:23:21":1,"s:23:27:23:Infinity":2,"b:28:12:28:23:28:23:28:Infinity":2,"f:29:20:29:25":2,"s:29:25:29:71":3,"b:29:27:29:41:29:41:29:45":3,"f:29:50:29:56":3,"s:29:56:29:70":4,"f:30:17:30:18":4,"s:31:14:33:Infinity":5,"f:49:22:49:23":5,"s:49:29:49:Infinity":6}}}
,"C:\\Users\\flavi\\Documents\\Repositorios\\gerenciador-alunos\\client\\src\\components\\Header.jsx": {"path":"C:\\Users\\flavi\\Documents\\Repositorios\\gerenciador-alunos\\client\\src\\components\\Header.jsx","statementMap":{"0":{"start":{"line":10,"column":22},"end":{"line":71,"column":null}},"1":{"start":{"line":11,"column":36},"end":{"line":11,"column":null}},"2":{"start":{"line":12,"column":8},"end":{"line":12,"column":null}},"3":{"start":{"line":13,"column":32},"end":{"line":13,"column":null}},"4":{"start":{"line":15,"column":17},"end":{"line":15,"column":null}},"5":{"start":{"line":17,"column":23},"end":{"line":20,"column":null}},"6":{"start":{"line":18,"column":4},"end":{"line":18,"column":null}},"7":{"start":{"line":18,"column":27},"end":{"line":18,"column":null}},"8":{"start":{"line":19,"column":4},"end":{"line":19,"column":null}},"9":{"start":{"line":22,"column":2},"end":{"line":28,"column":null}},"10":{"start":{"line":23,"column":4},"end":{"line":27,"column":null}},"11":{"start":{"line":24,"column":6},"end":{"line":24,"column":null}},"12":{"start":{"line":25,"column":4},"end":{"line":27,"column":null}},"13":{"start":{"line":26,"column":6},"end":{"line":26,"column":null}},"14":{"start":{"line":30,"column":2},"end":{"line":69,"column":null}},"15":{"start":{"line":54,"column":29},"end":{"line":54,"column":null}},"16":{"start":{"line":66,"column":23},"end":{"line":66,"column":null}}},"fnMap":{"0":{"name":"(anonymous_0)","decl":{"start":{"line":10,"column":22},"end":{"line":10,"column":28}},"loc":{"start":{"line":10,"column":28},"end":{"line":71,"column":null}},"line":10},"1":{"name":"(anonymous_1)","decl":{"start":{"line":17,"column":23},"end":{"line":17,"column":35}},"loc":{"start":{"line":17,"column":35},"end":{"line":20,"column":null}},"line":17},"2":{"name":"(anonymous_2)","decl":{"start":{"line":22,"column":12},"end":{"line":22,"column":18}},"loc":{"start":{"line":22,"column":18},"end":{"line":28,"column":5}},"line":22},"3":{"name":"(anonymous_3)","decl":{"start":{"line":54,"column":23},"end":{"line":54,"column":29}},"loc":{"start":{"line":54,"column":29},"end":{"line":54,"column":null}},"line":54},"4":{"name":"(anonymous_4)","decl":{"start":{"line":66,"column":17},"end":{"line":66,"column":23}},"loc":{"start":{"line":66,"column":23},"end":{"line":66,"column":null}},"line":66}},"branchMap":{"0":{"loc":{"start":{"line":15,"column":17},"end":{"line":15,"column":null}},"type":"binary-expr","locations":[{"start":{"line":15,"column":17},"end":{"line":15,"column":52}},{"start":{"line":15,"column":52},"end":{"line":15,"column":null}}],"line":15},"1":{"loc":{"start":{"line":18,"column":4},"end":{"line":18,"column":null}},"type":"if","locations":[{"start":{"line":18,"column":4},"end":{"line":18,"column":null}},{"start":{},"end":{}}],"line":18},"2":{"loc":{"start":{"line":23,"column":4},"end":{"line":27,"column":null}},"type":"if","locations":[{"start":{"line":23,"column":4},"end":{"line":27,"column":null}},{"start":{"line":25,"column":4},"end":{"line":27,"column":null}}],"line":23},"3":{"loc":{"start":{"line":25,"column":4},"end":{"line":27,"column":null}},"type":"if","locations":[{"start":{"line":25,"column":4},"end":{"line":27,"column":null}},{"start":{},"end":{}}],"line":25},"4":{"loc":{"start":{"line":34,"column":11},"end":{"line":37,"column":null}},"type":"binary-expr","locations":[{"start":{"line":34,"column":11},"end":{"line":34,"column":null}},{"start":{"line":35,"column":12},"end":{"line":37,"column":null}}],"line":34},"5":{"loc":{"start":{"line":39,"column":20},"end":{"line":39,"column":null}},"type":"cond-expr","locations":[{"start":{"line":39,"column":29},"end":{"line":39,"column":49}},{"start":{"line":39,"column":49},"end":{"line":39,"column":null}}],"line":39},"6":{"loc":{"start":{"line":49,"column":9},"end":{"line":59,"column":null}},"type":"cond-expr","locations":[{"start":{"line":50,"column":10},"end":{"line":50,"column":null}},{"start":{"line":52,"column":10},"end":{"line":59,"column":null}}],"line":49},"7":{"loc":{"start":{"line":52,"column":10},"end":{"line":59,"column":null}},"type":"binary-expr","locations":[{"start":{"line":52,"column":10},"end":{"line":52,"column":null}},{"start":{"line":53,"column":12},"end":{"line":59,"column":null}}],"line":52}},"s":{"0":2,"1":17,"2":17,"3":17,"4":17,"5":17,"6":0,"7":0,"8":0,"9":17,"10":10,"11":6,"12":4,"13":1,"14":17,"15":0,"16":0},"f":{"0":17,"1":0,"2":10,"3":0,"4":0},"b":{"0":[17,5],"1":[0,0],"2":[6,4],"3":[1,3],"4":[17,3],"5":[14,3],"6":[14,3],"7":[3,0]},"meta":{"lastBranch":8,"lastFunction":5,"lastStatement":17,"seen":{"s:10:22:71:Infinity":0,"f:10:22:10:28":0,"s:11:36:11:Infinity":1,"s:12:8:12:Infinity":2,"s:13:32:13:Infinity":3,"s:15:17:15:Infinity":4,"b:15:17:15:52:15:52:15:Infinity":0,"s:17:23:20:Infinity":5,"f:17:23:17:35":1,"b:18:4:18:Infinity:undefined:undefined:undefined:undefined":1,"s:18:4:18:Infinity":6,"s:18:27:18:Infinity":7,"s:19:4:19:Infinity":8,"s:22:2:28:Infinity":9,"f:22:12:22:18":2,"b:23:4:27:Infinity:25:4:27:Infinity":2,"s:23:4:27:Infinity":10,"s:24:6:24:Infinity":11,"b:25:4:27:Infinity:undefined:undefined:undefined:undefined":3,"s:25:4:27:Infinity":12,"s:26:6:26:Infinity":13,"s:30:2:69:Infinity":14,"b:34:11:34:Infinity:35:12:37:Infinity":4,"b:39:29:39:49:39:49:39:Infinity":5,"b:50:10:50:Infinity:52:10:59:Infinity":6,"b:52:10:52:Infinity:53:12:59:Infinity":7,"f:54:23:54:29":3,"s:54:29:54:Infinity":15,"f:66:17:66:23":4,"s:66:23:66:Infinity":16}}}
,"C:\\Users\\flavi\\Documents\\Repositorios\\gerenciador-alunos\\client\\src\\components\\HeaderToggle.jsx": {"path":"C:\\Users\\flavi\\Documents\\Repositorios\\gerenciador-alunos\\client\\src\\components\\HeaderToggle.jsx","statementMap":{"0":{"start":{"line":3,"column":28},"end":{"line":34,"column":null}},"1":{"start":{"line":4,"column":8},"end":{"line":4,"column":null}},"2":{"start":{"line":5,"column":8},"end":{"line":5,"column":null}},"3":{"start":{"line":7,"column":21},"end":{"line":13,"column":null}},"4":{"start":{"line":8,"column":4},"end":{"line":12,"column":null}},"5":{"start":{"line":9,"column":6},"end":{"line":9,"column":null}},"6":{"start":{"line":11,"column":6},"end":{"line":11,"column":null}},"7":{"start":{"line":15,"column":19},"end":{"line":15,"column":null}},"8":{"start":{"line":17,"column":2},"end":{"line":32,"column":null}}},"fnMap":{"0":{"name":"(anonymous_0)","decl":{"start":{"line":3,"column":28},"end":{"line":3,"column":34}},"loc":{"start":{"line":3,"column":34},"end":{"line":34,"column":null}},"line":3},"1":{"name":"(anonymous_1)","decl":{"start":{"line":7,"column":21},"end":{"line":7,"column":27}},"loc":{"start":{"line":7,"column":27},"end":{"line":13,"column":null}},"line":7}},"branchMap":{"0":{"loc":{"start":{"line":8,"column":4},"end":{"line":12,"column":null}},"type":"if","locations":[{"start":{"line":8,"column":4},"end":{"line":12,"column":null}},{"start":{"line":10,"column":11},"end":{"line":12,"column":null}}],"line":8},"1":{"loc":{"start":{"line":24,"column":12},"end":{"line":24,"column":60}},"type":"cond-expr","locations":[{"start":{"line":24,"column":23},"end":{"line":24,"column":34}},{"start":{"line":24,"column":34},"end":{"line":24,"column":60}}],"line":24}},"s":{"0":2,"1":14,"2":14,"3":14,"4":0,"5":0,"6":0,"7":14,"8":14},"f":{"0":14,"1":0},"b":{"0":[0,0],"1":[12,2]},"meta":{"lastBranch":2,"lastFunction":2,"lastStatement":9,"seen":{"s:3:28:34:Infinity":0,"f:3:28:3:34":0,"s:4:8:4:Infinity":1,"s:5:8:5:Infinity":2,"s:7:21:13:Infinity":3,"f:7:21:7:27":1,"b:8:4:12:Infinity:10:11:12:Infinity":0,"s:8:4:12:Infinity":4,"s:9:6:9:Infinity":5,"s:11:6:11:Infinity":6,"s:15:19:15:Infinity":7,"s:17:2:32:Infinity":8,"b:24:23:24:34:24:34:24:60":1}}}
,"C:\\Users\\flavi\\Documents\\Repositorios\\gerenciador-alunos\\client\\src\\components\\InputField.jsx": {"path":"C:\\Users\\flavi\\Documents\\Repositorios\\gerenciador-alunos\\client\\src\\components\\InputField.jsx","statementMap":{"0":{"start":{"line":1,"column":26},"end":{"line":23,"column":null}},"1":{"start":{"line":10,"column":2},"end":{"line":21,"column":null}}},"fnMap":{"0":{"name":"(anonymous_0)","decl":{"start":{"line":1,"column":26},"end":{"line":1,"column":27}},"loc":{"start":{"line":9,"column":6},"end":{"line":23,"column":null}},"line":9}},"branchMap":{"0":{"loc":{"start":{"line":4,"column":2},"end":{"line":4,"column":null}},"type":"default-arg","locations":[{"start":{"line":4,"column":9},"end":{"line":4,"column":null}}],"line":4},"1":{"loc":{"start":{"line":20,"column":7},"end":{"line":20,"column":null}},"type":"binary-expr","locations":[{"start":{"line":20,"column":7},"end":{"line":20,"column":16}},{"start":{"line":20,"column":16},"end":{"line":20,"column":null}}],"line":20}},"s":{"0":2,"1":260},"f":{"0":260},"b":{"0":[260],"1":[260,0]},"meta":{"lastBranch":2,"lastFunction":1,"lastStatement":2,"seen":{"s:1:26:23:Infinity":0,"f:1:26:1:27":0,"b:4:9:4:Infinity":0,"s:10:2:21:Infinity":1,"b:20:7:20:16:20:16:20:Infinity":1}}}
,"C:\\Users\\flavi\\Documents\\Repositorios\\gerenciador-alunos\\client\\src\\components\\PageWrapper.jsx": {"path":"C:\\Users\\flavi\\Documents\\Repositorios\\gerenciador-alunos\\client\\src\\components\\PageWrapper.jsx","statementMap":{"0":{"start":{"line":3,"column":27},"end":{"line":23,"column":null}},"1":{"start":{"line":4,"column":28},"end":{"line":4,"column":null}},"2":{"start":{"line":6,"column":2},"end":{"line":13,"column":null}},"3":{"start":{"line":7,"column":20},"end":{"line":7,"column":null}},"4":{"start":{"line":7,"column":37},"end":{"line":7,"column":55}},"5":{"start":{"line":9,"column":4},"end":{"line":12,"column":null}},"6":{"start":{"line":10,"column":6},"end":{"line":10,"column":null}},"7":{"start":{"line":11,"column":6},"end":{"line":11,"column":null}},"8":{"start":{"line":15,"column":2},"end":{"line":21,"column":null}}},"fnMap":{"0":{"name":"(anonymous_0)","decl":{"start":{"line":3,"column":27},"end":{"line":3,"column":28}},"loc":{"start":{"line":3,"column":45},"end":{"line":23,"column":null}},"line":3},"1":{"name":"(anonymous_1)","decl":{"start":{"line":6,"column":12},"end":{"line":6,"column":18}},"loc":{"start":{"line":6,"column":18},"end":{"line":13,"column":5}},"line":6},"2":{"name":"(anonymous_2)","decl":{"start":{"line":7,"column":31},"end":{"line":7,"column":37}},"loc":{"start":{"line":7,"column":37},"end":{"line":7,"column":55}},"line":7},"3":{"name":"(anonymous_3)","decl":{"start":{"line":9,"column":11},"end":{"line":9,"column":17}},"loc":{"start":{"line":9,"column":17},"end":{"line":12,"column":null}},"line":9}},"branchMap":{"0":{"loc":{"start":{"line":17,"column":52},"end":{"line":17,"column":null}},"type":"cond-expr","locations":[{"start":{"line":17,"column":62},"end":{"line":17,"column":78}},{"start":{"line":17,"column":78},"end":{"line":17,"column":null}}],"line":17}},"s":{"0":1,"1":0,"2":0,"3":0,"4":0,"5":0,"6":0,"7":0,"8":0},"f":{"0":0,"1":0,"2":0,"3":0},"b":{"0":[0,0]},"meta":{"lastBranch":1,"lastFunction":4,"lastStatement":9,"seen":{"s:3:27:23:Infinity":0,"f:3:27:3:28":0,"s:4:28:4:Infinity":1,"s:6:2:13:Infinity":2,"f:6:12:6:18":1,"s:7:20:7:Infinity":3,"f:7:31:7:37":2,"s:7:37:7:55":4,"s:9:4:12:Infinity":5,"f:9:11:9:17":3,"s:10:6:10:Infinity":6,"s:11:6:11:Infinity":7,"s:15:2:21:Infinity":8,"b:17:62:17:78:17:78:17:Infinity":0}}}
,"C:\\Users\\flavi\\Documents\\Repositorios\\gerenciador-alunos\\client\\src\\components\\Pagination.jsx": {"path":"C:\\Users\\flavi\\Documents\\Repositorios\\gerenciador-alunos\\client\\src\\components\\Pagination.jsx","statementMap":{"0":{"start":{"line":3,"column":26},"end":{"line":69,"column":null}},"1":{"start":{"line":4,"column":25},"end":{"line":8,"column":null}},"2":{"start":{"line":5,"column":4},"end":{"line":7,"column":null}},"3":{"start":{"line":6,"column":6},"end":{"line":6,"column":null}},"4":{"start":{"line":10,"column":21},"end":{"line":14,"column":null}},"5":{"start":{"line":11,"column":4},"end":{"line":13,"column":null}},"6":{"start":{"line":12,"column":6},"end":{"line":12,"column":null}},"7":{"start":{"line":16,"column":28},"end":{"line":46,"column":null}},"8":{"start":{"line":17,"column":18},"end":{"line":17,"column":null}},"9":{"start":{"line":18,"column":4},"end":{"line":44,"column":null}},"10":{"start":{"line":18,"column":17},"end":{"line":18,"column":20}},"11":{"start":{"line":19,"column":6},"end":{"line":43,"column":null}},"12":{"start":{"line":24,"column":8},"end":{"line":33,"column":null}},"13":{"start":{"line":27,"column":27},"end":{"line":27,"column":null}},"14":{"start":{"line":34,"column":6},"end":{"line":43,"column":null}},"15":{"start":{"line":38,"column":8},"end":{"line":42,"column":null}},"16":{"start":{"line":45,"column":4},"end":{"line":45,"column":null}},"17":{"start":{"line":48,"column":2},"end":{"line":67,"column":null}}},"fnMap":{"0":{"name":"(anonymous_0)","decl":{"start":{"line":3,"column":26},"end":{"line":3,"column":27}},"loc":{"start":{"line":3,"column":73},"end":{"line":69,"column":null}},"line":3},"1":{"name":"(anonymous_1)","decl":{"start":{"line":4,"column":25},"end":{"line":4,"column":31}},"loc":{"start":{"line":4,"column":31},"end":{"line":8,"column":null}},"line":4},"2":{"name":"(anonymous_2)","decl":{"start":{"line":10,"column":21},"end":{"line":10,"column":27}},"loc":{"start":{"line":10,"column":27},"end":{"line":14,"column":null}},"line":10},"3":{"name":"(anonymous_3)","decl":{"start":{"line":16,"column":28},"end":{"line":16,"column":34}},"loc":{"start":{"line":16,"column":34},"end":{"line":46,"column":null}},"line":16},"4":{"name":"(anonymous_4)","decl":{"start":{"line":27,"column":21},"end":{"line":27,"column":27}},"loc":{"start":{"line":27,"column":27},"end":{"line":27,"column":null}},"line":27}},"branchMap":{"0":{"loc":{"start":{"line":5,"column":4},"end":{"line":7,"column":null}},"type":"if","locations":[{"start":{"line":5,"column":4},"end":{"line":7,"column":null}},{"start":{},"end":{}}],"line":5},"1":{"loc":{"start":{"line":11,"column":4},"end":{"line":13,"column":null}},"type":"if","locations":[{"start":{"line":11,"column":4},"end":{"line":13,"column":null}},{"start":{},"end":{}}],"line":11},"2":{"loc":{"start":{"line":19,"column":6},"end":{"line":43,"column":null}},"type":"if","locations":[{"start":{"line":19,"column":6},"end":{"line":43,"column":null}},{"start":{"line":34,"column":6},"end":{"line":43,"column":null}}],"line":19},"3":{"loc":{"start":{"line":20,"column":8},"end":{"line":22,"column":null}},"type":"binary-expr","locations":[{"start":{"line":20,"column":8},"end":{"line":20,"column":null}},{"start":{"line":21,"column":8},"end":{"line":21,"column":null}},{"start":{"line":22,"column":9},"end":{"line":22,"column":33}},{"start":{"line":22,"column":33},"end":{"line":22,"column":null}}],"line":20},"4":{"loc":{"start":{"line":28,"column":72},"end":{"line":28,"column":null}},"type":"cond-expr","locations":[{"start":{"line":28,"column":92},"end":{"line":28,"column":129}},{"start":{"line":28,"column":129},"end":{"line":28,"column":null}}],"line":28},"5":{"loc":{"start":{"line":34,"column":6},"end":{"line":43,"column":null}},"type":"if","locations":[{"start":{"line":34,"column":6},"end":{"line":43,"column":null}},{"start":{},"end":{}}],"line":34},"6":{"loc":{"start":{"line":34,"column":6},"end":{"line":36,"column":null}},"type":"binary-expr","locations":[{"start":{"line":35,"column":9},"end":{"line":35,"column":34}},{"start":{"line":35,"column":34},"end":{"line":35,"column":null}},{"start":{"line":36,"column":8},"end":{"line":36,"column":null}}],"line":34}},"s":{"0":1,"1":1,"2":0,"3":0,"4":1,"5":0,"6":0,"7":1,"8":1,"9":1,"10":1,"11":0,"12":0,"13":0,"14":0,"15":0,"16":0,"17":1},"f":{"0":1,"1":0,"2":0,"3":1,"4":0},"b":{"0":[0,0],"1":[0,0],"2":[0,0],"3":[0,0,0,0],"4":[0,0],"5":[0,0],"6":[0,0,0]},"meta":{"lastBranch":7,"lastFunction":5,"lastStatement":18,"seen":{"s:3:26:69:Infinity":0,"f:3:26:3:27":0,"s:4:25:8:Infinity":1,"f:4:25:4:31":1,"b:5:4:7:Infinity:undefined:undefined:undefined:undefined":0,"s:5:4:7:Infinity":2,"s:6:6:6:Infinity":3,"s:10:21:14:Infinity":4,"f:10:21:10:27":2,"b:11:4:13:Infinity:undefined:undefined:undefined:undefined":1,"s:11:4:13:Infinity":5,"s:12:6:12:Infinity":6,"s:16:28:46:Infinity":7,"f:16:28:16:34":3,"s:17:18:17:Infinity":8,"s:18:4:44:Infinity":9,"s:18:17:18:20":10,"b:19:6:43:Infinity:34:6:43:Infinity":2,"s:19:6:43:Infinity":11,"b:20:8:20:Infinity:21:8:21:Infinity:22:9:22:33:22:33:22:Infinity":3,"s:24:8:33:Infinity":12,"f:27:21:27:27":4,"s:27:27:27:Infinity":13,"b:28:92:28:129:28:129:28:Infinity":4,"b:34:6:43:Infinity:undefined:undefined:undefined:undefined":5,"s:34:6:43:Infinity":14,"b:35:9:35:34:35:34:35:Infinity:36:8:36:Infinity":6,"s:38:8:42:Infinity":15,"s:45:4:45:Infinity":16,"s:48:2:67:Infinity":17}}}
,"C:\\Users\\flavi\\Documents\\Repositorios\\gerenciador-alunos\\client\\src\\components\\SearchBar.jsx": {"path":"C:\\Users\\flavi\\Documents\\Repositorios\\gerenciador-alunos\\client\\src\\components\\SearchBar.jsx","statementMap":{"0":{"start":{"line":4,"column":25},"end":{"line":15,"column":null}},"1":{"start":{"line":5,"column":2},"end":{"line":13,"column":null}}},"fnMap":{"0":{"name":"(anonymous_0)","decl":{"start":{"line":4,"column":25},"end":{"line":4,"column":26}},"loc":{"start":{"line":4,"column":70},"end":{"line":15,"column":null}},"line":4}},"branchMap":{"0":{"loc":{"start":{"line":4,"column":47},"end":{"line":4,"column":64}},"type":"default-arg","locations":[{"start":{"line":4,"column":54},"end":{"line":4,"column":64}}],"line":4},"1":{"loc":{"start":{"line":10,"column":21},"end":{"line":10,"column":null}},"type":"cond-expr","locations":[{"start":{"line":10,"column":42},"end":{"line":10,"column":63}},{"start":{"line":10,"column":63},"end":{"line":10,"column":null}}],"line":10}},"s":{"0":2,"1":5},"f":{"0":5},"b":{"0":[5],"1":[3,2]},"meta":{"lastBranch":2,"lastFunction":1,"lastStatement":2,"seen":{"s:4:25:15:Infinity":0,"f:4:25:4:26":0,"b:4:54:4:64":0,"s:5:2:13:Infinity":1,"b:10:42:10:63:10:63:10:Infinity":1}}}
,"C:\\Users\\flavi\\Documents\\Repositorios\\gerenciador-alunos\\client\\src\\components\\SearchInput.jsx": {"path":"C:\\Users\\flavi\\Documents\\Repositorios\\gerenciador-alunos\\client\\src\\components\\SearchInput.jsx","statementMap":{"0":{"start":{"line":3,"column":27},"end":{"line":21,"column":null}},"1":{"start":{"line":5,"column":2},"end":{"line":19,"column":null}},"2":{"start":{"line":12,"column":25},"end":{"line":12,"column":null}}},"fnMap":{"0":{"name":"(anonymous_0)","decl":{"start":{"line":3,"column":27},"end":{"line":3,"column":28}},"loc":{"start":{"line":3,"column":67},"end":{"line":21,"column":null}},"line":3},"1":{"name":"(anonymous_1)","decl":{"start":{"line":12,"column":18},"end":{"line":12,"column":19}},"loc":{"start":{"line":12,"column":25},"end":{"line":12,"column":null}},"line":12}},"branchMap":{},"s":{"0":2,"1":5,"2":0},"f":{"0":5,"1":0},"b":{},"meta":{"lastBranch":0,"lastFunction":2,"lastStatement":3,"seen":{"s:3:27:21:Infinity":0,"f:3:27:3:28":0,"s:5:2:19:Infinity":1,"f:12:18:12:19":1,"s:12:25:12:Infinity":2}}}
,"C:\\Users\\flavi\\Documents\\Repositorios\\gerenciador-alunos\\client\\src\\components\\Student.jsx": {"path":"C:\\Users\\flavi\\Documents\\Repositorios\\gerenciador-alunos\\client\\src\\components\\Student.jsx","statementMap":{"0":{"start":{"line":10,"column":23},"end":{"line":118,"column":null}},"1":{"start":{"line":11,"column":34},"end":{"line":11,"column":null}},"2":{"start":{"line":12,"column":34},"end":{"line":12,"column":null}},"3":{"start":{"line":13,"column":48},"end":{"line":13,"column":null}},"4":{"start":{"line":15,"column":28},"end":{"line":18,"column":null}},"5":{"start":{"line":16,"column":4},"end":{"line":16,"column":null}},"6":{"start":{"line":17,"column":4},"end":{"line":17,"column":null}},"7":{"start":{"line":20,"column":24},"end":{"line":35,"column":null}},"8":{"start":{"line":21,"column":4},"end":{"line":21,"column":null}},"9":{"start":{"line":21,"column":28},"end":{"line":21,"column":null}},"10":{"start":{"line":23,"column":4},"end":{"line":34,"column":null}},"11":{"start":{"line":24,"column":6},"end":{"line":24,"column":null}},"12":{"start":{"line":25,"column":6},"end":{"line":25,"column":null}},"13":{"start":{"line":26,"column":6},"end":{"line":28,"column":null}},"14":{"start":{"line":27,"column":8},"end":{"line":27,"column":null}},"15":{"start":{"line":30,"column":6},"end":{"line":30,"column":null}},"16":{"start":{"line":32,"column":6},"end":{"line":32,"column":null}},"17":{"start":{"line":33,"column":6},"end":{"line":33,"column":null}},"18":{"start":{"line":37,"column":2},"end":{"line":54,"column":null}},"19":{"start":{"line":38,"column":29},"end":{"line":49,"column":null}},"20":{"start":{"line":39,"column":20},"end":{"line":39,"column":null}},"21":{"start":{"line":40,"column":6},"end":{"line":48,"column":null}},"22":{"start":{"line":41,"column":8},"end":{"line":41,"column":null}},"23":{"start":{"line":42,"column":6},"end":{"line":48,"column":null}},"24":{"start":{"line":43,"column":8},"end":{"line":43,"column":null}},"25":{"start":{"line":44,"column":6},"end":{"line":48,"column":null}},"26":{"start":{"line":45,"column":8},"end":{"line":45,"column":null}},"27":{"start":{"line":47,"column":8},"end":{"line":47,"column":null}},"28":{"start":{"line":51,"column":4},"end":{"line":51,"column":null}},"29":{"start":{"line":52,"column":4},"end":{"line":52,"column":null}},"30":{"start":{"line":53,"column":4},"end":{"line":53,"column":null}},"31":{"start":{"line":53,"column":17},"end":{"line":53,"column":null}},"32":{"start":{"line":56,"column":21},"end":{"line":62,"column":null}},"33":{"start":{"line":57,"column":17},"end":{"line":57,"column":null}},"34":{"start":{"line":58,"column":16},"end":{"line":58,"column":null}},"35":{"start":{"line":59,"column":18},"end":{"line":59,"column":null}},"36":{"start":{"line":60,"column":17},"end":{"line":60,"column":null}},"37":{"start":{"line":61,"column":4},"end":{"line":61,"column":null}},"38":{"start":{"line":64,"column":2},"end":{"line":116,"column":null}},"39":{"start":{"line":79,"column":14},"end":{"line":84,"column":null}},"40":{"start":{"line":101,"column":27},"end":{"line":101,"column":null}},"41":{"start":{"line":111,"column":25},"end":{"line":111,"column":null}}},"fnMap":{"0":{"name":"(anonymous_0)","decl":{"start":{"line":10,"column":23},"end":{"line":10,"column":24}},"loc":{"start":{"line":10,"column":58},"end":{"line":118,"column":null}},"line":10},"1":{"name":"(anonymous_1)","decl":{"start":{"line":15,"column":28},"end":{"line":15,"column":29}},"loc":{"start":{"line":15,"column":36},"end":{"line":18,"column":null}},"line":15},"2":{"name":"(anonymous_2)","decl":{"start":{"line":20,"column":24},"end":{"line":20,"column":36}},"loc":{"start":{"line":20,"column":36},"end":{"line":35,"column":null}},"line":20},"3":{"name":"(anonymous_3)","decl":{"start":{"line":37,"column":12},"end":{"line":37,"column":18}},"loc":{"start":{"line":37,"column":18},"end":{"line":54,"column":5}},"line":37},"4":{"name":"(anonymous_4)","decl":{"start":{"line":38,"column":29},"end":{"line":38,"column":35}},"loc":{"start":{"line":38,"column":35},"end":{"line":49,"column":null}},"line":38},"5":{"name":"(anonymous_5)","decl":{"start":{"line":53,"column":11},"end":{"line":53,"column":17}},"loc":{"start":{"line":53,"column":17},"end":{"line":53,"column":null}},"line":53},"6":{"name":"(anonymous_6)","decl":{"start":{"line":56,"column":21},"end":{"line":56,"column":22}},"loc":{"start":{"line":56,"column":37},"end":{"line":62,"column":null}},"line":56},"7":{"name":"(anonymous_7)","decl":{"start":{"line":78,"column":54},"end":{"line":78,"column":55}},"loc":{"start":{"line":79,"column":14},"end":{"line":84,"column":null}},"line":79},"8":{"name":"(anonymous_8)","decl":{"start":{"line":101,"column":21},"end":{"line":101,"column":27}},"loc":{"start":{"line":101,"column":27},"end":{"line":101,"column":null}},"line":101},"9":{"name":"(anonymous_9)","decl":{"start":{"line":111,"column":19},"end":{"line":111,"column":25}},"loc":{"start":{"line":111,"column":25},"end":{"line":111,"column":null}},"line":111}},"branchMap":{"0":{"loc":{"start":{"line":21,"column":4},"end":{"line":21,"column":null}},"type":"if","locations":[{"start":{"line":21,"column":4},"end":{"line":21,"column":null}},{"start":{},"end":{}}],"line":21},"1":{"loc":{"start":{"line":26,"column":6},"end":{"line":28,"column":null}},"type":"if","locations":[{"start":{"line":26,"column":6},"end":{"line":28,"column":null}},{"start":{},"end":{}}],"line":26},"2":{"loc":{"start":{"line":40,"column":6},"end":{"line":48,"column":null}},"type":"if","locations":[{"start":{"line":40,"column":6},"end":{"line":48,"column":null}},{"start":{"line":42,"column":6},"end":{"line":48,"column":null}}],"line":40},"3":{"loc":{"start":{"line":42,"column":6},"end":{"line":48,"column":null}},"type":"if","locations":[{"start":{"line":42,"column":6},"end":{"line":48,"column":null}},{"start":{"line":44,"column":6},"end":{"line":48,"column":null}}],"line":42},"4":{"loc":{"start":{"line":44,"column":6},"end":{"line":48,"column":null}},"type":"if","locations":[{"start":{"line":44,"column":6},"end":{"line":48,"column":null}},{"start":{"line":46,"column":13},"end":{"line":48,"column":null}}],"line":44},"5":{"loc":{"start":{"line":86,"column":13},"end":{"line":89,"column":null}},"type":"binary-expr","locations":[{"start":{"line":86,"column":13},"end":{"line":86,"column":null}},{"start":{"line":87,"column":14},"end":{"line":89,"column":null}}],"line":86}},"s":{"0":1,"1":0,"2":0,"3":0,"4":0,"5":0,"6":0,"7":0,"8":0,"9":0,"10":0,"11":0,"12":0,"13":0,"14":0,"15":0,"16":0,"17":0,"18":0,"19":0,"20":0,"21":0,"22":0,"23":0,"24":0,"25":0,"26":0,"27":0,"28":0,"29":0,"30":0,"31":0,"32":0,"33":0,"34":0,"35":0,"36":0,"37":0,"38":0,"39":0,"40":0,"41":0},"f":{"0":0,"1":0,"2":0,"3":0,"4":0,"5":0,"6":0,"7":0,"8":0,"9":0},"b":{"0":[0,0],"1":[0,0],"2":[0,0],"3":[0,0],"4":[0,0],"5":[0,0]},"meta":{"lastBranch":6,"lastFunction":10,"lastStatement":42,"seen":{"s:10:23:118:Infinity":0,"f:10:23:10:24":0,"s:11:34:11:Infinity":1,"s:12:34:12:Infinity":2,"s:13:48:13:Infinity":3,"s:15:28:18:Infinity":4,"f:15:28:15:29":1,"s:16:4:16:Infinity":5,"s:17:4:17:Infinity":6,"s:20:24:35:Infinity":7,"f:20:24:20:36":2,"b:21:4:21:Infinity:undefined:undefined:undefined:undefined":0,"s:21:4:21:Infinity":8,"s:21:28:21:Infinity":9,"s:23:4:34:Infinity":10,"s:24:6:24:Infinity":11,"s:25:6:25:Infinity":12,"b:26:6:28:Infinity:undefined:undefined:undefined:undefined":1,"s:26:6:28:Infinity":13,"s:27:8:27:Infinity":14,"s:30:6:30:Infinity":15,"s:32:6:32:Infinity":16,"s:33:6:33:Infinity":17,"s:37:2:54:Infinity":18,"f:37:12:37:18":3,"s:38:29:49:Infinity":19,"f:38:29:38:35":4,"s:39:20:39:Infinity":20,"b:40:6:48:Infinity:42:6:48:Infinity":2,"s:40:6:48:Infinity":21,"s:41:8:41:Infinity":22,"b:42:6:48:Infinity:44:6:48:Infinity":3,"s:42:6:48:Infinity":23,"s:43:8:43:Infinity":24,"b:44:6:48:Infinity:46:13:48:Infinity":4,"s:44:6:48:Infinity":25,"s:45:8:45:Infinity":26,"s:47:8:47:Infinity":27,"s:51:4:51:Infinity":28,"s:52:4:52:Infinity":29,"s:53:4:53:Infinity":30,"f:53:11:53:17":5,"s:53:17:53:Infinity":31,"s:56:21:62:Infinity":32,"f:56:21:56:22":6,"s:57:17:57:Infinity":33,"s:58:16:58:Infinity":34,"s:59:18:59:Infinity":35,"s:60:17:60:Infinity":36,"s:61:4:61:Infinity":37,"s:64:2:116:Infinity":38,"f:78:54:78:55":7,"s:79:14:84:Infinity":39,"b:86:13:86:Infinity:87:14:89:Infinity":5,"f:101:21:101:27":8,"s:101:27:101:Infinity":40,"f:111:19:111:25":9,"s:111:25:111:Infinity":41}}}
,"C:\\Users\\flavi\\Documents\\Repositorios\\gerenciador-alunos\\client\\src\\components\\StudentCourse.jsx": {"path":"C:\\Users\\flavi\\Documents\\Repositorios\\gerenciador-alunos\\client\\src\\components\\StudentCourse.jsx","statementMap":{"0":{"start":{"line":5,"column":29},"end":{"line":65,"column":null}},"1":{"start":{"line":6,"column":2},"end":{"line":63,"column":null}},"2":{"start":{"line":11,"column":12},"end":{"line":59,"column":null}},"3":{"start":{"line":21,"column":33},"end":{"line":21,"column":null}},"4":{"start":{"line":36,"column":22},"end":{"line":42,"column":null}},"5":{"start":{"line":37,"column":24},"end":{"line":41,"column":null}}},"fnMap":{"0":{"name":"(anonymous_0)","decl":{"start":{"line":5,"column":29},"end":{"line":5,"column":30}},"loc":{"start":{"line":5,"column":108},"end":{"line":65,"column":null}},"line":5},"1":{"name":"(anonymous_1)","decl":{"start":{"line":10,"column":26},"end":{"line":10,"column":27}},"loc":{"start":{"line":11,"column":12},"end":{"line":59,"column":null}},"line":11},"2":{"name":"(anonymous_2)","decl":{"start":{"line":21,"column":27},"end":{"line":21,"column":33}},"loc":{"start":{"line":21,"column":33},"end":{"line":21,"column":null}},"line":21},"3":{"name":"(anonymous_3)","decl":{"start":{"line":35,"column":30},"end":{"line":35,"column":31}},"loc":{"start":{"line":35,"column":37},"end":{"line":43,"column":null}},"line":35}},"branchMap":{"0":{"loc":{"start":{"line":5,"column":32},"end":{"line":5,"column":49}},"type":"default-arg","locations":[{"start":{"line":5,"column":45},"end":{"line":5,"column":49}}],"line":5},"1":{"loc":{"start":{"line":8,"column":7},"end":{"line":61,"column":null}},"type":"binary-expr","locations":[{"start":{"line":8,"column":7},"end":{"line":8,"column":null}},{"start":{"line":9,"column":8},"end":{"line":61,"column":null}}],"line":8},"2":{"loc":{"start":{"line":34,"column":34},"end":{"line":34,"column":null}},"type":"binary-expr","locations":[{"start":{"line":34,"column":34},"end":{"line":34,"column":59}},{"start":{"line":34,"column":59},"end":{"line":34,"column":null}}],"line":34},"3":{"loc":{"start":{"line":36,"column":22},"end":{"line":42,"column":null}},"type":"if","locations":[{"start":{"line":36,"column":22},"end":{"line":42,"column":null}},{"start":{},"end":{}}],"line":36},"4":{"loc":{"start":{"line":51,"column":21},"end":{"line":54,"column":null}},"type":"cond-expr","locations":[{"start":{"line":52,"column":22},"end":{"line":52,"column":null}},{"start":{"line":54,"column":22},"end":{"line":54,"column":null}}],"line":51},"5":{"loc":{"start":{"line":11,"column":22},"end":{"line":11,"column":64}},"type":"binary-expr","locations":[{"start":{"line":11,"column":22},"end":{"line":11,"column":44}},{"start":{"line":11,"column":44},"end":{"line":11,"column":57}},{"start":{"line":11,"column":57},"end":{"line":11,"column":64}}],"line":11}},"s":{"0":2,"1":18,"2":0,"3":0,"4":0,"5":0},"f":{"0":18,"1":0,"2":0,"3":0},"b":{"0":[18],"1":[18,0],"2":[0,0],"3":[0,0],"4":[0,0],"5":[0,0,0]},"meta":{"lastBranch":6,"lastFunction":4,"lastStatement":6,"seen":{"s:5:29:65:Infinity":0,"f:5:29:5:30":0,"b:5:45:5:49":0,"s:6:2:63:Infinity":1,"b:8:7:8:Infinity:9:8:61:Infinity":1,"f:10:26:10:27":1,"s:11:12:59:Infinity":2,"f:21:27:21:33":2,"s:21:33:21:Infinity":3,"b:34:34:34:59:34:59:34:Infinity":2,"f:35:30:35:31":3,"b:36:22:42:Infinity:undefined:undefined:undefined:undefined":3,"s:36:22:42:Infinity":4,"s:37:24:41:Infinity":5,"b:52:22:52:Infinity:54:22:54:Infinity":4,"b:11:22:11:44:11:44:11:57:11:57:11:64":5}}}
,"C:\\Users\\flavi\\Documents\\Repositorios\\gerenciador-alunos\\client\\src\\components\\StudentCoursesManager.jsx": {"path":"C:\\Users\\flavi\\Documents\\Repositorios\\gerenciador-alunos\\client\\src\\components\\StudentCoursesManager.jsx","statementMap":{"0":{"start":{"line":9,"column":37},"end":{"line":212,"column":null}},"1":{"start":{"line":10,"column":44},"end":{"line":10,"column":null}},"2":{"start":{"line":11,"column":28},"end":{"line":11,"column":null}},"3":{"start":{"line":12,"column":42},"end":{"line":12,"column":null}},"4":{"start":{"line":13,"column":42},"end":{"line":13,"column":null}},"5":{"start":{"line":14,"column":34},"end":{"line":14,"column":null}},"6":{"start":{"line":15,"column":34},"end":{"line":15,"column":null}},"7":{"start":{"line":16,"column":42},"end":{"line":16,"column":null}},"8":{"start":{"line":18,"column":2},"end":{"line":43,"column":null}},"9":{"start":{"line":19,"column":4},"end":{"line":42,"column":null}},"10":{"start":{"line":20,"column":6},"end":{"line":20,"column":null}},"11":{"start":{"line":21,"column":6},"end":{"line":39,"column":null}},"12":{"start":{"line":23,"column":35},"end":{"line":29,"column":null}},"13":{"start":{"line":23,"column":72},"end":{"line":29,"column":12}},"14":{"start":{"line":31,"column":10},"end":{"line":31,"column":null}},"15":{"start":{"line":34,"column":10},"end":{"line":34,"column":null}},"16":{"start":{"line":35,"column":10},"end":{"line":35,"column":null}},"17":{"start":{"line":38,"column":10},"end":{"line":38,"column":null}},"18":{"start":{"line":41,"column":6},"end":{"line":41,"column":null}},"19":{"start":{"line":45,"column":26},"end":{"line":112,"column":null}},"20":{"start":{"line":46,"column":4},"end":{"line":49,"column":null}},"21":{"start":{"line":47,"column":6},"end":{"line":47,"column":null}},"22":{"start":{"line":48,"column":6},"end":{"line":48,"column":null}},"23":{"start":{"line":51,"column":22},"end":{"line":51,"column":null}},"24":{"start":{"line":51,"column":42},"end":{"line":51,"column":75}},"25":{"start":{"line":52,"column":4},"end":{"line":55,"column":null}},"26":{"start":{"line":53,"column":6},"end":{"line":53,"column":null}},"27":{"start":{"line":54,"column":6},"end":{"line":54,"column":null}},"28":{"start":{"line":57,"column":4},"end":{"line":78,"column":null}},"29":{"start":{"line":58,"column":27},"end":{"line":58,"column":null}},"30":{"start":{"line":58,"column":54},"end":{"line":58,"column":87}},"31":{"start":{"line":59,"column":6},"end":{"line":62,"column":null}},"32":{"start":{"line":60,"column":8},"end":{"line":60,"column":null}},"33":{"start":{"line":61,"column":8},"end":{"line":61,"column":null}},"34":{"start":{"line":64,"column":6},"end":{"line":72,"column":null}},"35":{"start":{"line":64,"column":41},"end":{"line":72,"column":7}},"36":{"start":{"line":74,"column":6},"end":{"line":74,"column":null}},"37":{"start":{"line":75,"column":6},"end":{"line":75,"column":null}},"38":{"start":{"line":76,"column":6},"end":{"line":76,"column":null}},"39":{"start":{"line":77,"column":6},"end":{"line":77,"column":null}},"40":{"start":{"line":80,"column":4},"end":{"line":80,"column":null}},"41":{"start":{"line":81,"column":4},"end":{"line":111,"column":null}},"42":{"start":{"line":82,"column":32},"end":{"line":84,"column":null}},"43":{"start":{"line":86,"column":21},"end":{"line":90,"column":null}},"44":{"start":{"line":92,"column":6},"end":{"line":101,"column":null}},"45":{"start":{"line":103,"column":6},"end":{"line":103,"column":null}},"46":{"start":{"line":104,"column":6},"end":{"line":104,"column":null}},"47":{"start":{"line":105,"column":6},"end":{"line":105,"column":null}},"48":{"start":{"line":107,"column":6},"end":{"line":107,"column":null}},"49":{"start":{"line":108,"column":6},"end":{"line":108,"column":null}},"50":{"start":{"line":110,"column":6},"end":{"line":110,"column":null}},"51":{"start":{"line":114,"column":29},"end":{"line":149,"column":null}},"52":{"start":{"line":115,"column":4},"end":{"line":118,"column":null}},"53":{"start":{"line":116,"column":6},"end":{"line":116,"column":null}},"54":{"start":{"line":117,"column":6},"end":{"line":117,"column":null}},"55":{"start":{"line":120,"column":30},"end":{"line":120,"column":null}},"56":{"start":{"line":122,"column":20},"end":{"line":126,"column":null}},"57":{"start":{"line":128,"column":4},"end":{"line":148,"column":null}},"58":{"start":{"line":129,"column":6},"end":{"line":129,"column":null}},"59":{"start":{"line":131,"column":6},"end":{"line":141,"column":null}},"60":{"start":{"line":133,"column":10},"end":{"line":139,"column":null}},"61":{"start":{"line":143,"column":6},"end":{"line":143,"column":null}},"62":{"start":{"line":145,"column":6},"end":{"line":145,"column":null}},"63":{"start":{"line":146,"column":6},"end":{"line":146,"column":null}},"64":{"start":{"line":147,"column":6},"end":{"line":147,"column":null}},"65":{"start":{"line":151,"column":29},"end":{"line":154,"column":null}},"66":{"start":{"line":152,"column":4},"end":{"line":152,"column":null}},"67":{"start":{"line":153,"column":4},"end":{"line":153,"column":null}},"68":{"start":{"line":156,"column":30},"end":{"line":175,"column":null}},"69":{"start":{"line":157,"column":4},"end":{"line":174,"column":null}},"70":{"start":{"line":158,"column":6},"end":{"line":173,"column":null}},"71":{"start":{"line":159,"column":8},"end":{"line":166,"column":null}},"72":{"start":{"line":160,"column":10},"end":{"line":160,"column":null}},"73":{"start":{"line":160,"column":55},"end":{"line":160,"column":78}},"74":{"start":{"line":161,"column":10},"end":{"line":161,"column":null}},"75":{"start":{"line":163,"column":10},"end":{"line":163,"column":null}},"76":{"start":{"line":164,"column":10},"end":{"line":164,"column":null}},"77":{"start":{"line":164,"column":57},"end":{"line":164,"column":89}},"78":{"start":{"line":165,"column":10},"end":{"line":165,"column":null}},"79":{"start":{"line":168,"column":8},"end":{"line":168,"column":null}},"80":{"start":{"line":169,"column":8},"end":{"line":169,"column":null}},"81":{"start":{"line":171,"column":8},"end":{"line":171,"column":null}},"82":{"start":{"line":172,"column":8},"end":{"line":172,"column":null}},"83":{"start":{"line":177,"column":2},"end":{"line":179,"column":null}},"84":{"start":{"line":178,"column":4},"end":{"line":178,"column":null}},"85":{"start":{"line":181,"column":21},"end":{"line":181,"column":null}},"86":{"start":{"line":183,"column":2},"end":{"line":210,"column":null}},"87":{"start":{"line":207,"column":23},"end":{"line":207,"column":null}}},"fnMap":{"0":{"name":"(anonymous_0)","decl":{"start":{"line":9,"column":37},"end":{"line":9,"column":38}},"loc":{"start":{"line":9,"column":122},"end":{"line":212,"column":null}},"line":9},"1":{"name":"(anonymous_1)","decl":{"start":{"line":18,"column":12},"end":{"line":18,"column":18}},"loc":{"start":{"line":18,"column":18},"end":{"line":43,"column":5}},"line":18},"2":{"name":"(anonymous_2)","decl":{"start":{"line":22,"column":14},"end":{"line":22,"column":15}},"loc":{"start":{"line":22,"column":24},"end":{"line":32,"column":9}},"line":22},"3":{"name":"(anonymous_3)","decl":{"start":{"line":23,"column":57},"end":{"line":23,"column":72}},"loc":{"start":{"line":23,"column":72},"end":{"line":29,"column":12}},"line":23},"4":{"name":"(anonymous_4)","decl":{"start":{"line":33,"column":15},"end":{"line":33,"column":16}},"loc":{"start":{"line":33,"column":26},"end":{"line":36,"column":9}},"line":33},"5":{"name":"(anonymous_5)","decl":{"start":{"line":37,"column":17},"end":{"line":37,"column":23}},"loc":{"start":{"line":37,"column":23},"end":{"line":39,"column":9}},"line":37},"6":{"name":"(anonymous_6)","decl":{"start":{"line":45,"column":26},"end":{"line":45,"column":38}},"loc":{"start":{"line":45,"column":38},"end":{"line":112,"column":null}},"line":45},"7":{"name":"(anonymous_7)","decl":{"start":{"line":51,"column":35},"end":{"line":51,"column":36}},"loc":{"start":{"line":51,"column":42},"end":{"line":51,"column":75}},"line":51},"8":{"name":"(anonymous_8)","decl":{"start":{"line":58,"column":47},"end":{"line":58,"column":48}},"loc":{"start":{"line":58,"column":54},"end":{"line":58,"column":87}},"line":58},"9":{"name":"(anonymous_9)","decl":{"start":{"line":64,"column":24},"end":{"line":64,"column":25}},"loc":{"start":{"line":64,"column":41},"end":{"line":72,"column":7}},"line":64},"10":{"name":"(anonymous_10)","decl":{"start":{"line":114,"column":29},"end":{"line":114,"column":36}},"loc":{"start":{"line":114,"column":72},"end":{"line":149,"column":null}},"line":114},"11":{"name":"(anonymous_11)","decl":{"start":{"line":132,"column":28},"end":{"line":132,"column":29}},"loc":{"start":{"line":133,"column":10},"end":{"line":139,"column":null}},"line":133},"12":{"name":"(anonymous_12)","decl":{"start":{"line":151,"column":29},"end":{"line":151,"column":30}},"loc":{"start":{"line":151,"column":46},"end":{"line":154,"column":null}},"line":151},"13":{"name":"(anonymous_13)","decl":{"start":{"line":156,"column":30},"end":{"line":156,"column":42}},"loc":{"start":{"line":156,"column":42},"end":{"line":175,"column":null}},"line":156},"14":{"name":"(anonymous_14)","decl":{"start":{"line":160,"column":50},"end":{"line":160,"column":55}},"loc":{"start":{"line":160,"column":55},"end":{"line":160,"column":78}},"line":160},"15":{"name":"(anonymous_15)","decl":{"start":{"line":164,"column":52},"end":{"line":164,"column":57}},"loc":{"start":{"line":164,"column":57},"end":{"line":164,"column":89}},"line":164},"16":{"name":"(anonymous_16)","decl":{"start":{"line":207,"column":17},"end":{"line":207,"column":23}},"loc":{"start":{"line":207,"column":23},"end":{"line":207,"column":null}},"line":207}},"branchMap":{"0":{"loc":{"start":{"line":9,"column":60},"end":{"line":9,"column":82}},"type":"default-arg","locations":[{"start":{"line":9,"column":75},"end":{"line":9,"column":82}}],"line":9},"1":{"loc":{"start":{"line":19,"column":4},"end":{"line":42,"column":null}},"type":"if","locations":[{"start":{"line":19,"column":4},"end":{"line":42,"column":null}},{"start":{"line":40,"column":11},"end":{"line":42,"column":null}}],"line":19},"2":{"loc":{"start":{"line":23,"column":35},"end":{"line":29,"column":null}},"type":"binary-expr","locations":[{"start":{"line":23,"column":35},"end":{"line":29,"column":17}},{"start":{"line":29,"column":17},"end":{"line":29,"column":null}}],"line":23},"3":{"loc":{"start":{"line":26,"column":18},"end":{"line":26,"column":null}},"type":"binary-expr","locations":[{"start":{"line":26,"column":18},"end":{"line":26,"column":45}},{"start":{"line":26,"column":45},"end":{"line":26,"column":null}}],"line":26},"4":{"loc":{"start":{"line":27,"column":28},"end":{"line":27,"column":null}},"type":"cond-expr","locations":[{"start":{"line":27,"column":56},"end":{"line":27,"column":98}},{"start":{"line":27,"column":98},"end":{"line":27,"column":null}}],"line":27},"5":{"loc":{"start":{"line":28,"column":20},"end":{"line":28,"column":null}},"type":"binary-expr","locations":[{"start":{"line":28,"column":20},"end":{"line":28,"column":41}},{"start":{"line":28,"column":41},"end":{"line":28,"column":null}}],"line":28},"6":{"loc":{"start":{"line":46,"column":4},"end":{"line":49,"column":null}},"type":"if","locations":[{"start":{"line":46,"column":4},"end":{"line":49,"column":null}},{"start":{},"end":{}}],"line":46},"7":{"loc":{"start":{"line":52,"column":4},"end":{"line":55,"column":null}},"type":"if","locations":[{"start":{"line":52,"column":4},"end":{"line":55,"column":null}},{"start":{},"end":{}}],"line":52},"8":{"loc":{"start":{"line":57,"column":4},"end":{"line":78,"column":null}},"type":"if","locations":[{"start":{"line":57,"column":4},"end":{"line":78,"column":null}},{"start":{},"end":{}}],"line":57},"9":{"loc":{"start":{"line":59,"column":6},"end":{"line":62,"column":null}},"type":"if","locations":[{"start":{"line":59,"column":6},"end":{"line":62,"column":null}},{"start":{},"end":{}}],"line":59},"10":{"loc":{"start":{"line":69,"column":26},"end":{"line":69,"column":null}},"type":"binary-expr","locations":[{"start":{"line":69,"column":26},"end":{"line":69,"column":44}},{"start":{"line":69,"column":44},"end":{"line":69,"column":null}}],"line":69},"11":{"loc":{"start":{"line":70,"column":18},"end":{"line":70,"column":null}},"type":"cond-expr","locations":[{"start":{"line":70,"column":35},"end":{"line":70,"column":49}},{"start":{"line":70,"column":49},"end":{"line":70,"column":null}}],"line":70},"12":{"loc":{"start":{"line":82,"column":32},"end":{"line":84,"column":null}},"type":"cond-expr","locations":[{"start":{"line":82,"column":32},"end":{"line":83,"column":null}},{"start":{"line":83,"column":61},"end":{"line":84,"column":null}}],"line":82},"13":{"loc":{"start":{"line":98,"column":26},"end":{"line":98,"column":null}},"type":"cond-expr","locations":[{"start":{"line":98,"column":43},"end":{"line":98,"column":60}},{"start":{"line":98,"column":60},"end":{"line":98,"column":null}}],"line":98},"14":{"loc":{"start":{"line":99,"column":18},"end":{"line":99,"column":null}},"type":"binary-expr","locations":[{"start":{"line":99,"column":18},"end":{"line":99,"column":35}},{"start":{"line":99,"column":35},"end":{"line":99,"column":null}}],"line":99},"15":{"loc":{"start":{"line":115,"column":4},"end":{"line":118,"column":null}},"type":"if","locations":[{"start":{"line":115,"column":4},"end":{"line":118,"column":null}},{"start":{},"end":{}}],"line":115},"16":{"loc":{"start":{"line":120,"column":30},"end":{"line":120,"column":null}},"type":"cond-expr","locations":[{"start":{"line":120,"column":30},"end":{"line":120,"column":90}},{"start":{"line":120,"column":90},"end":{"line":120,"column":null}}],"line":120},"17":{"loc":{"start":{"line":133,"column":10},"end":{"line":139,"column":null}},"type":"cond-expr","locations":[{"start":{"line":134,"column":14},"end":{"line":138,"column":null}},{"start":{"line":139,"column":14},"end":{"line":139,"column":null}}],"line":133},"18":{"loc":{"start":{"line":137,"column":22},"end":{"line":137,"column":null}},"type":"cond-expr","locations":[{"start":{"line":137,"column":33},"end":{"line":137,"column":47}},{"start":{"line":137,"column":47},"end":{"line":137,"column":null}}],"line":137},"19":{"loc":{"start":{"line":157,"column":4},"end":{"line":174,"column":null}},"type":"if","locations":[{"start":{"line":157,"column":4},"end":{"line":174,"column":null}},{"start":{},"end":{}}],"line":157},"20":{"loc":{"start":{"line":159,"column":8},"end":{"line":166,"column":null}},"type":"if","locations":[{"start":{"line":159,"column":8},"end":{"line":166,"column":null}},{"start":{"line":162,"column":15},"end":{"line":166,"column":null}}],"line":159},"21":{"loc":{"start":{"line":177,"column":2},"end":{"line":179,"column":null}},"type":"if","locations":[{"start":{"line":177,"column":2},"end":{"line":179,"column":null}},{"start":{},"end":{}}],"line":177},"22":{"loc":{"start":{"line":177,"column":6},"end":{"line":177,"column":32}},"type":"binary-expr","locations":[{"start":{"line":177,"column":6},"end":{"line":177,"column":17}},{"start":{"line":177,"column":17},"end":{"line":177,"column":32}}],"line":177},"23":{"loc":{"start":{"line":181,"column":21},"end":{"line":181,"column":null}},"type":"cond-expr","locations":[{"start":{"line":181,"column":36},"end":{"line":181,"column":53}},{"start":{"line":181,"column":53},"end":{"line":181,"column":null}}],"line":181}},"s":{"0":2,"1":20,"2":20,"3":20,"4":20,"5":20,"6":20,"7":20,"8":20,"9":6,"10":2,"11":2,"12":1,"13":0,"14":1,"15":1,"16":1,"17":2,"18":4,"19":20,"20":0,"21":0,"22":0,"23":0,"24":0,"25":0,"26":0,"27":0,"28":0,"29":0,"30":0,"31":0,"32":0,"33":0,"34":0,"35":0,"36":0,"37":0,"38":0,"39":0,"40":0,"41":0,"42":0,"43":0,"44":0,"45":0,"46":0,"47":0,"48":0,"49":0,"50":0,"51":20,"52":0,"53":0,"54":0,"55":0,"56":0,"57":0,"58":0,"59":0,"60":0,"61":0,"62":0,"63":0,"64":0,"65":20,"66":0,"67":0,"68":20,"69":0,"70":0,"71":0,"72":0,"73":0,"74":0,"75":0,"76":0,"77":0,"78":0,"79":0,"80":0,"81":0,"82":0,"83":20,"84":2,"85":18,"86":20,"87":0},"f":{"0":20,"1":6,"2":1,"3":0,"4":1,"5":2,"6":0,"7":0,"8":0,"9":0,"10":0,"11":0,"12":0,"13":0,"14":0,"15":0,"16":0},"b":{"0":[20],"1":[2,4],"2":[1,0],"3":[0,0],"4":[0,0],"5":[0,0],"6":[0,0],"7":[0,0],"8":[0,0],"9":[0,0],"10":[0,0],"11":[0,0],"12":[0,0],"13":[0,0],"14":[0,0],"15":[0,0],"16":[0,0],"17":[0,0],"18":[0,0],"19":[0,0],"20":[0,0],"21":[2,18],"22":[20,8],"23":[16,2]},"meta":{"lastBranch":24,"lastFunction":17,"lastStatement":88,"seen":{"s:9:37:212:Infinity":0,"f:9:37:9:38":0,"b:9:75:9:82":0,"s:10:44:10:Infinity":1,"s:11:28:11:Infinity":2,"s:12:42:12:Infinity":3,"s:13:42:13:Infinity":4,"s:14:34:14:Infinity":5,"s:15:34:15:Infinity":6,"s:16:42:16:Infinity":7,"s:18:2:43:Infinity":8,"f:18:12:18:18":1,"b:19:4:42:Infinity:40:11:42:Infinity":1,"s:19:4:42:Infinity":9,"s:20:6:20:Infinity":10,"s:21:6:39:Infinity":11,"f:22:14:22:15":2,"s:23:35:29:Infinity":12,"b:23:35:29:17:29:17:29:Infinity":2,"f:23:57:23:72":3,"s:23:72:29:12":13,"b:26:18:26:45:26:45:26:Infinity":3,"b:27:56:27:98:27:98:27:Infinity":4,"b:28:20:28:41:28:41:28:Infinity":5,"s:31:10:31:Infinity":14,"f:33:15:33:16":4,"s:34:10:34:Infinity":15,"s:35:10:35:Infinity":16,"f:37:17:37:23":5,"s:38:10:38:Infinity":17,"s:41:6:41:Infinity":18,"s:45:26:112:Infinity":19,"f:45:26:45:38":6,"b:46:4:49:Infinity:undefined:undefined:undefined:undefined":6,"s:46:4:49:Infinity":20,"s:47:6:47:Infinity":21,"s:48:6:48:Infinity":22,"s:51:22:51:Infinity":23,"f:51:35:51:36":7,"s:51:42:51:75":24,"b:52:4:55:Infinity:undefined:undefined:undefined:undefined":7,"s:52:4:55:Infinity":25,"s:53:6:53:Infinity":26,"s:54:6:54:Infinity":27,"b:57:4:78:Infinity:undefined:undefined:undefined:undefined":8,"s:57:4:78:Infinity":28,"s:58:27:58:Infinity":29,"f:58:47:58:48":8,"s:58:54:58:87":30,"b:59:6:62:Infinity:undefined:undefined:undefined:undefined":9,"s:59:6:62:Infinity":31,"s:60:8:60:Infinity":32,"s:61:8:61:Infinity":33,"s:64:6:72:Infinity":34,"f:64:24:64:25":9,"s:64:41:72:7":35,"b:69:26:69:44:69:44:69:Infinity":10,"b:70:35:70:49:70:49:70:Infinity":11,"s:74:6:74:Infinity":36,"s:75:6:75:Infinity":37,"s:76:6:76:Infinity":38,"s:77:6:77:Infinity":39,"s:80:4:80:Infinity":40,"s:81:4:111:Infinity":41,"s:82:32:84:Infinity":42,"b:82:32:83:Infinity:83:61:84:Infinity":12,"s:86:21:90:Infinity":43,"s:92:6:101:Infinity":44,"b:98:43:98:60:98:60:98:Infinity":13,"b:99:18:99:35:99:35:99:Infinity":14,"s:103:6:103:Infinity":45,"s:104:6:104:Infinity":46,"s:105:6:105:Infinity":47,"s:107:6:107:Infinity":48,"s:108:6:108:Infinity":49,"s:110:6:110:Infinity":50,"s:114:29:149:Infinity":51,"f:114:29:114:36":10,"b:115:4:118:Infinity:undefined:undefined:undefined:undefined":15,"s:115:4:118:Infinity":52,"s:116:6:116:Infinity":53,"s:117:6:117:Infinity":54,"s:120:30:120:Infinity":55,"b:120:30:120:90:120:90:120:Infinity":16,"s:122:20:126:Infinity":56,"s:128:4:148:Infinity":57,"s:129:6:129:Infinity":58,"s:131:6:141:Infinity":59,"f:132:28:132:29":11,"s:133:10:139:Infinity":60,"b:134:14:138:Infinity:139:14:139:Infinity":17,"b:137:33:137:47:137:47:137:Infinity":18,"s:143:6:143:Infinity":61,"s:145:6:145:Infinity":62,"s:146:6:146:Infinity":63,"s:147:6:147:Infinity":64,"s:151:29:154:Infinity":65,"f:151:29:151:30":12,"s:152:4:152:Infinity":66,"s:153:4:153:Infinity":67,"s:156:30:175:Infinity":68,"f:156:30:156:42":13,"b:157:4:174:Infinity:undefined:undefined:undefined:undefined":19,"s:157:4:174:Infinity":69,"s:158:6:173:Infinity":70,"b:159:8:166:Infinity:162:15:166:Infinity":20,"s:159:8:166:Infinity":71,"s:160:10:160:Infinity":72,"f:160:50:160:55":14,"s:160:55:160:78":73,"s:161:10:161:Infinity":74,"s:163:10:163:Infinity":75,"s:164:10:164:Infinity":76,"f:164:52:164:57":15,"s:164:57:164:89":77,"s:165:10:165:Infinity":78,"s:168:8:168:Infinity":79,"s:169:8:169:Infinity":80,"s:171:8:171:Infinity":81,"s:172:8:172:Infinity":82,"b:177:2:179:Infinity:undefined:undefined:undefined:undefined":21,"s:177:2:179:Infinity":83,"b:177:6:177:17:177:17:177:32":22,"s:178:4:178:Infinity":84,"s:181:21:181:Infinity":85,"b:181:36:181:53:181:53:181:Infinity":23,"s:183:2:210:Infinity":86,"f:207:17:207:23":16,"s:207:23:207:Infinity":87}}}
,"C:\\Users\\flavi\\Documents\\Repositorios\\gerenciador-alunos\\client\\src\\components\\StudentList.jsx": {"path":"C:\\Users\\flavi\\Documents\\Repositorios\\gerenciador-alunos\\client\\src\\components\\StudentList.jsx","statementMap":{"0":{"start":{"line":6,"column":27},"end":{"line":78,"column":null}},"1":{"start":{"line":7,"column":32},"end":{"line":7,"column":null}},"2":{"start":{"line":8,"column":36},"end":{"line":8,"column":null}},"3":{"start":{"line":9,"column":23},"end":{"line":9,"column":null}},"4":{"start":{"line":11,"column":31},"end":{"line":13,"column":null}},"5":{"start":{"line":12,"column":4},"end":{"line":12,"column":null}},"6":{"start":{"line":12,"column":24},"end":{"line":12,"column":53}},"7":{"start":{"line":12,"column":41},"end":{"line":12,"column":52}},"8":{"start":{"line":15,"column":23},"end":{"line":29,"column":null}},"9":{"start":{"line":16,"column":21},"end":{"line":16,"column":null}},"10":{"start":{"line":17,"column":4},"end":{"line":17,"column":null}},"11":{"start":{"line":19,"column":4},"end":{"line":28,"column":null}},"12":{"start":{"line":20,"column":20},"end":{"line":20,"column":null}},"13":{"start":{"line":21,"column":20},"end":{"line":21,"column":null}},"14":{"start":{"line":23,"column":6},"end":{"line":27,"column":null}},"15":{"start":{"line":24,"column":8},"end":{"line":24,"column":null}},"16":{"start":{"line":26,"column":8},"end":{"line":26,"column":null}},"17":{"start":{"line":31,"column":8},"end":{"line":31,"column":null}},"18":{"start":{"line":32,"column":26},"end":{"line":32,"column":null}},"19":{"start":{"line":34,"column":2},"end":{"line":76,"column":null}},"20":{"start":{"line":63,"column":12},"end":{"line":67,"column":null}}},"fnMap":{"0":{"name":"(anonymous_0)","decl":{"start":{"line":6,"column":27},"end":{"line":6,"column":28}},"loc":{"start":{"line":6,"column":71},"end":{"line":78,"column":null}},"line":6},"1":{"name":"(anonymous_1)","decl":{"start":{"line":11,"column":31},"end":{"line":11,"column":32}},"loc":{"start":{"line":11,"column":39},"end":{"line":13,"column":null}},"line":11},"2":{"name":"(anonymous_2)","decl":{"start":{"line":12,"column":16},"end":{"line":12,"column":24}},"loc":{"start":{"line":12,"column":24},"end":{"line":12,"column":53}},"line":12},"3":{"name":"(anonymous_3)","decl":{"start":{"line":12,"column":36},"end":{"line":12,"column":41}},"loc":{"start":{"line":12,"column":41},"end":{"line":12,"column":52}},"line":12},"4":{"name":"(anonymous_4)","decl":{"start":{"line":15,"column":23},"end":{"line":15,"column":29}},"loc":{"start":{"line":15,"column":29},"end":{"line":29,"column":null}},"line":15},"5":{"name":"(anonymous_5)","decl":{"start":{"line":19,"column":26},"end":{"line":19,"column":27}},"loc":{"start":{"line":19,"column":36},"end":{"line":28,"column":5}},"line":19},"6":{"name":"(anonymous_6)","decl":{"start":{"line":62,"column":31},"end":{"line":62,"column":32}},"loc":{"start":{"line":63,"column":12},"end":{"line":67,"column":null}},"line":63}},"branchMap":{"0":{"loc":{"start":{"line":6,"column":30},"end":{"line":6,"column":53}},"type":"default-arg","locations":[{"start":{"line":6,"column":49},"end":{"line":6,"column":53}}],"line":6},"1":{"loc":{"start":{"line":16,"column":21},"end":{"line":16,"column":null}},"type":"cond-expr","locations":[{"start":{"line":16,"column":43},"end":{"line":16,"column":52}},{"start":{"line":16,"column":52},"end":{"line":16,"column":null}}],"line":16},"2":{"loc":{"start":{"line":23,"column":6},"end":{"line":27,"column":null}},"type":"if","locations":[{"start":{"line":23,"column":6},"end":{"line":27,"column":null}},{"start":{"line":25,"column":13},"end":{"line":27,"column":null}}],"line":23},"3":{"loc":{"start":{"line":42,"column":17},"end":{"line":51,"column":null}},"type":"cond-expr","locations":[{"start":{"line":43,"column":18},"end":{"line":46,"column":null}},{"start":{"line":48,"column":18},"end":{"line":51,"column":null}}],"line":42}},"s":{"0":1,"1":1,"2":1,"3":1,"4":1,"5":0,"6":0,"7":0,"8":1,"9":0,"10":0,"11":0,"12":0,"13":0,"14":0,"15":0,"16":0,"17":1,"18":1,"19":1,"20":0},"f":{"0":1,"1":0,"2":0,"3":0,"4":0,"5":0,"6":0},"b":{"0":[1],"1":[0,0],"2":[0,0],"3":[1,0]},"meta":{"lastBranch":4,"lastFunction":7,"lastStatement":21,"seen":{"s:6:27:78:Infinity":0,"f:6:27:6:28":0,"b:6:49:6:53":0,"s:7:32:7:Infinity":1,"s:8:36:8:Infinity":2,"s:9:23:9:Infinity":3,"s:11:31:13:Infinity":4,"f:11:31:11:32":1,"s:12:4:12:Infinity":5,"f:12:16:12:24":2,"s:12:24:12:53":6,"f:12:36:12:41":3,"s:12:41:12:52":7,"s:15:23:29:Infinity":8,"f:15:23:15:29":4,"s:16:21:16:Infinity":9,"b:16:43:16:52:16:52:16:Infinity":1,"s:17:4:17:Infinity":10,"s:19:4:28:Infinity":11,"f:19:26:19:27":5,"s:20:20:20:Infinity":12,"s:21:20:21:Infinity":13,"b:23:6:27:Infinity:25:13:27:Infinity":2,"s:23:6:27:Infinity":14,"s:24:8:24:Infinity":15,"s:26:8:26:Infinity":16,"s:31:8:31:Infinity":17,"s:32:26:32:Infinity":18,"s:34:2:76:Infinity":19,"b:43:18:46:Infinity:48:18:51:Infinity":3,"f:62:31:62:32":6,"s:63:12:67:Infinity":20}}}
,"C:\\Users\\flavi\\Documents\\Repositorios\\gerenciador-alunos\\client\\src\\contexts\\PageContext.jsx": {"path":"C:\\Users\\flavi\\Documents\\Repositorios\\gerenciador-alunos\\client\\src\\contexts\\PageContext.jsx","statementMap":{"0":{"start":{"line":3,"column":6},"end":{"line":3,"column":null}},"1":{"start":{"line":5,"column":28},"end":{"line":17,"column":null}},"2":{"start":{"line":6,"column":30},"end":{"line":10,"column":null}},"3":{"start":{"line":12,"column":2},"end":{"line":15,"column":null}},"4":{"start":{"line":20,"column":23},"end":{"line":20,"column":null}}},"fnMap":{"0":{"name":"(anonymous_0)","decl":{"start":{"line":5,"column":28},"end":{"line":5,"column":29}},"loc":{"start":{"line":5,"column":46},"end":{"line":17,"column":null}},"line":5},"1":{"name":"(anonymous_1)","decl":{"start":{"line":20,"column":23},"end":{"line":20,"column":29}},"loc":{"start":{"line":20,"column":23},"end":{"line":20,"column":null}},"line":20}},"branchMap":{},"s":{"0":2,"1":2,"2":16,"3":16,"4":17},"f":{"0":16,"1":17},"b":{},"meta":{"lastBranch":0,"lastFunction":2,"lastStatement":5,"seen":{"s:3:6:3:Infinity":0,"s:5:28:17:Infinity":1,"f:5:28:5:29":0,"s:6:30:10:Infinity":2,"s:12:2:15:Infinity":3,"s:20:23:20:Infinity":4,"f:20:23:20:29":1}}}
,"C:\\Users\\flavi\\Documents\\Repositorios\\gerenciador-alunos\\client\\src\\pages\\CourseForm.jsx": {"path":"C:\\Users\\flavi\\Documents\\Repositorios\\gerenciador-alunos\\client\\src\\pages\\CourseForm.jsx","statementMap":{"0":{"start":{"line":8,"column":26},"end":{"line":77,"column":null}},"1":{"start":{"line":9,"column":13},"end":{"line":9,"column":null}},"2":{"start":{"line":10,"column":8},"end":{"line":10,"column":null}},"3":{"start":{"line":11,"column":28},"end":{"line":11,"column":null}},"4":{"start":{"line":18,"column":2},"end":{"line":18,"column":null}},"5":{"start":{"line":20,"column":2},"end":{"line":32,"column":null}},"6":{"start":{"line":21,"column":4},"end":{"line":31,"column":null}},"7":{"start":{"line":22,"column":6},"end":{"line":22,"column":null}},"8":{"start":{"line":23,"column":6},"end":{"line":30,"column":null}},"9":{"start":{"line":25,"column":10},"end":{"line":25,"column":null}},"10":{"start":{"line":28,"column":10},"end":{"line":28,"column":null}},"11":{"start":{"line":30,"column":23},"end":{"line":30,"column":40}},"12":{"start":{"line":34,"column":19},"end":{"line":50,"column":null}},"13":{"start":{"line":35,"column":4},"end":{"line":49,"column":null}},"14":{"start":{"line":36,"column":6},"end":{"line":36,"column":null}},"15":{"start":{"line":37,"column":6},"end":{"line":43,"column":null}},"16":{"start":{"line":38,"column":8},"end":{"line":38,"column":null}},"17":{"start":{"line":39,"column":8},"end":{"line":39,"column":null}},"18":{"start":{"line":41,"column":8},"end":{"line":41,"column":null}},"19":{"start":{"line":42,"column":8},"end":{"line":42,"column":null}},"20":{"start":{"line":44,"column":6},"end":{"line":44,"column":null}},"21":{"start":{"line":46,"column":6},"end":{"line":46,"column":null}},"22":{"start":{"line":48,"column":6},"end":{"line":48,"column":null}},"23":{"start":{"line":52,"column":2},"end":{"line":75,"column":null}}},"fnMap":{"0":{"name":"(anonymous_0)","decl":{"start":{"line":8,"column":26},"end":{"line":8,"column":32}},"loc":{"start":{"line":8,"column":32},"end":{"line":77,"column":null}},"line":8},"1":{"name":"(anonymous_1)","decl":{"start":{"line":20,"column":12},"end":{"line":20,"column":18}},"loc":{"start":{"line":20,"column":18},"end":{"line":32,"column":5}},"line":20},"2":{"name":"(anonymous_2)","decl":{"start":{"line":24,"column":14},"end":{"line":24,"column":15}},"loc":{"start":{"line":24,"column":26},"end":{"line":26,"column":9}},"line":24},"3":{"name":"(anonymous_3)","decl":{"start":{"line":27,"column":15},"end":{"line":27,"column":21}},"loc":{"start":{"line":27,"column":21},"end":{"line":29,"column":9}},"line":27},"4":{"name":"(anonymous_4)","decl":{"start":{"line":30,"column":17},"end":{"line":30,"column":23}},"loc":{"start":{"line":30,"column":23},"end":{"line":30,"column":40}},"line":30},"5":{"name":"(anonymous_5)","decl":{"start":{"line":34,"column":19},"end":{"line":34,"column":26}},"loc":{"start":{"line":34,"column":35},"end":{"line":50,"column":null}},"line":34}},"branchMap":{"0":{"loc":{"start":{"line":21,"column":4},"end":{"line":31,"column":null}},"type":"if","locations":[{"start":{"line":21,"column":4},"end":{"line":31,"column":null}},{"start":{},"end":{}}],"line":21},"1":{"loc":{"start":{"line":25,"column":27},"end":{"line":25,"column":44}},"type":"binary-expr","locations":[{"start":{"line":25,"column":27},"end":{"line":25,"column":42}},{"start":{"line":25,"column":42},"end":{"line":25,"column":44}}],"line":25},"2":{"loc":{"start":{"line":37,"column":6},"end":{"line":43,"column":null}},"type":"if","locations":[{"start":{"line":37,"column":6},"end":{"line":43,"column":null}},{"start":{"line":40,"column":13},"end":{"line":43,"column":null}}],"line":37},"3":{"loc":{"start":{"line":55,"column":9},"end":{"line":55,"column":null}},"type":"cond-expr","locations":[{"start":{"line":55,"column":14},"end":{"line":55,"column":31}},{"start":{"line":55,"column":31},"end":{"line":55,"column":null}}],"line":55},"4":{"loc":{"start":{"line":72,"column":11},"end":{"line":72,"column":null}},"type":"cond-expr","locations":[{"start":{"line":72,"column":21},"end":{"line":72,"column":37}},{"start":{"line":72,"column
[...]
:{"0":{"name":"(anonymous_0)","decl":{"start":{"line":3,"column":19},"end":{"line":3,"column":20}},"loc":{"start":{"line":3,"column":28},"end":{"line":21,"column":1}},"line":3},"1":{"name":"(anonymous_1)","decl":{"start":{"line":35,"column":12},"end":{"line":35,"column":13}},"loc":{"start":{"line":35,"column":22},"end":{"line":46,"column":5}},"line":35}},"branchMap":{"0":{"loc":{"start":{"line":7,"column":2},"end":{"line":7,"column":49}},"type":"if","locations":[{"start":{"line":7,"column":2},"end":{"line":7,"column":49}},{"start":{},"end":{}}],"line":7},"1":{"loc":{"start":{"line":12,"column":2},"end":{"line":12,"column":58}},"type":"if","locations":[{"start":{"line":12,"column":2},"end":{"line":12,"column":58}},{"start":{},"end":{}}],"line":12},"2":{"loc":{"start":{"line":12,"column":6},"end":{"line":12,"column":42}},"type":"binary-expr","locations":[{"start":{"line":12,"column":6},"end":{"line":12,"column":22}},{"start":{"line":12,"column":26},"end":{"line":12,"column":42}}],"line":12},"3":{"loc":{"start":{"line":13,"column":2},"end":{"line":13,"column":72}},"type":"if","locations":[{"start":{"line":13,"column":2},"end":{"line":13,"column":72}},{"start":{},"end":{}}],"line":13},"4":{"loc":{"start":{"line":19,"column":2},"end":{"line":19,"column":58}},"type":"if","locations":[{"start":{"line":19,"column":2},"end":{"line":19,"column":58}},{"start":{},"end":{}}],"line":19},"5":{"loc":{"start":{"line":19,"column":6},"end":{"line":19,"column":42}},"type":"binary-expr","locations":[{"start":{"line":19,"column":6},"end":{"line":19,"column":22}},{"start":{"line":19,"column":26},"end":{"line":19,"column":42}}],"line":19},"6":{"loc":{"start":{"line":42,"column":8},"end":{"line":43,"column":76}},"type":"binary-expr","locations":[{"start":{"line":42,"column":8},"end":{"line":42,"column":16}},{"start":{"line":43,"column":9},"end":{"line":43,"column":19}},{"start":{"line":43,"column":24},"end":{"line":43,"column":37}},{"start":{"line":43,"column":42},"end":{"line":43,"column":57}},{"start":{"line":43,"column":61},"end":{"line":43,"column":73}}],"line":42},"7":{"loc":{"start":{"line":45,"column":13},"end":{"line":45,"column":74}},"type":"binary-expr","locations":[{"start":{"line":45,"column":13},"end":{"line":45,"column":32}},{"start":{"line":45,"column":36},"end":{"line":45,"column":46}},{"start":{"line":45,"column":50},"end":{"line":45,"column":60}},{"start":{"line":45,"column":64},"end":{"line":45,"column":74}}],"line":45}},"s":{"0":2,"1":2,"2":2,"3":2,"4":0,"5":2,"6":2,"7":18,"8":2,"9":2,"10":2,"11":2,"12":0,"13":2,"14":2,"15":2,"16":20,"17":2,"18":2,"19":0,"20":2,"21":2,"22":2,"23":2,"24":2,"25":2,"26":2,"27":2,"28":2,"29":2},"f":{"0":2,"1":2},"b":{"0":[0,2],"1":[2,0],"2":[2,0],"3":[0,2],"4":[0,2],"5":[2,2],"6":[2,0,0,0,0],"7":[2,2,2,2]},"meta":{"lastBranch":8,"lastFunction":2,"lastStatement":30,"seen":{"s:3:19:21:1":0,"f:3:19:3:20":0,"s:4:21:4:43":1,"s:5:12:5:13":2,"b:7:2:7:49:undefined:undefined:undefined:undefined":0,"s:7:2:7:49":3,"s:7:36:7:49":4,"s:8:2:10:3":5,"s:8:15:8:16":6,"s:9:4:9:63":7,"s:11:2:11:30":8,"b:12:2:12:58:undefined:undefined:undefined:undefined":1,"s:12:2:12:58":9,"b:12:6:12:22:12:26:12:42":2,"s:12:44:12:58":10,"b:13:2:13:72:undefined:undefined:undefined:undefined":3,"s:13:2:13:72":11,"s:13:59:13:72":12,"s:14:2:14:10":13,"s:15:2:17:3":14,"s:15:15:15:16":15,"s:16:4:16:63":16,"s:18:2:18:30":17,"b:19:2:19:58:undefined:undefined:undefined:undefined":4,"s:19:2:19:58":18,"b:19:6:19:22:19:26:19:42":5,"s:19:44:19:58":19,"s:20:2:20:62":20,"s:23:29:58:2":21,"f:35:12:35:13":1,"s:36:16:36:30":22,"s:37:20:37:30":23,"s:38:18:38:55":24,"s:39:24:39:55":25,"s:40:22:40:51":26,"s:42:8:43:76":27,"b:42:8:42:16:43:9:43:19:43:24:43:37:43:42:43:57:43:61:43:73":6,"s:44:25:44:34":28,"s:45:6:45:75":29,"b:45:13:45:32:45:36:45:46:45:50:45:60:45:64:45:74":7}}}
,"C:\\Users\\flavi\\Documents\\Repositorios\\gerenciador-alunos\\client\\src\\services\\api.js": {"path":"C:\\Users\\flavi\\Documents\\Repositorios\\gerenciador-alunos\\client\\src\\services\\api.js","statementMap":{"0":{"start":{"line":3,"column":16},"end":{"line":3,"column":75}},"1":{"start":{"line":5,"column":19},"end":{"line":10,"column":2}}},"fnMap":{},"branchMap":{"0":{"loc":{"start":{"line":3,"column":16},"end":{"line":3,"column":75}},"type":"binary-expr","locations":[{"start":{"line":3,"column":16},"end":{"line":3,"column":44}},{"start":{"line":3,"column":48},"end":{"line":3,"column":75}}],"line":3}},"s":{"0":2,"1":2},"f":{},"b":{"0":[2,0]},"meta":{"lastBranch":1,"lastFunction":0,"lastStatement":2,"seen":{"s:3:16:3:75":0,"b:3:16:3:44:3:48:3:75":0,"s:5:19:10:2":1}}}
,"C:\\Users\\flavi\\Documents\\Repositorios\\gerenciador-alunos\\client\\src\\services\\course.js": {"path":"C:\\Users\\flavi\\Documents\\Repositorios\\gerenciador-alunos\\client\\src\\services\\course.js","statementMap":{"0":{"start":{"line":3,"column":22},"end":{"line":15,"column":1}},"1":{"start":{"line":4,"column":2},"end":{"line":14,"column":3}},"2":{"start":{"line":5,"column":21},"end":{"line":5,"column":36}},"3":{"start":{"line":6,"column":4},"end":{"line":6,"column":25}},"4":{"start":{"line":8,"column":4},"end":{"line":8,"column":71}},"5":{"start":{"line":9,"column":4},"end":{"line":13,"column":6}},"6":{"start":{"line":17,"column":29},"end":{"line":18,"column":67}},"7":{"start":{"line":18,"column":2},"end":{"line":18,"column":67}},"8":{"start":{"line":18,"column":22},"end":{"line":18,"column":40}},"9":{"start":{"line":20,"column":29},"end":{"line":21,"column":72}},"10":{"start":{"line":21,"column":2},"end":{"line":21,"column":72}},"11":{"start":{"line":21,"column":22},"end":{"line":21,"column":46}},"12":{"start":{"line":23,"column":28},"end":{"line":27,"column":3}},"13":{"start":{"line":24,"column":2},"end":{"line":27,"column":3}},"14":{"start":{"line":25,"column":10},"end":{"line":25,"column":41}},"15":{"start":{"line":29,"column":28},"end":{"line":33,"column":3}},"16":{"start":{"line":30,"column":2},"end":{"line":33,"column":3}},"17":{"start":{"line":31,"column":10},"end":{"line":31,"column":46}},"18":{"start":{"line":35,"column":28},"end":{"line":36,"column":76}},"19":{"start":{"line":36,"column":2},"end":{"line":36,"column":76}},"20":{"start":{"line":36,"column":22},"end":{"line":36,"column":49}}},"fnMap":{"0":{"name":"(anonymous_0)","decl":{"start":{"line":3,"column":22},"end":{"line":3,"column":27}},"loc":{"start":{"line":3,"column":55},"end":{"line":15,"column":1}},"line":3},"1":{"name":"(anonymous_1)","decl":{"start":{"line":17,"column":29},"end":{"line":17,"column":30}},"loc":{"start":{"line":18,"column":2},"end":{"line":18,"column":67}},"line":18},"2":{"name":"(anonymous_2)","decl":{"start":{"line":18,"column":16},"end":{"line":18,"column":17}},"loc":{"start":{"line":18,"column":22},"end":{"line":18,"column":40}},"line":18},"3":{"name":"(anonymous_3)","decl":{"start":{"line":20,"column":29},"end":{"line":20,"column":30}},"loc":{"start":{"line":21,"column":2},"end":{"line":21,"column":72}},"line":21},"4":{"name":"(anonymous_4)","decl":{"start":{"line":21,"column":16},"end":{"line":21,"column":17}},"loc":{"start":{"line":21,"column":22},"end":{"line":21,"column":46}},"line":21},"5":{"name":"(anonymous_5)","decl":{"start":{"line":23,"column":28},"end":{"line":23,"column":29}},"loc":{"start":{"line":24,"column":2},"end":{"line":27,"column":3}},"line":24},"6":{"name":"(anonymous_6)","decl":{"start":{"line":25,"column":4},"end":{"line":25,"column":5}},"loc":{"start":{"line":25,"column":10},"end":{"line":25,"column":41}},"line":25},"7":{"name":"(anonymous_7)","decl":{"start":{"line":29,"column":28},"end":{"line":29,"column":29}},"loc":{"start":{"line":30,"column":2},"end":{"line":33,"column":3}},"line":30},"8":{"name":"(anonymous_8)","decl":{"start":{"line":31,"column":4},"end":{"line":31,"column":5}},"loc":{"start":{"line":31,"column":10},"end":{"line":31,"column":46}},"line":31},"9":{"name":"(anonymous_9)","decl":{"start":{"line":35,"column":28},"end":{"line":35,"column":29}},"loc":{"start":{"line":36,"column":2},"end":{"line":36,"column":76}},"line":36},"10":{"name":"(anonymous_10)","decl":{"start":{"line":36,"column":16},"end":{"line":36,"column":17}},"loc":{"start":{"line":36,"column":22},"end":{"line":36,"column":49}},"line":36}},"branchMap":{"0":{"loc":{"start":{"line":8,"column":38},"end":{"line":8,"column":69}},"type":"binary-expr","locations":[{"start":{"line":8,"column":38},"end":{"line":8,"column":52}},{"start":{"line":8,"column":56},"end":{"line":8,"column":69}}],"line":8},"1":{"loc":{"start":{"line":11,"column":8},"end":{"line":11,"column":54}},"type":"binary-expr","locations":[{"start":{"line":11,"column":8},"end":{"line":11,"column":37}},{"start":{"line":11,"column":41},"end":{"line":11,"column":54}}],"line":11}},"s":{"0":1,"1":0,"2":0,"3":0,"4":0,"5":0,"6":1,"7":0,"8":0,"9":1,"10":0,"11":0,"12":1,"13":0,"14":0,"15":1,"16":0,"17":0,"18":1,"19":0,"20":0},"f":{"0":0,"1":0,"2":0,"3":0,"4":0,"5":0,"6":0,"7":0,"8":0,"9":0,"10":0},"b":{"0":[0,0],"1":[0,0]},"meta":{"lastBranch":2,"lastFunction":11,"lastStatement":21,"seen":{"s:3:22:15:1":0,"f:3:22:3:27":0,"s:4:2:14:3":1,"s:5:21:5:36":2,"s:6:4:6:25":3,"s:8:4:8:71":4,"b:8:38:8:52:8:56:8:69":0,"s:9:4:13:6":5,"b:11:8:11:37:11:41:11:54":1,"s:17:29:18:67":6,"f:17:29:17:30":1,"s:18:2:18:67":7,"f:18:16:18:17":2,"s:18:22:18:40":8,"s:20:29:21:72":9,"f:20:29:20:30":3,"s:21:2:21:72":10,"f:21:16:21:17":4,"s:21:22:21:46":11,"s:23:28:27:3":12,"f:23:28:23:29":5,"s:24:2:27:3":13,"f:25:4:25:5":6,"s:25:10:25:41":14,"s:29:28:33:3":15,"f:29:28:29:29":7,"s:30:2:33:3":16,"f:31:4:31:5":8,"s:31:10:31:46":17,"s:35:28:36:76":18,"f:35:28:35:29":9,"s:36:2:36:76":19,"f:36:16:36:17":10,"s:36:22:36:49":20}}}
,"C:\\Users\\flavi\\Documents\\Repositorios\\gerenciador-alunos\\client\\src\\services\\enrollment.js": {"path":"C:\\Users\\flavi\\Documents\\Repositorios\\gerenciador-alunos\\client\\src\\services\\enrollment.js","statementMap":{"0":{"start":{"line":3,"column":22},"end":{"line":15,"column":1}},"1":{"start":{"line":4,"column":2},"end":{"line":14,"column":3}},"2":{"start":{"line":5,"column":21},"end":{"line":5,"column":36}},"3":{"start":{"line":6,"column":4},"end":{"line":6,"column":25}},"4":{"start":{"line":8,"column":4},"end":{"line":8,"column":71}},"5":{"start":{"line":9,"column":4},"end":{"line":13,"column":6}},"6":{"start":{"line":17,"column":33},"end":{"line":18,"column":75}},"7":{"start":{"line":18,"column":2},"end":{"line":18,"column":75}},"8":{"start":{"line":18,"column":22},"end":{"line":18,"column":44}},"9":{"start":{"line":20,"column":33},"end":{"line":24,"column":3}},"10":{"start":{"line":21,"column":2},"end":{"line":24,"column":3}},"11":{"start":{"line":22,"column":10},"end":{"line":22,"column":38}},"12":{"start":{"line":26,"column":32},"end":{"line":30,"column":3}},"13":{"start":{"line":27,"column":2},"end":{"line":30,"column":3}},"14":{"start":{"line":28,"column":10},"end":{"line":28,"column":49}},"15":{"start":{"line":32,"column":32},"end":{"line":36,"column":3}},"16":{"start":{"line":33,"column":2},"end":{"line":36,"column":3}},"17":{"start":{"line":34,"column":10},"end":{"line":34,"column":54}},"18":{"start":{"line":38,"column":32},"end":{"line":42,"column":3}},"19":{"start":{"line":39,"column":2},"end":{"line":42,"column":3}},"20":{"start":{"line":40,"column":10},"end":{"line":40,"column":41}}},"fnMap":{"0":{"name":"(anonymous_0)","decl":{"start":{"line":3,"column":22},"end":{"line":3,"column":27}},"loc":{"start":{"line":3,"column":55},"end":{"line":15,"column":1}},"line":3},"1":{"name":"(anonymous_1)","decl":{"start":{"line":17,"column":33},"end":{"line":17,"column":34}},"loc":{"start":{"line":18,"column":2},"end":{"line":18,"column":75}},"line":18},"2":{"name":"(anonymous_2)","decl":{"start":{"line":18,"column":16},"end":{"line":18,"column":17}},"loc":{"start":{"line":18,"column":22},"end":{"line":18,"column":44}},"line":18},"3":{"name":"(anonymous_3)","decl":{"start":{"line":20,"column":33},"end":{"line":20,"column":34}},"loc":{"start":{"line":21,"column":2},"end":{"line":24,"column":3}},"line":21},"4":{"name":"(anonymous_4)","decl":{"start":{"line":22,"column":4},"end":{"line":22,"column":5}},"loc":{"start":{"line":22,"column":10},"end":{"line":22,"column":38}},"line":22},"5":{"name":"(anonymous_5)","decl":{"start":{"line":26,"column":32},"end":{"line":26,"column":33}},"loc":{"start":{"line":27,"column":2},"end":{"line":30,"column":3}},"line":27},"6":{"name":"(anonymous_6)","decl":{"start":{"line":28,"column":4},"end":{"line":28,"column":5}},"loc":{"start":{"line":28,"column":10},"end":{"line":28,"column":49}},"line":28},"7":{"name":"(anonymous_7)","decl":{"start":{"line":32,"column":32},"end":{"line":32,"column":33}},"loc":{"start":{"line":33,"column":2},"end":{"line":36,"column":3}},"line":33},"8":{"name":"(anonymous_8)","decl":{"start":{"line":34,"column":4},"end":{"line":34,"column":5}},"loc":{"start":{"line":34,"column":10},"end":{"line":34,"column":54}},"line":34},"9":{"name":"(anonymous_9)","decl":{"start":{"line":38,"column":32},"end":{"line":38,"column":33}},"loc":{"start":{"line":39,"column":2},"end":{"line":42,"column":3}},"line":39},"10":{"name":"(anonymous_10)","decl":{"start":{"line":40,"column":4},"end":{"line":40,"column":5}},"loc":{"start":{"line":40,"column":10},"end":{"line":40,"column":41}},"line":40}},"branchMap":{"0":{"loc":{"start":{"line":8,"column":38},"end":{"line":8,"column":69}},"type":"binary-expr","locations":[{"start":{"line":8,"column":38},"end":{"line":8,"column":52}},{"start":{"line":8,"column":56},"end":{"line":8,"column":69}}],"line":8},"1":{"loc":{"start":{"line":11,"column":8},"end":{"line":11,"column":54}},"type":"binary-expr","locations":[{"start":{"line":11,"column":8},"end":{"line":11,"column":37}},{"start":{"line":11,"column":41},"end":{"line":11,"column":54}}],"line":11}},"s":{"0":1,"1":0,"2":0,"3":0,"4":0,"5":0,"6":1,"7":0,"8":0,"9":1,"10":0,"11":0,"12":1,"13":0,"14":0,"15":1,"16":0,"17":0,"18":1,"19":0,"20":0},"f":{"0":0,"1":0,"2":0,"3":0,"4":0,"5":0,"6":0,"7":0,"8":0,"9":0,"10":0},"b":{"0":[0,0],"1":[0,0]},"meta":{"lastBranch":2,"lastFunction":11,"lastStatement":21,"seen":{"s:3:22:15:1":0,"f:3:22:3:27":0,"s:4:2:14:3":1,"s:5:21:5:36":2,"s:6:4:6:25":3,"s:8:4:8:71":4,"b:8:38:8:52:8:56:8:69":0,"s:9:4:13:6":5,"b:11:8:11:37:11:41:11:54":1,"s:17:33:18:75":6,"f:17:33:17:34":1,"s:18:2:18:75":7,"f:18:16:18:17":2,"s:18:22:18:44":8,"s:20:33:24:3":9,"f:20:33:20:34":3,"s:21:2:24:3":10,"f:22:4:22:5":4,"s:22:10:22:38":11,"s:26:32:30:3":12,"f:26:32:26:33":5,"s:27:2:30:3":13,"f:28:4:28:5":6,"s:28:10:28:49":14,"s:32:32:36:3":15,"f:32:32:32:33":7,"s:33:2:36:3":16,"f:34:4:34:5":8,"s:34:10:34:54":17,"s:38:32:42:3":18,"f:38:32:38:33":9,"s:39:2:42:3":19,"f:40:4:40:5":10,"s:40:10:40:41":20}}}
,"C:\\Users\\flavi\\Documents\\Repositorios\\gerenciador-alunos\\client\\src\\services\\student.js": {"path":"C:\\Users\\flavi\\Documents\\Repositorios\\gerenciador-alunos\\client\\src\\services\\student.js","statementMap":{"0":{"start":{"line":3,"column":22},"end":{"line":20,"column":1}},"1":{"start":{"line":4,"column":2},"end":{"line":19,"column":3}},"2":{"start":{"line":5,"column":21},"end":{"line":5,"column":36}},"3":{"start":{"line":6,"column":4},"end":{"line":6,"column":25}},"4":{"start":{"line":8,"column":4},"end":{"line":8,"column":71}},"5":{"start":{"line":10,"column":24},"end":{"line":14,"column":5}},"6":{"start":{"line":15,"column":4},"end":{"line":15,"column":42}},"7":{"start":{"line":16,"column":4},"end":{"line":16,"column":48}},"8":{"start":{"line":18,"column":4},"end":{"line":18,"column":22}},"9":{"start":{"line":22,"column":30},"end":{"line":23,"column":67}},"10":{"start":{"line":23,"column":2},"end":{"line":23,"column":67}},"11":{"start":{"line":23,"column":22},"end":{"line":23,"column":40}},"12":{"start":{"line":25,"column":30},"end":{"line":26,"column":72}},"13":{"start":{"line":26,"column":2},"end":{"line":26,"column":72}},"14":{"start":{"line":26,"column":22},"end":{"line":26,"column":46}},"15":{"start":{"line":28,"column":29},"end":{"line":33,"column":1}},"16":{"start":{"line":29,"column":2},"end":{"line":32,"column":4}},"17":{"start":{"line":30,"column":10},"end":{"line":30,"column":42}},"18":{"start":{"line":35,"column":29},"end":{"line":39,"column":3}},"19":{"start":{"line":36,"column":2},"end":{"line":39,"column":3}},"20":{"start":{"line":37,"column":10},"end":{"line":37,"column":47}},"21":{"start":{"line":41,"column":29},"end":{"line":42,"column":76}},"22":{"start":{"line":42,"column":2},"end":{"line":42,"column":76}},"23":{"start":{"line":42,"column":22},"end":{"line":42,"column":49}}},"fnMap":{"0":{"name":"(anonymous_0)","decl":{"start":{"line":3,"column":22},"end":{"line":3,"column":27}},"loc":{"start":{"line":3,"column":55},"end":{"line":20,"column":1}},"line":3},"1":{"name":"(anonymous_1)","decl":{"start":{"line":22,"column":30},"end":{"line":22,"column":31}},"loc":{"start":{"line":23,"column":2},"end":{"line":23,"column":67}},"line":23},"2":{"name":"(anonymous_2)","decl":{"start":{"line":23,"column":16},"end":{"line":23,"column":17}},"loc":{"start":{"line":23,"column":22},"end":{"line":23,"column":40}},"line":23},"3":{"name":"(anonymous_3)","decl":{"start":{"line":25,"column":30},"end":{"line":25,"column":31}},"loc":{"start":{"line":26,"column":2},"end":{"line":26,"column":72}},"line":26},"4":{"name":"(anonymous_4)","decl":{"start":{"line":26,"column":16},"end":{"line":26,"column":17}},"loc":{"start":{"line":26,"column":22},"end":{"line":26,"column":46}},"line":26},"5":{"name":"(anonymous_5)","decl":{"start":{"line":28,"column":29},"end":{"line":28,"column":30}},"loc":{"start":{"line":28,"column":46},"end":{"line":33,"column":1}},"line":28},"6":{"name":"(anonymous_6)","decl":{"start":{"line":30,"column":4},"end":{"line":30,"column":5}},"loc":{"start":{"line":30,"column":10},"end":{"line":30,"column":42}},"line":30},"7":{"name":"(anonymous_7)","decl":{"start":{"line":35,"column":29},"end":{"line":35,"column":30}},"loc":{"start":{"line":36,"column":2},"end":{"line":39,"column":3}},"line":36},"8":{"name":"(anonymous_8)","decl":{"start":{"line":37,"column":4},"end":{"line":37,"column":5}},"loc":{"start":{"line":37,"column":10},"end":{"line":37,"column":47}},"line":37},"9":{"name":"(anonymous_9)","decl":{"start":{"line":41,"column":29},"end":{"line":41,"column":30}},"loc":{"start":{"line":42,"column":2},"end":{"line":42,"column":76}},"line":42},"10":{"name":"(anonymous_10)","decl":{"start":{"line":42,"column":16},"end":{"line":42,"column":17}},"loc":{"start":{"line":42,"column":22},"end":{"line":42,"column":49}},"line":42}},"branchMap":{"0":{"loc":{"start":{"line":8,"column":38},"end":{"line":8,"column":69}},"type":"binary-expr","locations":[{"start":{"line":8,"column":38},"end":{"line":8,"column":52}},{"start":{"line":8,"column":56},"end":{"line":8,"column":69}}],"line":8},"1":{"loc":{"start":{"line":12,"column":8},"end":{"line":12,"column":54}},"type":"binary-expr","locations":[{"start":{"line":12,"column":8},"end":{"line":12,"column":37}},{"start":{"line":12,"column":41},"end":{"line":12,"column":54}}],"line":12}},"s":{"0":1,"1":1,"2":1,"3":0,"4":0,"5":0,"6":0,"7":0,"8":0,"9":1,"10":1,"11":1,"12":1,"13":0,"14":0,"15":1,"16":0,"17":0,"18":1,"19":0,"20":0,"21":1,"22":0,"23":0},"f":{"0":1,"1":1,"2":1,"3":0,"4":0,"5":0,"6":0,"7":0,"8":0,"9":0,"10":0},"b":{"0":[0,0],"1":[0,0]},"meta":{"lastBranch":2,"lastFunction":11,"lastStatement":24,"seen":{"s:3:22:20:1":0,"f:3:22:3:27":0,"s:4:2:19:3":1,"s:5:21:5:36":2,"s:6:4:6:25":3,"s:8:4:8:71":4,"b:8:38:8:52:8:56:8:69":0,"s:10:24:14:5":5,"b:12:8:12:37:12:41:12:54":1,"s:15:4:15:42":6,"s:16:4:16:48":7,"s:18:4:18:22":8,"s:22:30:23:67":9,"f:22:30:22:31":1,"s:23:2:23:67":10,"f:23:16:23:17":2,"s:23:22:23:40":11,"s:25:30:26:72":12,"f:25:30:25:31":3,"s:26:2:26:72":13,"f:26:16:26:17":4,"s:26:22:26:46":14,"s:28:29:33:1":15,"f:28:29:28:30":5,"s:29:2:32:4":16,"f:30:4:30:5":6,"s:30:10:30:42":17,"s:35:29:39:3":18,"f:35:29:35:30":7,"s:36:2:39:3":19,"f:37:4:37:5":8,"s:37:10:37:47":20,"s:41:29:42:76":21,"f:41:29:41:30":9,"s:42:2:42:76":22,"f:42:16:42:17":10,"s:42:22:42:49":23}}}
}
