{"C:\\Users\\flavi\\Documents\\Repositorios\\gerenciador-alunos\\client\\src\\App.jsx": {"path":"C:\\Users\\flavi\\Documents\\Repositorios\\gerenciador-alunos\\client\\src\\App.jsx","statementMap":{"0":{"start":{"line":8,"column":2},"end":{"line":17,"column":null}}},"fnMap":{"0":{"name":"App","decl":{"start":{"line":6,"column":9},"end":{"line":6,"column":15}},"loc":{"start":{"line":6,"column":15},"end":{"line":19,"column":null}},"line":6}},"branchMap":{},"s":{"0":1},"f":{"0":1},"b":{},"meta":{"lastBranch":0,"lastFunction":1,"lastStatement":1,"seen":{"f:6:9:6:15":0,"s:8:2:17:Infinity":0}}}
,"C:\\Users\\flavi\\Documents\\Repositorios\\gerenciador-alunos\\client\\src\\assets\\img\\Add.png": {"path":"C:\\Users\\flavi\\Documents\\Repositorios\\gerenciador-alunos\\client\\src\\assets\\img\\Add.png","statementMap":{},"fnMap":{},"branchMap":{},"s":{},"f":{},"b":{},"meta":{"lastBranch":0,"lastFunction":0,"lastStatement":0,"seen":{}}}
,"C:\\Users\\flavi\\Documents\\Repositorios\\gerenciador-alunos\\client\\src\\assets\\img\\Check.png": {"path":"C:\\Users\\flavi\\Documents\\Repositorios\\gerenciador-alunos\\client\\src\\assets\\img\\Check.png","statementMap":{},"fnMap":{},"branchMap":{},"s":{},"f":{},"b":{},"meta":{"lastBranch":0,"lastFunction":0,"lastStatement":0,"seen":{}}}
,"C:\\Users\\flavi\\Documents\\Repositorios\\gerenciador-alunos\\client\\src\\assets\\img\\Logo.png": {"path":"C:\\Users\\flavi\\Documents\\Repositorios\\gerenciador-alunos\\client\\src\\assets\\img\\Logo.png","statementMap":{},"fnMap":{},"branchMap":{},"s":{},"f":{},"b":{},"meta":{"lastBranch":0,"lastFunction":0,"lastStatement":0,"seen":{}}}
,"C:\\Users\\flavi\\Documents\\Repositorios\\gerenciador-alunos\\client\\src\\assets\\img\\Trash.png": {"path":"C:\\Users\\flavi\\Documents\\Repositorios\\gerenciador-alunos\\client\\src\\assets\\img\\Trash.png","statementMap":{},"fnMap":{},"branchMap":{},"s":{},"f":{},"b":{},"meta":{"lastBranch":0,"lastFunction":0,"lastStatement":0,"seen":{}}}
,"C:\\Users\\flavi\\Documents\\Repositorios\\gerenciador-alunos\\client\\src\\components\\AddButton.jsx": {"path":"C:\\Users\\flavi\\Documents\\Repositorios\\gerenciador-alunos\\client\\src\\components\\AddButton.jsx","statementMap":{"0":{"start":{"line":19,"column":25},"end":{"line":37,"column":null}},"1":{"start":{"line":21,"column":2},"end":{"line":35,"column":null}}},"fnMap":{"0":{"name":"(anonymous_0)","decl":{"start":{"line":19,"column":25},"end":{"line":19,"column":26}},"loc":{"start":{"line":19,"column":51},"end":{"line":37,"column":null}},"line":19}},"branchMap":{"0":{"loc":{"start":{"line":19,"column":28},"end":{"line":19,"column":45}},"type":"default-arg","locations":[{"start":{"line":19,"column":35},"end":{"line":19,"column":45}}],"line":19},"1":{"loc":{"start":{"line":23,"column":10},"end":{"line":23,"column":null}},"type":"cond-expr","locations":[{"start":{"line":23,"column":31},"end":{"line":23,"column":51}},{"start":{"line":23,"column":51},"end":{"line":23,"column":null}}],"line":23},"2":{"loc":{"start":{"line":28,"column":9},"end":{"line":31,"column":null}},"type":"cond-expr","locations":[{"start":{"line":29,"column":10},"end":{"line":29,"column":null}},{"start":{"line":31,"column":10},"end":{"line":31,"column":null}}],"line":28}},"s":{"0":3,"1":21},"f":{"0":21},"b":{"0":[21],"1":[15,6],"2":[15,6]},"meta":{"lastBranch":3,"lastFunction":1,"lastStatement":2,"seen":{"s:19:25:37:Infinity":0,"f:19:25:19:26":0,"b:19:35:19:45":0,"s:21:2:35:Infinity":1,"b:23:31:23:51:23:51:23:Infinity":1,"b:29:10:29:Infinity:31:10:31:Infinity":2}}}
,"C:\\Users\\flavi\\Documents\\Repositorios\\gerenciador-alunos\\client\\src\\components\\ConfirmationModal.jsx": {"path":"C:\\Users\\flavi\\Documents\\Repositorios\\gerenciador-alunos\\client\\src\\components\\ConfirmationModal.jsx","statementMap":{"0":{"start":{"line":7,"column":33},"end":{"line":32,"column":null}},"1":{"start":{"line":8,"column":2},"end":{"line":8,"column":null}},"2":{"start":{"line":8,"column":15},"end":{"line":8,"column":null}},"3":{"start":{"line":10,"column":2},"end":{"line":30,"column":null}}},"fnMap":{"0":{"name":"(anonymous_0)","decl":{"start":{"line":7,"column":33},"end":{"line":7,"column":34}},"loc":{"start":{"line":7,"column":69},"end":{"line":32,"column":null}},"line":7}},"branchMap":{"0":{"loc":{"start":{"line":8,"column":2},"end":{"line":8,"column":null}},"type":"if","locations":[{"start":{"line":8,"column":2},"end":{"line":8,"column":null}},{"start":{},"end":{}}],"line":8}},"s":{"0":5,"1":74,"2":64,"3":10},"f":{"0":74},"b":{"0":[64,10]},"meta":{"lastBranch":1,"lastFunction":1,"lastStatement":4,"seen":{"s:7:33:32:Infinity":0,"f:7:33:7:34":0,"b:8:2:8:Infinity:undefined:undefined:undefined:undefined":0,"s:8:2:8:Infinity":1,"s:8:15:8:Infinity":2,"s:10:2:30:Infinity":3}}}
,"C:\\Users\\flavi\\Documents\\Repositorios\\gerenciador-alunos\\client\\src\\components\\Course.jsx": {"path":"C:\\Users\\flavi\\Documents\\Repositorios\\gerenciador-alunos\\client\\src\\components\\Course.jsx","statementMap":{"0":{"start":{"line":17,"column":22},"end":{"line":68,"column":null}},"1":{"start":{"line":18,"column":34},"end":{"line":18,"column":null}},"2":{"start":{"line":20,"column":28},"end":{"line":22,"column":null}},"3":{"start":{"line":21,"column":4},"end":{"line":21,"column":null}},"4":{"start":{"line":24,"column":24},"end":{"line":34,"column":null}},"5":{"start":{"line":25,"column":4},"end":{"line":33,"column":null}},"6":{"start":{"line":26,"column":6},"end":{"line":26,"column":null}},"7":{"start":{"line":27,"column":6},"end":{"line":27,"column":null}},"8":{"start":{"line":28,"column":6},"end":{"line":28,"column":null}},"9":{"start":{"line":28,"column":27},"end":{"line":28,"column":null}},"10":{"start":{"line":30,"column":6},"end":{"line":30,"column":null}},"11":{"start":{"line":32,"column":6},"end":{"line":32,"column":null}},"12":{"start":{"line":36,"column":2},"end":{"line":66,"column":null}},"13":{"start":{"line":61,"column":25},"end":{"line":61,"column":null}}},"fnMap":{"0":{"name":"(anonymous_0)","decl":{"start":{"line":17,"column":22},"end":{"line":17,"column":23}},"loc":{"start":{"line":17,"column":55},"end":{"line":68,"column":null}},"line":17},"1":{"name":"(anonymous_1)","decl":{"start":{"line":20,"column":28},"end":{"line":20,"column":34}},"loc":{"start":{"line":20,"column":34},"end":{"line":22,"column":null}},"line":20},"2":{"name":"(anonymous_2)","decl":{"start":{"line":24,"column":24},"end":{"line":24,"column":36}},"loc":{"start":{"line":24,"column":36},"end":{"line":34,"column":null}},"line":24},"3":{"name":"(anonymous_3)","decl":{"start":{"line":61,"column":19},"end":{"line":61,"column":25}},"loc":{"start":{"line":61,"column":25},"end":{"line":61,"column":null}},"line":61}},"branchMap":{"0":{"loc":{"start":{"line":28,"column":6},"end":{"line":28,"column":null}},"type":"if","locations":[{"start":{"line":28,"column":6},"end":{"line":28,"column":null}},{"start":{},"end":{}}],"line":28}},"s":{"0":2,"1":40,"2":40,"3":10,"4":40,"5":8,"6":8,"7":5,"8":5,"9":4,"10":3,"11":8,"12":40,"13":1},"f":{"0":40,"1":10,"2":8,"3":1},"b":{"0":[4,1]},"meta":{"lastBranch":1,"lastFunction":4,"lastStatement":14,"seen":{"s:17:22:68:Infinity":0,"f:17:22:17:23":0,"s:18:34:18:Infinity":1,"s:20:28:22:Infinity":2,"f:20:28:20:34":1,"s:21:4:21:Infinity":3,"s:24:24:34:Infinity":4,"f:24:24:24:36":2,"s:25:4:33:Infinity":5,"s:26:6:26:Infinity":6,"s:27:6:27:Infinity":7,"b:28:6:28:Infinity:undefined:undefined:undefined:undefined":0,"s:28:6:28:Infinity":8,"s:28:27:28:Infinity":9,"s:30:6:30:Infinity":10,"s:32:6:32:Infinity":11,"s:36:2:66:Infinity":12,"f:61:19:61:25":3,"s:61:25:61:Infinity":13}}}
,"C:\\Users\\flavi\\Documents\\Repositorios\\gerenciador-alunos\\client\\src\\components\\CourseList.jsx": {"path":"C:\\Users\\flavi\\Documents\\Repositorios\\gerenciador-alunos\\client\\src\\components\\CourseList.jsx","statementMap":{"0":{"start":{"line":14,"column":28},"end":{"line":17,"column":null}},"1":{"start":{"line":15,"column":22},"end":{"line":15,"column":null}},"2":{"start":{"line":16,"column":2},"end":{"line":16,"column":null}},"3":{"start":{"line":19,"column":26},"end":{"line":90,"column":null}},"4":{"start":{"line":20,"column":32},"end":{"line":20,"column":null}},"5":{"start":{"line":21,"column":23},"end":{"line":21,"column":null}},"6":{"start":{"line":23,"column":2},"end":{"line":26,"column":null}},"7":{"start":{"line":24,"column":4},"end":{"line":24,"column":null}},"8":{"start":{"line":25,"column":4},"end":{"line":25,"column":null}},"9":{"start":{"line":28,"column":30},"end":{"line":30,"column":null}},"10":{"start":{"line":29,"column":4},"end":{"line":29,"column":null}},"11":{"start":{"line":29,"column":21},"end":{"line":29,"column":50}},"12":{"start":{"line":29,"column":38},"end":{"line":29,"column":49}},"13":{"start":{"line":32,"column":26},"end":{"line":34,"column":null}},"14":{"start":{"line":33,"column":4},"end":{"line":33,"column":null}},"15":{"start":{"line":33,"column":33},"end":{"line":33,"column":70}},"16":{"start":{"line":36,"column":22},"end":{"line":44,"column":null}},"17":{"start":{"line":37,"column":18},"end":{"line":37,"column":null}},"18":{"start":{"line":38,"column":18},"end":{"line":38,"column":null}},"19":{"start":{"line":39,"column":4},"end":{"line":39,"column":null}},"20":{"start":{"line":39,"column":26},"end":{"line":39,"column":null}},"21":{"start":{"line":40,"column":4},"end":{"line":40,"column":null}},"22":{"start":{"line":40,"column":16},"end":{"line":40,"column":null}},"23":{"start":{"line":41,"column":4},"end":{"line":41,"column":null}},"24":{"start":{"line":41,"column":16},"end":{"line":41,"column":null}},"25":{"start":{"line":42,"column":23},"end":{"line":42,"column":null}},"26":{"start":{"line":43,"column":4},"end":{"line":43,"column":null}},"27":{"start":{"line":46,"column":8},"end":{"line":46,"column":null}},"28":{"start":{"line":47,"column":23},"end":{"line":47,"column":null}},"29":{"start":{"line":49,"column":2},"end":{"line":88,"column":null}},"30":{"start":{"line":75,"column":12},"end":{"line":79,"column":null}}},"fnMap":{"0":{"name":"(anonymous_0)","decl":{"start":{"line":14,"column":28},"end":{"line":14,"column":34}},"loc":{"start":{"line":14,"column":34},"end":{"line":17,"column":null}},"line":14},"1":{"name":"(anonymous_1)","decl":{"start":{"line":19,"column":26},"end":{"line":19,"column":27}},"loc":{"start":{"line":19,"column":93},"end":{"line":90,"column":null}},"line":19},"2":{"name":"(anonymous_2)","decl":{"start":{"line":23,"column":12},"end":{"line":23,"column":18}},"loc":{"start":{"line":23,"column":18},"end":{"line":26,"column":5}},"line":23},"3":{"name":"(anonymous_3)","decl":{"start":{"line":28,"column":30},"end":{"line":28,"column":31}},"loc":{"start":{"line":28,"column":38},"end":{"line":30,"column":null}},"line":28},"4":{"name":"(anonymous_4)","decl":{"start":{"line":29,"column":13},"end":{"line":29,"column":21}},"loc":{"start":{"line":29,"column":21},"end":{"line":29,"column":50}},"line":29},"5":{"name":"(anonymous_5)","decl":{"start":{"line":29,"column":33},"end":{"line":29,"column":38}},"loc":{"start":{"line":29,"column":38},"end":{"line":29,"column":49}},"line":29},"6":{"name":"(anonymous_6)","decl":{"start":{"line":32,"column":26},"end":{"line":32,"column":32}},"loc":{"start":{"line":32,"column":32},"end":{"line":34,"column":null}},"line":32},"7":{"name":"(anonymous_7)","decl":{"start":{"line":33,"column":17},"end":{"line":33,"column":18}},"loc":{"start":{"line":33,"column":33},"end":{"line":33,"column":70}},"line":33},"8":{"name":"(anonymous_8)","decl":{"start":{"line":36,"column":46},"end":{"line":36,"column":47}},"loc":{"start":{"line":36,"column":56},"end":{"line":44,"column":3}},"line":36},"9":{"name":"(anonymous_9)","decl":{"start":{"line":74,"column":28},"end":{"line":74,"column":29}},"loc":{"start":{"line":75,"column":12},"end":{"line":79,"column":null}},"line":75}},"branchMap":{"0":{"loc":{"start":{"line":16,"column":9},"end":{"line":16,"column":null}},"type":"cond-expr","locations":[{"start":{"line":16,"column":23},"end":{"line":16,"column":37}},{"start":{"line":16,"column":37},"end":{"line":16,"column":null}}],"line":16},"1":{"loc":{"start":{"line":19,"column":29},"end":{"line":19,"column":49}},"type":"default-arg","locations":[{"start":{"line":19,"column":45},"end":{"line":19,"column":49}}],"line":19},"2":{"loc":{"start":{"line":33,"column":33},"end":{"line":33,"column":70}},"type":"cond-expr","locations":[{"start":{"line":33,"column":55},"end":{"line":33,"column":64}},{"start":{"line":33,"column":64},"end":{"line":33,"column":70}}],"line":33},"3":{"loc":{"start":{"line":37,"column":18},"end":{"line":37,"column":null}},"type":"binary-expr","locations":[{"start":{"line":37,"column":18},"end":{"line":37,"column":36}},{"start":{"line":37,"column":36},"end":{"line":37,"column":null}}],"line":37},"4":{"loc":{"start":{"line":38,"column":18},"end":{"line":38,"column":null}},"type":"binary-expr","locations":[{"start":{"line":38,"column":18},"end":{"line":38,"column":36}},{"start":{"line":38,"column":36},"end":{"line":38,"column":null}}],"line":38},"5":{"loc":{"start":{"line":39,"column":4},"end":{"line":39,"column":null}},"type":"if","locations":[{"start":{"line":39,"column":4},"end":{"line":39,"column":null}},{"start":{},"end":{}}],"line":39},"6":{"loc":{"start":{"line":39,"column":8},"end":{"line":39,"column":26}},"type":"binary-expr","locations":[{"start":{"line":39,"column":8},"end":{"line":39,"column":18}},{"start":{"line":39,"column":18},"end":{"line":39,"column":26}}],"line":39},"7":{"loc":{"start":{"line":40,"column":4},"end":{"line":40,"column":null}},"type":"if","locations":[{"start":{"line":40,"column":4},"end":{"line":40,"column":null}},{"start":{},"end":{}}],"line":40},"8":{"loc":{"start":{"line":40,"column":23},"end":{"line":40,"column":null}},"type":"cond-expr","locations":[{"start":{"line":40,"column":45},"end":{"line":40,"column":49}},{"start":{"line":40,"column":49},"end":{"line":40,"column":null}}],"line":40},"9":{"loc":{"start":{"line":41,"column":4},"end":{"line":41,"column":null}},"type":"if","locations":[{"start":{"line":41,"column":4},"end":{"line":41,"column":null}},{"start":{},"end":{}}],"line":41},"10":{"loc":{"start":{"line":41,"column":23},"end":{"line":41,"column":null}},"type":"cond-expr","locations":[{"start":{"line":41,"column":45},"end":{"line":41,"column":50}},{"start":{"line":41,"column":50},"end":{"line":41,"column":null}}],"line":41},"11":{"loc":{"start":{"line":43,"column":11},"end":{"line":43,"column":null}},"type":"cond-expr","locations":[{"start":{"line":43,"column":33},"end":{"line":43,"column":46}},{"start":{"line":43,"column":46},"end":{"line":43,"column":null}}],"line":43},"12":{"loc":{"start":{"line":57,"column":17},"end":{"line":66,"column":null}},"type":"cond-expr","locations":[{"start":{"line":58,"column":18},"end":{"line":61,"column":null}},{"start":{"line":63,"column":18},"end":{"line":66,"column":null}}],"line":57}},"s":{"0":2,"1":28,"2":28,"3":2,"4":32,"5":32,"6":32,"7":31,"8":31,"9":32,"10":1,"11":1,"12":4,"13":32,"14":3,"15":3,"16":32,"17":246,"18":246,"19":246,"20":1,"21":245,"22":245,"23":242,"24":242,"25":242,"26":242,"27":32,"28":32,"29":32,"30":120},"f":{"0":28,"1":32,"2":31,"3":1,"4":1,"5":4,"6":3,"7":3,"8":246,"9":120},"b":{"0":[27,1],"1":[32],"2":[3,0],"3":[246,4],"4":[246,1],"5":[1,245],"6":[246,4],"7":[3,242],"8":[3,0],"9":[0,242],"10":[0,0],"11":[200,42],"12":[25,7]},"meta":{"lastBranch":13,"lastFunction":10,"lastStatement":31,"seen":{"s:14:28:17:Infinity":0,"f:14:28:14:34":0,"s:15:22:15:Infinity":1,"s:16:2:16:Infinity":2,"b:16:23:16:37:16:37:16:Infinity":0,"s:19:26:90:Infinity":3,"f:19:26:19:27":1,"b:19:45:19:49":1,"s:20:32:20:Infinity":4,"s:21:23:21:Infinity":5,"s:23:2:26:Infinity":6,"f:23:12:23:18":2,"s:24:4:24:Infinity":7,"s:25:4:25:Infinity":8,"s:28:30:30:Infinity":9,"f:28:30:28:31":3,"s:29:4:29:Infinity":10,"f:29:13:29:21":4,"s:29:21:29:50":11,"f:29:33:29:38":5,"s:29:38:29:49":12,"s:32:26:34:Infinity":13,"f:32:26:32:32":6,"s:33:4:33:Infinity":14,"f:33:17:33:18":7,"s:33:33:33:70":15,"b:33:55:33:64:33:64:33:70":2,"s:36:22:44:Infinity":16,"f:36:46:36:47":8,"s:37:18:37:Infinity":17,"b:37:18:37:36:37:36:37:Infinity":3,"s:38:18:38:Infinity":18,"b:38:18:38:36:38:36:38:Infinity":4,"b:39:4:39:Infinity:undefined:undefined:undefined:undefined":5,"s:39:4:39:Infinity":19,"b:39:8:39:18:39:18:39:26":6,"s:39:26:39:Infinity":20,"b:40:4:40:Infinity:undefined:undefined:undefined:undefined":7,"s:40:4:40:Infinity":21,"s:40:16:40:Infinity":22,"b:40:45:40:49:40:49:40:Infinity":8,"b:41:4:41:Infinity:undefined:undefined:undefined:undefined":9,"s:41:4:41:Infinity":23,"s:41:16:41:Infinity":24,"b:41:45:41:50:41:50:41:Infinity":10,"s:42:23:42:Infinity":25,"s:43:4:43:Infinity":26,"b:43:33:43:46:43:46:43:Infinity":11,"s:46:8:46:Infinity":27,"s:47:23:47:Infinity":28,"s:49:2:88:Infinity":29,"b:58:18:61:Infinity:63:18:66:Infinity":12,"f:74:28:74:29":9,"s:75:12:79:Infinity":30}}}
,"C:\\Users\\flavi\\Documents\\Repositorios\\gerenciador-alunos\\client\\src\\components\\CousesModal.jsx": {"path":"C:\\Users\\flavi\\Documents\\Repositorios\\gerenciador-alunos\\client\\src\\components\\CousesModal.jsx","statementMap":{"0":{"start":{"line":12,"column":28},"end":{"line":55,"column":null}},"1":{"start":{"line":13,"column":2},"end":{"line":53,"column":null}},"2":{"start":{"line":16,"column":21},"end":{"line":16,"column":null}},"3":{"start":{"line":20,"column":24},"end":{"line":20,"column":null}},"4":{"start":{"line":27,"column":27},"end":{"line":27,"column":null}},"5":{"start":{"line":37,"column":14},"end":{"line":42,"column":null}}},"fnMap":{"0":{"name":"(anonymous_0)","decl":{"start":{"line":12,"column":28},"end":{"line":12,"column":29}},"loc":{"start":{"line":12,"column":66},"end":{"line":55,"column":null}},"line":12},"1":{"name":"(anonymous_1)","decl":{"start":{"line":16,"column":15},"end":{"line":16,"column":21}},"loc":{"start":{"line":16,"column":21},"end":{"line":16,"column":null}},"line":16},"2":{"name":"(anonymous_2)","decl":{"start":{"line":20,"column":17},"end":{"line":20,"column":18}},"loc":{"start":{"line":20,"column":24},"end":{"line":20,"column":null}},"line":20},"3":{"name":"(anonymous_3)","decl":{"start":{"line":27,"column":21},"end":{"line":27,"column":27}},"loc":{"start":{"line":27,"column":27},"end":{"line":27,"column":null}},"line":27},"4":{"name":"(anonymous_4)","decl":{"start":{"line":36,"column":33},"end":{"line":36,"column":34}},"loc":{"start":{"line":37,"column":14},"end":{"line":42,"column":null}},"line":37}},"branchMap":{"0":{"loc":{"start":{"line":48,"column":103},"end":{"line":48,"column":null}},"type":"cond-expr","locations":[{"start":{"line":48,"column":134},"end":{"line":48,"column":144}},{"start":{"line":48,"column":144},"end":{"line":48,"column":null}}],"line":48}},"s":{"0":3,"1":32,"2":1,"3":3,"4":1,"5":84},"f":{"0":32,"1":1,"2":3,"3":1,"4":84},"b":{"0":[0,27]},"meta":{"lastBranch":1,"lastFunction":5,"lastStatement":6,"seen":{"s:12:28:55:Infinity":0,"f:12:28:12:29":0,"s:13:2:53:Infinity":1,"f:16:15:16:21":1,"s:16:21:16:Infinity":2,"f:20:17:20:18":2,"s:20:24:20:Infinity":3,"f:27:21:27:27":3,"s:27:27:27:Infinity":4,"f:36:33:36:34":4,"s:37:14:42:Infinity":5,"b:48:134:48:144:48:144:48:Infinity":0}}}
,"C:\\Users\\flavi\\Documents\\Repositorios\\gerenciador-alunos\\client\\src\\components\\Enrollment.jsx": {"path":"C:\\Users\\flavi\\Documents\\Repositorios\\gerenciador-alunos\\client\\src\\components\\Enrollment.jsx","statementMap":{"0":{"start":{"line":10,"column":26},"end":{"line":74,"column":null}},"1":{"start":{"line":20,"column":2},"end":{"line":72,"column":null}},"2":{"start":{"line":30,"column":27},"end":{"line":30,"column":null}},"3":{"start":{"line":36,"column":25},"end":{"line":36,"column":71}},"4":{"start":{"line":36,"column":56},"end":{"line":36,"column":70}},"5":{"start":{"line":38,"column":14},"end":{"line":40,"column":null}},"6":{"start":{"line":56,"column":29},"end":{"line":56,"column":null}}},"fnMap":{"0":{"name":"(anonymous_0)","decl":{"start":{"line":10,"column":26},"end":{"line":10,"column":27}},"loc":{"start":{"line":19,"column":6},"end":{"line":74,"column":null}},"line":19},"1":{"name":"(anonymous_1)","decl":{"start":{"line":30,"column":20},"end":{"line":30,"column":21}},"loc":{"start":{"line":30,"column":27},"end":{"line":30,"column":null}},"line":30},"2":{"name":"(anonymous_2)","decl":{"start":{"line":36,"column":20},"end":{"line":36,"column":25}},"loc":{"start":{"line":36,"column":25},"end":{"line":36,"column":71}},"line":36},"3":{"name":"(anonymous_3)","decl":{"start":{"line":36,"column":50},"end":{"line":36,"column":56}},"loc":{"start":{"line":36,"column":56},"end":{"line":36,"column":70}},"line":36},"4":{"name":"(anonymous_4)","decl":{"start":{"line":37,"column":17},"end":{"line":37,"column":18}},"loc":{"start":{"line":38,"column":14},"end":{"line":40,"column":null}},"line":38},"5":{"name":"(anonymous_5)","decl":{"start":{"line":56,"column":22},"end":{"line":56,"column":23}},"loc":{"start":{"line":56,"column":29},"end":{"line":56,"column":null}},"line":56}},"branchMap":{"0":{"loc":{"start":{"line":11,"column":2},"end":{"line":11,"column":null}},"type":"default-arg","locations":[{"start":{"line":11,"column":12},"end":{"line":11,"column":null}}],"line":11},"1":{"loc":{"start":{"line":12,"column":2},"end":{"line":12,"column":null}},"type":"default-arg","locations":[{"start":{"line":12,"column":15},"end":{"line":12,"column":null}}],"line":12},"2":{"loc":{"start":{"line":35,"column":12},"end":{"line":35,"column":null}},"type":"binary-expr","locations":[{"start":{"line":35,"column":12},"end":{"line":35,"column":23}},{"start":{"line":35,"column":23},"end":{"line":35,"column":null}}],"line":35},"3":{"loc":{"start":{"line":36,"column":27},"end":{"line":36,"column":45}},"type":"binary-expr","locations":[{"start":{"line":36,"column":27},"end":{"line":36,"column":41}},{"start":{"line":36,"column":41},"end":{"line":36,"column":45}}],"line":36}},"s":{"0":4,"1":65,"2":4,"3":138,"4":138,"5":83,"6":3},"f":{"0":65,"1":4,"2":138,"3":138,"4":83,"5":3},"b":{"0":[65],"1":[65],"2":[65,1],"3":[138,0]},"meta":{"lastBranch":4,"lastFunction":6,"lastStatement":7,"seen":{"s:10:26:74:Infinity":0,"f:10:26:10:27":0,"b:11:12:11:Infinity":0,"b:12:15:12:Infinity":1,"s:20:2:72:Infinity":1,"f:30:20:30:21":1,"s:30:27:30:Infinity":2,"b:35:12:35:23:35:23:35:Infinity":2,"f:36:20:36:25":2,"s:36:25:36:71":3,"b:36:27:36:41:36:41:36:45":3,"f:36:50:36:56":3,"s:36:56:36:70":4,"f:37:17:37:18":4,"s:38:14:40:Infinity":5,"f:56:22:56:23":5,"s:56:29:56:Infinity":6}}}
,"C:\\Users\\flavi\\Documents\\Repositorios\\gerenciador-alunos\\client\\src\\components\\Header.jsx": {"path":"C:\\Users\\flavi\\Documents\\Repositorios\\gerenciador-alunos\\client\\src\\components\\Header.jsx","statementMap":{"0":{"start":{"line":22,"column":22},"end":{"line":83,"column":null}},"1":{"start":{"line":23,"column":36},"end":{"line":23,"column":null}},"2":{"start":{"line":24,"column":8},"end":{"line":24,"column":null}},"3":{"start":{"line":25,"column":32},"end":{"line":25,"column":null}},"4":{"start":{"line":27,"column":17},"end":{"line":27,"column":null}},"5":{"start":{"line":29,"column":23},"end":{"line":32,"column":null}},"6":{"start":{"line":30,"column":4},"end":{"line":30,"column":null}},"7":{"start":{"line":30,"column":27},"end":{"line":30,"column":null}},"8":{"start":{"line":31,"column":4},"end":{"line":31,"column":null}},"9":{"start":{"line":34,"column":2},"end":{"line":40,"column":null}},"10":{"start":{"line":35,"column":4},"end":{"line":39,"column":null}},"11":{"start":{"line":36,"column":6},"end":{"line":36,"column":null}},"12":{"start":{"line":37,"column":4},"end":{"line":39,"column":null}},"13":{"start":{"line":38,"column":6},"end":{"line":38,"column":null}},"14":{"start":{"line":42,"column":2},"end":{"line":81,"column":null}},"15":{"start":{"line":66,"column":29},"end":{"line":66,"column":null}},"16":{"start":{"line":78,"column":23},"end":{"line":78,"column":null}}},"fnMap":{"0":{"name":"(anonymous_0)","decl":{"start":{"line":22,"column":22},"end":{"line":22,"column":28}},"loc":{"start":{"line":22,"column":28},"end":{"line":83,"column":null}},"line":22},"1":{"name":"(anonymous_1)","decl":{"start":{"line":29,"column":23},"end":{"line":29,"column":35}},"loc":{"start":{"line":29,"column":35},"end":{"line":32,"column":null}},"line":29},"2":{"name":"(anonymous_2)","decl":{"start":{"line":34,"column":12},"end":{"line":34,"column":18}},"loc":{"start":{"line":34,"column":18},"end":{"line":40,"column":5}},"line":34},"3":{"name":"(anonymous_3)","decl":{"start":{"line":66,"column":23},"end":{"line":66,"column":29}},"loc":{"start":{"line":66,"column":29},"end":{"line":66,"column":null}},"line":66},"4":{"name":"(anonymous_4)","decl":{"start":{"line":78,"column":17},"end":{"line":78,"column":23}},"loc":{"start":{"line":78,"column":23},"end":{"line":78,"column":null}},"line":78}},"branchMap":{"0":{"loc":{"start":{"line":27,"column":17},"end":{"line":27,"column":null}},"type":"binary-expr","locations":[{"start":{"line":27,"column":17},"end":{"line":27,"column":52}},{"start":{"line":27,"column":52},"end":{"line":27,"column":null}}],"line":27},"1":{"loc":{"start":{"line":30,"column":4},"end":{"line":30,"column":null}},"type":"if","locations":[{"start":{"line":30,"column":4},"end":{"line":30,"column":null}},{"start":{},"end":{}}],"line":30},"2":{"loc":{"start":{"line":35,"column":4},"end":{"line":39,"column":null}},"type":"if","locations":[{"start":{"line":35,"column":4},"end":{"line":39,"column":null}},{"start":{"line":37,"column":4},"end":{"line":39,"column":null}}],"line":35},"3":{"loc":{"start":{"line":37,"column":4},"end":{"line":39,"column":null}},"type":"if","locations":[{"start":{"line":37,"column":4},"end":{"line":39,"column":null}},{"start":{},"end":{}}],"line":37},"4":{"loc":{"start":{"line":46,"column":11},"end":{"line":49,"column":null}},"type":"binary-expr","locations":[{"start":{"line":46,"column":11},"end":{"line":46,"column":null}},{"start":{"line":47,"column":12},"end":{"line":49,"column":null}}],"line":46},"5":{"loc":{"start":{"line":51,"column":20},"end":{"line":51,"column":null}},"type":"cond-expr","locations":[{"start":{"line":51,"column":29},"end":{"line":51,"column":49}},{"start":{"line":51,"column":49},"end":{"line":51,"column":null}}],"line":51},"6":{"loc":{"start":{"line":61,"column":9},"end":{"line":71,"column":null}},"type":"cond-expr","locations":[{"start":{"line":62,"column":10},"end":{"line":62,"column":null}},{"start":{"line":64,"column":10},"end":{"line":71,"column":null}}],"line":61},"7":{"loc":{"start":{"line":64,"column":10},"end":{"line":71,"column":null}},"type":"binary-expr","locations":[{"start":{"line":64,"column":10},"end":{"line":64,"column":null}},{"start":{"line":65,"column":12},"end":{"line":71,"column":null}}],"line":64}},"s":{"0":2,"1":17,"2":17,"3":17,"4":17,"5":17,"6":0,"7":0,"8":0,"9":17,"10":10,"11":6,"12":4,"13":1,"14":17,"15":0,"16":0},"f":{"0":17,"1":0,"2":10,"3":0,"4":0},"b":{"0":[17,5],"1":[0,0],"2":[6,4],"3":[1,3],"4":[17,3],"5":[14,3],"6":[14,3],"7":[3,0]},"meta":{"lastBranch":8,"lastFunction":5,"lastStatement":17,"seen":{"s:22:22:83:Infinity":0,"f:22:22:22:28":0,"s:23:36:23:Infinity":1,"s:24:8:24:Infinity":2,"s:25:32:25:Infinity":3,"s:27:17:27:Infinity":4,"b:27:17:27:52:27:52:27:Infinity":0,"s:29:23:32:Infinity":5,"f:29:23:29:35":1,"b:30:4:30:Infinity:undefined:undefined:undefined:undefined":1,"s:30:4:30:Infinity":6,"s:30:27:30:Infinity":7,"s:31:4:31:Infinity":8,"s:34:2:40:Infinity":9,"f:34:12:34:18":2,"b:35:4:39:Infinity:37:4:39:Infinity":2,"s:35:4:39:Infinity":10,"s:36:6:36:Infinity":11,"b:37:4:39:Infinity:undefined:undefined:undefined:undefined":3,"s:37:4:39:Infinity":12,"s:38:6:38:Infinity":13,"s:42:2:81:Infinity":14,"b:46:11:46:Infinity:47:12:49:Infinity":4,"b:51:29:51:49:51:49:51:Infinity":5,"b:62:10:62:Infinity:64:10:71:Infinity":6,"b:64:10:64:Infinity:65:12:71:Infinity":7,"f:66:23:66:29":3,"s:66:29:66:Infinity":15,"f:78:17:78:23":4,"s:78:23:78:Infinity":16}}}
,"C:\\Users\\flavi\\Documents\\Repositorios\\gerenciador-alunos\\client\\src\\components\\HeaderToggle.jsx": {"path":"C:\\Users\\flavi\\Documents\\Repositorios\\gerenciador-alunos\\client\\src\\components\\HeaderToggle.jsx","statementMap":{"0":{"start":{"line":10,"column":28},"end":{"line":41,"column":null}},"1":{"start":{"line":11,"column":8},"end":{"line":11,"column":null}},"2":{"start":{"line":12,"column":8},"end":{"line":12,"column":null}},"3":{"start":{"line":14,"column":21},"end":{"line":20,"column":null}},"4":{"start":{"line":15,"column":4},"end":{"line":19,"column":null}},"5":{"start":{"line":16,"column":6},"end":{"line":16,"column":null}},"6":{"start":{"line":18,"column":6},"end":{"line":18,"column":null}},"7":{"start":{"line":22,"column":19},"end":{"line":22,"column":null}},"8":{"start":{"line":24,"column":2},"end":{"line":39,"column":null}}},"fnMap":{"0":{"name":"(anonymous_0)","decl":{"start":{"line":10,"column":28},"end":{"line":10,"column":34}},"loc":{"start":{"line":10,"column":34},"end":{"line":41,"column":null}},"line":10},"1":{"name":"(anonymous_1)","decl":{"start":{"line":14,"column":21},"end":{"line":14,"column":27}},"loc":{"start":{"line":14,"column":27},"end":{"line":20,"column":null}},"line":14}},"branchMap":{"0":{"loc":{"start":{"line":15,"column":4},"end":{"line":19,"column":null}},"type":"if","locations":[{"start":{"line":15,"column":4},"end":{"line":19,"column":null}},{"start":{"line":17,"column":11},"end":{"line":19,"column":null}}],"line":15},"1":{"loc":{"start":{"line":31,"column":12},"end":{"line":31,"column":60}},"type":"cond-expr","locations":[{"start":{"line":31,"column":23},"end":{"line":31,"column":34}},{"start":{"line":31,"column":34},"end":{"line":31,"column":60}}],"line":31}},"s":{"0":2,"1":14,"2":14,"3":14,"4":0,"5":0,"6":0,"7":14,"8":14},"f":{"0":14,"1":0},"b":{"0":[0,0],"1":[12,2]},"meta":{"lastBranch":2,"lastFunction":2,"lastStatement":9,"seen":{"s:10:28:41:Infinity":0,"f:10:28:10:34":0,"s:11:8:11:Infinity":1,"s:12:8:12:Infinity":2,"s:14:21:20:Infinity":3,"f:14:21:14:27":1,"b:15:4:19:Infinity:17:11:19:Infinity":0,"s:15:4:19:Infinity":4,"s:16:6:16:Infinity":5,"s:18:6:18:Infinity":6,"s:22:19:22:Infinity":7,"s:24:2:39:Infinity":8,"b:31:23:31:34:31:34:31:60":1}}}
,"C:\\Users\\flavi\\Documents\\Repositorios\\gerenciador-alunos\\client\\src\\components\\InputField.jsx": {"path":"C:\\Users\\flavi\\Documents\\Repositorios\\gerenciador-alunos\\client\\src\\components\\InputField.jsx","statementMap":{"0":{"start":{"line":9,"column":26},"end":{"line":31,"column":null}},"1":{"start":{"line":18,"column":2},"end":{"line":29,"column":null}}},"fnMap":{"0":{"name":"(anonymous_0)","decl":{"start":{"line":9,"column":26},"end":{"line":9,"column":27}},"loc":{"start":{"line":17,"column":6},"end":{"line":31,"column":null}},"line":17}},"branchMap":{"0":{"loc":{"start":{"line":12,"column":2},"end":{"line":12,"column":null}},"type":"default-arg","locations":[{"start":{"line":12,"column":9},"end":{"line":12,"column":null}}],"line":12},"1":{"loc":{"start":{"line":28,"column":7},"end":{"line":28,"column":null}},"type":"binary-expr","locations":[{"start":{"line":28,"column":7},"end":{"line":28,"column":16}},{"start":{"line":28,"column":16},"end":{"line":28,"column":null}}],"line":28}},"s":{"0":4,"1":296},"f":{"0":296},"b":{"0":[296],"1":[296,3]},"meta":{"lastBranch":2,"lastFunction":1,"lastStatement":2,"seen":{"s:9:26:31:Infinity":0,"f:9:26:9:27":0,"b:12:9:12:Infinity":0,"s:18:2:29:Infinity":1,"b:28:7:28:16:28:16:28:Infinity":1}}}
,"C:\\Users\\flavi\\Documents\\Repositorios\\gerenciador-alunos\\client\\src\\components\\Pagination.jsx": {"path":"C:\\Users\\flavi\\Documents\\Repositorios\\gerenciador-alunos\\client\\src\\components\\Pagination.jsx","statementMap":{"0":{"start":{"line":16,"column":26},"end":{"line":82,"column":null}},"1":{"start":{"line":17,"column":25},"end":{"line":21,"column":null}},"2":{"start":{"line":18,"column":4},"end":{"line":20,"column":null}},"3":{"start":{"line":19,"column":6},"end":{"line":19,"column":null}},"4":{"start":{"line":23,"column":21},"end":{"line":27,"column":null}},"5":{"start":{"line":24,"column":4},"end":{"line":26,"column":null}},"6":{"start":{"line":25,"column":6},"end":{"line":25,"column":null}},"7":{"start":{"line":29,"column":28},"end":{"line":59,"column":null}},"8":{"start":{"line":30,"column":18},"end":{"line":30,"column":null}},"9":{"start":{"line":31,"column":4},"end":{"line":57,"column":null}},"10":{"start":{"line":31,"column":17},"end":{"line":31,"column":20}},"11":{"start":{"line":32,"column":6},"end":{"line":56,"column":null}},"12":{"start":{"line":37,"column":8},"end":{"line":46,"column":null}},"13":{"start":{"line":40,"column":27},"end":{"line":40,"column":null}},"14":{"start":{"line":47,"column":6},"end":{"line":56,"column":null}},"15":{"start":{"line":51,"column":8},"end":{"line":55,"column":null}},"16":{"start":{"line":58,"column":4},"end":{"line":58,"column":null}},"17":{"start":{"line":61,"column":2},"end":{"line":80,"column":null}}},"fnMap":{"0":{"name":"(anonymous_0)","decl":{"start":{"line":16,"column":26},"end":{"line":16,"column":27}},"loc":{"start":{"line":16,"column":73},"end":{"line":82,"column":null}},"line":16},"1":{"name":"(anonymous_1)","decl":{"start":{"line":17,"column":25},"end":{"line":17,"column":31}},"loc":{"start":{"line":17,"column":31},"end":{"line":21,"column":null}},"line":17},"2":{"name":"(anonymous_2)","decl":{"start":{"line":23,"column":21},"end":{"line":23,"column":27}},"loc":{"start":{"line":23,"column":27},"end":{"line":27,"column":null}},"line":23},"3":{"name":"(anonymous_3)","decl":{"start":{"line":29,"column":28},"end":{"line":29,"column":34}},"loc":{"start":{"line":29,"column":34},"end":{"line":59,"column":null}},"line":29},"4":{"name":"(anonymous_4)","decl":{"start":{"line":40,"column":21},"end":{"line":40,"column":27}},"loc":{"start":{"line":40,"column":27},"end":{"line":40,"column":null}},"line":40}},"branchMap":{"0":{"loc":{"start":{"line":18,"column":4},"end":{"line":20,"column":null}},"type":"if","locations":[{"start":{"line":18,"column":4},"end":{"line":20,"column":null}},{"start":{},"end":{}}],"line":18},"1":{"loc":{"start":{"line":24,"column":4},"end":{"line":26,"column":null}},"type":"if","locations":[{"start":{"line":24,"column":4},"end":{"line":26,"column":null}},{"start":{},"end":{}}],"line":24},"2":{"loc":{"start":{"line":32,"column":6},"end":{"line":56,"column":null}},"type":"if","locations":[{"start":{"line":32,"column":6},"end":{"line":56,"column":null}},{"start":{"line":47,"column":6},"end":{"line":56,"column":null}}],"line":32},"3":{"loc":{"start":{"line":33,"column":8},"end":{"line":35,"column":null}},"type":"binary-expr","locations":[{"start":{"line":33,"column":8},"end":{"line":33,"column":null}},{"start":{"line":34,"column":8},"end":{"line":34,"column":null}},{"start":{"line":35,"column":9},"end":{"line":35,"column":33}},{"start":{"line":35,"column":33},"end":{"line":35,"column":null}}],"line":33},"4":{"loc":{"start":{"line":41,"column":72},"end":{"line":41,"column":null}},"type":"cond-expr","locations":[{"start":{"line":41,"column":92},"end":{"line":41,"column":129}},{"start":{"line":41,"column":129},"end":{"line":41,"column":null}}],"line":41},"5":{"loc":{"start":{"line":47,"column":6},"end":{"line":56,"column":null}},"type":"if","locations":[{"start":{"line":47,"column":6},"end":{"line":56,"column":null}},{"start":{},"end":{}}],"line":47},"6":{"loc":{"start":{"line":47,"column":6},"end":{"line":49,"column":null}},"type":"binary-expr","locations":[{"start":{"line":48,"column":9},"end":{"line":48,"column":34}},{"start":{"line":48,"column":34},"end":{"line":48,"column":null}},{"start":{"line":49,"column":8},"end":{"line":49,"column":null}}],"line":47}},"s":{"0":2,"1":20,"2":1,"3":1,"4":20,"5":1,"6":1,"7":20,"8":20,"9":20,"10":20,"11":103,"12":68,"13":1,"14":35,"15":16,"16":103,"17":20},"f":{"0":20,"1":1,"2":1,"3":20,"4":1},"b":{"0":[1,0],"1":[1,0],"2":[68,35],"3":[103,84,66,56],"4":[19,49],"5":[16,19],"6":[35,30,16]},"meta":{"lastBranch":7,"lastFunction":5,"lastStatement":18,"seen":{"s:16:26:82:Infinity":0,"f:16:26:16:27":0,"s:17:25:21:Infinity":1,"f:17:25:17:31":1,"b:18:4:20:Infinity:undefined:undefined:undefined:undefined":0,"s:18:4:20:Infinity":2,"s:19:6:19:Infinity":3,"s:23:21:27:Infinity":4,"f:23:21:23:27":2,"b:24:4:26:Infinity:undefined:undefined:undefined:undefined":1,"s:24:4:26:Infinity":5,"s:25:6:25:Infinity":6,"s:29:28:59:Infinity":7,"f:29:28:29:34":3,"s:30:18:30:Infinity":8,"s:31:4:57:Infinity":9,"s:31:17:31:20":10,"b:32:6:56:Infinity:47:6:56:Infinity":2,"s:32:6:56:Infinity":11,"b:33:8:33:Infinity:34:8:34:Infinity:35:9:35:33:35:33:35:Infinity":3,"s:37:8:46:Infinity":12,"f:40:21:40:27":4,"s:40:27:40:Infinity":13,"b:41:92:41:129:41:129:41:Infinity":4,"b:47:6:56:Infinity:undefined:undefined:undefined:undefined":5,"s:47:6:56:Infinity":14,"b:48:9:48:34:48:34:48:Infinity:49:8:49:Infinity":6,"s:51:8:55:Infinity":15,"s:58:4:58:Infinity":16,"s:61:2:80:Infinity":17}}}
,"C:\\Users\\flavi\\Documents\\Repositorios\\gerenciador-alunos\\client\\src\\components\\SearchBar.jsx": {"path":"C:\\Users\\flavi\\Documents\\Repositorios\\gerenciador-alunos\\client\\src\\components\\SearchBar.jsx","statementMap":{"0":{"start":{"line":10,"column":25},"end":{"line":21,"column":null}},"1":{"start":{"line":11,"column":2},"end":{"line":19,"column":null}}},"fnMap":{"0":{"name":"(anonymous_0)","decl":{"start":{"line":10,"column":25},"end":{"line":10,"column":26}},"loc":{"start":{"line":10,"column":70},"end":{"line":21,"column":null}},"line":10}},"branchMap":{"0":{"loc":{"start":{"line":10,"column":47},"end":{"line":10,"column":64}},"type":"default-arg","locations":[{"start":{"line":10,"column":54},"end":{"line":10,"column":64}}],"line":10},"1":{"loc":{"start":{"line":16,"column":21},"end":{"line":16,"column":null}},"type":"cond-expr","locations":[{"start":{"line":16,"column":42},"end":{"line":16,"column":63}},{"start":{"line":16,"column":63},"end":{"line":16,"column":null}}],"line":16}},"s":{"0":2,"1":5},"f":{"0":5},"b":{"0":[5],"1":[3,2]},"meta":{"lastBranch":2,"lastFunction":1,"lastStatement":2,"seen":{"s:10:25:21:Infinity":0,"f:10:25:10:26":0,"b:10:54:10:64":0,"s:11:2:19:Infinity":1,"b:16:42:16:63:16:63:16:Infinity":1}}}
,"C:\\Users\\flavi\\Documents\\Repositorios\\gerenciador-alunos\\client\\src\\components\\SearchInput.jsx": {"path":"C:\\Users\\flavi\\Documents\\Repositorios\\gerenciador-alunos\\client\\src\\components\\SearchInput.jsx","statementMap":{"0":{"start":{"line":11,"column":27},"end":{"line":42,"column":null}},"1":{"start":{"line":12,"column":2},"end":{"line":17,"column":null}},"2":{"start":{"line":13,"column":24},"end":{"line":13,"column":null}},"3":{"start":{"line":14,"column":4},"end":{"line":16,"column":null}},"4":{"start":{"line":15,"column":6},"end":{"line":15,"column":null}},"5":{"start":{"line":19,"column":29},"end":{"line":23,"column":null}},"6":{"start":{"line":20,"column":18},"end":{"line":20,"column":null}},"7":{"start":{"line":21,"column":4},"end":{"line":21,"column":null}},"8":{"start":{"line":22,"column":4},"end":{"line":22,"column":null}},"9":{"start":{"line":26,"column":2},"end":{"line":40,"column":null}}},"fnMap":{"0":{"name":"(anonymous_0)","decl":{"start":{"line":11,"column":27},"end":{"line":11,"column":28}},"loc":{"start":{"line":11,"column":67},"end":{"line":42,"column":null}},"line":11},"1":{"name":"(anonymous_1)","decl":{"start":{"line":12,"column":12},"end":{"line":12,"column":18}},"loc":{"start":{"line":12,"column":18},"end":{"line":17,"column":5}},"line":12},"2":{"name":"(anonymous_2)","decl":{"start":{"line":19,"column":29},"end":{"line":19,"column":30}},"loc":{"start":{"line":19,"column":36},"end":{"line":23,"column":null}},"line":19}},"branchMap":{"0":{"loc":{"start":{"line":14,"column":4},"end":{"line":16,"column":null}},"type":"if","locations":[{"start":{"line":14,"column":4},"end":{"line":16,"column":null}},{"start":{},"end":{}}],"line":14}},"s":{"0":3,"1":25,"2":24,"3":24,"4":1,"5":25,"6":5,"7":5,"8":5,"9":25},"f":{"0":25,"1":24,"2":5},"b":{"0":[1,23]},"meta":{"lastBranch":1,"lastFunction":3,"lastStatement":10,"seen":{"s:11:27:42:Infinity":0,"f:11:27:11:28":0,"s:12:2:17:Infinity":1,"f:12:12:12:18":1,"s:13:24:13:Infinity":2,"b:14:4:16:Infinity:undefined:undefined:undefined:undefined":0,"s:14:4:16:Infinity":3,"s:15:6:15:Infinity":4,"s:19:29:23:Infinity":5,"f:19:29:19:30":2,"s:20:18:20:Infinity":6,"s:21:4:21:Infinity":7,"s:22:4:22:Infinity":8,"s:26:2:40:Infinity":9}}}
,"C:\\Users\\flavi\\Documents\\Repositorios\\gerenciador-alunos\\client\\src\\components\\Student.jsx": {"path":"C:\\Users\\flavi\\Documents\\Repositorios\\gerenciador-alunos\\client\\src\\components\\Student.jsx","statementMap":{"0":{"start":{"line":17,"column":23},"end":{"line":140,"column":null}},"1":{"start":{"line":18,"column":34},"end":{"line":18,"column":null}},"2":{"start":{"line":19,"column":34},"end":{"line":19,"column":null}},"3":{"start":{"line":20,"column":48},"end":{"line":20,"column":null}},"4":{"start":{"line":21,"column":48},"end":{"line":21,"column":null}},"5":{"start":{"line":23,"column":28},"end":{"line":26,"column":null}},"6":{"start":{"line":24,"column":4},"end":{"line":24,"column":null}},"7":{"start":{"line":25,"column":4},"end":{"line":25,"column":null}},"8":{"start":{"line":28,"column":24},"end":{"line":43,"column":null}},"9":{"start":{"line":29,"column":4},"end":{"line":29,"column":null}},"10":{"start":{"line":29,"column":28},"end":{"line":29,"column":null}},"11":{"start":{"line":31,"column":4},"end":{"line":42,"column":null}},"12":{"start":{"line":32,"column":6},"end":{"line":32,"column":null}},"13":{"start":{"line":33,"column":6},"end":{"line":33,"column":null}},"14":{"start":{"line":34,"column":6},"end":{"line":36,"column":null}},"15":{"start":{"line":35,"column":8},"end":{"line":35,"column":null}},"16":{"start":{"line":38,"column":6},"end":{"line":38,"column":null}},"17":{"start":{"line":40,"column":6},"end":{"line":40,"column":null}},"18":{"start":{"line":41,"column":6},"end":{"line":41,"column":null}},"19":{"start":{"line":45,"column":2},"end":{"line":62,"column":null}},"20":{"start":{"line":46,"column":29},"end":{"line":57,"column":null}},"21":{"start":{"line":47,"column":20},"end":{"line":47,"column":null}},"22":{"start":{"line":48,"column":6},"end":{"line":56,"column":null}},"23":{"start":{"line":49,"column":8},"end":{"line":49,"column":null}},"24":{"start":{"line":50,"column":6},"end":{"line":56,"column":null}},"25":{"start":{"line":51,"column":8},"end":{"line":51,"column":null}},"26":{"start":{"line":52,"column":6},"end":{"line":56,"column":null}},"27":{"start":{"line":53,"column":8},"end":{"line":53,"column":null}},"28":{"start":{"line":55,"column":8},"end":{"line":55,"column":null}},"29":{"start":{"line":59,"column":4},"end":{"line":59,"column":null}},"30":{"start":{"line":60,"column":4},"end":{"line":60,"column":null}},"31":{"start":{"line":61,"column":4},"end":{"line":61,"column":null}},"32":{"start":{"line":61,"column":17},"end":{"line":61,"column":null}},"33":{"start":{"line":64,"column":21},"end":{"line":70,"column":null}},"34":{"start":{"line":65,"column":17},"end":{"line":65,"column":null}},"35":{"start":{"line":66,"column":16},"end":{"line":66,"column":null}},"36":{"start":{"line":67,"column":18},"end":{"line":67,"column":null}},"37":{"start":{"line":68,"column":17},"end":{"line":68,"column":null}},"38":{"start":{"line":69,"column":4},"end":{"line":69,"column":null}},"39":{"start":{"line":72,"column":2},"end":{"line":138,"column":null}},"40":{"start":{"line":87,"column":14},"end":{"line":92,"column":null}},"41":{"start":{"line":96,"column":31},"end":{"line":96,"column":null}},"42":{"start":{"line":112,"column":27},"end":{"line":112,"column":null}},"43":{"start":{"line":123,"column":25},"end":{"line":123,"column":null}}},"fnMap":{"0":{"name":"(anonymous_0)","decl":{"start":{"line":17,"column":23},"end":{"line":17,"column":24}},"loc":{"start":{"line":17,"column":58},"end":{"line":140,"column":null}},"line":17},"1":{"name":"(anonymous_1)","decl":{"start":{"line":23,"column":28},"end":{"line":23,"column":29}},"loc":{"start":{"line":23,"column":36},"end":{"line":26,"column":null}},"line":23},"2":{"name":"(anonymous_2)","decl":{"start":{"line":28,"column":24},"end":{"line":28,"column":36}},"loc":{"start":{"line":28,"column":36},"end":{"line":43,"column":null}},"line":28},"3":{"name":"(anonymous_3)","decl":{"start":{"line":45,"column":12},"end":{"line":45,"column":18}},"loc":{"start":{"line":45,"column":18},"end":{"line":62,"column":5}},"line":45},"4":{"name":"(anonymous_4)","decl":{"start":{"line":46,"column":29},"end":{"line":46,"column":35}},"loc":{"start":{"line":46,"column":35},"end":{"line":57,"column":null}},"line":46},"5":{"name":"(anonymous_5)","decl":{"start":{"line":61,"column":11},"end":{"line":61,"column":17}},"loc":{"start":{"line":61,"column":17},"end":{"line":61,"column":null}},"line":61},"6":{"name":"(anonymous_6)","decl":{"start":{"line":64,"column":21},"end":{"line":64,"column":22}},"loc":{"start":{"line":64,"column":37},"end":{"line":70,"column":null}},"line":64},"7":{"name":"(anonymous_7)","decl":{"start":{"line":86,"column":54},"end":{"line":86,"column":55}},"loc":{"start":{"line":87,"column":14},"end":{"line":92,"column":null}},"line":87},"8":{"name":"(anonymous_8)","decl":{"start":{"line":96,"column":25},"end":{"line":96,"column":31}},"loc":{"start":{"line":96,"column":31},"end":{"line":96,"column":null}},"line":96},"9":{"name":"(anonymous_9)","decl":{"start":{"line":112,"column":21},"end":{"line":112,"column":27}},"loc":{"start":{"line":112,"column":27},"end":{"line":112,"column":null}},"line":112},"10":{"name":"(anonymous_10)","decl":{"start":{"line":123,"column":19},"end":{"line":123,"column":25}},"loc":{"start":{"line":123,"column":25},"end":{"line":123,"column":null}},"line":123}},"branchMap":{"0":{"loc":{"start":{"line":29,"column":4},"end":{"line":29,"column":null}},"type":"if","locations":[{"start":{"line":29,"column":4},"end":{"line":29,"column":null}},{"start":{},"end":{}}],"line":29},"1":{"loc":{"start":{"line":34,"column":6},"end":{"line":36,"column":null}},"type":"if","locations":[{"start":{"line":34,"column":6},"end":{"line":36,"column":null}},{"start":{},"end":{}}],"line":34},"2":{"loc":{"start":{"line":48,"column":6},"end":{"line":56,"column":null}},"type":"if","locations":[{"start":{"line":48,"column":6},"end":{"line":56,"column":null}},{"start":{"line":50,"column":6},"end":{"line":56,"column":null}}],"line":48},"3":{"loc":{"start":{"line":50,"column":6},"end":{"line":56,"column":null}},"type":"if","locations":[{"start":{"line":50,"column":6},"end":{"line":56,"column":null}},{"start":{"line":52,"column":6},"end":{"line":56,"column":null}}],"line":50},"4":{"loc":{"start":{"line":52,"column":6},"end":{"line":56,"column":null}},"type":"if","locations":[{"start":{"line":52,"column":6},"end":{"line":56,"column":null}},{"start":{"line":54,"column":13},"end":{"line":56,"column":null}}],"line":52},"5":{"loc":{"start":{"line":94,"column":13},"end":{"line":100,"column":null}},"type":"binary-expr","locations":[{"start":{"line":94,"column":13},"end":{"line":94,"column":null}},{"start":{"line":95,"column":14},"end":{"line":100,"column":null}}],"line":94},"6":{"loc":{"start":{"line":130,"column":8},"end":{"line":134,"column":null}},"type":"binary-expr","locations":[{"start":{"line":130,"column":8},"end":{"line":130,"column":null}},{"start":{"line":131,"column":10},"end":{"line":134,"column":null}}],"line":130}},"s":{"0":2,"1":11,"2":11,"3":11,"4":11,"5":11,"6":2,"7":2,"8":11,"9":2,"10":0,"11":2,"12":2,"13":1,"14":1,"15":1,"16":1,"17":2,"18":2,"19":11,"20":4,"21":4,"22":4,"23":3,"24":1,"25":0,"26":1,"27":0,"28":1,"29":4,"30":4,"31":4,"32":4,"33":11,"34":11,"35":11,"36":11,"37":11,"38":11,"39":11,"40":25,"41":0,"42":2,"43":0},"f":{"0":11,"1":2,"2":2,"3":4,"4":4,"5":4,"6":11,"7":25,"8":0,"9":2,"10":0},"b":{"0":[0,2],"1":[1,0],"2":[3,1],"3":[0,1],"4":[0,1],"5":[11,4],"6":[11,0]},"meta":{"lastBranch":7,"lastFunction":11,"lastStatement":44,"seen":{"s:17:23:140:Infinity":0,"f:17:23:17:24":0,"s:18:34:18:Infinity":1,"s:19:34:19:Infinity":2,"s:20:48:20:Infinity":3,"s:21:48:21:Infinity":4,"s:23:28:26:Infinity":5,"f:23:28:23:29":1,"s:24:4:24:Infinity":6,"s:25:4:25:Infinity":7,"s:28:24:43:Infinity":8,"f:28:24:28:36":2,"b:29:4:29:Infinity:undefined:undefined:undefined:undefined":0,"s:29:4:29:Infinity":9,"s:29:28:29:Infinity":10,"s:31:4:42:Infinity":11,"s:32:6:32:Infinity":12,"s:33:6:33:Infinity":13,"b:34:6:36:Infinity:undefined:undefined:undefined:undefined":1,"s:34:6:36:Infinity":14,"s:35:8:35:Infinity":15,"s:38:6:38:Infinity":16,"s:40:6:40:Infinity":17,"s:41:6:41:Infinity":18,"s:45:2:62:Infinity":19,"f:45:12:45:18":3,"s:46:29:57:Infinity":20,"f:46:29:46:35":4,"s:47:20:47:Infinity":21,"b:48:6:56:Infinity:50:6:56:Infinity":2,"s:48:6:56:Infinity":22,"s:49:8:49:Infinity":23,"b:50:6:56:Infinity:52:6:56:Infinity":3,"s:50:6:56:Infinity":24,"s:51:8:51:Infinity":25,"b:52:6:56:Infinity:54:13:56:Infinity":4,"s:52:6:56:Infinity":26,"s:53:8:53:Infinity":27,"s:55:8:55:Infinity":28,"s:59:4:59:Infinity":29,"s:60:4:60:Infinity":30,"s:61:4:61:Infinity":31,"f:61:11:61:17":5,"s:61:17:61:Infinity":32,"s:64:21:70:Infinity":33,"f:64:21:64:22":6,"s:65:17:65:Infinity":34,"s:66:16:66:Infinity":35,"s:67:18:67:Infinity":36,"s:68:17:68:Infinity":37,"s:69:4:69:Infinity":38,"s:72:2:138:Infinity":39,"f:86:54:86:55":7,"s:87:14:92:Infinity":40,"b:94:13:94:Infinity:95:14:100:Infinity":5,"f:96:25:96:31":8,"s:96:31:96:Infinity":41,"f:112:21:112:27":9,"s:112:27:112:Infinity":42,"f:123:19:123:25":10,"s:123:25:123:Infinity":43,"b:130:8:130:Infinity:131:10:134:Infinity":6}}}
,"C:\\Users\\flavi\\Documents\\Repositorios\\gerenciador-alunos\\client\\src\\components\\StudentCourse.jsx": {"path":"C:\\Users\\flavi\\Documents\\Repositorios\\gerenciador-alunos\\client\\src\\components\\StudentCourse.jsx","statementMap":{"0":{"start":{"line":12,"column":29},"end":{"line":72,"column":null}},"1":{"start":{"line":13,"column":2},"end":{"line":70,"column":null}},"2":{"start":{"line":18,"column":12},"end":{"line":66,"column":null}},"3":{"start":{"line":28,"column":33},"end":{"line":28,"column":null}},"4":{"start":{"line":43,"column":22},"end":{"line":49,"column":null}},"5":{"start":{"line":44,"column":24},"end":{"line":48,"column":null}}},"fnMap":{"0":{"name":"(anonymous_0)","decl":{"start":{"line":12,"column":29},"end":{"line":12,"column":30}},"loc":{"start":{"line":12,"column":108},"end":{"line":72,"column":null}},"line":12},"1":{"name":"(anonymous_1)","decl":{"start":{"line":17,"column":26},"end":{"line":17,"column":27}},"loc":{"start":{"line":18,"column":12},"end":{"line":66,"column":null}},"line":18},"2":{"name":"(anonymous_2)","decl":{"start":{"line":28,"column":27},"end":{"line":28,"column":33}},"loc":{"start":{"line":28,"column":33},"end":{"line":28,"column":null}},"line":28},"3":{"name":"(anonymous_3)","decl":{"start":{"line":42,"column":30},"end":{"line":42,"column":31}},"loc":{"start":{"line":42,"column":37},"end":{"line":50,"column":null}},"line":42}},"branchMap":{"0":{"loc":{"start":{"line":12,"column":32},"end":{"line":12,"column":49}},"type":"default-arg","locations":[{"start":{"line":12,"column":45},"end":{"line":12,"column":49}}],"line":12},"1":{"loc":{"start":{"line":15,"column":7},"end":{"line":68,"column":null}},"type":"binary-expr","locations":[{"start":{"line":15,"column":7},"end":{"line":15,"column":null}},{"start":{"line":16,"column":8},"end":{"line":68,"column":null}}],"line":15},"2":{"loc":{"start":{"line":41,"column":34},"end":{"line":41,"column":null}},"type":"binary-expr","locations":[{"start":{"line":41,"column":34},"end":{"line":41,"column":59}},{"start":{"line":41,"column":59},"end":{"line":41,"column":null}}],"line":41},"3":{"loc":{"start":{"line":43,"column":22},"end":{"line":49,"column":null}},"type":"if","locations":[{"start":{"line":43,"column":22},"end":{"line":49,"column":null}},{"start":{},"end":{}}],"line":43},"4":{"loc":{"start":{"line":58,"column":21},"end":{"line":61,"column":null}},"type":"cond-expr","locations":[{"start":{"line":59,"column":22},"end":{"line":59,"column":null}},{"start":{"line":61,"column":22},"end":{"line":61,"column":null}}],"line":58},"5":{"loc":{"start":{"line":18,"column":22},"end":{"line":18,"column":65}},"type":"binary-expr","locations":[{"start":{"line":18,"column":22},"end":{"line":18,"column":45}},{"start":{"line":18,"column":45},"end":{"line":18,"column":58}},{"start":{"line":18,"column":58},"end":{"line":18,"column":65}}],"line":18}},"s":{"0":4,"1":53,"2":64,"3":4,"4":3,"5":3},"f":{"0":53,"1":64,"2":4,"3":3},"b":{"0":[53],"1":[53,33],"2":[64,31],"3":[3,0],"4":[31,33],"5":[64,2,0]},"meta":{"lastBranch":6,"lastFunction":4,"lastStatement":6,"seen":{"s:12:29:72:Infinity":0,"f:12:29:12:30":0,"b:12:45:12:49":0,"s:13:2:70:Infinity":1,"b:15:7:15:Infinity:16:8:68:Infinity":1,"f:17:26:17:27":1,"s:18:12:66:Infinity":2,"f:28:27:28:33":2,"s:28:33:28:Infinity":3,"b:41:34:41:59:41:59:41:Infinity":2,"f:42:30:42:31":3,"b:43:22:49:Infinity:undefined:undefined:undefined:undefined":3,"s:43:22:49:Infinity":4,"s:44:24:48:Infinity":5,"b:59:22:59:Infinity:61:22:61:Infinity":4,"b:18:22:18:45:18:45:18:58:18:58:18:65":5}}}
,"C:\\Users\\flavi\\Documents\\Repositorios\\gerenciador-alunos\\client\\src\\components\\StudentCoursesManager.jsx": {"path":"C:\\Users\\flavi\\Documents\\Repositorios\\gerenciador-alunos\\client\\src\\components\\StudentCoursesManager.jsx","statementMap":{"0":{"start":{"line":21,"column":24},"end":{"line":27,"column":null}},"1":{"start":{"line":22,"column":2},"end":{"line":22,"column":null}},"2":{"start":{"line":22,"column":23},"end":{"line":22,"column":null}},"3":{"start":{"line":23,"column":15},"end":{"line":23,"column":null}},"4":{"start":{"line":24,"column":15},"end":{"line":24,"column":null}},"5":{"start":{"line":25,"column":2},"end":{"line":25,"column":null}},"6":{"start":{"line":26,"column":2},"end":{"line":26,"column":null}},"7":{"start":{"line":29,"column":37},"end":{"line":241,"column":null}},"8":{"start":{"line":30,"column":44},"end":{"line":30,"column":null}},"9":{"start":{"line":31,"column":28},"end":{"line":31,"column":null}},"10":{"start":{"line":32,"column":42},"end":{"line":32,"column":null}},"11":{"start":{"line":33,"column":42},"end":{"line":33,"column":null}},"12":{"start":{"line":34,"column":34},"end":{"line":34,"column":null}},"13":{"start":{"line":35,"column":34},"end":{"line":35,"column":null}},"14":{"start":{"line":36,"column":42},"end":{"line":36,"column":null}},"15":{"start":{"line":38,"column":2},"end":{"line":63,"column":null}},"16":{"start":{"line":39,"column":4},"end":{"line":62,"column":null}},"17":{"start":{"line":40,"column":6},"end":{"line":40,"column":null}},"18":{"start":{"line":41,"column":6},"end":{"line":59,"column":null}},"19":{"start":{"line":43,"column":35},"end":{"line":49,"column":null}},"20":{"start":{"line":43,"column":72},"end":{"line":49,"column":12}},"21":{"start":{"line":51,"column":10},"end":{"line":51,"column":null}},"22":{"start":{"line":54,"column":10},"end":{"line":54,"column":null}},"23":{"start":{"line":55,"column":10},"end":{"line":55,"column":null}},"24":{"start":{"line":58,"column":10},"end":{"line":58,"column":null}},"25":{"start":{"line":61,"column":6},"end":{"line":61,"column":null}},"26":{"start":{"line":65,"column":26},"end":{"line":136,"column":null}},"27":{"start":{"line":66,"column":4},"end":{"line":69,"column":null}},"28":{"start":{"line":67,"column":6},"end":{"line":67,"column":null}},"29":{"start":{"line":68,"column":6},"end":{"line":68,"column":null}},"30":{"start":{"line":70,"column":4},"end":{"line":73,"column":null}},"31":{"start":{"line":71,"column":6},"end":{"line":71,"column":null}},"32":{"start":{"line":72,"column":6},"end":{"line":72,"column":null}},"33":{"start":{"line":75,"column":22},"end":{"line":75,"column":null}},"34":{"start":{"line":75,"column":42},"end":{"line":75,"column":75}},"35":{"start":{"line":76,"column":4},"end":{"line":79,"column":null}},"36":{"start":{"line":77,"column":6},"end":{"line":77,"column":null}},"37":{"start":{"line":78,"column":6},"end":{"line":78,"column":null}},"38":{"start":{"line":81,"column":4},"end":{"line":104,"column":null}},"39":{"start":{"line":82,"column":27},"end":{"line":82,"column":null}},"40":{"start":{"line":82,"column":54},"end":{"line":82,"column":87}},"41":{"start":{"line":83,"column":6},"end":{"line":86,"column":null}},"42":{"start":{"line":84,"column":8},"end":{"line":84,"column":null}},"43":{"start":{"line":85,"column":8},"end":{"line":85,"column":null}},"44":{"start":{"line":88,"column":24},"end":{"line":88,"column":null}},"45":{"start":{"line":90,"column":6},"end":{"line":98,"column":null}},"46":{"start":{"line":90,"column":41},"end":{"line":98,"column":7}},"47":{"start":{"line":100,"column":6},"end":{"line":100,"column":null}},"48":{"start":{"line":101,"column":6},"end":{"line":101,"column":null}},"49":{"start":{"line":102,"column":6},"end":{"line":102,"column":null}},"50":{"start":{"line":103,"column":6},"end":{"line":103,"column":null}},"51":{"start":{"line":106,"column":4},"end":{"line":106,"column":null}},"52":{"start":{"line":107,"column":4},"end":{"line":135,"column":null}},"53":{"start":{"line":108,"column":12},"end":{"line":108,"column":null}},"54":{"start":{"line":110,"column":21},"end":{"line":114,"column":null}},"55":{"start":{"line":116,"column":6},"end":{"line":125,"column":null}},"56":{"start":{"line":127,"column":6},"end":{"line":127,"column":null}},"57":{"start":{"line":128,"column":6},"end":{"line":128,"column":null}},"58":{"start":{"line":129,"column":6},"end":{"line":129,"column":null}},"59":{"start":{"line":131,"column":6},"end":{"line":131,"column":null}},"60":{"start":{"line":132,"column":6},"end":{"line":132,"column":null}},"61":{"start":{"line":134,"column":6},"end":{"line":134,"column":null}},"62":{"start":{"line":138,"column":29},"end":{"line":178,"column":null}},"63":{"start":{"line":139,"column":4},"end":{"line":142,"column":null}},"64":{"start":{"line":140,"column":6},"end":{"line":140,"column":null}},"65":{"start":{"line":141,"column":6},"end":{"line":141,"column":null}},"66":{"start":{"line":144,"column":4},"end":{"line":147,"column":null}},"67":{"start":{"line":145,"column":6},"end":{"line":145,"column":null}},"68":{"start":{"line":146,"column":6},"end":{"line":146,"column":null}},"69":{"start":{"line":149,"column":10},"end":{"line":149,"column":null}},"70":{"start":{"line":151,"column":20},"end":{"line":155,"column":null}},"71":{"start":{"line":157,"column":4},"end":{"line":177,"column":null}},"72":{"start":{"line":158,"column":6},"end":{"line":158,"column":null}},"73":{"start":{"line":160,"column":6},"end":{"line":170,"column":null}},"74":{"start":{"line":162,"column":10},"end":{"line":168,"column":null}},"75":{"start":{"line":172,"column":6},"end":{"line":172,"column":null}},"76":{"start":{"line":174,"column":6},"end":{"line":174,"column":null}},"77":{"start":{"line":175,"column":6},"end":{"line":175,"column":null}},"78":{"start":{"line":176,"column":6},"end":{"line":176,"column":null}},"79":{"start":{"line":180,"column":29},"end":{"line":183,"column":null}},"80":{"start":{"line":181,"column":4},"end":{"line":181,"column":null}},"81":{"start":{"line":182,"column":4},"end":{"line":182,"column":null}},"82":{"start":{"line":185,"column":30},"end":{"line":204,"column":null}},"83":{"start":{"line":186,"column":4},"end":{"line":203,"column":null}},"84":{"start":{"line":187,"column":6},"end":{"line":202,"column":null}},"85":{"start":{"line":188,"column":8},"end":{"line":195,"column":null}},"86":{"start":{"line":189,"column":10},"end":{"line":189,"column":null}},"87":{"start":{"line":189,"column":55},"end":{"line":189,"column":78}},"88":{"start":{"line":190,"column":10},"end":{"line":190,"column":null}},"89":{"start":{"line":192,"column":10},"end":{"line":192,"column":null}},"90":{"start":{"line":193,"column":10},"end":{"line":193,"column":null}},"91":{"start":{"line":193,"column":57},"end":{"line":193,"column":90}},"92":{"start":{"line":194,"column":10},"end":{"line":194,"column":null}},"93":{"start":{"line":197,"column":8},"end":{"line":197,"column":null}},"94":{"start":{"line":198,"column":8},"end":{"line":198,"column":null}},"95":{"start":{"line":200,"column":8},"end":{"line":200,"column":null}},"96":{"start":{"line":201,"column":8},"end":{"line":201,"column":null}},"97":{"start":{"line":206,"column":2},"end":{"line":208,"column":null}},"98":{"start":{"line":207,"column":4},"end":{"line":207,"column":null}},"99":{"start":{"line":210,"column":21},"end":{"line":210,"column":null}},"100":{"start":{"line":212,"column":2},"end":{"line":239,"column":null}},"101":{"start":{"line":236,"column":23},"end":{"line":236,"column":null}}},"fnMap":{"0":{"name":"(anonymous_0)","decl":{"start":{"line":21,"column":24},"end":{"line":21,"column":25}},"loc":{"start":{"line":21,"column":44},"end":{"line":27,"column":null}},"line":21},"1":{"name":"(anonymous_1)","decl":{"start":{"line":29,"column":37},"end":{"line":29,"column":38}},"loc":{"start":{"line":29,"column":122},"end":{"line":241,"column":null}},"line":29},"2":{"name":"(anonymous_2)","decl":{"start":{"line":38,"column":12},"end":{"line":38,"column":18}},"loc":{"start":{"line":38,"column":18},"end":{"line":63,"column":5}},"line":38},"3":{"name":"(anonymous_3)","decl":{"start":{"line":42,"column":14},"end":{"line":42,"column":15}},"loc":{"start":{"line":42,"column":24},"end":{"line":52,"column":9}},"line":42},"4":{"name":"(anonymous_4)","decl":{"start":{"line":43,"column":57},"end":{"line":43,"column":72}},"loc":{"start":{"line":43,"column":72},"end":{"line":49,"column":12}},"line":43},"5":{"name":"(anonymous_5)","decl":{"start":{"line":53,"column":15},"end":{"line":53,"column":16}},"loc":{"start":{"line":53,"column":26},"end":{"line":56,"column":9}},"line":53},"6":{"name":"(anonymous_6)","decl":{"start":{"line":57,"column":17},"end":{"line":57,"column":23}},"loc":{"start":{"line":57,"column":23},"end":{"line":59,"column":9}},"line":57},"7":{"name":"(anonymous_7)","decl":{"start":{"line":65,"column":26},"end":{"line":65,"column":38}},"loc":{"start":{"line":65,"column":38},"end":{"line":136,"column":null}},"line":65},"8":{"name":"(anonymous_8)","decl":{"start":{"line":75,"column":35},"end":{"line":75,"column":36}},"loc":{"start":{"line":75,"column":42},"end":{"line":75,"column":75}},"line":75},"9":{"name":"(anonymous_9)","decl":{"start":{"line":82,"column":47},"end":{"line":82,"column":48}},"loc":{"start":{"line":82,"column":54},"end":{"line":82,"column":87}},"line":82},"10":{"name":"(anonymous_10)","decl":{"start":{"line":90,"column":24},"end":{"line":90,"column":25}},"loc":{"start":{"line":90,"column":41},"end":{"line":98,"column":7}},"line":90},"11":{"name":"(anonymous_11)","decl":{"start":{"line":138,"column":29},"end":{"line":138,"column":36}},"loc":{"start":{"line":138,"column":73},"end":{"line":178,"column":null}},"line":138},"12":{"name":"(anonymous_12)","decl":{"start":{"line":161,"column":28},"end":{"line":161,"column":29}},"loc":{"start":{"line":162,"column":10},"end":{"line":168,"column":null}},"line":162},"13":{"name":"(anonymous_13)","decl":{"start":{"line":180,"column":29},"end":{"line":180,"column":30}},"loc":{"start":{"line":180,"column":47},"end":{"line":183,"column":null}},"line":180},"14":{"name":"(anonymous_14)","decl":{"start":{"line":185,"column":30},"end":{"line":185,"column":42}},"loc":{"start":{"line":185,"column":42},"end":{"line":204,"column":null}},"line":185},"15":{"name":"(anonymous_15)","decl":{"start":{"line":189,"column":50},"end":{"line":189,"column":55}},"loc":{"start":{"line":189,"column":55},"end":{"line":189,"column":78}},"line":189},"16":{"name":"(anonymous_16)","decl":{"start":{"line":193,"column":52},"end":{"line":193,"column":57}},"loc":{"start":{"line":193,"column":57},"end":{"line":193,"column":90}},"line":193},"17":{"name":"(anonymous_17)","decl":{"start":{"line":236,"column":17},"end":{"line":236,"column":23}},"loc":{"start":{"line":236,"column":23},"end":{"line":236,"column":null}},"line":236}},"branchMap":{"0":{"loc":{"start":{"line":22,"column":2},"end":{"line":22,"column":null}},"type":"if","locations":[{"start":{"line":22,"column":2},"end":{"line":22,"column":null}},{"start":{},"end":{}}],"line":22},"1":{"loc":{"start":{"line":26,"column":9},"end":{"line":26,"column":null}},"type":"cond-expr","locations":[{"start":{"line":26,"column":24},"end":{"line":26,"column":38}},{"start":{"line":26,"column":38},"end":{"line":26,"column":null}}],"line":26},"2":{"loc":{"start":{"line":29,"column":60},"end":{"line":29,"column":82}},"type":"default-arg","locations":[{"start":{"line":29,"column":75},"end":{"line":29,"column":82}}],"line":29},"3":{"loc":{"start":{"line":39,"column":4},"end":{"line":62,"column":null}},"type":"if","locations":[{"start":{"line":39,"column":4},"end":{"line":62,"column":null}},{"start":{"line":60,"column":11},"end":{"line":62,"column":null}}],"line":39},"4":{"loc":{"start":{"line":43,"column":35},"end":{"line":49,"column":null}},"type":"binary-expr","locations":[{"start":{"line":43,"column":35},"end":{"line":49,"column":17}},{"start":{"line":49,"column":17},"end":{"line":49,"column":null}}],"line":43},"5":{"loc":{"start":{"line":46,"column":18},"end":{"line":46,"column":null}},"type":"binary-expr","locations":[{"start":{"line":46,"column":18},"end":{"line":46,"column":45}},{"start":{"line":46,"column":45},"end":{"line":46,"column":null}}],"line":46},"6":{"loc":{"start":{"line":47,"column":28},"end":{"line":47,"column":null}},"type":"cond-expr","locations":[{"start":{"line":47,"column":56},"end":{"line":47,"column":98}},{"start":{"line":47,"column":98},"end":{"line":47,"column":null}}],"line":47},"7":{"loc":{"start":{"line":48,"column":20},"end":{"line":48,"column":null}},"type":"binary-expr","locations":[{"start":{"line":48,"column":20},"end":{"line":48,"column":41}},{"start":{"line":48,"column":41},"end":{"line":48,"column":null}}],"line":48},"8":{"loc":{"start":{"line":66,"column":4},"end":{"line":69,"column":null}},"type":"if","locations":[{"start":{"line":66,"column":4},"end":{"line":69,"column":null}},{"start":{},"end":{}}],"line":66},"9":{"loc":{"start":{"line":70,"column":4},"end":{"line":73,"column":null}},"type":"if","locations":[{"start":{"line":70,"column":4},"end":{"line":73,"column":null}},{"start":{},"end":{}}],"line":70},"10":{"loc":{"start":{"line":70,"column":8},"end":{"line":70,"column":57}},"type":"binary-expr","locations":[{"start":{"line":70,"column":8},"end":{"line":70,"column":27}},{"start":{"line":70,"column":27},"end":{"line":70,"column":57}}],"line":70},"11":{"loc":{"start":{"line":76,"column":4},"end":{"line":79,"column":null}},"type":"if","locations":[{"start":{"line":76,"column":4},"end":{"line":79,"column":null}},{"start":{},"end":{}}],"line":76},"12":{"loc":{"start":{"line":81,"column":4},"end":{"line":104,"column":null}},"type":"if","locations":[{"start":{"line":81,"column":4},"end":{"line":104,"column":null}},{"start":{},"end":{}}],"line":81},"13":{"loc":{"start":{"line":83,"column":6},"end":{"line":86,"column":null}},"type":"if","locations":[{"start":{"line":83,"column":6},"end":{"line":86,"column":null}},{"start":{},"end":{}}],"line":83},"14":{"loc":{"start":{"line":123,"column":18},"end":{"line":123,"column":null}},"type":"binary-expr","locations":[{"start":{"line":123,"column":18},"end":{"line":123,"column":35}},{"start":{"line":123,"column":35},"end":{"line":123,"column":null}}],"line":123},"15":{"loc":{"start":{"line":139,"column":4},"end":{"line":142,"column":null}},"type":"if","locations":[{"start":{"line":139,"column":4},"end":{"line":142,"column":null}},{"start":{},"end":{}}],"line":139},"16":{"loc":{"start":{"line":144,"column":4},"end":{"line":147,"column":null}},"type":"if","locations":[{"start":{"line":144,"column":4},"end":{"line":147,"column":null}},{"start":{},"end":{}}],"line":144},"17":{"loc":{"start":{"line":144,"column":8},"end":{"line":144,"column":45}},"type":"binary-expr","locations":[{"start":{"line":144,"column":8},"end":{"line":144,"column":21}},{"start":{"line":144,"column":21},"end":{"line":144,"column":45}}],"line":144},"18":{"loc":{"start":{"line":162,"column":10},"end":{"line":168,"column":null}},"type":"cond-expr","locations":[{"start":{"line":163,"column":14},"end":{"line":167,"column":null}},{"start":{"line":168,"column":14},"end":{"line":168,"column":null}}],"line":162},"19":{"loc":{"start":{"line":186,"column":4},"end":{"line":203,"column":null}},"type":"if","locations":[{"start":{"line":186,"column":4},"end":{"line":203,"column":null}},{"start":{},"end":{}}],"line":186},"20":{"loc":{"start":{"line":188,"column":8},"end":{"line":195,"column":null}},"type":"if","locations":[{"start":{"line":188,"column":8},"end":{"line":195,"column":null}},{"start":{"line":191,"column":15},"end":{"line":195,"column":null}}],"line":188},"21":{"loc":{"start":{"line":206,"column":2},"end":{"line":208,"column":null}},"type":"if","locations":[{"start":{"line":206,"column":2},"end":{"line":208,"column":null}},{"start":{},"end":{}}],"line":206},"22":{"loc":{"start":{"line":206,"column":6},"end":{"line":206,"column":32}},"type":"binary-expr","locations":[{"start":{"line":206,"column":6},"end":{"line":206,"column":17}},{"start":{"line":206,"column":17},"end":{"line":206,"column":32}}],"line":206},"23":{"loc":{"start":{"line":210,"column":21},"end":{"line":210,"column":null}},"type":"cond-expr","locations":[{"start":{"line":210,"column":36},"end":{"line":210,"column":53}},{"start":{"line":210,"column":53},"end":{"line":210,"column":null}}],"line":210}},"s":{"0":3,"1":0,"2":0,"3":0,"4":0,"5":0,"6":0,"7":3,"8":63,"9":63,"10":63,"11":63,"12":63,"13":63,"14":63,"15":63,"16":21,"17":17,"18":17,"19":15,"20":26,"21":15,"22":2,"23":2,"24":17,"25":4,"26":63,"27":4,"28":1,"29":1,"30":3,"31":1,"32":1,"33":2,"34":6,"35":2,"36":0,"37":0,"38":2,"39":0,"40":0,"41":0,"42":0,"43":0,"44":0,"45":0,"46":0,"47":0,"48":0,"49":0,"50":0,"51":2,"52":2,"53":2,"54":2,"55":1,"56":4,"57":4,"58":4,"59":1,"60":1,"61":2,"62":63,"63":2,"64":0,"65":0,"66":2,"67":0,"68":0,"69":2,"70":2,"71":2,"72":2,"73":1,"74":2,"75":1,"76":1,"77":1,"78":1,"79":63,"80":3,"81":3,"82":63,"83":1,"84":1,"85":1,"86":0,"87":0,"88":0,"89":1,"90":1,"91":2,"92":1,"93":0,"94":0,"95":1,"96":1,"97":63,"98":15,"99":48,"100":63,"101":1},"f":{"0":0,"1":63,"2":21,"3":15,"4":26,"5":2,"6":17,"7":4,"8":6,"9":0,"10":0,"11":2,"12":2,"13":3,"14":1,"15":0,"16":2,"17":1},"b":{"0":[0,0],"1":[0,0],"2":[63],"3":[17,4],"4":[15,0],"5":[26,0],"6":[13,13],"7":[26,0],"8":[1,3],"9":[1,2],"10":[3,2],"11":[0,2],"12":[0,2],"13":[0,0],"14":[1,1],"15":[0,2],"16":[0,2],"17":[2,2],"18":[1,1],"19":[1,0],"20":[0,1],"21":[15,48],"22":[63,23],"23":[18,30]},"meta":{"lastBranch":24,"lastFunction":18,"lastStatement":102,"seen":{"s:21:24:27:Infinity":0,"f:21:24:21:25":0,"b:22:2:22:Infinity:undefined:undefined:undefined:undefined":0,"s:22:2:22:Infinity":1,"s:22:23:22:Infinity":2,"s:23:15:23:Infinity":3,"s:24:15:24:Infinity":4,"s:25:2:25:Infinity":5,"s:26:2:26:Infinity":6,"b:26:24:26:38:26:38:26:Infinity":1,"s:29:37:241:Infinity":7,"f:29:37:29:38":1,"b:29:75:29:82":2,"s:30:44:30:Infinity":8,"s:31:28:31:Infinity":9,"s:32:42:32:Infinity":10,"s:33:42:33:Infinity":11,"s:34:34:34:Infinity":12,"s:35:34:35:Infinity":13,"s:36:42:36:Infinity":14,"s:38:2:63:Infinity":15,"f:38:12:38:18":2,"b:39:4:62:Infinity:60:11:62:Infinity":3,"s:39:4:62:Infinity":16,"s:40:6:40:Infinity":17,"s:41:6:59:Infinity":18,"f:42:14:42:15":3,"s:43:35:49:Infinity":19,"b:43:35:49:17:49:17:49:Infinity":4,"f:43:57:43:72":4,"s:43:72:49:12":20,"b:46:18:46:45:46:45:46:Infinity":5,"b:47:56:47:98:47:98:47:Infinity":6,"b:48:20:48:41:48:41:48:Infinity":7,"s:51:10:51:Infinity":21,"f:53:15:53:16":5,"s:54:10:54:Infinity":22,"s:55:10:55:Infinity":23,"f:57:17:57:23":6,"s:58:10:58:Infinity":24,"s:61:6:61:Infinity":25,"s:65:26:136:Infinity":26,"f:65:26:65:38":7,"b:66:4:69:Infinity:undefined:undefined:undefined:undefined":8,"s:66:4:69:Infinity":27,"s:67:6:67:Infinity":28,"s:68:6:68:Infinity":29,"b:70:4:73:Infinity:undefined:undefined:undefined:undefined":9,"s:70:4:73:Infinity":30,"b:70:8:70:27:70:27:70:57":10,"s:71:6:71:Infinity":31,"s:72:6:72:Infinity":32,"s:75:22:75:Infinity":33,"f:75:35:75:36":8,"s:75:42:75:75":34,"b:76:4:79:Infinity:undefined:undefined:undefined:undefined":11,"s:76:4:79:Infinity":35,"s:77:6:77:Infinity":36,"s:78:6:78:Infinity":37,"b:81:4:104:Infinity:undefined:undefined:undefined:undefined":12,"s:81:4:104:Infinity":38,"s:82:27:82:Infinity":39,"f:82:47:82:48":9,"s:82:54:82:87":40,"b:83:6:86:Infinity:undefined:undefined:undefined:undefined":13,"s:83:6:86:Infinity":41,"s:84:8:84:Infinity":42,"s:85:8:85:Infinity":43,"s:88:24:88:Infinity":44,"s:90:6:98:Infinity":45,"f:90:24:90:25":10,"s:90:41:98:7":46,"s:100:6:100:Infinity":47,"s:101:6:101:Infinity":48,"s:102:6:102:Infinity":49,"s:103:6:103:Infinity":50,"s:106:4:106:Infinity":51,"s:107:4:135:Infinity":52,"s:108:12:108:Infinity":53,"s:110:21:114:Infinity":54,"s:116:6:125:Infinity":55,"b:123:18:123:35:123:35:123:Infinity":14,"s:127:6:127:Infinity":56,"s:128:6:128:Infinity":57,"s:129:6:129:Infinity":58,"s:131:6:131:Infinity":59,"s:132:6:132:Infinity":60,"s:134:6:134:Infinity":61,"s:138:29:178:Infinity":62,"f:138:29:138:36":11,"b:139:4:142:Infinity:undefined:undefined:undefined:undefined":15,"s:139:4:142:Infinity":63,"s:140:6:140:Infinity":64,"s:141:6:141:Infinity":65,"b:144:4:147:Infinity:undefined:undefined:undefined:undefined":16,"s:144:4:147:Infinity":66,"b:144:8:144:21:144:21:144:45":17,"s:145:6:145:Infinity":67,"s:146:6:146:Infinity":68,"s:149:10:149:Infinity":69,"s:151:20:155:Infinity":70,"s:157:4:177:Infinity":71,"s:158:6:158:Infinity":72,"s:160:6:170:Infinity":73,"f:161:28:161:29":12,"s:162:10:168:Infinity":74,"b:163:14:167:Infinity:168:14:168:Infinity":18,"s:172:6:172:Infinity":75,"s:174:6:174:Infinity":76,"s:175:6:175:Infinity":77,"s:176:6:176:Infinity":78,"s:180:29:183:Infinity":79,"f:180:29:180:30":13,"s:181:4:181:Infinity":80,"s:182:4:182:Infinity":81,"s:185:30:204:Infinity":82,"f:185:30:185:42":14,"b:186:4:203:Infinity:undefined:undefined:undefined:undefined":19,"s:186:4:203:Infinity":83,"s:187:6:202:Infinity":84,"b:188:8:195:Infinity:191:15:195:Infinity":20,"s:188:8:195:Infinity":85,"s:189:10:189:Infinity":86,"f:189:50:189:55":15,"s:189:55:189:78":87,"s:190:10:190:Infinity":88,"s:192:10:192:Infinity":89,"s:193:10:193:Infinity":90,"f:193:52:193:57":16,"s:193:57:193:90":91,"s:194:10:194:Infinity":92,"s:197:8:197:Infinity":93,"s:198:8:198:Infinity":94,"s:200:8:200:Infinity":95,"s:201:8:201:Infinity":96,"b:206:2:208:Infinity:undefined:undefined:undefined:undefined":21,"s:206:2:208:Infinity":97,"b:206:6:206:17:206:17:206:32":22,"s:207:4:207:Infinity":98,"s:210:21:210:Infinity":99,"b:210:36:210:53:210:53:210:Infinity":23,"s:212:2:239:Infinity":100,"f:236:17:236:23":17,"s:236:23:236:Infinity":101}}}
,"C:\\Users\\flavi\\Documents\\Repositorios\\gerenciador-alunos\\client\\src\\components\\StudentList.jsx": {"path":"C:\\Users\\flavi\\Documents\\Repositorios\\gerenciador-alunos\\client\\src\\components\\StudentList.jsx","statementMap":{"0":{"start":{"line":14,"column":28},"end":{"line":17,"column":null}},"1":{"start":{"line":15,"column":22},"end":{"line":15,"column":null}},"2":{"start":{"line":16,"column":2},"end":{"line":16,"column":null}},"3":{"start":{"line":19,"column":27},"end":{"line":102,"column":null}},"4":{"start":{"line":25,"column":32},"end":{"line":25,"column":null}},"5":{"start":{"line":26,"column":23},"end":{"line":26,"column":null}},"6":{"start":{"line":28,"column":2},"end":{"line":30,"column":null}},"7":{"start":{"line":29,"column":4},"end":{"line":29,"column":null}},"8":{"start":{"line":32,"column":31},"end":{"line":34,"column":null}},"9":{"start":{"line":33,"column":4},"end":{"line":33,"column":null}},"10":{"start":{"line":33,"column":24},"end":{"line":33,"column":53}},"11":{"start":{"line":33,"column":41},"end":{"line":33,"column":52}},"12":{"start":{"line":36,"column":23},"end":{"line":40,"column":null}},"13":{"start":{"line":37,"column":21},"end":{"line":37,"column":null}},"14":{"start":{"line":38,"column":4},"end":{"line":38,"column":null}},"15":{"start":{"line":39,"column":4},"end":{"line":39,"column":null}},"16":{"start":{"line":42,"column":26},"end":{"line":42,"column":null}},"17":{"start":{"line":44,"column":2},"end":{"line":53,"column":null}},"18":{"start":{"line":45,"column":18},"end":{"line":45,"column":null}},"19":{"start":{"line":46,"column":18},"end":{"line":46,"column":null}},"20":{"start":{"line":48,"column":4},"end":{"line":52,"column":null}},"21":{"start":{"line":49,"column":6},"end":{"line":49,"column":null}},"22":{"start":{"line":51,"column":6},"end":{"line":51,"column":null}},"23":{"start":{"line":55,"column":8},"end":{"line":55,"column":null}},"24":{"start":{"line":56,"column":26},"end":{"line":56,"column":null}},"25":{"start":{"line":58,"column":2},"end":{"line":100,"column":null}},"26":{"start":{"line":87,"column":12},"end":{"line":91,"column":null}}},"fnMap":{"0":{"name":"(anonymous_0)","decl":{"start":{"line":14,"column":28},"end":{"line":14,"column":34}},"loc":{"start":{"line":14,"column":34},"end":{"line":17,"column":null}},"line":14},"1":{"name":"(anonymous_1)","decl":{"start":{"line":19,"column":27},"end":{"line":19,"column":28}},"loc":{"start":{"line":24,"column":6},"end":{"line":102,"column":null}},"line":24},"2":{"name":"(anonymous_2)","decl":{"start":{"line":28,"column":12},"end":{"line":28,"column":18}},"loc":{"start":{"line":28,"column":18},"end":{"line":30,"column":5}},"line":28},"3":{"name":"(anonymous_3)","decl":{"start":{"line":32,"column":31},"end":{"line":32,"column":32}},"loc":{"start":{"line":32,"column":39},"end":{"line":34,"column":null}},"line":32},"4":{"name":"(anonymous_4)","decl":{"start":{"line":33,"column":16},"end":{"line":33,"column":24}},"loc":{"start":{"line":33,"column":24},"end":{"line":33,"column":53}},"line":33},"5":{"name":"(anonymous_5)","decl":{"start":{"line":33,"column":36},"end":{"line":33,"column":41}},"loc":{"start":{"line":33,"column":41},"end":{"line":33,"column":52}},"line":33},"6":{"name":"(anonymous_6)","decl":{"start":{"line":36,"column":23},"end":{"line":36,"column":29}},"loc":{"start":{"line":36,"column":29},"end":{"line":40,"column":null}},"line":36},"7":{"name":"(anonymous_7)","decl":{"start":{"line":44,"column":25},"end":{"line":44,"column":26}},"loc":{"start":{"line":44,"column":35},"end":{"line":53,"column":3}},"line":44},"8":{"name":"(anonymous_8)","decl":{"start":{"line":86,"column":31},"end":{"line":86,"column":32}},"loc":{"start":{"line":87,"column":12},"end":{"line":91,"column":null}},"line":87}},"branchMap":{"0":{"loc":{"start":{"line":16,"column":9},"end":{"line":16,"column":null}},"type":"cond-expr","locations":[{"start":{"line":16,"column":23},"end":{"line":16,"column":37}},{"start":{"line":16,"column":37},"end":{"line":16,"column":null}}],"line":16},"1":{"loc":{"start":{"line":20,"column":2},"end":{"line":20,"column":null}},"type":"default-arg","locations":[{"start":{"line":20,"column":21},"end":{"line":20,"column":null}}],"line":20},"2":{"loc":{"start":{"line":37,"column":21},"end":{"line":37,"column":null}},"type":"cond-expr","locations":[{"start":{"line":37,"column":43},"end":{"line":37,"column":52}},{"start":{"line":37,"column":52},"end":{"line":37,"column":null}}],"line":37},"3":{"loc":{"start":{"line":48,"column":4},"end":{"line":52,"column":null}},"type":"if","locations":[{"start":{"line":48,"column":4},"end":{"line":52,"column":null}},{"start":{"line":50,"column":11},"end":{"line":52,"column":null}}],"line":48},"4":{"loc":{"start":{"line":66,"column":17},"end":{"line":75,"column":null}},"type":"cond-expr","locations":[{"start":{"line":67,"column":18},"end":{"line":70,"column":null}},{"start":{"line":72,"column":18},"end":{"line":75,"column":null}}],"line":66}},"s":{"0":1,"1":1,"2":1,"3":1,"4":1,"5":1,"6":1,"7":1,"8":1,"9":0,"10":0,"11":0,"12":1,"13":0,"14":0,"15":0,"16":1,"17":1,"18":0,"19":0,"20":0,"21":0,"22":0,"23":1,"24":1,"25":1,"26":0},"f":{"0":1,"1":1,"2":1,"3":0,"4":0,"5":0,"6":0,"7":0,"8":0},"b":{"0":[0,1],"1":[1],"2":[0,0],"3":[0,0],"4":[1,0]},"meta":
[...]
{"start":{"line":40,"column":22},"end":{"line":40,"column":51}},"27":{"start":{"line":42,"column":8},"end":{"line":43,"column":76}},"28":{"start":{"line":44,"column":25},"end":{"line":44,"column":34}},"29":{"start":{"line":45,"column":6},"end":{"line":45,"column":75}}},"fnMap":{"0":{"name":"(anonymous_0)","decl":{"start":{"line":3,"column":19},"end":{"line":3,"column":20}},"loc":{"start":{"line":3,"column":28},"end":{"line":21,"column":1}},"line":3},"1":{"name":"(anonymous_1)","decl":{"start":{"line":35,"column":12},"end":{"line":35,"column":13}},"loc":{"start":{"line":35,"column":22},"end":{"line":46,"column":5}},"line":35}},"branchMap":{"0":{"loc":{"start":{"line":7,"column":2},"end":{"line":7,"column":49}},"type":"if","locations":[{"start":{"line":7,"column":2},"end":{"line":7,"column":49}},{"start":{},"end":{}}],"line":7},"1":{"loc":{"start":{"line":12,"column":2},"end":{"line":12,"column":58}},"type":"if","locations":[{"start":{"line":12,"column":2},"end":{"line":12,"column":58}},{"start":{},"end":{}}],"line":12},"2":{"loc":{"start":{"line":12,"column":6},"end":{"line":12,"column":42}},"type":"binary-expr","locations":[{"start":{"line":12,"column":6},"end":{"line":12,"column":22}},{"start":{"line":12,"column":26},"end":{"line":12,"column":42}}],"line":12},"3":{"loc":{"start":{"line":13,"column":2},"end":{"line":13,"column":72}},"type":"if","locations":[{"start":{"line":13,"column":2},"end":{"line":13,"column":72}},{"start":{},"end":{}}],"line":13},"4":{"loc":{"start":{"line":19,"column":2},"end":{"line":19,"column":58}},"type":"if","locations":[{"start":{"line":19,"column":2},"end":{"line":19,"column":58}},{"start":{},"end":{}}],"line":19},"5":{"loc":{"start":{"line":19,"column":6},"end":{"line":19,"column":42}},"type":"binary-expr","locations":[{"start":{"line":19,"column":6},"end":{"line":19,"column":22}},{"start":{"line":19,"column":26},"end":{"line":19,"column":42}}],"line":19},"6":{"loc":{"start":{"line":42,"column":8},"end":{"line":43,"column":76}},"type":"binary-expr","locations":[{"start":{"line":42,"column":8},"end":{"line":42,"column":16}},{"start":{"line":43,"column":9},"end":{"line":43,"column":19}},{"start":{"line":43,"column":24},"end":{"line":43,"column":37}},{"start":{"line":43,"column":42},"end":{"line":43,"column":57}},{"start":{"line":43,"column":61},"end":{"line":43,"column":73}}],"line":42},"7":{"loc":{"start":{"line":45,"column":13},"end":{"line":45,"column":74}},"type":"binary-expr","locations":[{"start":{"line":45,"column":13},"end":{"line":45,"column":32}},{"start":{"line":45,"column":36},"end":{"line":45,"column":46}},{"start":{"line":45,"column":50},"end":{"line":45,"column":60}},{"start":{"line":45,"column":64},"end":{"line":45,"column":74}}],"line":45}},"s":{"0":2,"1":2,"2":2,"3":2,"4":0,"5":2,"6":2,"7":18,"8":2,"9":2,"10":2,"11":2,"12":0,"13":2,"14":2,"15":2,"16":20,"17":2,"18":2,"19":0,"20":2,"21":2,"22":2,"23":2,"24":2,"25":2,"26":2,"27":2,"28":2,"29":2},"f":{"0":2,"1":2},"b":{"0":[0,2],"1":[2,0],"2":[2,0],"3":[0,2],"4":[0,2],"5":[2,2],"6":[2,0,0,0,0],"7":[2,2,2,2]},"meta":{"lastBranch":8,"lastFunction":2,"lastStatement":30,"seen":{"s:3:19:21:1":0,"f:3:19:3:20":0,"s:4:21:4:43":1,"s:5:12:5:13":2,"b:7:2:7:49:undefined:undefined:undefined:undefined":0,"s:7:2:7:49":3,"s:7:36:7:49":4,"s:8:2:10:3":5,"s:8:15:8:16":6,"s:9:4:9:63":7,"s:11:2:11:30":8,"b:12:2:12:58:undefined:undefined:undefined:undefined":1,"s:12:2:12:58":9,"b:12:6:12:22:12:26:12:42":2,"s:12:44:12:58":10,"b:13:2:13:72:undefined:undefined:undefined:undefined":3,"s:13:2:13:72":11,"s:13:59:13:72":12,"s:14:2:14:10":13,"s:15:2:17:3":14,"s:15:15:15:16":15,"s:16:4:16:63":16,"s:18:2:18:30":17,"b:19:2:19:58:undefined:undefined:undefined:undefined":4,"s:19:2:19:58":18,"b:19:6:19:22:19:26:19:42":5,"s:19:44:19:58":19,"s:20:2:20:62":20,"s:23:29:58:2":21,"f:35:12:35:13":1,"s:36:16:36:30":22,"s:37:20:37:30":23,"s:38:18:38:55":24,"s:39:24:39:55":25,"s:40:22:40:51":26,"s:42:8:43:76":27,"b:42:8:42:16:43:9:43:19:43:24:43:37:43:42:43:57:43:61:43:73":6,"s:44:25:44:34":28,"s:45:6:45:75":29,"b:45:13:45:32:45:36:45:46:45:50:45:60:45:64:45:74":7}}}
,"C:\\Users\\flavi\\Documents\\Repositorios\\gerenciador-alunos\\client\\src\\services\\api.js": {"path":"C:\\Users\\flavi\\Documents\\Repositorios\\gerenciador-alunos\\client\\src\\services\\api.js","statementMap":{"0":{"start":{"line":3,"column":16},"end":{"line":3,"column":75}},"1":{"start":{"line":5,"column":19},"end":{"line":10,"column":2}}},"fnMap":{},"branchMap":{"0":{"loc":{"start":{"line":3,"column":16},"end":{"line":3,"column":75}},"type":"binary-expr","locations":[{"start":{"line":3,"column":16},"end":{"line":3,"column":44}},{"start":{"line":3,"column":48},"end":{"line":3,"column":75}}],"line":3}},"s":{"0":5,"1":5},"f":{},"b":{"0":[5,0]},"meta":{"lastBranch":1,"lastFunction":0,"lastStatement":2,"seen":{"s:3:16:3:75":0,"b:3:16:3:44:3:48:3:75":0,"s:5:19:10:2":1}}}
,"C:\\Users\\flavi\\Documents\\Repositorios\\gerenciador-alunos\\client\\src\\services\\course.js": {"path":"C:\\Users\\flavi\\Documents\\Repositorios\\gerenciador-alunos\\client\\src\\services\\course.js","statementMap":{"0":{"start":{"line":3,"column":22},"end":{"line":11,"column":1}},"1":{"start":{"line":4,"column":2},"end":{"line":10,"column":3}},"2":{"start":{"line":5,"column":21},"end":{"line":5,"column":36}},"3":{"start":{"line":6,"column":4},"end":{"line":6,"column":25}},"4":{"start":{"line":8,"column":4},"end":{"line":8,"column":71}},"5":{"start":{"line":9,"column":4},"end":{"line":9,"column":16}},"6":{"start":{"line":13,"column":29},"end":{"line":14,"column":67}},"7":{"start":{"line":14,"column":2},"end":{"line":14,"column":67}},"8":{"start":{"line":14,"column":22},"end":{"line":14,"column":40}},"9":{"start":{"line":16,"column":29},"end":{"line":17,"column":72}},"10":{"start":{"line":17,"column":2},"end":{"line":17,"column":72}},"11":{"start":{"line":17,"column":22},"end":{"line":17,"column":46}},"12":{"start":{"line":19,"column":28},"end":{"line":20,"column":78}},"13":{"start":{"line":20,"column":2},"end":{"line":20,"column":78}},"14":{"start":{"line":20,"column":22},"end":{"line":20,"column":53}},"15":{"start":{"line":22,"column":28},"end":{"line":26,"column":3}},"16":{"start":{"line":23,"column":2},"end":{"line":26,"column":3}},"17":{"start":{"line":24,"column":10},"end":{"line":24,"column":46}},"18":{"start":{"line":28,"column":28},"end":{"line":29,"column":76}},"19":{"start":{"line":29,"column":2},"end":{"line":29,"column":76}},"20":{"start":{"line":29,"column":22},"end":{"line":29,"column":49}}},"fnMap":{"0":{"name":"(anonymous_0)","decl":{"start":{"line":3,"column":22},"end":{"line":3,"column":27}},"loc":{"start":{"line":3,"column":55},"end":{"line":11,"column":1}},"line":3},"1":{"name":"(anonymous_1)","decl":{"start":{"line":13,"column":29},"end":{"line":13,"column":30}},"loc":{"start":{"line":14,"column":2},"end":{"line":14,"column":67}},"line":14},"2":{"name":"(anonymous_2)","decl":{"start":{"line":14,"column":16},"end":{"line":14,"column":17}},"loc":{"start":{"line":14,"column":22},"end":{"line":14,"column":40}},"line":14},"3":{"name":"(anonymous_3)","decl":{"start":{"line":16,"column":29},"end":{"line":16,"column":30}},"loc":{"start":{"line":17,"column":2},"end":{"line":17,"column":72}},"line":17},"4":{"name":"(anonymous_4)","decl":{"start":{"line":17,"column":16},"end":{"line":17,"column":17}},"loc":{"start":{"line":17,"column":22},"end":{"line":17,"column":46}},"line":17},"5":{"name":"(anonymous_5)","decl":{"start":{"line":19,"column":28},"end":{"line":19,"column":29}},"loc":{"start":{"line":20,"column":2},"end":{"line":20,"column":78}},"line":20},"6":{"name":"(anonymous_6)","decl":{"start":{"line":20,"column":16},"end":{"line":20,"column":17}},"loc":{"start":{"line":20,"column":22},"end":{"line":20,"column":53}},"line":20},"7":{"name":"(anonymous_7)","decl":{"start":{"line":22,"column":28},"end":{"line":22,"column":29}},"loc":{"start":{"line":23,"column":2},"end":{"line":26,"column":3}},"line":23},"8":{"name":"(anonymous_8)","decl":{"start":{"line":24,"column":4},"end":{"line":24,"column":5}},"loc":{"start":{"line":24,"column":10},"end":{"line":24,"column":46}},"line":24},"9":{"name":"(anonymous_9)","decl":{"start":{"line":28,"column":28},"end":{"line":28,"column":29}},"loc":{"start":{"line":29,"column":2},"end":{"line":29,"column":76}},"line":29},"10":{"name":"(anonymous_10)","decl":{"start":{"line":29,"column":16},"end":{"line":29,"column":17}},"loc":{"start":{"line":29,"column":22},"end":{"line":29,"column":49}},"line":29}},"branchMap":{"0":{"loc":{"start":{"line":8,"column":38},"end":{"line":8,"column":69}},"type":"binary-expr","locations":[{"start":{"line":8,"column":38},"end":{"line":8,"column":52}},{"start":{"line":8,"column":56},"end":{"line":8,"column":69}}],"line":8}},"s":{"0":1,"1":0,"2":0,"3":0,"4":0,"5":0,"6":1,"7":0,"8":0,"9":1,"10":0,"11":0,"12":1,"13":0,"14":0,"15":1,"16":0,"17":0,"18":1,"19":0,"20":0},"f":{"0":0,"1":0,"2":0,"3":0,"4":0,"5":0,"6":0,"7":0,"8":0,"9":0,"10":0},"b":{"0":[0,0]},"meta":{"lastBranch":1,"lastFunction":11,"lastStatement":21,"seen":{"s:3:22:11:1":0,"f:3:22:3:27":0,"s:4:2:10:3":1,"s:5:21:5:36":2,"s:6:4:6:25":3,"s:8:4:8:71":4,"b:8:38:8:52:8:56:8:69":0,"s:9:4:9:16":5,"s:13:29:14:67":6,"f:13:29:13:30":1,"s:14:2:14:67":7,"f:14:16:14:17":2,"s:14:22:14:40":8,"s:16:29:17:72":9,"f:16:29:16:30":3,"s:17:2:17:72":10,"f:17:16:17:17":4,"s:17:22:17:46":11,"s:19:28:20:78":12,"f:19:28:19:29":5,"s:20:2:20:78":13,"f:20:16:20:17":6,"s:20:22:20:53":14,"s:22:28:26:3":15,"f:22:28:22:29":7,"s:23:2:26:3":16,"f:24:4:24:5":8,"s:24:10:24:46":17,"s:28:28:29:76":18,"f:28:28:28:29":9,"s:29:2:29:76":19,"f:29:16:29:17":10,"s:29:22:29:49":20}}}
,"C:\\Users\\flavi\\Documents\\Repositorios\\gerenciador-alunos\\client\\src\\services\\enrollment.js": {"path":"C:\\Users\\flavi\\Documents\\Repositorios\\gerenciador-alunos\\client\\src\\services\\enrollment.js","statementMap":{"0":{"start":{"line":3,"column":22},"end":{"line":15,"column":1}},"1":{"start":{"line":4,"column":2},"end":{"line":14,"column":3}},"2":{"start":{"line":5,"column":21},"end":{"line":5,"column":36}},"3":{"start":{"line":6,"column":4},"end":{"line":6,"column":25}},"4":{"start":{"line":8,"column":4},"end":{"line":8,"column":71}},"5":{"start":{"line":9,"column":4},"end":{"line":13,"column":6}},"6":{"start":{"line":17,"column":33},"end":{"line":18,"column":75}},"7":{"start":{"line":18,"column":2},"end":{"line":18,"column":75}},"8":{"start":{"line":18,"column":22},"end":{"line":18,"column":44}},"9":{"start":{"line":20,"column":33},"end":{"line":24,"column":3}},"10":{"start":{"line":21,"column":2},"end":{"line":24,"column":3}},"11":{"start":{"line":22,"column":10},"end":{"line":22,"column":38}},"12":{"start":{"line":26,"column":32},"end":{"line":30,"column":3}},"13":{"start":{"line":27,"column":2},"end":{"line":30,"column":3}},"14":{"start":{"line":28,"column":10},"end":{"line":28,"column":49}},"15":{"start":{"line":32,"column":32},"end":{"line":36,"column":3}},"16":{"start":{"line":33,"column":2},"end":{"line":36,"column":3}},"17":{"start":{"line":34,"column":10},"end":{"line":34,"column":54}},"18":{"start":{"line":38,"column":32},"end":{"line":42,"column":3}},"19":{"start":{"line":39,"column":2},"end":{"line":42,"column":3}},"20":{"start":{"line":40,"column":10},"end":{"line":40,"column":41}}},"fnMap":{"0":{"name":"(anonymous_0)","decl":{"start":{"line":3,"column":22},"end":{"line":3,"column":27}},"loc":{"start":{"line":3,"column":55},"end":{"line":15,"column":1}},"line":3},"1":{"name":"(anonymous_1)","decl":{"start":{"line":17,"column":33},"end":{"line":17,"column":34}},"loc":{"start":{"line":18,"column":2},"end":{"line":18,"column":75}},"line":18},"2":{"name":"(anonymous_2)","decl":{"start":{"line":18,"column":16},"end":{"line":18,"column":17}},"loc":{"start":{"line":18,"column":22},"end":{"line":18,"column":44}},"line":18},"3":{"name":"(anonymous_3)","decl":{"start":{"line":20,"column":33},"end":{"line":20,"column":34}},"loc":{"start":{"line":21,"column":2},"end":{"line":24,"column":3}},"line":21},"4":{"name":"(anonymous_4)","decl":{"start":{"line":22,"column":4},"end":{"line":22,"column":5}},"loc":{"start":{"line":22,"column":10},"end":{"line":22,"column":38}},"line":22},"5":{"name":"(anonymous_5)","decl":{"start":{"line":26,"column":32},"end":{"line":26,"column":33}},"loc":{"start":{"line":27,"column":2},"end":{"line":30,"column":3}},"line":27},"6":{"name":"(anonymous_6)","decl":{"start":{"line":28,"column":4},"end":{"line":28,"column":5}},"loc":{"start":{"line":28,"column":10},"end":{"line":28,"column":49}},"line":28},"7":{"name":"(anonymous_7)","decl":{"start":{"line":32,"column":32},"end":{"line":32,"column":33}},"loc":{"start":{"line":33,"column":2},"end":{"line":36,"column":3}},"line":33},"8":{"name":"(anonymous_8)","decl":{"start":{"line":34,"column":4},"end":{"line":34,"column":5}},"loc":{"start":{"line":34,"column":10},"end":{"line":34,"column":54}},"line":34},"9":{"name":"(anonymous_9)","decl":{"start":{"line":38,"column":32},"end":{"line":38,"column":33}},"loc":{"start":{"line":39,"column":2},"end":{"line":42,"column":3}},"line":39},"10":{"name":"(anonymous_10)","decl":{"start":{"line":40,"column":4},"end":{"line":40,"column":5}},"loc":{"start":{"line":40,"column":10},"end":{"line":40,"column":41}},"line":40}},"branchMap":{"0":{"loc":{"start":{"line":8,"column":38},"end":{"line":8,"column":69}},"type":"binary-expr","locations":[{"start":{"line":8,"column":38},"end":{"line":8,"column":52}},{"start":{"line":8,"column":56},"end":{"line":8,"column":69}}],"line":8},"1":{"loc":{"start":{"line":11,"column":8},"end":{"line":11,"column":54}},"type":"binary-expr","locations":[{"start":{"line":11,"column":8},"end":{"line":11,"column":37}},{"start":{"line":11,"column":41},"end":{"line":11,"column":54}}],"line":11}},"s":{"0":1,"1":0,"2":0,"3":0,"4":0,"5":0,"6":1,"7":0,"8":0,"9":1,"10":0,"11":0,"12":1,"13":0,"14":0,"15":1,"16":0,"17":0,"18":1,"19":0,"20":0},"f":{"0":0,"1":0,"2":0,"3":0,"4":0,"5":0,"6":0,"7":0,"8":0,"9":0,"10":0},"b":{"0":[0,0],"1":[0,0]},"meta":{"lastBranch":2,"lastFunction":11,"lastStatement":21,"seen":{"s:3:22:15:1":0,"f:3:22:3:27":0,"s:4:2:14:3":1,"s:5:21:5:36":2,"s:6:4:6:25":3,"s:8:4:8:71":4,"b:8:38:8:52:8:56:8:69":0,"s:9:4:13:6":5,"b:11:8:11:37:11:41:11:54":1,"s:17:33:18:75":6,"f:17:33:17:34":1,"s:18:2:18:75":7,"f:18:16:18:17":2,"s:18:22:18:44":8,"s:20:33:24:3":9,"f:20:33:20:34":3,"s:21:2:24:3":10,"f:22:4:22:5":4,"s:22:10:22:38":11,"s:26:32:30:3":12,"f:26:32:26:33":5,"s:27:2:30:3":13,"f:28:4:28:5":6,"s:28:10:28:49":14,"s:32:32:36:3":15,"f:32:32:32:33":7,"s:33:2:36:3":16,"f:34:4:34:5":8,"s:34:10:34:54":17,"s:38:32:42:3":18,"f:38:32:38:33":9,"s:39:2:42:3":19,"f:40:4:40:5":10,"s:40:10:40:41":20}}}
,"C:\\Users\\flavi\\Documents\\Repositorios\\gerenciador-alunos\\client\\src\\services\\student.js": {"path":"C:\\Users\\flavi\\Documents\\Repositorios\\gerenciador-alunos\\client\\src\\services\\student.js","statementMap":{"0":{"start":{"line":3,"column":22},"end":{"line":20,"column":1}},"1":{"start":{"line":4,"column":2},"end":{"line":19,"column":3}},"2":{"start":{"line":5,"column":21},"end":{"line":5,"column":36}},"3":{"start":{"line":6,"column":4},"end":{"line":6,"column":25}},"4":{"start":{"line":8,"column":4},"end":{"line":8,"column":71}},"5":{"start":{"line":10,"column":24},"end":{"line":14,"column":5}},"6":{"start":{"line":15,"column":4},"end":{"line":15,"column":42}},"7":{"start":{"line":16,"column":4},"end":{"line":16,"column":48}},"8":{"start":{"line":18,"column":4},"end":{"line":18,"column":22}},"9":{"start":{"line":22,"column":30},"end":{"line":23,"column":67}},"10":{"start":{"line":23,"column":2},"end":{"line":23,"column":67}},"11":{"start":{"line":23,"column":22},"end":{"line":23,"column":40}},"12":{"start":{"line":25,"column":30},"end":{"line":26,"column":72}},"13":{"start":{"line":26,"column":2},"end":{"line":26,"column":72}},"14":{"start":{"line":26,"column":22},"end":{"line":26,"column":46}},"15":{"start":{"line":28,"column":29},"end":{"line":33,"column":1}},"16":{"start":{"line":29,"column":2},"end":{"line":32,"column":4}},"17":{"start":{"line":30,"column":10},"end":{"line":30,"column":42}},"18":{"start":{"line":35,"column":29},"end":{"line":39,"column":3}},"19":{"start":{"line":36,"column":2},"end":{"line":39,"column":3}},"20":{"start":{"line":37,"column":10},"end":{"line":37,"column":47}},"21":{"start":{"line":41,"column":29},"end":{"line":42,"column":76}},"22":{"start":{"line":42,"column":2},"end":{"line":42,"column":76}},"23":{"start":{"line":42,"column":22},"end":{"line":42,"column":49}}},"fnMap":{"0":{"name":"(anonymous_0)","decl":{"start":{"line":3,"column":22},"end":{"line":3,"column":27}},"loc":{"start":{"line":3,"column":55},"end":{"line":20,"column":1}},"line":3},"1":{"name":"(anonymous_1)","decl":{"start":{"line":22,"column":30},"end":{"line":22,"column":31}},"loc":{"start":{"line":23,"column":2},"end":{"line":23,"column":67}},"line":23},"2":{"name":"(anonymous_2)","decl":{"start":{"line":23,"column":16},"end":{"line":23,"column":17}},"loc":{"start":{"line":23,"column":22},"end":{"line":23,"column":40}},"line":23},"3":{"name":"(anonymous_3)","decl":{"start":{"line":25,"column":30},"end":{"line":25,"column":31}},"loc":{"start":{"line":26,"column":2},"end":{"line":26,"column":72}},"line":26},"4":{"name":"(anonymous_4)","decl":{"start":{"line":26,"column":16},"end":{"line":26,"column":17}},"loc":{"start":{"line":26,"column":22},"end":{"line":26,"column":46}},"line":26},"5":{"name":"(anonymous_5)","decl":{"start":{"line":28,"column":29},"end":{"line":28,"column":30}},"loc":{"start":{"line":28,"column":46},"end":{"line":33,"column":1}},"line":28},"6":{"name":"(anonymous_6)","decl":{"start":{"line":30,"column":4},"end":{"line":30,"column":5}},"loc":{"start":{"line":30,"column":10},"end":{"line":30,"column":42}},"line":30},"7":{"name":"(anonymous_7)","decl":{"start":{"line":35,"column":29},"end":{"line":35,"column":30}},"loc":{"start":{"line":36,"column":2},"end":{"line":39,"column":3}},"line":36},"8":{"name":"(anonymous_8)","decl":{"start":{"line":37,"column":4},"end":{"line":37,"column":5}},"loc":{"start":{"line":37,"column":10},"end":{"line":37,"column":47}},"line":37},"9":{"name":"(anonymous_9)","decl":{"start":{"line":41,"column":29},"end":{"line":41,"column":30}},"loc":{"start":{"line":42,"column":2},"end":{"line":42,"column":76}},"line":42},"10":{"name":"(anonymous_10)","decl":{"start":{"line":42,"column":16},"end":{"line":42,"column":17}},"loc":{"start":{"line":42,"column":22},"end":{"line":42,"column":49}},"line":42}},"branchMap":{"0":{"loc":{"start":{"line":8,"column":38},"end":{"line":8,"column":69}},"type":"binary-expr","locations":[{"start":{"line":8,"column":38},"end":{"line":8,"column":52}},{"start":{"line":8,"column":56},"end":{"line":8,"column":69}}],"line":8},"1":{"loc":{"start":{"line":12,"column":8},"end":{"line":12,"column":54}},"type":"binary-expr","locations":[{"start":{"line":12,"column":8},"end":{"line":12,"column":37}},{"start":{"line":12,"column":41},"end":{"line":12,"column":54}}],"line":12}},"s":{"0":1,"1":1,"2":1,"3":0,"4":0,"5":0,"6":0,"7":0,"8":0,"9":1,"10":1,"11":1,"12":1,"13":0,"14":0,"15":1,"16":0,"17":0,"18":1,"19":0,"20":0,"21":1,"22":0,"23":0},"f":{"0":1,"1":1,"2":1,"3":0,"4":0,"5":0,"6":0,"7":0,"8":0,"9":0,"10":0},"b":{"0":[0,0],"1":[0,0]},"meta":{"lastBranch":2,"lastFunction":11,"lastStatement":24,"seen":{"s:3:22:20:1":0,"f:3:22:3:27":0,"s:4:2:19:3":1,"s:5:21:5:36":2,"s:6:4:6:25":3,"s:8:4:8:71":4,"b:8:38:8:52:8:56:8:69":0,"s:10:24:14:5":5,"b:12:8:12:37:12:41:12:54":1,"s:15:4:15:42":6,"s:16:4:16:48":7,"s:18:4:18:22":8,"s:22:30:23:67":9,"f:22:30:22:31":1,"s:23:2:23:67":10,"f:23:16:23:17":2,"s:23:22:23:40":11,"s:25:30:26:72":12,"f:25:30:25:31":3,"s:26:2:26:72":13,"f:26:16:26:17":4,"s:26:22:26:46":14,"s:28:29:33:1":15,"f:28:29:28:30":5,"s:29:2:32:4":16,"f:30:4:30:5":6,"s:30:10:30:42":17,"s:35:29:39:3":18,"f:35:29:35:30":7,"s:36:2:39:3":19,"f:37:4:37:5":8,"s:37:10:37:47":20,"s:41:29:42:76":21,"f:41:29:41:30":9,"s:42:2:42:76":22,"f:42:16:42:17":10,"s:42:22:42:49":23}}}
}
